[2024-05-05T13:46:18.959+0000] {processor.py:161} INFO - Started process (PID=94060) to work on /home/airflow/.local/lib/python3.8/site-packages/airflow/example_dags/example_branch_python_dop_operator_3.py
[2024-05-05T13:46:18.966+0000] {processor.py:830} INFO - Processing file /home/airflow/.local/lib/python3.8/site-packages/airflow/example_dags/example_branch_python_dop_operator_3.py for tasks to queue
[2024-05-05T13:46:18.967+0000] {logging_mixin.py:188} INFO - [2024-05-05T13:46:18.967+0000] {dagbag.py:538} INFO - Filling up the DagBag from /home/airflow/.local/lib/python3.8/site-packages/airflow/example_dags/example_branch_python_dop_operator_3.py
[2024-05-05T13:46:18.976+0000] {processor.py:840} INFO - DAG(s) 'example_branch_dop_operator_v3' retrieved from /home/airflow/.local/lib/python3.8/site-packages/airflow/example_dags/example_branch_python_dop_operator_3.py
[2024-05-05T13:46:19.004+0000] {logging_mixin.py:188} INFO - [2024-05-05T13:46:19.004+0000] {dag.py:3036} INFO - Sync 1 DAGs
[2024-05-05T13:46:19.033+0000] {logging_mixin.py:188} INFO - [2024-05-05T13:46:19.033+0000] {dag.py:3823} INFO - Setting next_dagrun for example_branch_dop_operator_v3 to 2024-05-05 13:45:00+00:00, run_after=2024-05-05 13:46:00+00:00
[2024-05-05T13:46:19.051+0000] {processor.py:183} INFO - Processing /home/airflow/.local/lib/python3.8/site-packages/airflow/example_dags/example_branch_python_dop_operator_3.py took 0.096 seconds
[2024-05-05T13:46:49.258+0000] {processor.py:161} INFO - Started process (PID=94125) to work on /home/airflow/.local/lib/python3.8/site-packages/airflow/example_dags/example_branch_python_dop_operator_3.py
[2024-05-05T13:46:49.260+0000] {processor.py:830} INFO - Processing file /home/airflow/.local/lib/python3.8/site-packages/airflow/example_dags/example_branch_python_dop_operator_3.py for tasks to queue
[2024-05-05T13:46:49.263+0000] {logging_mixin.py:188} INFO - [2024-05-05T13:46:49.262+0000] {dagbag.py:538} INFO - Filling up the DagBag from /home/airflow/.local/lib/python3.8/site-packages/airflow/example_dags/example_branch_python_dop_operator_3.py
[2024-05-05T13:46:49.303+0000] {processor.py:840} INFO - DAG(s) 'example_branch_dop_operator_v3' retrieved from /home/airflow/.local/lib/python3.8/site-packages/airflow/example_dags/example_branch_python_dop_operator_3.py
[2024-05-05T13:46:49.343+0000] {logging_mixin.py:188} INFO - [2024-05-05T13:46:49.343+0000] {dag.py:3036} INFO - Sync 1 DAGs
[2024-05-05T13:46:49.481+0000] {logging_mixin.py:188} INFO - [2024-05-05T13:46:49.481+0000] {dag.py:3823} INFO - Setting next_dagrun for example_branch_dop_operator_v3 to 2024-05-05 13:45:00+00:00, run_after=2024-05-05 13:46:00+00:00
[2024-05-05T13:46:49.538+0000] {processor.py:183} INFO - Processing /home/airflow/.local/lib/python3.8/site-packages/airflow/example_dags/example_branch_python_dop_operator_3.py took 0.284 seconds
[2024-05-05T13:47:20.558+0000] {processor.py:161} INFO - Started process (PID=94200) to work on /home/airflow/.local/lib/python3.8/site-packages/airflow/example_dags/example_branch_python_dop_operator_3.py
[2024-05-05T13:47:20.559+0000] {processor.py:830} INFO - Processing file /home/airflow/.local/lib/python3.8/site-packages/airflow/example_dags/example_branch_python_dop_operator_3.py for tasks to queue
[2024-05-05T13:47:20.559+0000] {logging_mixin.py:188} INFO - [2024-05-05T13:47:20.559+0000] {dagbag.py:538} INFO - Filling up the DagBag from /home/airflow/.local/lib/python3.8/site-packages/airflow/example_dags/example_branch_python_dop_operator_3.py
[2024-05-05T13:47:20.569+0000] {processor.py:840} INFO - DAG(s) 'example_branch_dop_operator_v3' retrieved from /home/airflow/.local/lib/python3.8/site-packages/airflow/example_dags/example_branch_python_dop_operator_3.py
[2024-05-05T13:47:20.589+0000] {logging_mixin.py:188} INFO - [2024-05-05T13:47:20.589+0000] {dag.py:3036} INFO - Sync 1 DAGs
[2024-05-05T13:47:20.616+0000] {logging_mixin.py:188} INFO - [2024-05-05T13:47:20.616+0000] {dag.py:3823} INFO - Setting next_dagrun for example_branch_dop_operator_v3 to 2024-05-05 13:46:00+00:00, run_after=2024-05-05 13:47:00+00:00
[2024-05-05T13:47:20.639+0000] {processor.py:183} INFO - Processing /home/airflow/.local/lib/python3.8/site-packages/airflow/example_dags/example_branch_python_dop_operator_3.py took 0.083 seconds
[2024-05-05T13:47:50.945+0000] {processor.py:161} INFO - Started process (PID=94266) to work on /home/airflow/.local/lib/python3.8/site-packages/airflow/example_dags/example_branch_python_dop_operator_3.py
[2024-05-05T13:47:50.945+0000] {processor.py:830} INFO - Processing file /home/airflow/.local/lib/python3.8/site-packages/airflow/example_dags/example_branch_python_dop_operator_3.py for tasks to queue
[2024-05-05T13:47:50.947+0000] {logging_mixin.py:188} INFO - [2024-05-05T13:47:50.947+0000] {dagbag.py:538} INFO - Filling up the DagBag from /home/airflow/.local/lib/python3.8/site-packages/airflow/example_dags/example_branch_python_dop_operator_3.py
[2024-05-05T13:47:50.963+0000] {processor.py:840} INFO - DAG(s) 'example_branch_dop_operator_v3' retrieved from /home/airflow/.local/lib/python3.8/site-packages/airflow/example_dags/example_branch_python_dop_operator_3.py
[2024-05-05T13:47:51.194+0000] {logging_mixin.py:188} INFO - [2024-05-05T13:47:51.194+0000] {dag.py:3036} INFO - Sync 1 DAGs
[2024-05-05T13:47:51.239+0000] {logging_mixin.py:188} INFO - [2024-05-05T13:47:51.239+0000] {dag.py:3823} INFO - Setting next_dagrun for example_branch_dop_operator_v3 to 2024-05-05 13:46:00+00:00, run_after=2024-05-05 13:47:00+00:00
[2024-05-05T13:47:51.255+0000] {processor.py:183} INFO - Processing /home/airflow/.local/lib/python3.8/site-packages/airflow/example_dags/example_branch_python_dop_operator_3.py took 0.317 seconds
[2024-05-05T13:48:21.880+0000] {processor.py:161} INFO - Started process (PID=94340) to work on /home/airflow/.local/lib/python3.8/site-packages/airflow/example_dags/example_branch_python_dop_operator_3.py
[2024-05-05T13:48:21.881+0000] {processor.py:830} INFO - Processing file /home/airflow/.local/lib/python3.8/site-packages/airflow/example_dags/example_branch_python_dop_operator_3.py for tasks to queue
[2024-05-05T13:48:21.882+0000] {logging_mixin.py:188} INFO - [2024-05-05T13:48:21.882+0000] {dagbag.py:538} INFO - Filling up the DagBag from /home/airflow/.local/lib/python3.8/site-packages/airflow/example_dags/example_branch_python_dop_operator_3.py
[2024-05-05T13:48:21.903+0000] {processor.py:840} INFO - DAG(s) 'example_branch_dop_operator_v3' retrieved from /home/airflow/.local/lib/python3.8/site-packages/airflow/example_dags/example_branch_python_dop_operator_3.py
[2024-05-05T13:48:21.947+0000] {logging_mixin.py:188} INFO - [2024-05-05T13:48:21.947+0000] {dag.py:3036} INFO - Sync 1 DAGs
[2024-05-05T13:48:22.216+0000] {logging_mixin.py:188} INFO - [2024-05-05T13:48:22.216+0000] {dag.py:3823} INFO - Setting next_dagrun for example_branch_dop_operator_v3 to 2024-05-05 13:47:00+00:00, run_after=2024-05-05 13:48:00+00:00
[2024-05-05T13:48:22.274+0000] {processor.py:183} INFO - Processing /home/airflow/.local/lib/python3.8/site-packages/airflow/example_dags/example_branch_python_dop_operator_3.py took 0.398 seconds
[2024-05-05T13:48:53.162+0000] {processor.py:161} INFO - Started process (PID=94408) to work on /home/airflow/.local/lib/python3.8/site-packages/airflow/example_dags/example_branch_python_dop_operator_3.py
[2024-05-05T13:48:53.163+0000] {processor.py:830} INFO - Processing file /home/airflow/.local/lib/python3.8/site-packages/airflow/example_dags/example_branch_python_dop_operator_3.py for tasks to queue
[2024-05-05T13:48:53.164+0000] {logging_mixin.py:188} INFO - [2024-05-05T13:48:53.163+0000] {dagbag.py:538} INFO - Filling up the DagBag from /home/airflow/.local/lib/python3.8/site-packages/airflow/example_dags/example_branch_python_dop_operator_3.py
[2024-05-05T13:48:53.173+0000] {processor.py:840} INFO - DAG(s) 'example_branch_dop_operator_v3' retrieved from /home/airflow/.local/lib/python3.8/site-packages/airflow/example_dags/example_branch_python_dop_operator_3.py
[2024-05-05T13:48:53.192+0000] {logging_mixin.py:188} INFO - [2024-05-05T13:48:53.191+0000] {dag.py:3036} INFO - Sync 1 DAGs
[2024-05-05T13:48:53.218+0000] {logging_mixin.py:188} INFO - [2024-05-05T13:48:53.218+0000] {dag.py:3823} INFO - Setting next_dagrun for example_branch_dop_operator_v3 to 2024-05-05 13:47:00+00:00, run_after=2024-05-05 13:48:00+00:00
[2024-05-05T13:48:53.234+0000] {processor.py:183} INFO - Processing /home/airflow/.local/lib/python3.8/site-packages/airflow/example_dags/example_branch_python_dop_operator_3.py took 0.077 seconds
[2024-05-05T13:49:23.377+0000] {processor.py:161} INFO - Started process (PID=94473) to work on /home/airflow/.local/lib/python3.8/site-packages/airflow/example_dags/example_branch_python_dop_operator_3.py
[2024-05-05T13:49:23.378+0000] {processor.py:830} INFO - Processing file /home/airflow/.local/lib/python3.8/site-packages/airflow/example_dags/example_branch_python_dop_operator_3.py for tasks to queue
[2024-05-05T13:49:23.379+0000] {logging_mixin.py:188} INFO - [2024-05-05T13:49:23.379+0000] {dagbag.py:538} INFO - Filling up the DagBag from /home/airflow/.local/lib/python3.8/site-packages/airflow/example_dags/example_branch_python_dop_operator_3.py
[2024-05-05T13:49:23.387+0000] {processor.py:840} INFO - DAG(s) 'example_branch_dop_operator_v3' retrieved from /home/airflow/.local/lib/python3.8/site-packages/airflow/example_dags/example_branch_python_dop_operator_3.py
[2024-05-05T13:49:23.405+0000] {logging_mixin.py:188} INFO - [2024-05-05T13:49:23.405+0000] {dag.py:3036} INFO - Sync 1 DAGs
[2024-05-05T13:49:23.429+0000] {logging_mixin.py:188} INFO - [2024-05-05T13:49:23.428+0000] {dag.py:3823} INFO - Setting next_dagrun for example_branch_dop_operator_v3 to 2024-05-05 13:48:00+00:00, run_after=2024-05-05 13:49:00+00:00
[2024-05-05T13:49:23.450+0000] {processor.py:183} INFO - Processing /home/airflow/.local/lib/python3.8/site-packages/airflow/example_dags/example_branch_python_dop_operator_3.py took 0.075 seconds
[2024-05-05T13:49:54.400+0000] {processor.py:161} INFO - Started process (PID=94549) to work on /home/airflow/.local/lib/python3.8/site-packages/airflow/example_dags/example_branch_python_dop_operator_3.py
[2024-05-05T13:49:54.401+0000] {processor.py:830} INFO - Processing file /home/airflow/.local/lib/python3.8/site-packages/airflow/example_dags/example_branch_python_dop_operator_3.py for tasks to queue
[2024-05-05T13:49:54.402+0000] {logging_mixin.py:188} INFO - [2024-05-05T13:49:54.402+0000] {dagbag.py:538} INFO - Filling up the DagBag from /home/airflow/.local/lib/python3.8/site-packages/airflow/example_dags/example_branch_python_dop_operator_3.py
[2024-05-05T13:49:54.411+0000] {processor.py:840} INFO - DAG(s) 'example_branch_dop_operator_v3' retrieved from /home/airflow/.local/lib/python3.8/site-packages/airflow/example_dags/example_branch_python_dop_operator_3.py
[2024-05-05T13:49:54.430+0000] {logging_mixin.py:188} INFO - [2024-05-05T13:49:54.430+0000] {dag.py:3036} INFO - Sync 1 DAGs
[2024-05-05T13:49:54.452+0000] {logging_mixin.py:188} INFO - [2024-05-05T13:49:54.452+0000] {dag.py:3823} INFO - Setting next_dagrun for example_branch_dop_operator_v3 to 2024-05-05 13:48:00+00:00, run_after=2024-05-05 13:49:00+00:00
[2024-05-05T13:49:54.474+0000] {processor.py:183} INFO - Processing /home/airflow/.local/lib/python3.8/site-packages/airflow/example_dags/example_branch_python_dop_operator_3.py took 0.077 seconds
[2024-05-05T13:50:24.643+0000] {processor.py:161} INFO - Started process (PID=94615) to work on /home/airflow/.local/lib/python3.8/site-packages/airflow/example_dags/example_branch_python_dop_operator_3.py
[2024-05-05T13:50:24.644+0000] {processor.py:830} INFO - Processing file /home/airflow/.local/lib/python3.8/site-packages/airflow/example_dags/example_branch_python_dop_operator_3.py for tasks to queue
[2024-05-05T13:50:24.645+0000] {logging_mixin.py:188} INFO - [2024-05-05T13:50:24.645+0000] {dagbag.py:538} INFO - Filling up the DagBag from /home/airflow/.local/lib/python3.8/site-packages/airflow/example_dags/example_branch_python_dop_operator_3.py
[2024-05-05T13:50:24.658+0000] {processor.py:840} INFO - DAG(s) 'example_branch_dop_operator_v3' retrieved from /home/airflow/.local/lib/python3.8/site-packages/airflow/example_dags/example_branch_python_dop_operator_3.py
[2024-05-05T13:50:24.680+0000] {logging_mixin.py:188} INFO - [2024-05-05T13:50:24.680+0000] {dag.py:3036} INFO - Sync 1 DAGs
[2024-05-05T13:50:24.719+0000] {logging_mixin.py:188} INFO - [2024-05-05T13:50:24.718+0000] {dag.py:3823} INFO - Setting next_dagrun for example_branch_dop_operator_v3 to 2024-05-05 13:49:00+00:00, run_after=2024-05-05 13:50:00+00:00
[2024-05-05T13:50:24.747+0000] {processor.py:183} INFO - Processing /home/airflow/.local/lib/python3.8/site-packages/airflow/example_dags/example_branch_python_dop_operator_3.py took 0.106 seconds
[2024-05-05T13:50:55.556+0000] {processor.py:161} INFO - Started process (PID=94683) to work on /home/airflow/.local/lib/python3.8/site-packages/airflow/example_dags/example_branch_python_dop_operator_3.py
[2024-05-05T13:50:55.557+0000] {processor.py:830} INFO - Processing file /home/airflow/.local/lib/python3.8/site-packages/airflow/example_dags/example_branch_python_dop_operator_3.py for tasks to queue
[2024-05-05T13:50:55.559+0000] {logging_mixin.py:188} INFO - [2024-05-05T13:50:55.558+0000] {dagbag.py:538} INFO - Filling up the DagBag from /home/airflow/.local/lib/python3.8/site-packages/airflow/example_dags/example_branch_python_dop_operator_3.py
[2024-05-05T13:50:55.570+0000] {processor.py:840} INFO - DAG(s) 'example_branch_dop_operator_v3' retrieved from /home/airflow/.local/lib/python3.8/site-packages/airflow/example_dags/example_branch_python_dop_operator_3.py
[2024-05-05T13:50:55.590+0000] {logging_mixin.py:188} INFO - [2024-05-05T13:50:55.590+0000] {dag.py:3036} INFO - Sync 1 DAGs
[2024-05-05T13:50:55.616+0000] {logging_mixin.py:188} INFO - [2024-05-05T13:50:55.616+0000] {dag.py:3823} INFO - Setting next_dagrun for example_branch_dop_operator_v3 to 2024-05-05 13:49:00+00:00, run_after=2024-05-05 13:50:00+00:00
[2024-05-05T13:50:55.638+0000] {processor.py:183} INFO - Processing /home/airflow/.local/lib/python3.8/site-packages/airflow/example_dags/example_branch_python_dop_operator_3.py took 0.086 seconds
[2024-05-05T13:51:26.146+0000] {processor.py:161} INFO - Started process (PID=94758) to work on /home/airflow/.local/lib/python3.8/site-packages/airflow/example_dags/example_branch_python_dop_operator_3.py
[2024-05-05T13:51:26.154+0000] {processor.py:830} INFO - Processing file /home/airflow/.local/lib/python3.8/site-packages/airflow/example_dags/example_branch_python_dop_operator_3.py for tasks to queue
[2024-05-05T13:51:26.155+0000] {logging_mixin.py:188} INFO - [2024-05-05T13:51:26.155+0000] {dagbag.py:538} INFO - Filling up the DagBag from /home/airflow/.local/lib/python3.8/site-packages/airflow/example_dags/example_branch_python_dop_operator_3.py
[2024-05-05T13:51:26.168+0000] {processor.py:840} INFO - DAG(s) 'example_branch_dop_operator_v3' retrieved from /home/airflow/.local/lib/python3.8/site-packages/airflow/example_dags/example_branch_python_dop_operator_3.py
[2024-05-05T13:51:26.220+0000] {logging_mixin.py:188} INFO - [2024-05-05T13:51:26.220+0000] {dag.py:3036} INFO - Sync 1 DAGs
[2024-05-05T13:51:26.251+0000] {logging_mixin.py:188} INFO - [2024-05-05T13:51:26.251+0000] {dag.py:3823} INFO - Setting next_dagrun for example_branch_dop_operator_v3 to 2024-05-05 13:50:00+00:00, run_after=2024-05-05 13:51:00+00:00
[2024-05-05T13:51:26.270+0000] {processor.py:183} INFO - Processing /home/airflow/.local/lib/python3.8/site-packages/airflow/example_dags/example_branch_python_dop_operator_3.py took 0.127 seconds
[2024-05-05T13:51:56.617+0000] {processor.py:161} INFO - Started process (PID=94823) to work on /home/airflow/.local/lib/python3.8/site-packages/airflow/example_dags/example_branch_python_dop_operator_3.py
[2024-05-05T13:51:56.617+0000] {processor.py:830} INFO - Processing file /home/airflow/.local/lib/python3.8/site-packages/airflow/example_dags/example_branch_python_dop_operator_3.py for tasks to queue
[2024-05-05T13:51:56.618+0000] {logging_mixin.py:188} INFO - [2024-05-05T13:51:56.618+0000] {dagbag.py:538} INFO - Filling up the DagBag from /home/airflow/.local/lib/python3.8/site-packages/airflow/example_dags/example_branch_python_dop_operator_3.py
[2024-05-05T13:51:56.632+0000] {processor.py:840} INFO - DAG(s) 'example_branch_dop_operator_v3' retrieved from /home/airflow/.local/lib/python3.8/site-packages/airflow/example_dags/example_branch_python_dop_operator_3.py
[2024-05-05T13:51:56.659+0000] {logging_mixin.py:188} INFO - [2024-05-05T13:51:56.659+0000] {dag.py:3036} INFO - Sync 1 DAGs
[2024-05-05T13:51:56.684+0000] {logging_mixin.py:188} INFO - [2024-05-05T13:51:56.684+0000] {dag.py:3823} INFO - Setting next_dagrun for example_branch_dop_operator_v3 to 2024-05-05 13:50:00+00:00, run_after=2024-05-05 13:51:00+00:00
[2024-05-05T13:51:56.720+0000] {processor.py:183} INFO - Processing /home/airflow/.local/lib/python3.8/site-packages/airflow/example_dags/example_branch_python_dop_operator_3.py took 0.106 seconds
[2024-05-05T13:52:27.049+0000] {processor.py:161} INFO - Started process (PID=94890) to work on /home/airflow/.local/lib/python3.8/site-packages/airflow/example_dags/example_branch_python_dop_operator_3.py
[2024-05-05T13:52:27.050+0000] {processor.py:830} INFO - Processing file /home/airflow/.local/lib/python3.8/site-packages/airflow/example_dags/example_branch_python_dop_operator_3.py for tasks to queue
[2024-05-05T13:52:27.051+0000] {logging_mixin.py:188} INFO - [2024-05-05T13:52:27.051+0000] {dagbag.py:538} INFO - Filling up the DagBag from /home/airflow/.local/lib/python3.8/site-packages/airflow/example_dags/example_branch_python_dop_operator_3.py
[2024-05-05T13:52:27.066+0000] {processor.py:840} INFO - DAG(s) 'example_branch_dop_operator_v3' retrieved from /home/airflow/.local/lib/python3.8/site-packages/airflow/example_dags/example_branch_python_dop_operator_3.py
[2024-05-05T13:52:27.100+0000] {logging_mixin.py:188} INFO - [2024-05-05T13:52:27.099+0000] {dag.py:3036} INFO - Sync 1 DAGs
[2024-05-05T13:52:27.157+0000] {logging_mixin.py:188} INFO - [2024-05-05T13:52:27.156+0000] {dag.py:3823} INFO - Setting next_dagrun for example_branch_dop_operator_v3 to 2024-05-05 13:51:00+00:00, run_after=2024-05-05 13:52:00+00:00
[2024-05-05T13:52:27.201+0000] {processor.py:183} INFO - Processing /home/airflow/.local/lib/python3.8/site-packages/airflow/example_dags/example_branch_python_dop_operator_3.py took 0.163 seconds
