[2024-05-05T13:46:29.651+0000] {processor.py:161} INFO - Started process (PID=94090) to work on /home/airflow/.local/lib/python3.8/site-packages/airflow/example_dags/example_time_delta_sensor_async.py
[2024-05-05T13:46:29.652+0000] {processor.py:830} INFO - Processing file /home/airflow/.local/lib/python3.8/site-packages/airflow/example_dags/example_time_delta_sensor_async.py for tasks to queue
[2024-05-05T13:46:29.654+0000] {logging_mixin.py:188} INFO - [2024-05-05T13:46:29.653+0000] {dagbag.py:538} INFO - Filling up the DagBag from /home/airflow/.local/lib/python3.8/site-packages/airflow/example_dags/example_time_delta_sensor_async.py
[2024-05-05T13:46:29.659+0000] {processor.py:840} INFO - DAG(s) 'example_time_delta_sensor_async' retrieved from /home/airflow/.local/lib/python3.8/site-packages/airflow/example_dags/example_time_delta_sensor_async.py
[2024-05-05T13:46:29.682+0000] {logging_mixin.py:188} INFO - [2024-05-05T13:46:29.681+0000] {dag.py:3036} INFO - Sync 1 DAGs
[2024-05-05T13:46:29.693+0000] {logging_mixin.py:188} INFO - [2024-05-05T13:46:29.693+0000] {dag.py:3823} INFO - Setting next_dagrun for example_time_delta_sensor_async to None, run_after=None
[2024-05-05T13:46:29.710+0000] {processor.py:183} INFO - Processing /home/airflow/.local/lib/python3.8/site-packages/airflow/example_dags/example_time_delta_sensor_async.py took 0.062 seconds
[2024-05-05T13:47:00.537+0000] {processor.py:161} INFO - Started process (PID=94157) to work on /home/airflow/.local/lib/python3.8/site-packages/airflow/example_dags/example_time_delta_sensor_async.py
[2024-05-05T13:47:00.540+0000] {processor.py:830} INFO - Processing file /home/airflow/.local/lib/python3.8/site-packages/airflow/example_dags/example_time_delta_sensor_async.py for tasks to queue
[2024-05-05T13:47:00.542+0000] {logging_mixin.py:188} INFO - [2024-05-05T13:47:00.541+0000] {dagbag.py:538} INFO - Filling up the DagBag from /home/airflow/.local/lib/python3.8/site-packages/airflow/example_dags/example_time_delta_sensor_async.py
[2024-05-05T13:47:00.550+0000] {processor.py:840} INFO - DAG(s) 'example_time_delta_sensor_async' retrieved from /home/airflow/.local/lib/python3.8/site-packages/airflow/example_dags/example_time_delta_sensor_async.py
[2024-05-05T13:47:00.617+0000] {logging_mixin.py:188} INFO - [2024-05-05T13:47:00.617+0000] {dag.py:3036} INFO - Sync 1 DAGs
[2024-05-05T13:47:00.801+0000] {logging_mixin.py:188} INFO - [2024-05-05T13:47:00.801+0000] {dag.py:3823} INFO - Setting next_dagrun for example_time_delta_sensor_async to None, run_after=None
[2024-05-05T13:47:00.845+0000] {processor.py:183} INFO - Processing /home/airflow/.local/lib/python3.8/site-packages/airflow/example_dags/example_time_delta_sensor_async.py took 0.311 seconds
[2024-05-05T13:47:31.101+0000] {processor.py:161} INFO - Started process (PID=94231) to work on /home/airflow/.local/lib/python3.8/site-packages/airflow/example_dags/example_time_delta_sensor_async.py
[2024-05-05T13:47:31.103+0000] {processor.py:830} INFO - Processing file /home/airflow/.local/lib/python3.8/site-packages/airflow/example_dags/example_time_delta_sensor_async.py for tasks to queue
[2024-05-05T13:47:31.105+0000] {logging_mixin.py:188} INFO - [2024-05-05T13:47:31.104+0000] {dagbag.py:538} INFO - Filling up the DagBag from /home/airflow/.local/lib/python3.8/site-packages/airflow/example_dags/example_time_delta_sensor_async.py
[2024-05-05T13:47:31.113+0000] {processor.py:840} INFO - DAG(s) 'example_time_delta_sensor_async' retrieved from /home/airflow/.local/lib/python3.8/site-packages/airflow/example_dags/example_time_delta_sensor_async.py
[2024-05-05T13:47:31.141+0000] {logging_mixin.py:188} INFO - [2024-05-05T13:47:31.141+0000] {dag.py:3036} INFO - Sync 1 DAGs
[2024-05-05T13:47:31.159+0000] {logging_mixin.py:188} INFO - [2024-05-05T13:47:31.159+0000] {dag.py:3823} INFO - Setting next_dagrun for example_time_delta_sensor_async to None, run_after=None
[2024-05-05T13:47:31.187+0000] {processor.py:183} INFO - Processing /home/airflow/.local/lib/python3.8/site-packages/airflow/example_dags/example_time_delta_sensor_async.py took 0.089 seconds
[2024-05-05T13:48:01.972+0000] {processor.py:161} INFO - Started process (PID=94297) to work on /home/airflow/.local/lib/python3.8/site-packages/airflow/example_dags/example_time_delta_sensor_async.py
[2024-05-05T13:48:01.973+0000] {processor.py:830} INFO - Processing file /home/airflow/.local/lib/python3.8/site-packages/airflow/example_dags/example_time_delta_sensor_async.py for tasks to queue
[2024-05-05T13:48:01.974+0000] {logging_mixin.py:188} INFO - [2024-05-05T13:48:01.974+0000] {dagbag.py:538} INFO - Filling up the DagBag from /home/airflow/.local/lib/python3.8/site-packages/airflow/example_dags/example_time_delta_sensor_async.py
[2024-05-05T13:48:01.979+0000] {processor.py:840} INFO - DAG(s) 'example_time_delta_sensor_async' retrieved from /home/airflow/.local/lib/python3.8/site-packages/airflow/example_dags/example_time_delta_sensor_async.py
[2024-05-05T13:48:02.009+0000] {logging_mixin.py:188} INFO - [2024-05-05T13:48:02.009+0000] {dag.py:3036} INFO - Sync 1 DAGs
[2024-05-05T13:48:02.024+0000] {logging_mixin.py:188} INFO - [2024-05-05T13:48:02.024+0000] {dag.py:3823} INFO - Setting next_dagrun for example_time_delta_sensor_async to None, run_after=None
[2024-05-05T13:48:02.054+0000] {processor.py:183} INFO - Processing /home/airflow/.local/lib/python3.8/site-packages/airflow/example_dags/example_time_delta_sensor_async.py took 0.086 seconds
[2024-05-05T13:48:32.806+0000] {processor.py:161} INFO - Started process (PID=94363) to work on /home/airflow/.local/lib/python3.8/site-packages/airflow/example_dags/example_time_delta_sensor_async.py
[2024-05-05T13:48:32.807+0000] {processor.py:830} INFO - Processing file /home/airflow/.local/lib/python3.8/site-packages/airflow/example_dags/example_time_delta_sensor_async.py for tasks to queue
[2024-05-05T13:48:32.808+0000] {logging_mixin.py:188} INFO - [2024-05-05T13:48:32.808+0000] {dagbag.py:538} INFO - Filling up the DagBag from /home/airflow/.local/lib/python3.8/site-packages/airflow/example_dags/example_time_delta_sensor_async.py
[2024-05-05T13:48:32.812+0000] {processor.py:840} INFO - DAG(s) 'example_time_delta_sensor_async' retrieved from /home/airflow/.local/lib/python3.8/site-packages/airflow/example_dags/example_time_delta_sensor_async.py
[2024-05-05T13:48:32.840+0000] {logging_mixin.py:188} INFO - [2024-05-05T13:48:32.839+0000] {dag.py:3036} INFO - Sync 1 DAGs
[2024-05-05T13:48:32.851+0000] {logging_mixin.py:188} INFO - [2024-05-05T13:48:32.850+0000] {dag.py:3823} INFO - Setting next_dagrun for example_time_delta_sensor_async to None, run_after=None
[2024-05-05T13:48:32.867+0000] {processor.py:183} INFO - Processing /home/airflow/.local/lib/python3.8/site-packages/airflow/example_dags/example_time_delta_sensor_async.py took 0.063 seconds
[2024-05-05T13:49:03.890+0000] {processor.py:161} INFO - Started process (PID=94437) to work on /home/airflow/.local/lib/python3.8/site-packages/airflow/example_dags/example_time_delta_sensor_async.py
[2024-05-05T13:49:03.904+0000] {processor.py:830} INFO - Processing file /home/airflow/.local/lib/python3.8/site-packages/airflow/example_dags/example_time_delta_sensor_async.py for tasks to queue
[2024-05-05T13:49:03.906+0000] {logging_mixin.py:188} INFO - [2024-05-05T13:49:03.906+0000] {dagbag.py:538} INFO - Filling up the DagBag from /home/airflow/.local/lib/python3.8/site-packages/airflow/example_dags/example_time_delta_sensor_async.py
[2024-05-05T13:49:03.911+0000] {processor.py:840} INFO - DAG(s) 'example_time_delta_sensor_async' retrieved from /home/airflow/.local/lib/python3.8/site-packages/airflow/example_dags/example_time_delta_sensor_async.py
[2024-05-05T13:49:03.959+0000] {logging_mixin.py:188} INFO - [2024-05-05T13:49:03.958+0000] {dag.py:3036} INFO - Sync 1 DAGs
[2024-05-05T13:49:03.986+0000] {logging_mixin.py:188} INFO - [2024-05-05T13:49:03.986+0000] {dag.py:3823} INFO - Setting next_dagrun for example_time_delta_sensor_async to None, run_after=None
[2024-05-05T13:49:04.032+0000] {processor.py:183} INFO - Processing /home/airflow/.local/lib/python3.8/site-packages/airflow/example_dags/example_time_delta_sensor_async.py took 0.145 seconds
[2024-05-05T13:49:34.179+0000] {processor.py:161} INFO - Started process (PID=94504) to work on /home/airflow/.local/lib/python3.8/site-packages/airflow/example_dags/example_time_delta_sensor_async.py
[2024-05-05T13:49:34.180+0000] {processor.py:830} INFO - Processing file /home/airflow/.local/lib/python3.8/site-packages/airflow/example_dags/example_time_delta_sensor_async.py for tasks to queue
[2024-05-05T13:49:34.181+0000] {logging_mixin.py:188} INFO - [2024-05-05T13:49:34.181+0000] {dagbag.py:538} INFO - Filling up the DagBag from /home/airflow/.local/lib/python3.8/site-packages/airflow/example_dags/example_time_delta_sensor_async.py
[2024-05-05T13:49:34.185+0000] {processor.py:840} INFO - DAG(s) 'example_time_delta_sensor_async' retrieved from /home/airflow/.local/lib/python3.8/site-packages/airflow/example_dags/example_time_delta_sensor_async.py
[2024-05-05T13:49:34.204+0000] {logging_mixin.py:188} INFO - [2024-05-05T13:49:34.203+0000] {dag.py:3036} INFO - Sync 1 DAGs
[2024-05-05T13:49:34.215+0000] {logging_mixin.py:188} INFO - [2024-05-05T13:49:34.215+0000] {dag.py:3823} INFO - Setting next_dagrun for example_time_delta_sensor_async to None, run_after=None
[2024-05-05T13:49:34.232+0000] {processor.py:183} INFO - Processing /home/airflow/.local/lib/python3.8/site-packages/airflow/example_dags/example_time_delta_sensor_async.py took 0.055 seconds
[2024-05-05T13:50:05.080+0000] {processor.py:161} INFO - Started process (PID=94579) to work on /home/airflow/.local/lib/python3.8/site-packages/airflow/example_dags/example_time_delta_sensor_async.py
[2024-05-05T13:50:05.081+0000] {processor.py:830} INFO - Processing file /home/airflow/.local/lib/python3.8/site-packages/airflow/example_dags/example_time_delta_sensor_async.py for tasks to queue
[2024-05-05T13:50:05.082+0000] {logging_mixin.py:188} INFO - [2024-05-05T13:50:05.082+0000] {dagbag.py:538} INFO - Filling up the DagBag from /home/airflow/.local/lib/python3.8/site-packages/airflow/example_dags/example_time_delta_sensor_async.py
[2024-05-05T13:50:05.088+0000] {processor.py:840} INFO - DAG(s) 'example_time_delta_sensor_async' retrieved from /home/airflow/.local/lib/python3.8/site-packages/airflow/example_dags/example_time_delta_sensor_async.py
[2024-05-05T13:50:05.145+0000] {logging_mixin.py:188} INFO - [2024-05-05T13:50:05.144+0000] {dag.py:3036} INFO - Sync 1 DAGs
[2024-05-05T13:50:05.183+0000] {logging_mixin.py:188} INFO - [2024-05-05T13:50:05.183+0000] {dag.py:3823} INFO - Setting next_dagrun for example_time_delta_sensor_async to None, run_after=None
[2024-05-05T13:50:05.228+0000] {processor.py:183} INFO - Processing /home/airflow/.local/lib/python3.8/site-packages/airflow/example_dags/example_time_delta_sensor_async.py took 0.151 seconds
[2024-05-05T13:50:35.366+0000] {processor.py:161} INFO - Started process (PID=94646) to work on /home/airflow/.local/lib/python3.8/site-packages/airflow/example_dags/example_time_delta_sensor_async.py
[2024-05-05T13:50:35.367+0000] {processor.py:830} INFO - Processing file /home/airflow/.local/lib/python3.8/site-packages/airflow/example_dags/example_time_delta_sensor_async.py for tasks to queue
[2024-05-05T13:50:35.368+0000] {logging_mixin.py:188} INFO - [2024-05-05T13:50:35.368+0000] {dagbag.py:538} INFO - Filling up the DagBag from /home/airflow/.local/lib/python3.8/site-packages/airflow/example_dags/example_time_delta_sensor_async.py
[2024-05-05T13:50:35.372+0000] {processor.py:840} INFO - DAG(s) 'example_time_delta_sensor_async' retrieved from /home/airflow/.local/lib/python3.8/site-packages/airflow/example_dags/example_time_delta_sensor_async.py
[2024-05-05T13:50:35.392+0000] {logging_mixin.py:188} INFO - [2024-05-05T13:50:35.392+0000] {dag.py:3036} INFO - Sync 1 DAGs
[2024-05-05T13:50:35.406+0000] {logging_mixin.py:188} INFO - [2024-05-05T13:50:35.406+0000] {dag.py:3823} INFO - Setting next_dagrun for example_time_delta_sensor_async to None, run_after=None
[2024-05-05T13:50:35.426+0000] {processor.py:183} INFO - Processing /home/airflow/.local/lib/python3.8/site-packages/airflow/example_dags/example_time_delta_sensor_async.py took 0.062 seconds
[2024-05-05T13:51:05.527+0000] {processor.py:161} INFO - Started process (PID=94713) to work on /home/airflow/.local/lib/python3.8/site-packages/airflow/example_dags/example_time_delta_sensor_async.py
[2024-05-05T13:51:05.530+0000] {processor.py:830} INFO - Processing file /home/airflow/.local/lib/python3.8/site-packages/airflow/example_dags/example_time_delta_sensor_async.py for tasks to queue
[2024-05-05T13:51:05.531+0000] {logging_mixin.py:188} INFO - [2024-05-05T13:51:05.531+0000] {dagbag.py:538} INFO - Filling up the DagBag from /home/airflow/.local/lib/python3.8/site-packages/airflow/example_dags/example_time_delta_sensor_async.py
[2024-05-05T13:51:05.536+0000] {processor.py:840} INFO - DAG(s) 'example_time_delta_sensor_async' retrieved from /home/airflow/.local/lib/python3.8/site-packages/airflow/example_dags/example_time_delta_sensor_async.py
[2024-05-05T13:51:05.566+0000] {logging_mixin.py:188} INFO - [2024-05-05T13:51:05.565+0000] {dag.py:3036} INFO - Sync 1 DAGs
[2024-05-05T13:51:05.577+0000] {logging_mixin.py:188} INFO - [2024-05-05T13:51:05.577+0000] {dag.py:3823} INFO - Setting next_dagrun for example_time_delta_sensor_async to None, run_after=None
[2024-05-05T13:51:05.596+0000] {processor.py:183} INFO - Processing /home/airflow/.local/lib/python3.8/site-packages/airflow/example_dags/example_time_delta_sensor_async.py took 0.072 seconds
[2024-05-05T13:51:36.031+0000] {processor.py:161} INFO - Started process (PID=94788) to work on /home/airflow/.local/lib/python3.8/site-packages/airflow/example_dags/example_time_delta_sensor_async.py
[2024-05-05T13:51:36.032+0000] {processor.py:830} INFO - Processing file /home/airflow/.local/lib/python3.8/site-packages/airflow/example_dags/example_time_delta_sensor_async.py for tasks to queue
[2024-05-05T13:51:36.033+0000] {logging_mixin.py:188} INFO - [2024-05-05T13:51:36.033+0000] {dagbag.py:538} INFO - Filling up the DagBag from /home/airflow/.local/lib/python3.8/site-packages/airflow/example_dags/example_time_delta_sensor_async.py
[2024-05-05T13:51:36.037+0000] {processor.py:840} INFO - DAG(s) 'example_time_delta_sensor_async' retrieved from /home/airflow/.local/lib/python3.8/site-packages/airflow/example_dags/example_time_delta_sensor_async.py
[2024-05-05T13:51:36.056+0000] {logging_mixin.py:188} INFO - [2024-05-05T13:51:36.055+0000] {dag.py:3036} INFO - Sync 1 DAGs
[2024-05-05T13:51:36.069+0000] {logging_mixin.py:188} INFO - [2024-05-05T13:51:36.069+0000] {dag.py:3823} INFO - Setting next_dagrun for example_time_delta_sensor_async to None, run_after=None
[2024-05-05T13:51:36.095+0000] {processor.py:183} INFO - Processing /home/airflow/.local/lib/python3.8/site-packages/airflow/example_dags/example_time_delta_sensor_async.py took 0.067 seconds
[2024-05-05T13:52:06.547+0000] {processor.py:161} INFO - Started process (PID=94854) to work on /home/airflow/.local/lib/python3.8/site-packages/airflow/example_dags/example_time_delta_sensor_async.py
[2024-05-05T13:52:06.548+0000] {processor.py:830} INFO - Processing file /home/airflow/.local/lib/python3.8/site-packages/airflow/example_dags/example_time_delta_sensor_async.py for tasks to queue
[2024-05-05T13:52:06.549+0000] {logging_mixin.py:188} INFO - [2024-05-05T13:52:06.549+0000] {dagbag.py:538} INFO - Filling up the DagBag from /home/airflow/.local/lib/python3.8/site-packages/airflow/example_dags/example_time_delta_sensor_async.py
[2024-05-05T13:52:06.555+0000] {processor.py:840} INFO - DAG(s) 'example_time_delta_sensor_async' retrieved from /home/airflow/.local/lib/python3.8/site-packages/airflow/example_dags/example_time_delta_sensor_async.py
[2024-05-05T13:52:06.575+0000] {logging_mixin.py:188} INFO - [2024-05-05T13:52:06.575+0000] {dag.py:3036} INFO - Sync 1 DAGs
[2024-05-05T13:52:06.588+0000] {logging_mixin.py:188} INFO - [2024-05-05T13:52:06.588+0000] {dag.py:3823} INFO - Setting next_dagrun for example_time_delta_sensor_async to None, run_after=None
[2024-05-05T13:52:06.605+0000] {processor.py:183} INFO - Processing /home/airflow/.local/lib/python3.8/site-packages/airflow/example_dags/example_time_delta_sensor_async.py took 0.060 seconds
[2024-05-05T13:52:37.036+0000] {processor.py:161} INFO - Started process (PID=94920) to work on /home/airflow/.local/lib/python3.8/site-packages/airflow/example_dags/example_time_delta_sensor_async.py
[2024-05-05T13:52:37.037+0000] {processor.py:830} INFO - Processing file /home/airflow/.local/lib/python3.8/site-packages/airflow/example_dags/example_time_delta_sensor_async.py for tasks to queue
[2024-05-05T13:52:37.038+0000] {logging_mixin.py:188} INFO - [2024-05-05T13:52:37.038+0000] {dagbag.py:538} INFO - Filling up the DagBag from /home/airflow/.local/lib/python3.8/site-packages/airflow/example_dags/example_time_delta_sensor_async.py
[2024-05-05T13:52:37.045+0000] {processor.py:840} INFO - DAG(s) 'example_time_delta_sensor_async' retrieved from /home/airflow/.local/lib/python3.8/site-packages/airflow/example_dags/example_time_delta_sensor_async.py
[2024-05-05T13:52:37.077+0000] {logging_mixin.py:188} INFO - [2024-05-05T13:52:37.076+0000] {dag.py:3036} INFO - Sync 1 DAGs
[2024-05-05T13:52:37.089+0000] {logging_mixin.py:188} INFO - [2024-05-05T13:52:37.089+0000] {dag.py:3823} INFO - Setting next_dagrun for example_time_delta_sensor_async to None, run_after=None
[2024-05-05T13:52:37.112+0000] {processor.py:183} INFO - Processing /home/airflow/.local/lib/python3.8/site-packages/airflow/example_dags/example_time_delta_sensor_async.py took 0.078 seconds
