[2024-05-05T13:46:27.053+0000] {processor.py:161} INFO - Started process (PID=94074) to work on /home/airflow/.local/lib/python3.8/site-packages/airflow/example_dags/example_local_kubernetes_executor.py
[2024-05-05T13:46:27.054+0000] {processor.py:830} INFO - Processing file /home/airflow/.local/lib/python3.8/site-packages/airflow/example_dags/example_local_kubernetes_executor.py for tasks to queue
[2024-05-05T13:46:27.056+0000] {logging_mixin.py:188} INFO - [2024-05-05T13:46:27.055+0000] {dagbag.py:538} INFO - Filling up the DagBag from /home/airflow/.local/lib/python3.8/site-packages/airflow/example_dags/example_local_kubernetes_executor.py
[2024-05-05T13:46:27.064+0000] {processor.py:840} INFO - DAG(s) 'example_local_kubernetes_executor' retrieved from /home/airflow/.local/lib/python3.8/site-packages/airflow/example_dags/example_local_kubernetes_executor.py
[2024-05-05T13:46:27.104+0000] {logging_mixin.py:188} INFO - [2024-05-05T13:46:27.104+0000] {dag.py:3036} INFO - Sync 1 DAGs
[2024-05-05T13:46:27.119+0000] {logging_mixin.py:188} INFO - [2024-05-05T13:46:27.119+0000] {dag.py:3823} INFO - Setting next_dagrun for example_local_kubernetes_executor to None, run_after=None
[2024-05-05T13:46:27.137+0000] {processor.py:183} INFO - Processing /home/airflow/.local/lib/python3.8/site-packages/airflow/example_dags/example_local_kubernetes_executor.py took 0.086 seconds
[2024-05-05T13:46:57.403+0000] {processor.py:161} INFO - Started process (PID=94149) to work on /home/airflow/.local/lib/python3.8/site-packages/airflow/example_dags/example_local_kubernetes_executor.py
[2024-05-05T13:46:57.404+0000] {processor.py:830} INFO - Processing file /home/airflow/.local/lib/python3.8/site-packages/airflow/example_dags/example_local_kubernetes_executor.py for tasks to queue
[2024-05-05T13:46:57.405+0000] {logging_mixin.py:188} INFO - [2024-05-05T13:46:57.404+0000] {dagbag.py:538} INFO - Filling up the DagBag from /home/airflow/.local/lib/python3.8/site-packages/airflow/example_dags/example_local_kubernetes_executor.py
[2024-05-05T13:46:57.410+0000] {processor.py:840} INFO - DAG(s) 'example_local_kubernetes_executor' retrieved from /home/airflow/.local/lib/python3.8/site-packages/airflow/example_dags/example_local_kubernetes_executor.py
[2024-05-05T13:46:57.454+0000] {logging_mixin.py:188} INFO - [2024-05-05T13:46:57.454+0000] {dag.py:3036} INFO - Sync 1 DAGs
[2024-05-05T13:46:57.604+0000] {logging_mixin.py:188} INFO - [2024-05-05T13:46:57.604+0000] {dag.py:3823} INFO - Setting next_dagrun for example_local_kubernetes_executor to None, run_after=None
[2024-05-05T13:46:57.626+0000] {processor.py:183} INFO - Processing /home/airflow/.local/lib/python3.8/site-packages/airflow/example_dags/example_local_kubernetes_executor.py took 0.225 seconds
[2024-05-05T13:47:27.939+0000] {processor.py:161} INFO - Started process (PID=94215) to work on /home/airflow/.local/lib/python3.8/site-packages/airflow/example_dags/example_local_kubernetes_executor.py
[2024-05-05T13:47:27.940+0000] {processor.py:830} INFO - Processing file /home/airflow/.local/lib/python3.8/site-packages/airflow/example_dags/example_local_kubernetes_executor.py for tasks to queue
[2024-05-05T13:47:27.941+0000] {logging_mixin.py:188} INFO - [2024-05-05T13:47:27.940+0000] {dagbag.py:538} INFO - Filling up the DagBag from /home/airflow/.local/lib/python3.8/site-packages/airflow/example_dags/example_local_kubernetes_executor.py
[2024-05-05T13:47:27.950+0000] {processor.py:840} INFO - DAG(s) 'example_local_kubernetes_executor' retrieved from /home/airflow/.local/lib/python3.8/site-packages/airflow/example_dags/example_local_kubernetes_executor.py
[2024-05-05T13:47:28.000+0000] {logging_mixin.py:188} INFO - [2024-05-05T13:47:28.000+0000] {dag.py:3036} INFO - Sync 1 DAGs
[2024-05-05T13:47:28.025+0000] {logging_mixin.py:188} INFO - [2024-05-05T13:47:28.024+0000] {dag.py:3823} INFO - Setting next_dagrun for example_local_kubernetes_executor to None, run_after=None
[2024-05-05T13:47:28.171+0000] {processor.py:183} INFO - Processing /home/airflow/.local/lib/python3.8/site-packages/airflow/example_dags/example_local_kubernetes_executor.py took 0.236 seconds
[2024-05-05T13:47:58.435+0000] {processor.py:161} INFO - Started process (PID=94289) to work on /home/airflow/.local/lib/python3.8/site-packages/airflow/example_dags/example_local_kubernetes_executor.py
[2024-05-05T13:47:58.436+0000] {processor.py:830} INFO - Processing file /home/airflow/.local/lib/python3.8/site-packages/airflow/example_dags/example_local_kubernetes_executor.py for tasks to queue
[2024-05-05T13:47:58.442+0000] {logging_mixin.py:188} INFO - [2024-05-05T13:47:58.442+0000] {dagbag.py:538} INFO - Filling up the DagBag from /home/airflow/.local/lib/python3.8/site-packages/airflow/example_dags/example_local_kubernetes_executor.py
[2024-05-05T13:47:58.449+0000] {processor.py:840} INFO - DAG(s) 'example_local_kubernetes_executor' retrieved from /home/airflow/.local/lib/python3.8/site-packages/airflow/example_dags/example_local_kubernetes_executor.py
[2024-05-05T13:47:58.498+0000] {logging_mixin.py:188} INFO - [2024-05-05T13:47:58.497+0000] {dag.py:3036} INFO - Sync 1 DAGs
[2024-05-05T13:47:58.509+0000] {logging_mixin.py:188} INFO - [2024-05-05T13:47:58.509+0000] {dag.py:3823} INFO - Setting next_dagrun for example_local_kubernetes_executor to None, run_after=None
[2024-05-05T13:47:58.528+0000] {processor.py:183} INFO - Processing /home/airflow/.local/lib/python3.8/site-packages/airflow/example_dags/example_local_kubernetes_executor.py took 0.095 seconds
[2024-05-05T13:48:29.329+0000] {processor.py:161} INFO - Started process (PID=94355) to work on /home/airflow/.local/lib/python3.8/site-packages/airflow/example_dags/example_local_kubernetes_executor.py
[2024-05-05T13:48:29.331+0000] {processor.py:830} INFO - Processing file /home/airflow/.local/lib/python3.8/site-packages/airflow/example_dags/example_local_kubernetes_executor.py for tasks to queue
[2024-05-05T13:48:29.332+0000] {logging_mixin.py:188} INFO - [2024-05-05T13:48:29.331+0000] {dagbag.py:538} INFO - Filling up the DagBag from /home/airflow/.local/lib/python3.8/site-packages/airflow/example_dags/example_local_kubernetes_executor.py
[2024-05-05T13:48:29.613+0000] {processor.py:840} INFO - DAG(s) 'example_local_kubernetes_executor' retrieved from /home/airflow/.local/lib/python3.8/site-packages/airflow/example_dags/example_local_kubernetes_executor.py
[2024-05-05T13:48:29.672+0000] {logging_mixin.py:188} INFO - [2024-05-05T13:48:29.671+0000] {dag.py:3036} INFO - Sync 1 DAGs
[2024-05-05T13:48:29.701+0000] {logging_mixin.py:188} INFO - [2024-05-05T13:48:29.701+0000] {dag.py:3823} INFO - Setting next_dagrun for example_local_kubernetes_executor to None, run_after=None
[2024-05-05T13:48:29.737+0000] {processor.py:183} INFO - Processing /home/airflow/.local/lib/python3.8/site-packages/airflow/example_dags/example_local_kubernetes_executor.py took 0.411 seconds
[2024-05-05T13:49:00.090+0000] {processor.py:161} INFO - Started process (PID=94422) to work on /home/airflow/.local/lib/python3.8/site-packages/airflow/example_dags/example_local_kubernetes_executor.py
[2024-05-05T13:49:00.093+0000] {processor.py:830} INFO - Processing file /home/airflow/.local/lib/python3.8/site-packages/airflow/example_dags/example_local_kubernetes_executor.py for tasks to queue
[2024-05-05T13:49:00.094+0000] {logging_mixin.py:188} INFO - [2024-05-05T13:49:00.094+0000] {dagbag.py:538} INFO - Filling up the DagBag from /home/airflow/.local/lib/python3.8/site-packages/airflow/example_dags/example_local_kubernetes_executor.py
[2024-05-05T13:49:00.104+0000] {processor.py:840} INFO - DAG(s) 'example_local_kubernetes_executor' retrieved from /home/airflow/.local/lib/python3.8/site-packages/airflow/example_dags/example_local_kubernetes_executor.py
[2024-05-05T13:49:00.141+0000] {logging_mixin.py:188} INFO - [2024-05-05T13:49:00.140+0000] {dag.py:3036} INFO - Sync 1 DAGs
[2024-05-05T13:49:00.154+0000] {logging_mixin.py:188} INFO - [2024-05-05T13:49:00.153+0000] {dag.py:3823} INFO - Setting next_dagrun for example_local_kubernetes_executor to None, run_after=None
[2024-05-05T13:49:00.170+0000] {processor.py:183} INFO - Processing /home/airflow/.local/lib/python3.8/site-packages/airflow/example_dags/example_local_kubernetes_executor.py took 0.083 seconds
[2024-05-05T13:49:30.622+0000] {processor.py:161} INFO - Started process (PID=94496) to work on /home/airflow/.local/lib/python3.8/site-packages/airflow/example_dags/example_local_kubernetes_executor.py
[2024-05-05T13:49:30.623+0000] {processor.py:830} INFO - Processing file /home/airflow/.local/lib/python3.8/site-packages/airflow/example_dags/example_local_kubernetes_executor.py for tasks to queue
[2024-05-05T13:49:30.624+0000] {logging_mixin.py:188} INFO - [2024-05-05T13:49:30.623+0000] {dagbag.py:538} INFO - Filling up the DagBag from /home/airflow/.local/lib/python3.8/site-packages/airflow/example_dags/example_local_kubernetes_executor.py
[2024-05-05T13:49:30.633+0000] {processor.py:840} INFO - DAG(s) 'example_local_kubernetes_executor' retrieved from /home/airflow/.local/lib/python3.8/site-packages/airflow/example_dags/example_local_kubernetes_executor.py
[2024-05-05T13:49:30.674+0000] {logging_mixin.py:188} INFO - [2024-05-05T13:49:30.673+0000] {dag.py:3036} INFO - Sync 1 DAGs
[2024-05-05T13:49:30.690+0000] {logging_mixin.py:188} INFO - [2024-05-05T13:49:30.690+0000] {dag.py:3823} INFO - Setting next_dagrun for example_local_kubernetes_executor to None, run_after=None
[2024-05-05T13:49:30.716+0000] {processor.py:183} INFO - Processing /home/airflow/.local/lib/python3.8/site-packages/airflow/example_dags/example_local_kubernetes_executor.py took 0.097 seconds
[2024-05-05T13:50:01.455+0000] {processor.py:161} INFO - Started process (PID=94563) to work on /home/airflow/.local/lib/python3.8/site-packages/airflow/example_dags/example_local_kubernetes_executor.py
[2024-05-05T13:50:01.456+0000] {processor.py:830} INFO - Processing file /home/airflow/.local/lib/python3.8/site-packages/airflow/example_dags/example_local_kubernetes_executor.py for tasks to queue
[2024-05-05T13:50:01.457+0000] {logging_mixin.py:188} INFO - [2024-05-05T13:50:01.456+0000] {dagbag.py:538} INFO - Filling up the DagBag from /home/airflow/.local/lib/python3.8/site-packages/airflow/example_dags/example_local_kubernetes_executor.py
[2024-05-05T13:50:01.463+0000] {processor.py:840} INFO - DAG(s) 'example_local_kubernetes_executor' retrieved from /home/airflow/.local/lib/python3.8/site-packages/airflow/example_dags/example_local_kubernetes_executor.py
[2024-05-05T13:50:01.499+0000] {logging_mixin.py:188} INFO - [2024-05-05T13:50:01.498+0000] {dag.py:3036} INFO - Sync 1 DAGs
[2024-05-05T13:50:01.512+0000] {logging_mixin.py:188} INFO - [2024-05-05T13:50:01.512+0000] {dag.py:3823} INFO - Setting next_dagrun for example_local_kubernetes_executor to None, run_after=None
[2024-05-05T13:50:01.533+0000] {processor.py:183} INFO - Processing /home/airflow/.local/lib/python3.8/site-packages/airflow/example_dags/example_local_kubernetes_executor.py took 0.081 seconds
[2024-05-05T13:50:31.734+0000] {processor.py:161} INFO - Started process (PID=94638) to work on /home/airflow/.local/lib/python3.8/site-packages/airflow/example_dags/example_local_kubernetes_executor.py
[2024-05-05T13:50:31.735+0000] {processor.py:830} INFO - Processing file /home/airflow/.local/lib/python3.8/site-packages/airflow/example_dags/example_local_kubernetes_executor.py for tasks to queue
[2024-05-05T13:50:31.749+0000] {logging_mixin.py:188} INFO - [2024-05-05T13:50:31.749+0000] {dagbag.py:538} INFO - Filling up the DagBag from /home/airflow/.local/lib/python3.8/site-packages/airflow/example_dags/example_local_kubernetes_executor.py
[2024-05-05T13:50:31.756+0000] {processor.py:840} INFO - DAG(s) 'example_local_kubernetes_executor' retrieved from /home/airflow/.local/lib/python3.8/site-packages/airflow/example_dags/example_local_kubernetes_executor.py
[2024-05-05T13:50:31.815+0000] {logging_mixin.py:188} INFO - [2024-05-05T13:50:31.815+0000] {dag.py:3036} INFO - Sync 1 DAGs
[2024-05-05T13:50:31.842+0000] {logging_mixin.py:188} INFO - [2024-05-05T13:50:31.842+0000] {dag.py:3823} INFO - Setting next_dagrun for example_local_kubernetes_executor to None, run_after=None
[2024-05-05T13:50:31.880+0000] {processor.py:183} INFO - Processing /home/airflow/.local/lib/python3.8/site-packages/airflow/example_dags/example_local_kubernetes_executor.py took 0.150 seconds
[2024-05-05T13:51:01.935+0000] {processor.py:161} INFO - Started process (PID=94705) to work on /home/airflow/.local/lib/python3.8/site-packages/airflow/example_dags/example_local_kubernetes_executor.py
[2024-05-05T13:51:01.936+0000] {processor.py:830} INFO - Processing file /home/airflow/.local/lib/python3.8/site-packages/airflow/example_dags/example_local_kubernetes_executor.py for tasks to queue
[2024-05-05T13:51:01.936+0000] {logging_mixin.py:188} INFO - [2024-05-05T13:51:01.936+0000] {dagbag.py:538} INFO - Filling up the DagBag from /home/airflow/.local/lib/python3.8/site-packages/airflow/example_dags/example_local_kubernetes_executor.py
[2024-05-05T13:51:01.945+0000] {processor.py:840} INFO - DAG(s) 'example_local_kubernetes_executor' retrieved from /home/airflow/.local/lib/python3.8/site-packages/airflow/example_dags/example_local_kubernetes_executor.py
[2024-05-05T13:51:02.000+0000] {logging_mixin.py:188} INFO - [2024-05-05T13:51:02.000+0000] {dag.py:3036} INFO - Sync 1 DAGs
[2024-05-05T13:51:02.016+0000] {logging_mixin.py:188} INFO - [2024-05-05T13:51:02.016+0000] {dag.py:3823} INFO - Setting next_dagrun for example_local_kubernetes_executor to None, run_after=None
[2024-05-05T13:51:02.067+0000] {processor.py:183} INFO - Processing /home/airflow/.local/lib/python3.8/site-packages/airflow/example_dags/example_local_kubernetes_executor.py took 0.135 seconds
[2024-05-05T13:51:32.392+0000] {processor.py:161} INFO - Started process (PID=94772) to work on /home/airflow/.local/lib/python3.8/site-packages/airflow/example_dags/example_local_kubernetes_executor.py
[2024-05-05T13:51:32.393+0000] {processor.py:830} INFO - Processing file /home/airflow/.local/lib/python3.8/site-packages/airflow/example_dags/example_local_kubernetes_executor.py for tasks to queue
[2024-05-05T13:51:32.393+0000] {logging_mixin.py:188} INFO - [2024-05-05T13:51:32.393+0000] {dagbag.py:538} INFO - Filling up the DagBag from /home/airflow/.local/lib/python3.8/site-packages/airflow/example_dags/example_local_kubernetes_executor.py
[2024-05-05T13:51:32.399+0000] {processor.py:840} INFO - DAG(s) 'example_local_kubernetes_executor' retrieved from /home/airflow/.local/lib/python3.8/site-packages/airflow/example_dags/example_local_kubernetes_executor.py
[2024-05-05T13:51:32.431+0000] {logging_mixin.py:188} INFO - [2024-05-05T13:51:32.430+0000] {dag.py:3036} INFO - Sync 1 DAGs
[2024-05-05T13:51:32.442+0000] {logging_mixin.py:188} INFO - [2024-05-05T13:51:32.441+0000] {dag.py:3823} INFO - Setting next_dagrun for example_local_kubernetes_executor to None, run_after=None
[2024-05-05T13:51:32.459+0000] {processor.py:183} INFO - Processing /home/airflow/.local/lib/python3.8/site-packages/airflow/example_dags/example_local_kubernetes_executor.py took 0.070 seconds
[2024-05-05T13:52:02.658+0000] {processor.py:161} INFO - Started process (PID=94846) to work on /home/airflow/.local/lib/python3.8/site-packages/airflow/example_dags/example_local_kubernetes_executor.py
[2024-05-05T13:52:02.666+0000] {processor.py:830} INFO - Processing file /home/airflow/.local/lib/python3.8/site-packages/airflow/example_dags/example_local_kubernetes_executor.py for tasks to queue
[2024-05-05T13:52:02.667+0000] {logging_mixin.py:188} INFO - [2024-05-05T13:52:02.666+0000] {dagbag.py:538} INFO - Filling up the DagBag from /home/airflow/.local/lib/python3.8/site-packages/airflow/example_dags/example_local_kubernetes_executor.py
[2024-05-05T13:52:02.676+0000] {processor.py:840} INFO - DAG(s) 'example_local_kubernetes_executor' retrieved from /home/airflow/.local/lib/python3.8/site-packages/airflow/example_dags/example_local_kubernetes_executor.py
[2024-05-05T13:52:02.787+0000] {logging_mixin.py:188} INFO - [2024-05-05T13:52:02.787+0000] {dag.py:3036} INFO - Sync 1 DAGs
[2024-05-05T13:52:02.803+0000] {logging_mixin.py:188} INFO - [2024-05-05T13:52:02.803+0000] {dag.py:3823} INFO - Setting next_dagrun for example_local_kubernetes_executor to None, run_after=None
[2024-05-05T13:52:02.850+0000] {processor.py:183} INFO - Processing /home/airflow/.local/lib/python3.8/site-packages/airflow/example_dags/example_local_kubernetes_executor.py took 0.195 seconds
[2024-05-05T13:52:33.468+0000] {processor.py:161} INFO - Started process (PID=94912) to work on /home/airflow/.local/lib/python3.8/site-packages/airflow/example_dags/example_local_kubernetes_executor.py
[2024-05-05T13:52:33.469+0000] {processor.py:830} INFO - Processing file /home/airflow/.local/lib/python3.8/site-packages/airflow/example_dags/example_local_kubernetes_executor.py for tasks to queue
[2024-05-05T13:52:33.470+0000] {logging_mixin.py:188} INFO - [2024-05-05T13:52:33.470+0000] {dagbag.py:538} INFO - Filling up the DagBag from /home/airflow/.local/lib/python3.8/site-packages/airflow/example_dags/example_local_kubernetes_executor.py
[2024-05-05T13:52:33.476+0000] {processor.py:840} INFO - DAG(s) 'example_local_kubernetes_executor' retrieved from /home/airflow/.local/lib/python3.8/site-packages/airflow/example_dags/example_local_kubernetes_executor.py
[2024-05-05T13:52:33.516+0000] {logging_mixin.py:188} INFO - [2024-05-05T13:52:33.516+0000] {dag.py:3036} INFO - Sync 1 DAGs
[2024-05-05T13:52:33.531+0000] {logging_mixin.py:188} INFO - [2024-05-05T13:52:33.531+0000] {dag.py:3823} INFO - Setting next_dagrun for example_local_kubernetes_executor to None, run_after=None
[2024-05-05T13:52:33.557+0000] {processor.py:183} INFO - Processing /home/airflow/.local/lib/python3.8/site-packages/airflow/example_dags/example_local_kubernetes_executor.py took 0.092 seconds
