[2024-05-05T13:46:40.106+0000] {processor.py:161} INFO - Started process (PID=94105) to work on /home/airflow/.local/lib/python3.8/site-packages/airflow/example_dags/example_datasets.py
[2024-05-05T13:46:40.107+0000] {processor.py:830} INFO - Processing file /home/airflow/.local/lib/python3.8/site-packages/airflow/example_dags/example_datasets.py for tasks to queue
[2024-05-05T13:46:40.108+0000] {logging_mixin.py:188} INFO - [2024-05-05T13:46:40.108+0000] {dagbag.py:538} INFO - Filling up the DagBag from /home/airflow/.local/lib/python3.8/site-packages/airflow/example_dags/example_datasets.py
[2024-05-05T13:46:40.117+0000] {processor.py:840} INFO - DAG(s) 'dataset_produces_1', 'dataset_produces_2', 'dataset_consumes_1', 'dataset_consumes_unknown_never_scheduled', 'dataset_consumes_1_never_scheduled', 'dataset_consumes_1_and_2' retrieved from /home/airflow/.local/lib/python3.8/site-packages/airflow/example_dags/example_datasets.py
[2024-05-05T13:46:40.151+0000] {logging_mixin.py:188} INFO - [2024-05-05T13:46:40.151+0000] {dag.py:3036} INFO - Sync 6 DAGs
[2024-05-05T13:46:40.173+0000] {logging_mixin.py:188} INFO - [2024-05-05T13:46:40.172+0000] {dag.py:3823} INFO - Setting next_dagrun for dataset_consumes_1 to None, run_after=None
[2024-05-05T13:46:40.176+0000] {logging_mixin.py:188} INFO - [2024-05-05T13:46:40.176+0000] {dag.py:3823} INFO - Setting next_dagrun for dataset_consumes_1_and_2 to None, run_after=None
[2024-05-05T13:46:40.178+0000] {logging_mixin.py:188} INFO - [2024-05-05T13:46:40.178+0000] {dag.py:3823} INFO - Setting next_dagrun for dataset_consumes_1_never_scheduled to None, run_after=None
[2024-05-05T13:46:40.179+0000] {logging_mixin.py:188} INFO - [2024-05-05T13:46:40.179+0000] {dag.py:3823} INFO - Setting next_dagrun for dataset_consumes_unknown_never_scheduled to None, run_after=None
[2024-05-05T13:46:40.182+0000] {logging_mixin.py:188} INFO - [2024-05-05T13:46:40.182+0000] {dag.py:3823} INFO - Setting next_dagrun for dataset_produces_1 to 2024-05-04 00:00:00+00:00, run_after=2024-05-05 00:00:00+00:00
[2024-05-05T13:46:40.183+0000] {logging_mixin.py:188} INFO - [2024-05-05T13:46:40.183+0000] {dag.py:3823} INFO - Setting next_dagrun for dataset_produces_2 to None, run_after=None
[2024-05-05T13:46:40.210+0000] {processor.py:183} INFO - Processing /home/airflow/.local/lib/python3.8/site-packages/airflow/example_dags/example_datasets.py took 0.108 seconds
[2024-05-05T13:47:10.862+0000] {processor.py:161} INFO - Started process (PID=94173) to work on /home/airflow/.local/lib/python3.8/site-packages/airflow/example_dags/example_datasets.py
[2024-05-05T13:47:10.863+0000] {processor.py:830} INFO - Processing file /home/airflow/.local/lib/python3.8/site-packages/airflow/example_dags/example_datasets.py for tasks to queue
[2024-05-05T13:47:10.864+0000] {logging_mixin.py:188} INFO - [2024-05-05T13:47:10.864+0000] {dagbag.py:538} INFO - Filling up the DagBag from /home/airflow/.local/lib/python3.8/site-packages/airflow/example_dags/example_datasets.py
[2024-05-05T13:47:10.873+0000] {processor.py:840} INFO - DAG(s) 'dataset_consumes_1_and_2', 'dataset_consumes_unknown_never_scheduled', 'dataset_produces_1', 'dataset_consumes_1_never_scheduled', 'dataset_consumes_1', 'dataset_produces_2' retrieved from /home/airflow/.local/lib/python3.8/site-packages/airflow/example_dags/example_datasets.py
[2024-05-05T13:47:10.908+0000] {logging_mixin.py:188} INFO - [2024-05-05T13:47:10.908+0000] {dag.py:3036} INFO - Sync 6 DAGs
[2024-05-05T13:47:11.053+0000] {logging_mixin.py:188} INFO - [2024-05-05T13:47:11.053+0000] {dag.py:3823} INFO - Setting next_dagrun for dataset_consumes_1 to None, run_after=None
[2024-05-05T13:47:11.057+0000] {logging_mixin.py:188} INFO - [2024-05-05T13:47:11.056+0000] {dag.py:3823} INFO - Setting next_dagrun for dataset_consumes_1_and_2 to None, run_after=None
[2024-05-05T13:47:11.058+0000] {logging_mixin.py:188} INFO - [2024-05-05T13:47:11.058+0000] {dag.py:3823} INFO - Setting next_dagrun for dataset_consumes_1_never_scheduled to None, run_after=None
[2024-05-05T13:47:11.059+0000] {logging_mixin.py:188} INFO - [2024-05-05T13:47:11.059+0000] {dag.py:3823} INFO - Setting next_dagrun for dataset_consumes_unknown_never_scheduled to None, run_after=None
[2024-05-05T13:47:11.061+0000] {logging_mixin.py:188} INFO - [2024-05-05T13:47:11.061+0000] {dag.py:3823} INFO - Setting next_dagrun for dataset_produces_1 to 2024-05-04 00:00:00+00:00, run_after=2024-05-05 00:00:00+00:00
[2024-05-05T13:47:11.063+0000] {logging_mixin.py:188} INFO - [2024-05-05T13:47:11.063+0000] {dag.py:3823} INFO - Setting next_dagrun for dataset_produces_2 to None, run_after=None
[2024-05-05T13:47:11.087+0000] {processor.py:183} INFO - Processing /home/airflow/.local/lib/python3.8/site-packages/airflow/example_dags/example_datasets.py took 0.228 seconds
[2024-05-05T13:47:41.197+0000] {processor.py:161} INFO - Started process (PID=94240) to work on /home/airflow/.local/lib/python3.8/site-packages/airflow/example_dags/example_datasets.py
[2024-05-05T13:47:41.198+0000] {processor.py:830} INFO - Processing file /home/airflow/.local/lib/python3.8/site-packages/airflow/example_dags/example_datasets.py for tasks to queue
[2024-05-05T13:47:41.199+0000] {logging_mixin.py:188} INFO - [2024-05-05T13:47:41.199+0000] {dagbag.py:538} INFO - Filling up the DagBag from /home/airflow/.local/lib/python3.8/site-packages/airflow/example_dags/example_datasets.py
[2024-05-05T13:47:41.208+0000] {processor.py:840} INFO - DAG(s) 'dataset_produces_2', 'dataset_consumes_unknown_never_scheduled', 'dataset_produces_1', 'dataset_consumes_1_never_scheduled', 'dataset_consumes_1_and_2', 'dataset_consumes_1' retrieved from /home/airflow/.local/lib/python3.8/site-packages/airflow/example_dags/example_datasets.py
[2024-05-05T13:47:41.241+0000] {logging_mixin.py:188} INFO - [2024-05-05T13:47:41.241+0000] {dag.py:3036} INFO - Sync 6 DAGs
[2024-05-05T13:47:41.397+0000] {logging_mixin.py:188} INFO - [2024-05-05T13:47:41.397+0000] {dag.py:3823} INFO - Setting next_dagrun for dataset_consumes_1 to None, run_after=None
[2024-05-05T13:47:41.400+0000] {logging_mixin.py:188} INFO - [2024-05-05T13:47:41.400+0000] {dag.py:3823} INFO - Setting next_dagrun for dataset_consumes_1_and_2 to None, run_after=None
[2024-05-05T13:47:41.401+0000] {logging_mixin.py:188} INFO - [2024-05-05T13:47:41.401+0000] {dag.py:3823} INFO - Setting next_dagrun for dataset_consumes_1_never_scheduled to None, run_after=None
[2024-05-05T13:47:41.403+0000] {logging_mixin.py:188} INFO - [2024-05-05T13:47:41.403+0000] {dag.py:3823} INFO - Setting next_dagrun for dataset_consumes_unknown_never_scheduled to None, run_after=None
[2024-05-05T13:47:41.406+0000] {logging_mixin.py:188} INFO - [2024-05-05T13:47:41.405+0000] {dag.py:3823} INFO - Setting next_dagrun for dataset_produces_1 to 2024-05-04 00:00:00+00:00, run_after=2024-05-05 00:00:00+00:00
[2024-05-05T13:47:41.408+0000] {logging_mixin.py:188} INFO - [2024-05-05T13:47:41.408+0000] {dag.py:3823} INFO - Setting next_dagrun for dataset_produces_2 to None, run_after=None
[2024-05-05T13:47:41.445+0000] {processor.py:183} INFO - Processing /home/airflow/.local/lib/python3.8/site-packages/airflow/example_dags/example_datasets.py took 0.251 seconds
[2024-05-05T13:48:11.594+0000] {processor.py:161} INFO - Started process (PID=94313) to work on /home/airflow/.local/lib/python3.8/site-packages/airflow/example_dags/example_datasets.py
[2024-05-05T13:48:11.595+0000] {processor.py:830} INFO - Processing file /home/airflow/.local/lib/python3.8/site-packages/airflow/example_dags/example_datasets.py for tasks to queue
[2024-05-05T13:48:11.596+0000] {logging_mixin.py:188} INFO - [2024-05-05T13:48:11.595+0000] {dagbag.py:538} INFO - Filling up the DagBag from /home/airflow/.local/lib/python3.8/site-packages/airflow/example_dags/example_datasets.py
[2024-05-05T13:48:11.604+0000] {processor.py:840} INFO - DAG(s) 'dataset_produces_1', 'dataset_consumes_1', 'dataset_produces_2', 'dataset_consumes_1_never_scheduled', 'dataset_consumes_unknown_never_scheduled', 'dataset_consumes_1_and_2' retrieved from /home/airflow/.local/lib/python3.8/site-packages/airflow/example_dags/example_datasets.py
[2024-05-05T13:48:11.649+0000] {logging_mixin.py:188} INFO - [2024-05-05T13:48:11.649+0000] {dag.py:3036} INFO - Sync 6 DAGs
[2024-05-05T13:48:11.670+0000] {logging_mixin.py:188} INFO - [2024-05-05T13:48:11.670+0000] {dag.py:3823} INFO - Setting next_dagrun for dataset_consumes_1 to None, run_after=None
[2024-05-05T13:48:11.823+0000] {logging_mixin.py:188} INFO - [2024-05-05T13:48:11.823+0000] {dag.py:3823} INFO - Setting next_dagrun for dataset_consumes_1_and_2 to None, run_after=None
[2024-05-05T13:48:11.826+0000] {logging_mixin.py:188} INFO - [2024-05-05T13:48:11.826+0000] {dag.py:3823} INFO - Setting next_dagrun for dataset_consumes_1_never_scheduled to None, run_after=None
[2024-05-05T13:48:11.827+0000] {logging_mixin.py:188} INFO - [2024-05-05T13:48:11.827+0000] {dag.py:3823} INFO - Setting next_dagrun for dataset_consumes_unknown_never_scheduled to None, run_after=None
[2024-05-05T13:48:11.831+0000] {logging_mixin.py:188} INFO - [2024-05-05T13:48:11.831+0000] {dag.py:3823} INFO - Setting next_dagrun for dataset_produces_1 to 2024-05-04 00:00:00+00:00, run_after=2024-05-05 00:00:00+00:00
[2024-05-05T13:48:11.832+0000] {logging_mixin.py:188} INFO - [2024-05-05T13:48:11.832+0000] {dag.py:3823} INFO - Setting next_dagrun for dataset_produces_2 to None, run_after=None
[2024-05-05T13:48:11.861+0000] {processor.py:183} INFO - Processing /home/airflow/.local/lib/python3.8/site-packages/airflow/example_dags/example_datasets.py took 0.270 seconds
[2024-05-05T13:48:42.302+0000] {processor.py:161} INFO - Started process (PID=94379) to work on /home/airflow/.local/lib/python3.8/site-packages/airflow/example_dags/example_datasets.py
[2024-05-05T13:48:42.308+0000] {processor.py:830} INFO - Processing file /home/airflow/.local/lib/python3.8/site-packages/airflow/example_dags/example_datasets.py for tasks to queue
[2024-05-05T13:48:42.323+0000] {logging_mixin.py:188} INFO - [2024-05-05T13:48:42.315+0000] {dagbag.py:538} INFO - Filling up the DagBag from /home/airflow/.local/lib/python3.8/site-packages/airflow/example_dags/example_datasets.py
[2024-05-05T13:48:42.345+0000] {processor.py:840} INFO - DAG(s) 'dataset_consumes_1_never_scheduled', 'dataset_consumes_1_and_2', 'dataset_consumes_unknown_never_scheduled', 'dataset_produces_2', 'dataset_produces_1', 'dataset_consumes_1' retrieved from /home/airflow/.local/lib/python3.8/site-packages/airflow/example_dags/example_datasets.py
[2024-05-05T13:48:42.492+0000] {logging_mixin.py:188} INFO - [2024-05-05T13:48:42.492+0000] {dag.py:3036} INFO - Sync 6 DAGs
[2024-05-05T13:48:42.553+0000] {logging_mixin.py:188} INFO - [2024-05-05T13:48:42.544+0000] {dag.py:3823} INFO - Setting next_dagrun for dataset_consumes_1 to None, run_after=None
[2024-05-05T13:48:42.570+0000] {logging_mixin.py:188} INFO - [2024-05-05T13:48:42.570+0000] {dag.py:3823} INFO - Setting next_dagrun for dataset_consumes_1_and_2 to None, run_after=None
[2024-05-05T13:48:42.573+0000] {logging_mixin.py:188} INFO - [2024-05-05T13:48:42.573+0000] {dag.py:3823} INFO - Setting next_dagrun for dataset_consumes_1_never_scheduled to None, run_after=None
[2024-05-05T13:48:42.575+0000] {logging_mixin.py:188} INFO - [2024-05-05T13:48:42.575+0000] {dag.py:3823} INFO - Setting next_dagrun for dataset_consumes_unknown_never_scheduled to None, run_after=None
[2024-05-05T13:48:42.588+0000] {logging_mixin.py:188} INFO - [2024-05-05T13:48:42.588+0000] {dag.py:3823} INFO - Setting next_dagrun for dataset_produces_1 to 2024-05-04 00:00:00+00:00, run_after=2024-05-05 00:00:00+00:00
[2024-05-05T13:48:42.595+0000] {logging_mixin.py:188} INFO - [2024-05-05T13:48:42.595+0000] {dag.py:3823} INFO - Setting next_dagrun for dataset_produces_2 to None, run_after=None
[2024-05-05T13:48:42.681+0000] {processor.py:183} INFO - Processing /home/airflow/.local/lib/python3.8/site-packages/airflow/example_dags/example_datasets.py took 0.383 seconds
[2024-05-05T13:49:13.401+0000] {processor.py:161} INFO - Started process (PID=94445) to work on /home/airflow/.local/lib/python3.8/site-packages/airflow/example_dags/example_datasets.py
[2024-05-05T13:49:13.402+0000] {processor.py:830} INFO - Processing file /home/airflow/.local/lib/python3.8/site-packages/airflow/example_dags/example_datasets.py for tasks to queue
[2024-05-05T13:49:13.403+0000] {logging_mixin.py:188} INFO - [2024-05-05T13:49:13.403+0000] {dagbag.py:538} INFO - Filling up the DagBag from /home/airflow/.local/lib/python3.8/site-packages/airflow/example_dags/example_datasets.py
[2024-05-05T13:49:13.411+0000] {processor.py:840} INFO - DAG(s) 'dataset_produces_2', 'dataset_produces_1', 'dataset_consumes_unknown_never_scheduled', 'dataset_consumes_1_never_scheduled', 'dataset_consumes_1_and_2', 'dataset_consumes_1' retrieved from /home/airflow/.local/lib/python3.8/site-packages/airflow/example_dags/example_datasets.py
[2024-05-05T13:49:13.441+0000] {logging_mixin.py:188} INFO - [2024-05-05T13:49:13.441+0000] {dag.py:3036} INFO - Sync 6 DAGs
[2024-05-05T13:49:13.471+0000] {logging_mixin.py:188} INFO - [2024-05-05T13:49:13.470+0000] {dag.py:3823} INFO - Setting next_dagrun for dataset_consumes_1 to None, run_after=None
[2024-05-05T13:49:13.474+0000] {logging_mixin.py:188} INFO - [2024-05-05T13:49:13.474+0000] {dag.py:3823} INFO - Setting next_dagrun for dataset_consumes_1_and_2 to None, run_after=None
[2024-05-05T13:49:13.476+0000] {logging_mixin.py:188} INFO - [2024-05-05T13:49:13.476+0000] {dag.py:3823} INFO - Setting next_dagrun for dataset_consumes_1_never_scheduled to None, run_after=None
[2024-05-05T13:49:13.478+0000] {logging_mixin.py:188} INFO - [2024-05-05T13:49:13.477+0000] {dag.py:3823} INFO - Setting next_dagrun for dataset_consumes_unknown_never_scheduled to None, run_after=None
[2024-05-05T13:49:13.481+0000] {logging_mixin.py:188} INFO - [2024-05-05T13:49:13.481+0000] {dag.py:3823} INFO - Setting next_dagrun for dataset_produces_1 to 2024-05-04 00:00:00+00:00, run_after=2024-05-05 00:00:00+00:00
[2024-05-05T13:49:13.482+0000] {logging_mixin.py:188} INFO - [2024-05-05T13:49:13.482+0000] {dag.py:3823} INFO - Setting next_dagrun for dataset_produces_2 to None, run_after=None
[2024-05-05T13:49:13.520+0000] {processor.py:183} INFO - Processing /home/airflow/.local/lib/python3.8/site-packages/airflow/example_dags/example_datasets.py took 0.121 seconds
[2024-05-05T13:49:43.655+0000] {processor.py:161} INFO - Started process (PID=94520) to work on /home/airflow/.local/lib/python3.8/site-packages/airflow/example_dags/example_datasets.py
[2024-05-05T13:49:43.656+0000] {processor.py:830} INFO - Processing file /home/airflow/.local/lib/python3.8/site-packages/airflow/example_dags/example_datasets.py for tasks to queue
[2024-05-05T13:49:43.658+0000] {logging_mixin.py:188} INFO - [2024-05-05T13:49:43.658+0000] {dagbag.py:538} INFO - Filling up the DagBag from /home/airflow/.local/lib/python3.8/site-packages/airflow/example_dags/example_datasets.py
[2024-05-05T13:49:43.682+0000] {processor.py:840} INFO - DAG(s) 'dataset_produces_1', 'dataset_consumes_1_and_2', 'dataset_produces_2', 'dataset_consumes_1', 'dataset_consumes_1_never_scheduled', 'dataset_consumes_unknown_never_scheduled' retrieved from /home/airflow/.local/lib/python3.8/site-packages/airflow/example_dags/example_datasets.py
[2024-05-05T13:49:43.768+0000] {logging_mixin.py:188} INFO - [2024-05-05T13:49:43.768+0000] {dag.py:3036} INFO - Sync 6 DAGs
[2024-05-05T13:49:43.799+0000] {logging_mixin.py:188} INFO - [2024-05-05T13:49:43.799+0000] {dag.py:3823} INFO - Setting next_dagrun for dataset_consumes_1 to None, run_after=None
[2024-05-05T13:49:43.810+0000] {logging_mixin.py:188} INFO - [2024-05-05T13:49:43.810+0000] {dag.py:3823} INFO - Setting next_dagrun for dataset_consumes_1_and_2 to None, run_after=None
[2024-05-05T13:49:43.812+0000] {logging_mixin.py:188} INFO - [2024-05-05T13:49:43.812+0000] {dag.py:3823} INFO - Setting next_dagrun for dataset_consumes_1_never_scheduled to None, run_after=None
[2024-05-05T13:49:43.814+0000] {logging_mixin.py:188} INFO - [2024-05-05T13:49:43.814+0000] {dag.py:3823} INFO - Setting next_dagrun for dataset_consumes_unknown_never_scheduled to None, run_after=None
[2024-05-05T13:49:43.817+0000] {logging_mixin.py:188} INFO - [2024-05-05T13:49:43.817+0000] {dag.py:3823} INFO - Setting next_dagrun for dataset_produces_1 to 2024-05-04 00:00:00+00:00, run_after=2024-05-05 00:00:00+00:00
[2024-05-05T13:49:43.821+0000] {logging_mixin.py:188} INFO - [2024-05-05T13:49:43.821+0000] {dag.py:3823} INFO - Setting next_dagrun for dataset_produces_2 to None, run_after=None
[2024-05-05T13:49:43.878+0000] {processor.py:183} INFO - Processing /home/airflow/.local/lib/python3.8/site-packages/airflow/example_dags/example_datasets.py took 0.226 seconds
[2024-05-05T13:50:14.676+0000] {processor.py:161} INFO - Started process (PID=94587) to work on /home/airflow/.local/lib/python3.8/site-packages/airflow/example_dags/example_datasets.py
[2024-05-05T13:50:14.678+0000] {processor.py:830} INFO - Processing file /home/airflow/.local/lib/python3.8/site-packages/airflow/example_dags/example_datasets.py for tasks to queue
[2024-05-05T13:50:14.679+0000] {logging_mixin.py:188} INFO - [2024-05-05T13:50:14.679+0000] {dagbag.py:538} INFO - Filling up the DagBag from /home/airflow/.local/lib/python3.8/site-packages/airflow/example_dags/example_datasets.py
[2024-05-05T13:50:14.696+0000] {processor.py:840} INFO - DAG(s) 'dataset_consumes_1', 'dataset_consumes_1_and_2', 'dataset_consumes_1_never_scheduled', 'dataset_produces_1', 'dataset_consumes_unknown_never_scheduled', 'dataset_produces_2' retrieved from /home/airflow/.local/lib/python3.8/site-packages/airflow/example_dags/example_datasets.py
[2024-05-05T13:50:14.798+0000] {logging_mixin.py:188} INFO - [2024-05-05T13:50:14.798+0000] {dag.py:3036} INFO - Sync 6 DAGs
[2024-05-05T13:50:14.869+0000] {logging_mixin.py:188} INFO - [2024-05-05T13:50:14.868+0000] {dag.py:3823} INFO - Setting next_dagrun for dataset_consumes_1 to None, run_after=None
[2024-05-05T13:50:14.874+0000] {logging_mixin.py:188} INFO - [2024-05-05T13:50:14.874+0000] {dag.py:3823} INFO - Setting next_dagrun for dataset_consumes_1_and_2 to None, run_after=None
[2024-05-05T13:50:14.877+0000] {logging_mixin.py:188} INFO - [2024-05-05T13:50:14.877+0000] {dag.py:3823} INFO - Setting next_dagrun for dataset_consumes_1_never_scheduled to None, run_after=None
[2024-05-05T13:50:14.879+0000] {logging_mixin.py:188} INFO - [2024-05-05T13:50:14.879+0000] {dag.py:3823} INFO - Setting next_dagrun for dataset_consumes_unknown_never_scheduled to None, run_after=None
[2024-05-05T13:50:14.885+0000] {logging_mixin.py:188} INFO - [2024-05-05T13:50:14.884+0000] {dag.py:3823} INFO - Setting next_dagrun for dataset_produces_1 to 2024-05-04 00:00:00+00:00, run_after=2024-05-05 00:00:00+00:00
[2024-05-05T13:50:14.892+0000] {logging_mixin.py:188} INFO - [2024-05-05T13:50:14.888+0000] {dag.py:3823} INFO - Setting next_dagrun for dataset_produces_2 to None, run_after=None
[2024-05-05T13:50:14.946+0000] {processor.py:183} INFO - Processing /home/airflow/.local/lib/python3.8/site-packages/airflow/example_dags/example_datasets.py took 0.275 seconds
[2024-05-05T13:50:45.816+0000] {processor.py:161} INFO - Started process (PID=94663) to work on /home/airflow/.local/lib/python3.8/site-packages/airflow/example_dags/example_datasets.py
[2024-05-05T13:50:45.817+0000] {processor.py:830} INFO - Processing file /home/airflow/.local/lib/python3.8/site-packages/airflow/example_dags/example_datasets.py for tasks to queue
[2024-05-05T13:50:45.820+0000] {logging_mixin.py:188} INFO - [2024-05-05T13:50:45.820+0000] {dagbag.py:538} INFO - Filling up the DagBag from /home/airflow/.local/lib/python3.8/site-packages/airflow/example_dags/example_datasets.py
[2024-05-05T13:50:45.861+0000] {processor.py:840} INFO - DAG(s) 'dataset_consumes_1_never_scheduled', 'dataset_consumes_unknown_never_scheduled', 'dataset_produces_1', 'dataset_produces_2', 'dataset_consumes_1', 'dataset_consumes_1_and_2' retrieved from /home/airflow/.local/lib/python3.8/site-packages/airflow/example_dags/example_datasets.py
[2024-05-05T13:50:45.984+0000] {logging_mixin.py:188} INFO - [2024-05-05T13:50:45.984+0000] {dag.py:3036} INFO - Sync 6 DAGs
[2024-05-05T13:50:46.070+0000] {logging_mixin.py:188} INFO - [2024-05-05T13:50:46.069+0000] {dag.py:3823} INFO - Setting next_dagrun for dataset_consumes_1 to None, run_after=None
[2024-05-05T13:50:46.087+0000] {logging_mixin.py:188} INFO - [2024-05-05T13:50:46.086+0000] {dag.py:3823} INFO - Setting next_dagrun for dataset_consumes_1_and_2 to None, run_after=None
[2024-05-05T13:50:46.093+0000] {logging_mixin.py:188} INFO - [2024-05-05T13:50:46.093+0000] {dag.py:3823} INFO - Setting next_dagrun for dataset_consumes_1_never_scheduled to None, run_after=None
[2024-05-05T13:50:46.103+0000] {logging_mixin.py:188} INFO - [2024-05-05T13:50:46.102+0000] {dag.py:3823} INFO - Setting next_dagrun for dataset_consumes_unknown_never_scheduled to None, run_after=None
[2024-05-05T13:50:46.117+0000] {logging_mixin.py:188} INFO - [2024-05-05T13:50:46.117+0000] {dag.py:3823} INFO - Setting next_dagrun for dataset_produces_1 to 2024-05-04 00:00:00+00:00, run_after=2024-05-05 00:00:00+00:00
[2024-05-05T13:50:46.119+0000] {logging_mixin.py:188} INFO - [2024-05-05T13:50:46.119+0000] {dag.py:3823} INFO - Setting next_dagrun for dataset_produces_2 to None, run_after=None
[2024-05-05T13:50:46.236+0000] {processor.py:183} INFO - Processing /home/airflow/.local/lib/python3.8/site-packages/airflow/example_dags/example_datasets.py took 0.424 seconds
[2024-05-05T13:51:16.304+0000] {processor.py:161} INFO - Started process (PID=94730) to work on /home/airflow/.local/lib/python3.8/site-packages/airflow/example_dags/example_datasets.py
[2024-05-05T13:51:16.305+0000] {processor.py:830} INFO - Processing file /home/airflow/.local/lib/python3.8/site-packages/airflow/example_dags/example_datasets.py for tasks to queue
[2024-05-05T13:51:16.305+0000] {logging_mixin.py:188} INFO - [2024-05-05T13:51:16.305+0000] {dagbag.py:538} INFO - Filling up the DagBag from /home/airflow/.local/lib/python3.8/site-packages/airflow/example_dags/example_datasets.py
[2024-05-05T13:51:16.313+0000] {processor.py:840} INFO - DAG(s) 'dataset_consumes_1_and_2', 'dataset_consumes_unknown_never_scheduled', 'dataset_consumes_1_never_scheduled', 'dataset_produces_1', 'dataset_consumes_1', 'dataset_produces_2' retrieved from /home/airflow/.local/lib/python3.8/site-packages/airflow/example_dags/example_datasets.py
[2024-05-05T13:51:16.345+0000] {logging_mixin.py:188} INFO - [2024-05-05T13:51:16.345+0000] {dag.py:3036} INFO - Sync 6 DAGs
[2024-05-05T13:51:16.366+0000] {logging_mixin.py:188} INFO - [2024-05-05T13:51:16.366+0000] {dag.py:3823} INFO - Setting next_dagrun for dataset_consumes_1 to None, run_after=None
[2024-05-05T13:51:16.370+0000] {logging_mixin.py:188} INFO - [2024-05-05T13:51:16.369+0000] {dag.py:3823} INFO - Setting next_dagrun for dataset_consumes_1_and_2 to None, run_after=None
[2024-05-05T13:51:16.371+0000] {logging_mixin.py:188} INFO - [2024-05-05T13:51:16.371+0000] {dag.py:3823} INFO - Setting next_dagrun for dataset_consumes_1_never_scheduled to None, run_after=None
[2024-05-05T13:51:16.372+0000] {logging_mixin.py:188} INFO - [2024-05-05T13:51:16.372+0000] {dag.py:3823} INFO - Setting next_dagrun for dataset_consumes_unknown_never_scheduled to None, run_after=None
[2024-05-05T13:51:16.375+0000] {logging_mixin.py:188} INFO - [2024-05-05T13:51:16.374+0000] {dag.py:3823} INFO - Setting next_dagrun for dataset_produces_1 to 2024-05-04 00:00:00+00:00, run_after=2024-05-05 00:00:00+00:00
[2024-05-05T13:51:16.376+0000] {logging_mixin.py:188} INFO - [2024-05-05T13:51:16.375+0000] {dag.py:3823} INFO - Setting next_dagrun for dataset_produces_2 to None, run_after=None
[2024-05-05T13:51:16.402+0000] {processor.py:183} INFO - Processing /home/airflow/.local/lib/python3.8/site-packages/airflow/example_dags/example_datasets.py took 0.101 seconds
[2024-05-05T13:51:46.562+0000] {processor.py:161} INFO - Started process (PID=94796) to work on /home/airflow/.local/lib/python3.8/site-packages/airflow/example_dags/example_datasets.py
[2024-05-05T13:51:46.564+0000] {processor.py:830} INFO - Processing file /home/airflow/.local/lib/python3.8/site-packages/airflow/example_dags/example_datasets.py for tasks to queue
[2024-05-05T13:51:46.564+0000] {logging_mixin.py:188} INFO - [2024-05-05T13:51:46.564+0000] {dagbag.py:538} INFO - Filling up the DagBag from /home/airflow/.local/lib/python3.8/site-packages/airflow/example_dags/example_datasets.py
[2024-05-05T13:51:46.573+0000] {processor.py:840} INFO - DAG(s) 'dataset_produces_1', 'dataset_consumes_1_and_2', 'dataset_consumes_unknown_never_scheduled', 'dataset_produces_2', 'dataset_consumes_1_never_scheduled', 'dataset_consumes_1' retrieved from /home/airflow/.local/lib/python3.8/site-packages/airflow/example_dags/example_datasets.py
[2024-05-05T13:51:46.608+0000] {logging_mixin.py:188} INFO - [2024-05-05T13:51:46.608+0000] {dag.py:3036} INFO - Sync 6 DAGs
[2024-05-05T13:51:46.637+0000] {logging_mixin.py:188} INFO - [2024-05-05T13:51:46.636+0000] {dag.py:3823} INFO - Setting next_dagrun for dataset_consumes_1 to None, run_after=None
[2024-05-05T13:51:46.640+0000] {logging_mixin.py:188} INFO - [2024-05-05T13:51:46.640+0000] {dag.py:3823} INFO - Setting next_dagrun for dataset_consumes_1_and_2 to None, run_after=None
[2024-05-05T13:51:46.641+0000] {logging_mixin.py:188} INFO - [2024-05-05T13:51:46.641+0000] {dag.py:3823} INFO - Setting next_dagrun for dataset_consumes_1_never_scheduled to None, run_after=None
[2024-05-05T13:51:46.645+0000] {logging_mixin.py:188} INFO - [2024-05-05T13:51:46.644+0000] {dag.py:3823} INFO - Setting next_dagrun for dataset_consumes_unknown_never_scheduled to None, run_after=None
[2024-05-05T13:51:46.648+0000] {logging_mixin.py:188} INFO - [2024-05-05T13:51:46.647+0000] {dag.py:3823} INFO - Setting next_dagrun for dataset_produces_1 to 2024-05-04 00:00:00+00:00, run_after=2024-05-05 00:00:00+00:00
[2024-05-05T13:51:46.650+0000] {logging_mixin.py:188} INFO - [2024-05-05T13:51:46.649+0000] {dag.py:3823} INFO - Setting next_dagrun for dataset_produces_2 to None, run_after=None
[2024-05-05T13:51:46.679+0000] {processor.py:183} INFO - Processing /home/airflow/.local/lib/python3.8/site-packages/airflow/example_dags/example_datasets.py took 0.120 seconds
[2024-05-05T13:52:16.991+0000] {processor.py:161} INFO - Started process (PID=94870) to work on /home/airflow/.local/lib/python3.8/site-packages/airflow/example_dags/example_datasets.py
[2024-05-05T13:52:16.997+0000] {processor.py:830} INFO - Processing file /home/airflow/.local/lib/python3.8/site-packages/airflow/example_dags/example_datasets.py for tasks to queue
[2024-05-05T13:52:17.008+0000] {logging_mixin.py:188} INFO - [2024-05-05T13:52:17.007+0000] {dagbag.py:538} INFO - Filling up the DagBag from /home/airflow/.local/lib/python3.8/site-packages/airflow/example_dags/example_datasets.py
[2024-05-05T13:52:17.067+0000] {processor.py:840} INFO - DAG(s) 'dataset_produces_2', 'dataset_consumes_unknown_never_scheduled', 'dataset_produces_1', 'dataset_consumes_1_never_scheduled', 'dataset_consumes_1', 'dataset_consumes_1_and_2' retrieved from /home/airflow/.local/lib/python3.8/site-packages/airflow/example_dags/example_datasets.py
[2024-05-05T13:52:17.158+0000] {logging_mixin.py:188} INFO - [2024-05-05T13:52:17.158+0000] {dag.py:3036} INFO - Sync 6 DAGs
[2024-05-05T13:52:17.200+0000] {logging_mixin.py:188} INFO - [2024-05-05T13:52:17.200+0000] {dag.py:3823} INFO - Setting next_dagrun for dataset_consumes_1 to None, run_after=None
[2024-05-05T13:52:17.204+0000] {logging_mixin.py:188} INFO - [2024-05-05T13:52:17.204+0000] {dag.py:3823} INFO - Setting next_dagrun for dataset_consumes_1_and_2 to None, run_after=None
[2024-05-05T13:52:17.207+0000] {logging_mixin.py:188} INFO - [2024-05-05T13:52:17.206+0000] {dag.py:3823} INFO - Setting next_dagrun for dataset_consumes_1_never_scheduled to None, run_after=None
[2024-05-05T13:52:17.208+0000] {logging_mixin.py:188} INFO - [2024-05-05T13:52:17.208+0000] {dag.py:3823} INFO - Setting next_dagrun for dataset_consumes_unknown_never_scheduled to None, run_after=None
[2024-05-05T13:52:17.210+0000] {logging_mixin.py:188} INFO - [2024-05-05T13:52:17.210+0000] {dag.py:3823} INFO - Setting next_dagrun for dataset_produces_1 to 2024-05-04 00:00:00+00:00, run_after=2024-05-05 00:00:00+00:00
[2024-05-05T13:52:17.212+0000] {logging_mixin.py:188} INFO - [2024-05-05T13:52:17.212+0000] {dag.py:3823} INFO - Setting next_dagrun for dataset_produces_2 to None, run_after=None
[2024-05-05T13:52:17.238+0000] {processor.py:183} INFO - Processing /home/airflow/.local/lib/python3.8/site-packages/airflow/example_dags/example_datasets.py took 0.258 seconds
[2024-05-05T13:52:47.609+0000] {processor.py:161} INFO - Started process (PID=94935) to work on /home/airflow/.local/lib/python3.8/site-packages/airflow/example_dags/example_datasets.py
[2024-05-05T13:52:47.610+0000] {processor.py:830} INFO - Processing file /home/airflow/.local/lib/python3.8/site-packages/airflow/example_dags/example_datasets.py for tasks to queue
[2024-05-05T13:52:47.611+0000] {logging_mixin.py:188} INFO - [2024-05-05T13:52:47.611+0000] {dagbag.py:538} INFO - Filling up the DagBag from /home/airflow/.local/lib/python3.8/site-packages/airflow/example_dags/example_datasets.py
[2024-05-05T13:52:47.620+0000] {processor.py:840} INFO - DAG(s) 'dataset_consumes_1', 'dataset_produces_2', 'dataset_consumes_1_and_2', 'dataset_consumes_1_never_scheduled', 'dataset_produces_1', 'dataset_consumes_unknown_never_scheduled' retrieved from /home/airflow/.local/lib/python3.8/site-packages/airflow/example_dags/example_datasets.py
[2024-05-05T13:52:47.662+0000] {logging_mixin.py:188} INFO - [2024-05-05T13:52:47.662+0000] {dag.py:3036} INFO - Sync 6 DAGs
[2024-05-05T13:52:47.681+0000] {logging_mixin.py:188} INFO - [2024-05-05T13:52:47.680+0000] {dag.py:3823} INFO - Setting next_dagrun for dataset_consumes_1 to None, run_after=None
[2024-05-05T13:52:47.685+0000] {logging_mixin.py:188} INFO - [2024-05-05T13:52:47.684+0000] {dag.py:3823} INFO - Setting next_dagrun for dataset_consumes_1_and_2 to None, run_after=None
[2024-05-05T13:52:47.688+0000] {logging_mixin.py:188} INFO - [2024-05-05T13:52:47.687+0000] {dag.py:3823} INFO - Setting next_dagrun for dataset_consumes_1_never_scheduled to None, run_after=None
[2024-05-05T13:52:47.690+0000] {logging_mixin.py:188} INFO - [2024-05-05T13:52:47.689+0000] {dag.py:3823} INFO - Setting next_dagrun for dataset_consumes_unknown_never_scheduled to None, run_after=None
[2024-05-05T13:52:47.693+0000] {logging_mixin.py:188} INFO - [2024-05-05T13:52:47.693+0000] {dag.py:3823} INFO - Setting next_dagrun for dataset_produces_1 to 2024-05-04 00:00:00+00:00, run_after=2024-05-05 00:00:00+00:00
[2024-05-05T13:52:47.695+0000] {logging_mixin.py:188} INFO - [2024-05-05T13:52:47.695+0000] {dag.py:3823} INFO - Setting next_dagrun for dataset_produces_2 to None, run_after=None
[2024-05-05T13:52:47.727+0000] {processor.py:183} INFO - Processing /home/airflow/.local/lib/python3.8/site-packages/airflow/example_dags/example_datasets.py took 0.121 seconds
