[2024-05-05T13:46:14.185+0000] {processor.py:161} INFO - Started process (PID=94044) to work on /home/airflow/.local/lib/python3.8/site-packages/airflow/example_dags/example_subdag_operator.py
[2024-05-05T13:46:14.186+0000] {processor.py:830} INFO - Processing file /home/airflow/.local/lib/python3.8/site-packages/airflow/example_dags/example_subdag_operator.py for tasks to queue
[2024-05-05T13:46:14.187+0000] {logging_mixin.py:188} INFO - [2024-05-05T13:46:14.187+0000] {dagbag.py:538} INFO - Filling up the DagBag from /home/airflow/.local/lib/python3.8/site-packages/airflow/example_dags/example_subdag_operator.py
[2024-05-05T13:46:14.211+0000] {processor.py:840} INFO - DAG(s) 'example_subdag_operator.section-1', 'example_subdag_operator.section-2', 'example_subdag_operator' retrieved from /home/airflow/.local/lib/python3.8/site-packages/airflow/example_dags/example_subdag_operator.py
[2024-05-05T13:46:14.227+0000] {logging_mixin.py:188} INFO - [2024-05-05T13:46:14.227+0000] {dag.py:3036} INFO - Sync 3 DAGs
[2024-05-05T13:46:14.248+0000] {logging_mixin.py:188} INFO - [2024-05-05T13:46:14.248+0000] {dag.py:3823} INFO - Setting next_dagrun for example_subdag_operator to 2022-01-01 00:00:00+00:00, run_after=2022-01-01 00:00:00+00:00
[2024-05-05T13:46:14.255+0000] {logging_mixin.py:188} INFO - [2024-05-05T13:46:14.254+0000] {dag.py:3823} INFO - Setting next_dagrun for example_subdag_operator.section-1 to None, run_after=None
[2024-05-05T13:46:14.257+0000] {logging_mixin.py:188} INFO - [2024-05-05T13:46:14.256+0000] {dag.py:3823} INFO - Setting next_dagrun for example_subdag_operator.section-2 to None, run_after=None
[2024-05-05T13:46:14.265+0000] {logging_mixin.py:188} INFO - [2024-05-05T13:46:14.265+0000] {dag.py:3036} INFO - Sync 2 DAGs
[2024-05-05T13:46:14.274+0000] {logging_mixin.py:188} INFO - [2024-05-05T13:46:14.274+0000] {dag.py:3823} INFO - Setting next_dagrun for example_subdag_operator.section-1 to None, run_after=None
[2024-05-05T13:46:14.275+0000] {logging_mixin.py:188} INFO - [2024-05-05T13:46:14.275+0000] {dag.py:3823} INFO - Setting next_dagrun for example_subdag_operator.section-2 to None, run_after=None
[2024-05-05T13:46:14.293+0000] {processor.py:183} INFO - Processing /home/airflow/.local/lib/python3.8/site-packages/airflow/example_dags/example_subdag_operator.py took 0.110 seconds
[2024-05-05T13:46:44.759+0000] {processor.py:161} INFO - Started process (PID=94119) to work on /home/airflow/.local/lib/python3.8/site-packages/airflow/example_dags/example_subdag_operator.py
[2024-05-05T13:46:44.760+0000] {processor.py:830} INFO - Processing file /home/airflow/.local/lib/python3.8/site-packages/airflow/example_dags/example_subdag_operator.py for tasks to queue
[2024-05-05T13:46:44.761+0000] {logging_mixin.py:188} INFO - [2024-05-05T13:46:44.761+0000] {dagbag.py:538} INFO - Filling up the DagBag from /home/airflow/.local/lib/python3.8/site-packages/airflow/example_dags/example_subdag_operator.py
[2024-05-05T13:46:44.783+0000] {processor.py:840} INFO - DAG(s) 'example_subdag_operator.section-1', 'example_subdag_operator.section-2', 'example_subdag_operator' retrieved from /home/airflow/.local/lib/python3.8/site-packages/airflow/example_dags/example_subdag_operator.py
[2024-05-05T13:46:44.798+0000] {logging_mixin.py:188} INFO - [2024-05-05T13:46:44.798+0000] {dag.py:3036} INFO - Sync 3 DAGs
[2024-05-05T13:46:44.817+0000] {logging_mixin.py:188} INFO - [2024-05-05T13:46:44.816+0000] {dag.py:3823} INFO - Setting next_dagrun for example_subdag_operator to 2022-01-01 00:00:00+00:00, run_after=2022-01-01 00:00:00+00:00
[2024-05-05T13:46:44.820+0000] {logging_mixin.py:188} INFO - [2024-05-05T13:46:44.820+0000] {dag.py:3823} INFO - Setting next_dagrun for example_subdag_operator.section-1 to None, run_after=None
[2024-05-05T13:46:44.821+0000] {logging_mixin.py:188} INFO - [2024-05-05T13:46:44.821+0000] {dag.py:3823} INFO - Setting next_dagrun for example_subdag_operator.section-2 to None, run_after=None
[2024-05-05T13:46:44.829+0000] {logging_mixin.py:188} INFO - [2024-05-05T13:46:44.828+0000] {dag.py:3036} INFO - Sync 2 DAGs
[2024-05-05T13:46:44.835+0000] {logging_mixin.py:188} INFO - [2024-05-05T13:46:44.834+0000] {dag.py:3823} INFO - Setting next_dagrun for example_subdag_operator.section-1 to None, run_after=None
[2024-05-05T13:46:44.835+0000] {logging_mixin.py:188} INFO - [2024-05-05T13:46:44.835+0000] {dag.py:3823} INFO - Setting next_dagrun for example_subdag_operator.section-2 to None, run_after=None
[2024-05-05T13:46:44.847+0000] {processor.py:183} INFO - Processing /home/airflow/.local/lib/python3.8/site-packages/airflow/example_dags/example_subdag_operator.py took 0.090 seconds
[2024-05-05T13:47:15.689+0000] {processor.py:161} INFO - Started process (PID=94186) to work on /home/airflow/.local/lib/python3.8/site-packages/airflow/example_dags/example_subdag_operator.py
[2024-05-05T13:47:15.690+0000] {processor.py:830} INFO - Processing file /home/airflow/.local/lib/python3.8/site-packages/airflow/example_dags/example_subdag_operator.py for tasks to queue
[2024-05-05T13:47:15.691+0000] {logging_mixin.py:188} INFO - [2024-05-05T13:47:15.691+0000] {dagbag.py:538} INFO - Filling up the DagBag from /home/airflow/.local/lib/python3.8/site-packages/airflow/example_dags/example_subdag_operator.py
[2024-05-05T13:47:15.713+0000] {processor.py:840} INFO - DAG(s) 'example_subdag_operator.section-1', 'example_subdag_operator.section-2', 'example_subdag_operator' retrieved from /home/airflow/.local/lib/python3.8/site-packages/airflow/example_dags/example_subdag_operator.py
[2024-05-05T13:47:15.732+0000] {logging_mixin.py:188} INFO - [2024-05-05T13:47:15.732+0000] {dag.py:3036} INFO - Sync 3 DAGs
[2024-05-05T13:47:15.754+0000] {logging_mixin.py:188} INFO - [2024-05-05T13:47:15.754+0000] {dag.py:3823} INFO - Setting next_dagrun for example_subdag_operator to 2022-01-01 00:00:00+00:00, run_after=2022-01-01 00:00:00+00:00
[2024-05-05T13:47:15.758+0000] {logging_mixin.py:188} INFO - [2024-05-05T13:47:15.758+0000] {dag.py:3823} INFO - Setting next_dagrun for example_subdag_operator.section-1 to None, run_after=None
[2024-05-05T13:47:15.760+0000] {logging_mixin.py:188} INFO - [2024-05-05T13:47:15.760+0000] {dag.py:3823} INFO - Setting next_dagrun for example_subdag_operator.section-2 to None, run_after=None
[2024-05-05T13:47:15.766+0000] {logging_mixin.py:188} INFO - [2024-05-05T13:47:15.766+0000] {dag.py:3036} INFO - Sync 2 DAGs
[2024-05-05T13:47:15.773+0000] {logging_mixin.py:188} INFO - [2024-05-05T13:47:15.773+0000] {dag.py:3823} INFO - Setting next_dagrun for example_subdag_operator.section-1 to None, run_after=None
[2024-05-05T13:47:15.773+0000] {logging_mixin.py:188} INFO - [2024-05-05T13:47:15.773+0000] {dag.py:3823} INFO - Setting next_dagrun for example_subdag_operator.section-2 to None, run_after=None
[2024-05-05T13:47:15.785+0000] {processor.py:183} INFO - Processing /home/airflow/.local/lib/python3.8/site-packages/airflow/example_dags/example_subdag_operator.py took 0.099 seconds
[2024-05-05T13:47:46.269+0000] {processor.py:161} INFO - Started process (PID=94259) to work on /home/airflow/.local/lib/python3.8/site-packages/airflow/example_dags/example_subdag_operator.py
[2024-05-05T13:47:46.270+0000] {processor.py:830} INFO - Processing file /home/airflow/.local/lib/python3.8/site-packages/airflow/example_dags/example_subdag_operator.py for tasks to queue
[2024-05-05T13:47:46.271+0000] {logging_mixin.py:188} INFO - [2024-05-05T13:47:46.270+0000] {dagbag.py:538} INFO - Filling up the DagBag from /home/airflow/.local/lib/python3.8/site-packages/airflow/example_dags/example_subdag_operator.py
[2024-05-05T13:47:46.307+0000] {processor.py:840} INFO - DAG(s) 'example_subdag_operator.section-1', 'example_subdag_operator.section-2', 'example_subdag_operator' retrieved from /home/airflow/.local/lib/python3.8/site-packages/airflow/example_dags/example_subdag_operator.py
[2024-05-05T13:47:46.490+0000] {logging_mixin.py:188} INFO - [2024-05-05T13:47:46.489+0000] {dag.py:3036} INFO - Sync 3 DAGs
[2024-05-05T13:47:46.506+0000] {logging_mixin.py:188} INFO - [2024-05-05T13:47:46.506+0000] {dag.py:3823} INFO - Setting next_dagrun for example_subdag_operator to 2022-01-01 00:00:00+00:00, run_after=2022-01-01 00:00:00+00:00
[2024-05-05T13:47:46.510+0000] {logging_mixin.py:188} INFO - [2024-05-05T13:47:46.510+0000] {dag.py:3823} INFO - Setting next_dagrun for example_subdag_operator.section-1 to None, run_after=None
[2024-05-05T13:47:46.512+0000] {logging_mixin.py:188} INFO - [2024-05-05T13:47:46.511+0000] {dag.py:3823} INFO - Setting next_dagrun for example_subdag_operator.section-2 to None, run_after=None
[2024-05-05T13:47:46.518+0000] {logging_mixin.py:188} INFO - [2024-05-05T13:47:46.518+0000] {dag.py:3036} INFO - Sync 2 DAGs
[2024-05-05T13:47:46.523+0000] {logging_mixin.py:188} INFO - [2024-05-05T13:47:46.523+0000] {dag.py:3823} INFO - Setting next_dagrun for example_subdag_operator.section-1 to None, run_after=None
[2024-05-05T13:47:46.524+0000] {logging_mixin.py:188} INFO - [2024-05-05T13:47:46.524+0000] {dag.py:3823} INFO - Setting next_dagrun for example_subdag_operator.section-2 to None, run_after=None
[2024-05-05T13:47:46.536+0000] {processor.py:183} INFO - Processing /home/airflow/.local/lib/python3.8/site-packages/airflow/example_dags/example_subdag_operator.py took 0.270 seconds
[2024-05-05T13:48:16.642+0000] {processor.py:161} INFO - Started process (PID=94325) to work on /home/airflow/.local/lib/python3.8/site-packages/airflow/example_dags/example_subdag_operator.py
[2024-05-05T13:48:16.644+0000] {processor.py:830} INFO - Processing file /home/airflow/.local/lib/python3.8/site-packages/airflow/example_dags/example_subdag_operator.py for tasks to queue
[2024-05-05T13:48:16.644+0000] {logging_mixin.py:188} INFO - [2024-05-05T13:48:16.644+0000] {dagbag.py:538} INFO - Filling up the DagBag from /home/airflow/.local/lib/python3.8/site-packages/airflow/example_dags/example_subdag_operator.py
[2024-05-05T13:48:16.697+0000] {processor.py:840} INFO - DAG(s) 'example_subdag_operator.section-1', 'example_subdag_operator.section-2', 'example_subdag_operator' retrieved from /home/airflow/.local/lib/python3.8/site-packages/airflow/example_dags/example_subdag_operator.py
[2024-05-05T13:48:16.755+0000] {logging_mixin.py:188} INFO - [2024-05-05T13:48:16.754+0000] {dag.py:3036} INFO - Sync 3 DAGs
[2024-05-05T13:48:17.023+0000] {logging_mixin.py:188} INFO - [2024-05-05T13:48:17.022+0000] {dag.py:3823} INFO - Setting next_dagrun for example_subdag_operator to 2022-01-01 00:00:00+00:00, run_after=2022-01-01 00:00:00+00:00
[2024-05-05T13:48:17.041+0000] {logging_mixin.py:188} INFO - [2024-05-05T13:48:17.040+0000] {dag.py:3823} INFO - Setting next_dagrun for example_subdag_operator.section-1 to None, run_after=None
[2024-05-05T13:48:17.045+0000] {logging_mixin.py:188} INFO - [2024-05-05T13:48:17.045+0000] {dag.py:3823} INFO - Setting next_dagrun for example_subdag_operator.section-2 to None, run_after=None
[2024-05-05T13:48:17.075+0000] {logging_mixin.py:188} INFO - [2024-05-05T13:48:17.074+0000] {dag.py:3036} INFO - Sync 2 DAGs
[2024-05-05T13:48:17.085+0000] {logging_mixin.py:188} INFO - [2024-05-05T13:48:17.085+0000] {dag.py:3823} INFO - Setting next_dagrun for example_subdag_operator.section-1 to None, run_after=None
[2024-05-05T13:48:17.087+0000] {logging_mixin.py:188} INFO - [2024-05-05T13:48:17.086+0000] {dag.py:3823} INFO - Setting next_dagrun for example_subdag_operator.section-2 to None, run_after=None
[2024-05-05T13:48:17.115+0000] {processor.py:183} INFO - Processing /home/airflow/.local/lib/python3.8/site-packages/airflow/example_dags/example_subdag_operator.py took 0.475 seconds
[2024-05-05T13:48:48.132+0000] {processor.py:161} INFO - Started process (PID=94401) to work on /home/airflow/.local/lib/python3.8/site-packages/airflow/example_dags/example_subdag_operator.py
[2024-05-05T13:48:48.133+0000] {processor.py:830} INFO - Processing file /home/airflow/.local/lib/python3.8/site-packages/airflow/example_dags/example_subdag_operator.py for tasks to queue
[2024-05-05T13:48:48.134+0000] {logging_mixin.py:188} INFO - [2024-05-05T13:48:48.134+0000] {dagbag.py:538} INFO - Filling up the DagBag from /home/airflow/.local/lib/python3.8/site-packages/airflow/example_dags/example_subdag_operator.py
[2024-05-05T13:48:48.171+0000] {processor.py:840} INFO - DAG(s) 'example_subdag_operator.section-1', 'example_subdag_operator.section-2', 'example_subdag_operator' retrieved from /home/airflow/.local/lib/python3.8/site-packages/airflow/example_dags/example_subdag_operator.py
[2024-05-05T13:48:48.192+0000] {logging_mixin.py:188} INFO - [2024-05-05T13:48:48.192+0000] {dag.py:3036} INFO - Sync 3 DAGs
[2024-05-05T13:48:48.234+0000] {logging_mixin.py:188} INFO - [2024-05-05T13:48:48.229+0000] {dag.py:3823} INFO - Setting next_dagrun for example_subdag_operator to 2022-01-01 00:00:00+00:00, run_after=2022-01-01 00:00:00+00:00
[2024-05-05T13:48:48.240+0000] {logging_mixin.py:188} INFO - [2024-05-05T13:48:48.240+0000] {dag.py:3823} INFO - Setting next_dagrun for example_subdag_operator.section-1 to None, run_after=None
[2024-05-05T13:48:48.242+0000] {logging_mixin.py:188} INFO - [2024-05-05T13:48:48.241+0000] {dag.py:3823} INFO - Setting next_dagrun for example_subdag_operator.section-2 to None, run_after=None
[2024-05-05T13:48:48.248+0000] {logging_mixin.py:188} INFO - [2024-05-05T13:48:48.247+0000] {dag.py:3036} INFO - Sync 2 DAGs
[2024-05-05T13:48:48.255+0000] {logging_mixin.py:188} INFO - [2024-05-05T13:48:48.255+0000] {dag.py:3823} INFO - Setting next_dagrun for example_subdag_operator.section-1 to None, run_after=None
[2024-05-05T13:48:48.256+0000] {logging_mixin.py:188} INFO - [2024-05-05T13:48:48.256+0000] {dag.py:3823} INFO - Setting next_dagrun for example_subdag_operator.section-2 to None, run_after=None
[2024-05-05T13:48:48.267+0000] {processor.py:183} INFO - Processing /home/airflow/.local/lib/python3.8/site-packages/airflow/example_dags/example_subdag_operator.py took 0.138 seconds
[2024-05-05T13:49:19.719+0000] {processor.py:161} INFO - Started process (PID=94468) to work on /home/airflow/.local/lib/python3.8/site-packages/airflow/example_dags/example_subdag_operator.py
[2024-05-05T13:49:19.720+0000] {processor.py:830} INFO - Processing file /home/airflow/.local/lib/python3.8/site-packages/airflow/example_dags/example_subdag_operator.py for tasks to queue
[2024-05-05T13:49:19.722+0000] {logging_mixin.py:188} INFO - [2024-05-05T13:49:19.721+0000] {dagbag.py:538} INFO - Filling up the DagBag from /home/airflow/.local/lib/python3.8/site-packages/airflow/example_dags/example_subdag_operator.py
[2024-05-05T13:49:19.773+0000] {processor.py:840} INFO - DAG(s) 'example_subdag_operator.section-1', 'example_subdag_operator.section-2', 'example_subdag_operator' retrieved from /home/airflow/.local/lib/python3.8/site-packages/airflow/example_dags/example_subdag_operator.py
[2024-05-05T13:49:19.812+0000] {logging_mixin.py:188} INFO - [2024-05-05T13:49:19.812+0000] {dag.py:3036} INFO - Sync 3 DAGs
[2024-05-05T13:49:19.860+0000] {logging_mixin.py:188} INFO - [2024-05-05T13:49:19.860+0000] {dag.py:3823} INFO - Setting next_dagrun for example_subdag_operator to 2022-01-01 00:00:00+00:00, run_after=2022-01-01 00:00:00+00:00
[2024-05-05T13:49:19.864+0000] {logging_mixin.py:188} INFO - [2024-05-05T13:49:19.864+0000] {dag.py:3823} INFO - Setting next_dagrun for example_subdag_operator.section-1 to None, run_after=None
[2024-05-05T13:49:19.866+0000] {logging_mixin.py:188} INFO - [2024-05-05T13:49:19.866+0000] {dag.py:3823} INFO - Setting next_dagrun for example_subdag_operator.section-2 to None, run_after=None
[2024-05-05T13:49:19.877+0000] {logging_mixin.py:188} INFO - [2024-05-05T13:49:19.876+0000] {dag.py:3036} INFO - Sync 2 DAGs
[2024-05-05T13:49:19.891+0000] {logging_mixin.py:188} INFO - [2024-05-05T13:49:19.891+0000] {dag.py:3823} INFO - Setting next_dagrun for example_subdag_operator.section-1 to None, run_after=None
[2024-05-05T13:49:19.892+0000] {logging_mixin.py:188} INFO - [2024-05-05T13:49:19.892+0000] {dag.py:3823} INFO - Setting next_dagrun for example_subdag_operator.section-2 to None, run_after=None
[2024-05-05T13:49:19.910+0000] {processor.py:183} INFO - Processing /home/airflow/.local/lib/python3.8/site-packages/airflow/example_dags/example_subdag_operator.py took 0.193 seconds
[2024-05-05T13:49:50.644+0000] {processor.py:161} INFO - Started process (PID=94536) to work on /home/airflow/.local/lib/python3.8/site-packages/airflow/example_dags/example_subdag_operator.py
[2024-05-05T13:49:50.645+0000] {processor.py:830} INFO - Processing file /home/airflow/.local/lib/python3.8/site-packages/airflow/example_dags/example_subdag_operator.py for tasks to queue
[2024-05-05T13:49:50.646+0000] {logging_mixin.py:188} INFO - [2024-05-05T13:49:50.646+0000] {dagbag.py:538} INFO - Filling up the DagBag from /home/airflow/.local/lib/python3.8/site-packages/airflow/example_dags/example_subdag_operator.py
[2024-05-05T13:49:50.671+0000] {processor.py:840} INFO - DAG(s) 'example_subdag_operator.section-1', 'example_subdag_operator.section-2', 'example_subdag_operator' retrieved from /home/airflow/.local/lib/python3.8/site-packages/airflow/example_dags/example_subdag_operator.py
[2024-05-05T13:49:50.689+0000] {logging_mixin.py:188} INFO - [2024-05-05T13:49:50.688+0000] {dag.py:3036} INFO - Sync 3 DAGs
[2024-05-05T13:49:50.720+0000] {logging_mixin.py:188} INFO - [2024-05-05T13:49:50.720+0000] {dag.py:3823} INFO - Setting next_dagrun for example_subdag_operator to 2022-01-01 00:00:00+00:00, run_after=2022-01-01 00:00:00+00:00
[2024-05-05T13:49:50.726+0000] {logging_mixin.py:188} INFO - [2024-05-05T13:49:50.725+0000] {dag.py:3823} INFO - Setting next_dagrun for example_subdag_operator.section-1 to None, run_after=None
[2024-05-05T13:49:50.727+0000] {logging_mixin.py:188} INFO - [2024-05-05T13:49:50.727+0000] {dag.py:3823} INFO - Setting next_dagrun for example_subdag_operator.section-2 to None, run_after=None
[2024-05-05T13:49:50.737+0000] {logging_mixin.py:188} INFO - [2024-05-05T13:49:50.736+0000] {dag.py:3036} INFO - Sync 2 DAGs
[2024-05-05T13:49:50.750+0000] {logging_mixin.py:188} INFO - [2024-05-05T13:49:50.749+0000] {dag.py:3823} INFO - Setting next_dagrun for example_subdag_operator.section-1 to None, run_after=None
[2024-05-05T13:49:50.750+0000] {logging_mixin.py:188} INFO - [2024-05-05T13:49:50.750+0000] {dag.py:3823} INFO - Setting next_dagrun for example_subdag_operator.section-2 to None, run_after=None
[2024-05-05T13:49:50.766+0000] {processor.py:183} INFO - Processing /home/airflow/.local/lib/python3.8/site-packages/airflow/example_dags/example_subdag_operator.py took 0.124 seconds
[2024-05-05T13:50:21.128+0000] {processor.py:161} INFO - Started process (PID=94611) to work on /home/airflow/.local/lib/python3.8/site-packages/airflow/example_dags/example_subdag_operator.py
[2024-05-05T13:50:21.129+0000] {processor.py:830} INFO - Processing file /home/airflow/.local/lib/python3.8/site-packages/airflow/example_dags/example_subdag_operator.py for tasks to queue
[2024-05-05T13:50:21.130+0000] {logging_mixin.py:188} INFO - [2024-05-05T13:50:21.130+0000] {dagbag.py:538} INFO - Filling up the DagBag from /home/airflow/.local/lib/python3.8/site-packages/airflow/example_dags/example_subdag_operator.py
[2024-05-05T13:50:21.168+0000] {processor.py:840} INFO - DAG(s) 'example_subdag_operator.section-1', 'example_subdag_operator.section-2', 'example_subdag_operator' retrieved from /home/airflow/.local/lib/python3.8/site-packages/airflow/example_dags/example_subdag_operator.py
[2024-05-05T13:50:21.202+0000] {logging_mixin.py:188} INFO - [2024-05-05T13:50:21.201+0000] {dag.py:3036} INFO - Sync 3 DAGs
[2024-05-05T13:50:21.242+0000] {logging_mixin.py:188} INFO - [2024-05-05T13:50:21.242+0000] {dag.py:3823} INFO - Setting next_dagrun for example_subdag_operator to 2022-01-01 00:00:00+00:00, run_after=2022-01-01 00:00:00+00:00
[2024-05-05T13:50:21.252+0000] {logging_mixin.py:188} INFO - [2024-05-05T13:50:21.252+0000] {dag.py:3823} INFO - Setting next_dagrun for example_subdag_operator.section-1 to None, run_after=None
[2024-05-05T13:50:21.259+0000] {logging_mixin.py:188} INFO - [2024-05-05T13:50:21.259+0000] {dag.py:3823} INFO - Setting next_dagrun for example_subdag_operator.section-2 to None, run_after=None
[2024-05-05T13:50:21.275+0000] {logging_mixin.py:188} INFO - [2024-05-05T13:50:21.275+0000] {dag.py:3036} INFO - Sync 2 DAGs
[2024-05-05T13:50:21.285+0000] {logging_mixin.py:188} INFO - [2024-05-05T13:50:21.285+0000] {dag.py:3823} INFO - Setting next_dagrun for example_subdag_operator.section-1 to None, run_after=None
[2024-05-05T13:50:21.286+0000] {logging_mixin.py:188} INFO - [2024-05-05T13:50:21.286+0000] {dag.py:3823} INFO - Setting next_dagrun for example_subdag_operator.section-2 to None, run_after=None
[2024-05-05T13:50:21.314+0000] {processor.py:183} INFO - Processing /home/airflow/.local/lib/python3.8/site-packages/airflow/example_dags/example_subdag_operator.py took 0.191 seconds
[2024-05-05T13:50:51.406+0000] {processor.py:161} INFO - Started process (PID=94679) to work on /home/airflow/.local/lib/python3.8/site-packages/airflow/example_dags/example_subdag_operator.py
[2024-05-05T13:50:51.407+0000] {processor.py:830} INFO - Processing file /home/airflow/.local/lib/python3.8/site-packages/airflow/example_dags/example_subdag_operator.py for tasks to queue
[2024-05-05T13:50:51.408+0000] {logging_mixin.py:188} INFO - [2024-05-05T13:50:51.408+0000] {dagbag.py:538} INFO - Filling up the DagBag from /home/airflow/.local/lib/python3.8/site-packages/airflow/example_dags/example_subdag_operator.py
[2024-05-05T13:50:51.431+0000] {processor.py:840} INFO - DAG(s) 'example_subdag_operator.section-1', 'example_subdag_operator.section-2', 'example_subdag_operator' retrieved from /home/airflow/.local/lib/python3.8/site-packages/airflow/example_dags/example_subdag_operator.py
[2024-05-05T13:50:51.446+0000] {logging_mixin.py:188} INFO - [2024-05-05T13:50:51.445+0000] {dag.py:3036} INFO - Sync 3 DAGs
[2024-05-05T13:50:51.465+0000] {logging_mixin.py:188} INFO - [2024-05-05T13:50:51.464+0000] {dag.py:3823} INFO - Setting next_dagrun for example_subdag_operator to 2022-01-01 00:00:00+00:00, run_after=2022-01-01 00:00:00+00:00
[2024-05-05T13:50:51.468+0000] {logging_mixin.py:188} INFO - [2024-05-05T13:50:51.467+0000] {dag.py:3823} INFO - Setting next_dagrun for example_subdag_operator.section-1 to None, run_after=None
[2024-05-05T13:50:51.469+0000] {logging_mixin.py:188} INFO - [2024-05-05T13:50:51.469+0000] {dag.py:3823} INFO - Setting next_dagrun for example_subdag_operator.section-2 to None, run_after=None
[2024-05-05T13:50:51.475+0000] {logging_mixin.py:188} INFO - [2024-05-05T13:50:51.474+0000] {dag.py:3036} INFO - Sync 2 DAGs
[2024-05-05T13:50:51.479+0000] {logging_mixin.py:188} INFO - [2024-05-05T13:50:51.479+0000] {dag.py:3823} INFO - Setting next_dagrun for example_subdag_operator.section-1 to None, run_after=None
[2024-05-05T13:50:51.480+0000] {logging_mixin.py:188} INFO - [2024-05-05T13:50:51.479+0000] {dag.py:3823} INFO - Setting next_dagrun for example_subdag_operator.section-2 to None, run_after=None
[2024-05-05T13:50:51.489+0000] {processor.py:183} INFO - Processing /home/airflow/.local/lib/python3.8/site-packages/airflow/example_dags/example_subdag_operator.py took 0.086 seconds
[2024-05-05T13:51:22.124+0000] {processor.py:161} INFO - Started process (PID=94753) to work on /home/airflow/.local/lib/python3.8/site-packages/airflow/example_dags/example_subdag_operator.py
[2024-05-05T13:51:22.136+0000] {processor.py:830} INFO - Processing file /home/airflow/.local/lib/python3.8/site-packages/airflow/example_dags/example_subdag_operator.py for tasks to queue
[2024-05-05T13:51:22.138+0000] {logging_mixin.py:188} INFO - [2024-05-05T13:51:22.137+0000] {dagbag.py:538} INFO - Filling up the DagBag from /home/airflow/.local/lib/python3.8/site-packages/airflow/example_dags/example_subdag_operator.py
[2024-05-05T13:51:22.199+0000] {processor.py:840} INFO - DAG(s) 'example_subdag_operator.section-1', 'example_subdag_operator.section-2', 'example_subdag_operator' retrieved from /home/airflow/.local/lib/python3.8/site-packages/airflow/example_dags/example_subdag_operator.py
[2024-05-05T13:51:22.252+0000] {logging_mixin.py:188} INFO - [2024-05-05T13:51:22.251+0000] {dag.py:3036} INFO - Sync 3 DAGs
[2024-05-05T13:51:22.283+0000] {logging_mixin.py:188} INFO - [2024-05-05T13:51:22.283+0000] {dag.py:3823} INFO - Setting next_dagrun for example_subdag_operator to 2022-01-01 00:00:00+00:00, run_after=2022-01-01 00:00:00+00:00
[2024-05-05T13:51:22.289+0000] {logging_mixin.py:188} INFO - [2024-05-05T13:51:22.288+0000] {dag.py:3823} INFO - Setting next_dagrun for example_subdag_operator.section-1 to None, run_after=None
[2024-05-05T13:51:22.292+0000] {logging_mixin.py:188} INFO - [2024-05-05T13:51:22.291+0000] {dag.py:3823} INFO - Setting next_dagrun for example_subdag_operator.section-2 to None, run_after=None
[2024-05-05T13:51:22.302+0000] {logging_mixin.py:188} INFO - [2024-05-05T13:51:22.302+0000] {dag.py:3036} INFO - Sync 2 DAGs
[2024-05-05T13:51:22.310+0000] {logging_mixin.py:188} INFO - [2024-05-05T13:51:22.309+0000] {dag.py:3823} INFO - Setting next_dagrun for example_subdag_operator.section-1 to None, run_after=None
[2024-05-05T13:51:22.311+0000] {logging_mixin.py:188} INFO - [2024-05-05T13:51:22.310+0000] {dag.py:3823} INFO - Setting next_dagrun for example_subdag_operator.section-2 to None, run_after=None
[2024-05-05T13:51:22.334+0000] {processor.py:183} INFO - Processing /home/airflow/.local/lib/python3.8/site-packages/airflow/example_dags/example_subdag_operator.py took 0.216 seconds
[2024-05-05T13:51:53.101+0000] {processor.py:161} INFO - Started process (PID=94819) to work on /home/airflow/.local/lib/python3.8/site-packages/airflow/example_dags/example_subdag_operator.py
[2024-05-05T13:51:53.102+0000] {processor.py:830} INFO - Processing file /home/airflow/.local/lib/python3.8/site-packages/airflow/example_dags/example_subdag_operator.py for tasks to queue
[2024-05-05T13:51:53.104+0000] {logging_mixin.py:188} INFO - [2024-05-05T13:51:53.103+0000] {dagbag.py:538} INFO - Filling up the DagBag from /home/airflow/.local/lib/python3.8/site-packages/airflow/example_dags/example_subdag_operator.py
[2024-05-05T13:51:53.125+0000] {processor.py:840} INFO - DAG(s) 'example_subdag_operator.section-1', 'example_subdag_operator.section-2', 'example_subdag_operator' retrieved from /home/airflow/.local/lib/python3.8/site-packages/airflow/example_dags/example_subdag_operator.py
[2024-05-05T13:51:53.145+0000] {logging_mixin.py:188} INFO - [2024-05-05T13:51:53.145+0000] {dag.py:3036} INFO - Sync 3 DAGs
[2024-05-05T13:51:53.167+0000] {logging_mixin.py:188} INFO - [2024-05-05T13:51:53.166+0000] {dag.py:3823} INFO - Setting next_dagrun for example_subdag_operator to 2022-01-01 00:00:00+00:00, run_after=2022-01-01 00:00:00+00:00
[2024-05-05T13:51:53.171+0000] {logging_mixin.py:188} INFO - [2024-05-05T13:51:53.170+0000] {dag.py:3823} INFO - Setting next_dagrun for example_subdag_operator.section-1 to None, run_after=None
[2024-05-05T13:51:53.172+0000] {logging_mixin.py:188} INFO - [2024-05-05T13:51:53.172+0000] {dag.py:3823} INFO - Setting next_dagrun for example_subdag_operator.section-2 to None, run_after=None
[2024-05-05T13:51:53.179+0000] {logging_mixin.py:188} INFO - [2024-05-05T13:51:53.179+0000] {dag.py:3036} INFO - Sync 2 DAGs
[2024-05-05T13:51:53.184+0000] {logging_mixin.py:188} INFO - [2024-05-05T13:51:53.184+0000] {dag.py:3823} INFO - Setting next_dagrun for example_subdag_operator.section-1 to None, run_after=None
[2024-05-05T13:51:53.185+0000] {logging_mixin.py:188} INFO - [2024-05-05T13:51:53.184+0000] {dag.py:3823} INFO - Setting next_dagrun for example_subdag_operator.section-2 to None, run_after=None
[2024-05-05T13:51:53.195+0000] {processor.py:183} INFO - Processing /home/airflow/.local/lib/python3.8/site-packages/airflow/example_dags/example_subdag_operator.py took 0.096 seconds
[2024-05-05T13:52:23.817+0000] {processor.py:161} INFO - Started process (PID=94886) to work on /home/airflow/.local/lib/python3.8/site-packages/airflow/example_dags/example_subdag_operator.py
[2024-05-05T13:52:23.818+0000] {processor.py:830} INFO - Processing file /home/airflow/.local/lib/python3.8/site-packages/airflow/example_dags/example_subdag_operator.py for tasks to queue
[2024-05-05T13:52:23.819+0000] {logging_mixin.py:188} INFO - [2024-05-05T13:52:23.819+0000] {dagbag.py:538} INFO - Filling up the DagBag from /home/airflow/.local/lib/python3.8/site-packages/airflow/example_dags/example_subdag_operator.py
[2024-05-05T13:52:23.844+0000] {processor.py:840} INFO - DAG(s) 'example_subdag_operator.section-1', 'example_subdag_operator.section-2', 'example_subdag_operator' retrieved from /home/airflow/.local/lib/python3.8/site-packages/airflow/example_dags/example_subdag_operator.py
[2024-05-05T13:52:23.863+0000] {logging_mixin.py:188} INFO - [2024-05-05T13:52:23.863+0000] {dag.py:3036} INFO - Sync 3 DAGs
[2024-05-05T13:52:23.889+0000] {logging_mixin.py:188} INFO - [2024-05-05T13:52:23.889+0000] {dag.py:3823} INFO - Setting next_dagrun for example_subdag_operator to 2022-01-01 00:00:00+00:00, run_after=2022-01-01 00:00:00+00:00
[2024-05-05T13:52:23.895+0000] {logging_mixin.py:188} INFO - [2024-05-05T13:52:23.895+0000] {dag.py:3823} INFO - Setting next_dagrun for example_subdag_operator.section-1 to None, run_after=None
[2024-05-05T13:52:23.898+0000] {logging_mixin.py:188} INFO - [2024-05-05T13:52:23.897+0000] {dag.py:3823} INFO - Setting next_dagrun for example_subdag_operator.section-2 to None, run_after=None
[2024-05-05T13:52:23.917+0000] {logging_mixin.py:188} INFO - [2024-05-05T13:52:23.917+0000] {dag.py:3036} INFO - Sync 2 DAGs
[2024-05-05T13:52:23.925+0000] {logging_mixin.py:188} INFO - [2024-05-05T13:52:23.925+0000] {dag.py:3823} INFO - Setting next_dagrun for example_subdag_operator.section-1 to None, run_after=None
[2024-05-05T13:52:23.926+0000] {logging_mixin.py:188} INFO - [2024-05-05T13:52:23.926+0000] {dag.py:3823} INFO - Setting next_dagrun for example_subdag_operator.section-2 to None, run_after=None
[2024-05-05T13:52:23.940+0000] {processor.py:183} INFO - Processing /home/airflow/.local/lib/python3.8/site-packages/airflow/example_dags/example_subdag_operator.py took 0.126 seconds
