[2024-05-05T13:46:27.060+0000] {processor.py:161} INFO - Started process (PID=94075) to work on /home/airflow/.local/lib/python3.8/site-packages/airflow/example_dags/example_setup_teardown_taskflow.py
[2024-05-05T13:46:27.061+0000] {processor.py:830} INFO - Processing file /home/airflow/.local/lib/python3.8/site-packages/airflow/example_dags/example_setup_teardown_taskflow.py for tasks to queue
[2024-05-05T13:46:27.062+0000] {logging_mixin.py:188} INFO - [2024-05-05T13:46:27.062+0000] {dagbag.py:538} INFO - Filling up the DagBag from /home/airflow/.local/lib/python3.8/site-packages/airflow/example_dags/example_setup_teardown_taskflow.py
[2024-05-05T13:46:27.073+0000] {processor.py:840} INFO - DAG(s) 'example_setup_teardown_taskflow' retrieved from /home/airflow/.local/lib/python3.8/site-packages/airflow/example_dags/example_setup_teardown_taskflow.py
[2024-05-05T13:46:27.094+0000] {logging_mixin.py:188} INFO - [2024-05-05T13:46:27.094+0000] {dag.py:3036} INFO - Sync 1 DAGs
[2024-05-05T13:46:27.122+0000] {logging_mixin.py:188} INFO - [2024-05-05T13:46:27.122+0000] {dag.py:3823} INFO - Setting next_dagrun for example_setup_teardown_taskflow to 2024-05-04 00:00:00+00:00, run_after=2024-05-05 00:00:00+00:00
[2024-05-05T13:46:27.160+0000] {processor.py:183} INFO - Processing /home/airflow/.local/lib/python3.8/site-packages/airflow/example_dags/example_setup_teardown_taskflow.py took 0.102 seconds
[2024-05-05T13:46:57.429+0000] {processor.py:161} INFO - Started process (PID=94150) to work on /home/airflow/.local/lib/python3.8/site-packages/airflow/example_dags/example_setup_teardown_taskflow.py
[2024-05-05T13:46:57.430+0000] {processor.py:830} INFO - Processing file /home/airflow/.local/lib/python3.8/site-packages/airflow/example_dags/example_setup_teardown_taskflow.py for tasks to queue
[2024-05-05T13:46:57.431+0000] {logging_mixin.py:188} INFO - [2024-05-05T13:46:57.431+0000] {dagbag.py:538} INFO - Filling up the DagBag from /home/airflow/.local/lib/python3.8/site-packages/airflow/example_dags/example_setup_teardown_taskflow.py
[2024-05-05T13:46:57.440+0000] {processor.py:840} INFO - DAG(s) 'example_setup_teardown_taskflow' retrieved from /home/airflow/.local/lib/python3.8/site-packages/airflow/example_dags/example_setup_teardown_taskflow.py
[2024-05-05T13:46:57.465+0000] {logging_mixin.py:188} INFO - [2024-05-05T13:46:57.464+0000] {dag.py:3036} INFO - Sync 1 DAGs
[2024-05-05T13:46:57.622+0000] {logging_mixin.py:188} INFO - [2024-05-05T13:46:57.621+0000] {dag.py:3823} INFO - Setting next_dagrun for example_setup_teardown_taskflow to 2024-05-04 00:00:00+00:00, run_after=2024-05-05 00:00:00+00:00
[2024-05-05T13:46:57.640+0000] {processor.py:183} INFO - Processing /home/airflow/.local/lib/python3.8/site-packages/airflow/example_dags/example_setup_teardown_taskflow.py took 0.213 seconds
[2024-05-05T13:47:27.956+0000] {processor.py:161} INFO - Started process (PID=94216) to work on /home/airflow/.local/lib/python3.8/site-packages/airflow/example_dags/example_setup_teardown_taskflow.py
[2024-05-05T13:47:27.958+0000] {processor.py:830} INFO - Processing file /home/airflow/.local/lib/python3.8/site-packages/airflow/example_dags/example_setup_teardown_taskflow.py for tasks to queue
[2024-05-05T13:47:27.959+0000] {logging_mixin.py:188} INFO - [2024-05-05T13:47:27.959+0000] {dagbag.py:538} INFO - Filling up the DagBag from /home/airflow/.local/lib/python3.8/site-packages/airflow/example_dags/example_setup_teardown_taskflow.py
[2024-05-05T13:47:27.973+0000] {processor.py:840} INFO - DAG(s) 'example_setup_teardown_taskflow' retrieved from /home/airflow/.local/lib/python3.8/site-packages/airflow/example_dags/example_setup_teardown_taskflow.py
[2024-05-05T13:47:27.993+0000] {logging_mixin.py:188} INFO - [2024-05-05T13:47:27.992+0000] {dag.py:3036} INFO - Sync 1 DAGs
[2024-05-05T13:47:28.014+0000] {logging_mixin.py:188} INFO - [2024-05-05T13:47:28.014+0000] {dag.py:3823} INFO - Setting next_dagrun for example_setup_teardown_taskflow to 2024-05-04 00:00:00+00:00, run_after=2024-05-05 00:00:00+00:00
[2024-05-05T13:47:28.165+0000] {processor.py:183} INFO - Processing /home/airflow/.local/lib/python3.8/site-packages/airflow/example_dags/example_setup_teardown_taskflow.py took 0.212 seconds
[2024-05-05T13:47:58.441+0000] {processor.py:161} INFO - Started process (PID=94290) to work on /home/airflow/.local/lib/python3.8/site-packages/airflow/example_dags/example_setup_teardown_taskflow.py
[2024-05-05T13:47:58.449+0000] {processor.py:830} INFO - Processing file /home/airflow/.local/lib/python3.8/site-packages/airflow/example_dags/example_setup_teardown_taskflow.py for tasks to queue
[2024-05-05T13:47:58.450+0000] {logging_mixin.py:188} INFO - [2024-05-05T13:47:58.450+0000] {dagbag.py:538} INFO - Filling up the DagBag from /home/airflow/.local/lib/python3.8/site-packages/airflow/example_dags/example_setup_teardown_taskflow.py
[2024-05-05T13:47:58.460+0000] {processor.py:840} INFO - DAG(s) 'example_setup_teardown_taskflow' retrieved from /home/airflow/.local/lib/python3.8/site-packages/airflow/example_dags/example_setup_teardown_taskflow.py
[2024-05-05T13:47:58.508+0000] {logging_mixin.py:188} INFO - [2024-05-05T13:47:58.508+0000] {dag.py:3036} INFO - Sync 1 DAGs
[2024-05-05T13:47:58.554+0000] {logging_mixin.py:188} INFO - [2024-05-05T13:47:58.554+0000] {dag.py:3823} INFO - Setting next_dagrun for example_setup_teardown_taskflow to 2024-05-04 00:00:00+00:00, run_after=2024-05-05 00:00:00+00:00
[2024-05-05T13:47:58.587+0000] {processor.py:183} INFO - Processing /home/airflow/.local/lib/python3.8/site-packages/airflow/example_dags/example_setup_teardown_taskflow.py took 0.149 seconds
[2024-05-05T13:48:29.334+0000] {processor.py:161} INFO - Started process (PID=94356) to work on /home/airflow/.local/lib/python3.8/site-packages/airflow/example_dags/example_setup_teardown_taskflow.py
[2024-05-05T13:48:29.335+0000] {processor.py:830} INFO - Processing file /home/airflow/.local/lib/python3.8/site-packages/airflow/example_dags/example_setup_teardown_taskflow.py for tasks to queue
[2024-05-05T13:48:29.337+0000] {logging_mixin.py:188} INFO - [2024-05-05T13:48:29.336+0000] {dagbag.py:538} INFO - Filling up the DagBag from /home/airflow/.local/lib/python3.8/site-packages/airflow/example_dags/example_setup_teardown_taskflow.py
[2024-05-05T13:48:29.509+0000] {processor.py:840} INFO - DAG(s) 'example_setup_teardown_taskflow' retrieved from /home/airflow/.local/lib/python3.8/site-packages/airflow/example_dags/example_setup_teardown_taskflow.py
[2024-05-05T13:48:29.529+0000] {logging_mixin.py:188} INFO - [2024-05-05T13:48:29.529+0000] {dag.py:3036} INFO - Sync 1 DAGs
[2024-05-05T13:48:29.556+0000] {logging_mixin.py:188} INFO - [2024-05-05T13:48:29.556+0000] {dag.py:3823} INFO - Setting next_dagrun for example_setup_teardown_taskflow to 2024-05-04 00:00:00+00:00, run_after=2024-05-05 00:00:00+00:00
[2024-05-05T13:48:29.572+0000] {processor.py:183} INFO - Processing /home/airflow/.local/lib/python3.8/site-packages/airflow/example_dags/example_setup_teardown_taskflow.py took 0.241 seconds
[2024-05-05T13:49:00.091+0000] {processor.py:161} INFO - Started process (PID=94423) to work on /home/airflow/.local/lib/python3.8/site-packages/airflow/example_dags/example_setup_teardown_taskflow.py
[2024-05-05T13:49:00.096+0000] {processor.py:830} INFO - Processing file /home/airflow/.local/lib/python3.8/site-packages/airflow/example_dags/example_setup_teardown_taskflow.py for tasks to queue
[2024-05-05T13:49:00.098+0000] {logging_mixin.py:188} INFO - [2024-05-05T13:49:00.098+0000] {dagbag.py:538} INFO - Filling up the DagBag from /home/airflow/.local/lib/python3.8/site-packages/airflow/example_dags/example_setup_teardown_taskflow.py
[2024-05-05T13:49:00.113+0000] {processor.py:840} INFO - DAG(s) 'example_setup_teardown_taskflow' retrieved from /home/airflow/.local/lib/python3.8/site-packages/airflow/example_dags/example_setup_teardown_taskflow.py
[2024-05-05T13:49:00.155+0000] {logging_mixin.py:188} INFO - [2024-05-05T13:49:00.155+0000] {dag.py:3036} INFO - Sync 1 DAGs
[2024-05-05T13:49:00.193+0000] {logging_mixin.py:188} INFO - [2024-05-05T13:49:00.192+0000] {dag.py:3823} INFO - Setting next_dagrun for example_setup_teardown_taskflow to 2024-05-04 00:00:00+00:00, run_after=2024-05-05 00:00:00+00:00
[2024-05-05T13:49:00.229+0000] {processor.py:183} INFO - Processing /home/airflow/.local/lib/python3.8/site-packages/airflow/example_dags/example_setup_teardown_taskflow.py took 0.141 seconds
[2024-05-05T13:49:30.626+0000] {processor.py:161} INFO - Started process (PID=94497) to work on /home/airflow/.local/lib/python3.8/site-packages/airflow/example_dags/example_setup_teardown_taskflow.py
[2024-05-05T13:49:30.627+0000] {processor.py:830} INFO - Processing file /home/airflow/.local/lib/python3.8/site-packages/airflow/example_dags/example_setup_teardown_taskflow.py for tasks to queue
[2024-05-05T13:49:30.629+0000] {logging_mixin.py:188} INFO - [2024-05-05T13:49:30.628+0000] {dagbag.py:538} INFO - Filling up the DagBag from /home/airflow/.local/lib/python3.8/site-packages/airflow/example_dags/example_setup_teardown_taskflow.py
[2024-05-05T13:49:30.640+0000] {processor.py:840} INFO - DAG(s) 'example_setup_teardown_taskflow' retrieved from /home/airflow/.local/lib/python3.8/site-packages/airflow/example_dags/example_setup_teardown_taskflow.py
[2024-05-05T13:49:30.666+0000] {logging_mixin.py:188} INFO - [2024-05-05T13:49:30.666+0000] {dag.py:3036} INFO - Sync 1 DAGs
[2024-05-05T13:49:30.695+0000] {logging_mixin.py:188} INFO - [2024-05-05T13:49:30.695+0000] {dag.py:3823} INFO - Setting next_dagrun for example_setup_teardown_taskflow to 2024-05-04 00:00:00+00:00, run_after=2024-05-05 00:00:00+00:00
[2024-05-05T13:49:30.728+0000] {processor.py:183} INFO - Processing /home/airflow/.local/lib/python3.8/site-packages/airflow/example_dags/example_setup_teardown_taskflow.py took 0.105 seconds
[2024-05-05T13:50:01.457+0000] {processor.py:161} INFO - Started process (PID=94564) to work on /home/airflow/.local/lib/python3.8/site-packages/airflow/example_dags/example_setup_teardown_taskflow.py
[2024-05-05T13:50:01.458+0000] {processor.py:830} INFO - Processing file /home/airflow/.local/lib/python3.8/site-packages/airflow/example_dags/example_setup_teardown_taskflow.py for tasks to queue
[2024-05-05T13:50:01.459+0000] {logging_mixin.py:188} INFO - [2024-05-05T13:50:01.459+0000] {dagbag.py:538} INFO - Filling up the DagBag from /home/airflow/.local/lib/python3.8/site-packages/airflow/example_dags/example_setup_teardown_taskflow.py
[2024-05-05T13:50:01.468+0000] {processor.py:840} INFO - DAG(s) 'example_setup_teardown_taskflow' retrieved from /home/airflow/.local/lib/python3.8/site-packages/airflow/example_dags/example_setup_teardown_taskflow.py
[2024-05-05T13:50:01.490+0000] {logging_mixin.py:188} INFO - [2024-05-05T13:50:01.489+0000] {dag.py:3036} INFO - Sync 1 DAGs
[2024-05-05T13:50:01.512+0000] {logging_mixin.py:188} INFO - [2024-05-05T13:50:01.511+0000] {dag.py:3823} INFO - Setting next_dagrun for example_setup_teardown_taskflow to 2024-05-04 00:00:00+00:00, run_after=2024-05-05 00:00:00+00:00
[2024-05-05T13:50:01.536+0000] {processor.py:183} INFO - Processing /home/airflow/.local/lib/python3.8/site-packages/airflow/example_dags/example_setup_teardown_taskflow.py took 0.082 seconds
[2024-05-05T13:50:31.735+0000] {processor.py:161} INFO - Started process (PID=94639) to work on /home/airflow/.local/lib/python3.8/site-packages/airflow/example_dags/example_setup_teardown_taskflow.py
[2024-05-05T13:50:31.736+0000] {processor.py:830} INFO - Processing file /home/airflow/.local/lib/python3.8/site-packages/airflow/example_dags/example_setup_teardown_taskflow.py for tasks to queue
[2024-05-05T13:50:31.736+0000] {logging_mixin.py:188} INFO - [2024-05-05T13:50:31.736+0000] {dagbag.py:538} INFO - Filling up the DagBag from /home/airflow/.local/lib/python3.8/site-packages/airflow/example_dags/example_setup_teardown_taskflow.py
[2024-05-05T13:50:31.745+0000] {processor.py:840} INFO - DAG(s) 'example_setup_teardown_taskflow' retrieved from /home/airflow/.local/lib/python3.8/site-packages/airflow/example_dags/example_setup_teardown_taskflow.py
[2024-05-05T13:50:31.769+0000] {logging_mixin.py:188} INFO - [2024-05-05T13:50:31.765+0000] {dag.py:3036} INFO - Sync 1 DAGs
[2024-05-05T13:50:31.794+0000] {logging_mixin.py:188} INFO - [2024-05-05T13:50:31.794+0000] {dag.py:3823} INFO - Setting next_dagrun for example_setup_teardown_taskflow to 2024-05-04 00:00:00+00:00, run_after=2024-05-05 00:00:00+00:00
[2024-05-05T13:50:31.812+0000] {processor.py:183} INFO - Processing /home/airflow/.local/lib/python3.8/site-packages/airflow/example_dags/example_setup_teardown_taskflow.py took 0.079 seconds
[2024-05-05T13:51:01.939+0000] {processor.py:161} INFO - Started process (PID=94706) to work on /home/airflow/.local/lib/python3.8/site-packages/airflow/example_dags/example_setup_teardown_taskflow.py
[2024-05-05T13:51:01.940+0000] {processor.py:830} INFO - Processing file /home/airflow/.local/lib/python3.8/site-packages/airflow/example_dags/example_setup_teardown_taskflow.py for tasks to queue
[2024-05-05T13:51:01.942+0000] {logging_mixin.py:188} INFO - [2024-05-05T13:51:01.941+0000] {dagbag.py:538} INFO - Filling up the DagBag from /home/airflow/.local/lib/python3.8/site-packages/airflow/example_dags/example_setup_teardown_taskflow.py
[2024-05-05T13:51:01.955+0000] {processor.py:840} INFO - DAG(s) 'example_setup_teardown_taskflow' retrieved from /home/airflow/.local/lib/python3.8/site-packages/airflow/example_dags/example_setup_teardown_taskflow.py
[2024-05-05T13:51:01.980+0000] {logging_mixin.py:188} INFO - [2024-05-05T13:51:01.980+0000] {dag.py:3036} INFO - Sync 1 DAGs
[2024-05-05T13:51:02.007+0000] {logging_mixin.py:188} INFO - [2024-05-05T13:51:02.007+0000] {dag.py:3823} INFO - Setting next_dagrun for example_setup_teardown_taskflow to 2024-05-04 00:00:00+00:00, run_after=2024-05-05 00:00:00+00:00
[2024-05-05T13:51:02.034+0000] {processor.py:183} INFO - Processing /home/airflow/.local/lib/python3.8/site-packages/airflow/example_dags/example_setup_teardown_taskflow.py took 0.098 seconds
[2024-05-05T13:51:32.392+0000] {processor.py:161} INFO - Started process (PID=94773) to work on /home/airflow/.local/lib/python3.8/site-packages/airflow/example_dags/example_setup_teardown_taskflow.py
[2024-05-05T13:51:32.393+0000] {processor.py:830} INFO - Processing file /home/airflow/.local/lib/python3.8/site-packages/airflow/example_dags/example_setup_teardown_taskflow.py for tasks to queue
[2024-05-05T13:51:32.393+0000] {logging_mixin.py:188} INFO - [2024-05-05T13:51:32.393+0000] {dagbag.py:538} INFO - Filling up the DagBag from /home/airflow/.local/lib/python3.8/site-packages/airflow/example_dags/example_setup_teardown_taskflow.py
[2024-05-05T13:51:32.402+0000] {processor.py:840} INFO - DAG(s) 'example_setup_teardown_taskflow' retrieved from /home/airflow/.local/lib/python3.8/site-packages/airflow/example_dags/example_setup_teardown_taskflow.py
[2024-05-05T13:51:32.421+0000] {logging_mixin.py:188} INFO - [2024-05-05T13:51:32.421+0000] {dag.py:3036} INFO - Sync 1 DAGs
[2024-05-05T13:51:32.440+0000] {logging_mixin.py:188} INFO - [2024-05-05T13:51:32.440+0000] {dag.py:3823} INFO - Setting next_dagrun for example_setup_teardown_taskflow to 2024-05-04 00:00:00+00:00, run_after=2024-05-05 00:00:00+00:00
[2024-05-05T13:51:32.460+0000] {processor.py:183} INFO - Processing /home/airflow/.local/lib/python3.8/site-packages/airflow/example_dags/example_setup_teardown_taskflow.py took 0.071 seconds
[2024-05-05T13:52:02.664+0000] {processor.py:161} INFO - Started process (PID=94847) to work on /home/airflow/.local/lib/python3.8/site-packages/airflow/example_dags/example_setup_teardown_taskflow.py
[2024-05-05T13:52:02.676+0000] {processor.py:830} INFO - Processing file /home/airflow/.local/lib/python3.8/site-packages/airflow/example_dags/example_setup_teardown_taskflow.py for tasks to queue
[2024-05-05T13:52:02.677+0000] {logging_mixin.py:188} INFO - [2024-05-05T13:52:02.677+0000] {dagbag.py:538} INFO - Filling up the DagBag from /home/airflow/.local/lib/python3.8/site-packages/airflow/example_dags/example_setup_teardown_taskflow.py
[2024-05-05T13:52:02.706+0000] {processor.py:840} INFO - DAG(s) 'example_setup_teardown_taskflow' retrieved from /home/airflow/.local/lib/python3.8/site-packages/airflow/example_dags/example_setup_teardown_taskflow.py
[2024-05-05T13:52:02.743+0000] {logging_mixin.py:188} INFO - [2024-05-05T13:52:02.743+0000] {dag.py:3036} INFO - Sync 1 DAGs
[2024-05-05T13:52:02.782+0000] {logging_mixin.py:188} INFO - [2024-05-05T13:52:02.782+0000] {dag.py:3823} INFO - Setting next_dagrun for example_setup_teardown_taskflow to 2024-05-04 00:00:00+00:00, run_after=2024-05-05 00:00:00+00:00
[2024-05-05T13:52:02.839+0000] {processor.py:183} INFO - Processing /home/airflow/.local/lib/python3.8/site-packages/airflow/example_dags/example_setup_teardown_taskflow.py took 0.179 seconds
[2024-05-05T13:52:33.468+0000] {processor.py:161} INFO - Started process (PID=94913) to work on /home/airflow/.local/lib/python3.8/site-packages/airflow/example_dags/example_setup_teardown_taskflow.py
[2024-05-05T13:52:33.469+0000] {processor.py:830} INFO - Processing file /home/airflow/.local/lib/python3.8/site-packages/airflow/example_dags/example_setup_teardown_taskflow.py for tasks to queue
[2024-05-05T13:52:33.470+0000] {logging_mixin.py:188} INFO - [2024-05-05T13:52:33.470+0000] {dagbag.py:538} INFO - Filling up the DagBag from /home/airflow/.local/lib/python3.8/site-packages/airflow/example_dags/example_setup_teardown_taskflow.py
[2024-05-05T13:52:33.478+0000] {processor.py:840} INFO - DAG(s) 'example_setup_teardown_taskflow' retrieved from /home/airflow/.local/lib/python3.8/site-packages/airflow/example_dags/example_setup_teardown_taskflow.py
[2024-05-05T13:52:33.502+0000] {logging_mixin.py:188} INFO - [2024-05-05T13:52:33.502+0000] {dag.py:3036} INFO - Sync 1 DAGs
[2024-05-05T13:52:33.529+0000] {logging_mixin.py:188} INFO - [2024-05-05T13:52:33.529+0000] {dag.py:3823} INFO - Setting next_dagrun for example_setup_teardown_taskflow to 2024-05-04 00:00:00+00:00, run_after=2024-05-05 00:00:00+00:00
[2024-05-05T13:52:33.552+0000] {processor.py:183} INFO - Processing /home/airflow/.local/lib/python3.8/site-packages/airflow/example_dags/example_setup_teardown_taskflow.py took 0.086 seconds
