[2024-05-05T13:46:28.470+0000] {processor.py:161} INFO - Started process (PID=94087) to work on /home/airflow/.local/lib/python3.8/site-packages/airflow/example_dags/example_nested_branch_dag.py
[2024-05-05T13:46:28.471+0000] {processor.py:830} INFO - Processing file /home/airflow/.local/lib/python3.8/site-packages/airflow/example_dags/example_nested_branch_dag.py for tasks to queue
[2024-05-05T13:46:28.472+0000] {logging_mixin.py:188} INFO - [2024-05-05T13:46:28.471+0000] {dagbag.py:538} INFO - Filling up the DagBag from /home/airflow/.local/lib/python3.8/site-packages/airflow/example_dags/example_nested_branch_dag.py
[2024-05-05T13:46:28.480+0000] {processor.py:840} INFO - DAG(s) 'example_nested_branch_dag' retrieved from /home/airflow/.local/lib/python3.8/site-packages/airflow/example_dags/example_nested_branch_dag.py
[2024-05-05T13:46:28.500+0000] {logging_mixin.py:188} INFO - [2024-05-05T13:46:28.499+0000] {dag.py:3036} INFO - Sync 1 DAGs
[2024-05-05T13:46:28.519+0000] {logging_mixin.py:188} INFO - [2024-05-05T13:46:28.519+0000] {dag.py:3823} INFO - Setting next_dagrun for example_nested_branch_dag to 2024-05-04 00:00:00+00:00, run_after=2024-05-05 00:00:00+00:00
[2024-05-05T13:46:28.536+0000] {processor.py:183} INFO - Processing /home/airflow/.local/lib/python3.8/site-packages/airflow/example_dags/example_nested_branch_dag.py took 0.068 seconds
[2024-05-05T13:46:58.958+0000] {processor.py:161} INFO - Started process (PID=94154) to work on /home/airflow/.local/lib/python3.8/site-packages/airflow/example_dags/example_nested_branch_dag.py
[2024-05-05T13:46:58.959+0000] {processor.py:830} INFO - Processing file /home/airflow/.local/lib/python3.8/site-packages/airflow/example_dags/example_nested_branch_dag.py for tasks to queue
[2024-05-05T13:46:58.960+0000] {logging_mixin.py:188} INFO - [2024-05-05T13:46:58.960+0000] {dagbag.py:538} INFO - Filling up the DagBag from /home/airflow/.local/lib/python3.8/site-packages/airflow/example_dags/example_nested_branch_dag.py
[2024-05-05T13:46:58.970+0000] {processor.py:840} INFO - DAG(s) 'example_nested_branch_dag' retrieved from /home/airflow/.local/lib/python3.8/site-packages/airflow/example_dags/example_nested_branch_dag.py
[2024-05-05T13:46:58.991+0000] {logging_mixin.py:188} INFO - [2024-05-05T13:46:58.990+0000] {dag.py:3036} INFO - Sync 1 DAGs
[2024-05-05T13:46:59.132+0000] {logging_mixin.py:188} INFO - [2024-05-05T13:46:59.132+0000] {dag.py:3823} INFO - Setting next_dagrun for example_nested_branch_dag to 2024-05-04 00:00:00+00:00, run_after=2024-05-05 00:00:00+00:00
[2024-05-05T13:46:59.151+0000] {processor.py:183} INFO - Processing /home/airflow/.local/lib/python3.8/site-packages/airflow/example_dags/example_nested_branch_dag.py took 0.195 seconds
[2024-05-05T13:47:29.687+0000] {processor.py:161} INFO - Started process (PID=94220) to work on /home/airflow/.local/lib/python3.8/site-packages/airflow/example_dags/example_nested_branch_dag.py
[2024-05-05T13:47:29.688+0000] {processor.py:830} INFO - Processing file /home/airflow/.local/lib/python3.8/site-packages/airflow/example_dags/example_nested_branch_dag.py for tasks to queue
[2024-05-05T13:47:29.689+0000] {logging_mixin.py:188} INFO - [2024-05-05T13:47:29.689+0000] {dagbag.py:538} INFO - Filling up the DagBag from /home/airflow/.local/lib/python3.8/site-packages/airflow/example_dags/example_nested_branch_dag.py
[2024-05-05T13:47:29.698+0000] {processor.py:840} INFO - DAG(s) 'example_nested_branch_dag' retrieved from /home/airflow/.local/lib/python3.8/site-packages/airflow/example_dags/example_nested_branch_dag.py
[2024-05-05T13:47:29.719+0000] {logging_mixin.py:188} INFO - [2024-05-05T13:47:29.718+0000] {dag.py:3036} INFO - Sync 1 DAGs
[2024-05-05T13:47:29.741+0000] {logging_mixin.py:188} INFO - [2024-05-05T13:47:29.741+0000] {dag.py:3823} INFO - Setting next_dagrun for example_nested_branch_dag to 2024-05-04 00:00:00+00:00, run_after=2024-05-05 00:00:00+00:00
[2024-05-05T13:47:29.877+0000] {processor.py:183} INFO - Processing /home/airflow/.local/lib/python3.8/site-packages/airflow/example_dags/example_nested_branch_dag.py took 0.193 seconds
[2024-05-05T13:48:00.804+0000] {processor.py:161} INFO - Started process (PID=94294) to work on /home/airflow/.local/lib/python3.8/site-packages/airflow/example_dags/example_nested_branch_dag.py
[2024-05-05T13:48:00.805+0000] {processor.py:830} INFO - Processing file /home/airflow/.local/lib/python3.8/site-packages/airflow/example_dags/example_nested_branch_dag.py for tasks to queue
[2024-05-05T13:48:00.805+0000] {logging_mixin.py:188} INFO - [2024-05-05T13:48:00.805+0000] {dagbag.py:538} INFO - Filling up the DagBag from /home/airflow/.local/lib/python3.8/site-packages/airflow/example_dags/example_nested_branch_dag.py
[2024-05-05T13:48:00.815+0000] {processor.py:840} INFO - DAG(s) 'example_nested_branch_dag' retrieved from /home/airflow/.local/lib/python3.8/site-packages/airflow/example_dags/example_nested_branch_dag.py
[2024-05-05T13:48:00.837+0000] {logging_mixin.py:188} INFO - [2024-05-05T13:48:00.837+0000] {dag.py:3036} INFO - Sync 1 DAGs
[2024-05-05T13:48:00.860+0000] {logging_mixin.py:188} INFO - [2024-05-05T13:48:00.859+0000] {dag.py:3823} INFO - Setting next_dagrun for example_nested_branch_dag to 2024-05-04 00:00:00+00:00, run_after=2024-05-05 00:00:00+00:00
[2024-05-05T13:48:00.879+0000] {processor.py:183} INFO - Processing /home/airflow/.local/lib/python3.8/site-packages/airflow/example_dags/example_nested_branch_dag.py took 0.077 seconds
[2024-05-05T13:48:31.157+0000] {processor.py:161} INFO - Started process (PID=94360) to work on /home/airflow/.local/lib/python3.8/site-packages/airflow/example_dags/example_nested_branch_dag.py
[2024-05-05T13:48:31.158+0000] {processor.py:830} INFO - Processing file /home/airflow/.local/lib/python3.8/site-packages/airflow/example_dags/example_nested_branch_dag.py for tasks to queue
[2024-05-05T13:48:31.159+0000] {logging_mixin.py:188} INFO - [2024-05-05T13:48:31.158+0000] {dagbag.py:538} INFO - Filling up the DagBag from /home/airflow/.local/lib/python3.8/site-packages/airflow/example_dags/example_nested_branch_dag.py
[2024-05-05T13:48:31.292+0000] {processor.py:840} INFO - DAG(s) 'example_nested_branch_dag' retrieved from /home/airflow/.local/lib/python3.8/site-packages/airflow/example_dags/example_nested_branch_dag.py
[2024-05-05T13:48:31.312+0000] {logging_mixin.py:188} INFO - [2024-05-05T13:48:31.311+0000] {dag.py:3036} INFO - Sync 1 DAGs
[2024-05-05T13:48:31.333+0000] {logging_mixin.py:188} INFO - [2024-05-05T13:48:31.333+0000] {dag.py:3823} INFO - Setting next_dagrun for example_nested_branch_dag to 2024-05-04 00:00:00+00:00, run_after=2024-05-05 00:00:00+00:00
[2024-05-05T13:48:31.353+0000] {processor.py:183} INFO - Processing /home/airflow/.local/lib/python3.8/site-packages/airflow/example_dags/example_nested_branch_dag.py took 0.198 seconds
[2024-05-05T13:49:01.467+0000] {processor.py:161} INFO - Started process (PID=94434) to work on /home/airflow/.local/lib/python3.8/site-packages/airflow/example_dags/example_nested_branch_dag.py
[2024-05-05T13:49:01.472+0000] {processor.py:830} INFO - Processing file /home/airflow/.local/lib/python3.8/site-packages/airflow/example_dags/example_nested_branch_dag.py for tasks to queue
[2024-05-05T13:49:01.473+0000] {logging_mixin.py:188} INFO - [2024-05-05T13:49:01.473+0000] {dagbag.py:538} INFO - Filling up the DagBag from /home/airflow/.local/lib/python3.8/site-packages/airflow/example_dags/example_nested_branch_dag.py
[2024-05-05T13:49:01.484+0000] {processor.py:840} INFO - DAG(s) 'example_nested_branch_dag' retrieved from /home/airflow/.local/lib/python3.8/site-packages/airflow/example_dags/example_nested_branch_dag.py
[2024-05-05T13:49:01.517+0000] {logging_mixin.py:188} INFO - [2024-05-05T13:49:01.516+0000] {dag.py:3036} INFO - Sync 1 DAGs
[2024-05-05T13:49:01.539+0000] {logging_mixin.py:188} INFO - [2024-05-05T13:49:01.539+0000] {dag.py:3823} INFO - Setting next_dagrun for example_nested_branch_dag to 2024-05-04 00:00:00+00:00, run_after=2024-05-05 00:00:00+00:00
[2024-05-05T13:49:01.559+0000] {processor.py:183} INFO - Processing /home/airflow/.local/lib/python3.8/site-packages/airflow/example_dags/example_nested_branch_dag.py took 0.096 seconds
[2024-05-05T13:49:32.022+0000] {processor.py:161} INFO - Started process (PID=94501) to work on /home/airflow/.local/lib/python3.8/site-packages/airflow/example_dags/example_nested_branch_dag.py
[2024-05-05T13:49:32.023+0000] {processor.py:830} INFO - Processing file /home/airflow/.local/lib/python3.8/site-packages/airflow/example_dags/example_nested_branch_dag.py for tasks to queue
[2024-05-05T13:49:32.027+0000] {logging_mixin.py:188} INFO - [2024-05-05T13:49:32.024+0000] {dagbag.py:538} INFO - Filling up the DagBag from /home/airflow/.local/lib/python3.8/site-packages/airflow/example_dags/example_nested_branch_dag.py
[2024-05-05T13:49:32.038+0000] {processor.py:840} INFO - DAG(s) 'example_nested_branch_dag' retrieved from /home/airflow/.local/lib/python3.8/site-packages/airflow/example_dags/example_nested_branch_dag.py
[2024-05-05T13:49:32.067+0000] {logging_mixin.py:188} INFO - [2024-05-05T13:49:32.067+0000] {dag.py:3036} INFO - Sync 1 DAGs
[2024-05-05T13:49:32.098+0000] {logging_mixin.py:188} INFO - [2024-05-05T13:49:32.098+0000] {dag.py:3823} INFO - Setting next_dagrun for example_nested_branch_dag to 2024-05-04 00:00:00+00:00, run_after=2024-05-05 00:00:00+00:00
[2024-05-05T13:49:32.116+0000] {processor.py:183} INFO - Processing /home/airflow/.local/lib/python3.8/site-packages/airflow/example_dags/example_nested_branch_dag.py took 0.104 seconds
[2024-05-05T13:50:02.721+0000] {processor.py:161} INFO - Started process (PID=94568) to work on /home/airflow/.local/lib/python3.8/site-packages/airflow/example_dags/example_nested_branch_dag.py
[2024-05-05T13:50:02.722+0000] {processor.py:830} INFO - Processing file /home/airflow/.local/lib/python3.8/site-packages/airflow/example_dags/example_nested_branch_dag.py for tasks to queue
[2024-05-05T13:50:02.723+0000] {logging_mixin.py:188} INFO - [2024-05-05T13:50:02.723+0000] {dagbag.py:538} INFO - Filling up the DagBag from /home/airflow/.local/lib/python3.8/site-packages/airflow/example_dags/example_nested_branch_dag.py
[2024-05-05T13:50:02.732+0000] {processor.py:840} INFO - DAG(s) 'example_nested_branch_dag' retrieved from /home/airflow/.local/lib/python3.8/site-packages/airflow/example_dags/example_nested_branch_dag.py
[2024-05-05T13:50:02.754+0000] {logging_mixin.py:188} INFO - [2024-05-05T13:50:02.754+0000] {dag.py:3036} INFO - Sync 1 DAGs
[2024-05-05T13:50:02.777+0000] {logging_mixin.py:188} INFO - [2024-05-05T13:50:02.777+0000] {dag.py:3823} INFO - Setting next_dagrun for example_nested_branch_dag to 2024-05-04 00:00:00+00:00, run_after=2024-05-05 00:00:00+00:00
[2024-05-05T13:50:02.799+0000] {processor.py:183} INFO - Processing /home/airflow/.local/lib/python3.8/site-packages/airflow/example_dags/example_nested_branch_dag.py took 0.080 seconds
[2024-05-05T13:50:33.154+0000] {processor.py:161} INFO - Started process (PID=94643) to work on /home/airflow/.local/lib/python3.8/site-packages/airflow/example_dags/example_nested_branch_dag.py
[2024-05-05T13:50:33.155+0000] {processor.py:830} INFO - Processing file /home/airflow/.local/lib/python3.8/site-packages/airflow/example_dags/example_nested_branch_dag.py for tasks to queue
[2024-05-05T13:50:33.156+0000] {logging_mixin.py:188} INFO - [2024-05-05T13:50:33.156+0000] {dagbag.py:538} INFO - Filling up the DagBag from /home/airflow/.local/lib/python3.8/site-packages/airflow/example_dags/example_nested_branch_dag.py
[2024-05-05T13:50:33.169+0000] {processor.py:840} INFO - DAG(s) 'example_nested_branch_dag' retrieved from /home/airflow/.local/lib/python3.8/site-packages/airflow/example_dags/example_nested_branch_dag.py
[2024-05-05T13:50:33.192+0000] {logging_mixin.py:188} INFO - [2024-05-05T13:50:33.191+0000] {dag.py:3036} INFO - Sync 1 DAGs
[2024-05-05T13:50:33.216+0000] {logging_mixin.py:188} INFO - [2024-05-05T13:50:33.216+0000] {dag.py:3823} INFO - Setting next_dagrun for example_nested_branch_dag to 2024-05-04 00:00:00+00:00, run_after=2024-05-05 00:00:00+00:00
[2024-05-05T13:50:33.239+0000] {processor.py:183} INFO - Processing /home/airflow/.local/lib/python3.8/site-packages/airflow/example_dags/example_nested_branch_dag.py took 0.087 seconds
[2024-05-05T13:51:03.391+0000] {processor.py:161} INFO - Started process (PID=94710) to work on /home/airflow/.local/lib/python3.8/site-packages/airflow/example_dags/example_nested_branch_dag.py
[2024-05-05T13:51:03.392+0000] {processor.py:830} INFO - Processing file /home/airflow/.local/lib/python3.8/site-packages/airflow/example_dags/example_nested_branch_dag.py for tasks to queue
[2024-05-05T13:51:03.393+0000] {logging_mixin.py:188} INFO - [2024-05-05T13:51:03.393+0000] {dagbag.py:538} INFO - Filling up the DagBag from /home/airflow/.local/lib/python3.8/site-packages/airflow/example_dags/example_nested_branch_dag.py
[2024-05-05T13:51:03.402+0000] {processor.py:840} INFO - DAG(s) 'example_nested_branch_dag' retrieved from /home/airflow/.local/lib/python3.8/site-packages/airflow/example_dags/example_nested_branch_dag.py
[2024-05-05T13:51:03.421+0000] {logging_mixin.py:188} INFO - [2024-05-05T13:51:03.421+0000] {dag.py:3036} INFO - Sync 1 DAGs
[2024-05-05T13:51:03.442+0000] {logging_mixin.py:188} INFO - [2024-05-05T13:51:03.442+0000] {dag.py:3823} INFO - Setting next_dagrun for example_nested_branch_dag to 2024-05-04 00:00:00+00:00, run_after=2024-05-05 00:00:00+00:00
[2024-05-05T13:51:03.459+0000] {processor.py:183} INFO - Processing /home/airflow/.local/lib/python3.8/site-packages/airflow/example_dags/example_nested_branch_dag.py took 0.070 seconds
[2024-05-05T13:51:33.731+0000] {processor.py:161} INFO - Started process (PID=94777) to work on /home/airflow/.local/lib/python3.8/site-packages/airflow/example_dags/example_nested_branch_dag.py
[2024-05-05T13:51:33.732+0000] {processor.py:830} INFO - Processing file /home/airflow/.local/lib/python3.8/site-packages/airflow/example_dags/example_nested_branch_dag.py for tasks to queue
[2024-05-05T13:51:33.733+0000] {logging_mixin.py:188} INFO - [2024-05-05T13:51:33.733+0000] {dagbag.py:538} INFO - Filling up the DagBag from /home/airflow/.local/lib/python3.8/site-packages/airflow/example_dags/example_nested_branch_dag.py
[2024-05-05T13:51:33.742+0000] {processor.py:840} INFO - DAG(s) 'example_nested_branch_dag' retrieved from /home/airflow/.local/lib/python3.8/site-packages/airflow/example_dags/example_nested_branch_dag.py
[2024-05-05T13:51:33.763+0000] {logging_mixin.py:188} INFO - [2024-05-05T13:51:33.763+0000] {dag.py:3036} INFO - Sync 1 DAGs
[2024-05-05T13:51:33.785+0000] {logging_mixin.py:188} INFO - [2024-05-05T13:51:33.785+0000] {dag.py:3823} INFO - Setting next_dagrun for example_nested_branch_dag to 2024-05-04 00:00:00+00:00, run_after=2024-05-05 00:00:00+00:00
[2024-05-05T13:51:33.805+0000] {processor.py:183} INFO - Processing /home/airflow/.local/lib/python3.8/site-packages/airflow/example_dags/example_nested_branch_dag.py took 0.076 seconds
[2024-05-05T13:52:04.309+0000] {processor.py:161} INFO - Started process (PID=94851) to work on /home/airflow/.local/lib/python3.8/site-packages/airflow/example_dags/example_nested_branch_dag.py
[2024-05-05T13:52:04.310+0000] {processor.py:830} INFO - Processing file /home/airflow/.local/lib/python3.8/site-packages/airflow/example_dags/example_nested_branch_dag.py for tasks to queue
[2024-05-05T13:52:04.310+0000] {logging_mixin.py:188} INFO - [2024-05-05T13:52:04.310+0000] {dagbag.py:538} INFO - Filling up the DagBag from /home/airflow/.local/lib/python3.8/site-packages/airflow/example_dags/example_nested_branch_dag.py
[2024-05-05T13:52:04.332+0000] {processor.py:840} INFO - DAG(s) 'example_nested_branch_dag' retrieved from /home/airflow/.local/lib/python3.8/site-packages/airflow/example_dags/example_nested_branch_dag.py
[2024-05-05T13:52:04.417+0000] {logging_mixin.py:188} INFO - [2024-05-05T13:52:04.416+0000] {dag.py:3036} INFO - Sync 1 DAGs
[2024-05-05T13:52:04.464+0000] {logging_mixin.py:188} INFO - [2024-05-05T13:52:04.464+0000] {dag.py:3823} INFO - Setting next_dagrun for example_nested_branch_dag to 2024-05-04 00:00:00+00:00, run_after=2024-05-05 00:00:00+00:00
[2024-05-05T13:52:04.498+0000] {processor.py:183} INFO - Processing /home/airflow/.local/lib/python3.8/site-packages/airflow/example_dags/example_nested_branch_dag.py took 0.193 seconds
[2024-05-05T13:52:34.783+0000] {processor.py:161} INFO - Started process (PID=94917) to work on /home/airflow/.local/lib/python3.8/site-packages/airflow/example_dags/example_nested_branch_dag.py
[2024-05-05T13:52:34.785+0000] {processor.py:830} INFO - Processing file /home/airflow/.local/lib/python3.8/site-packages/airflow/example_dags/example_nested_branch_dag.py for tasks to queue
[2024-05-05T13:52:34.786+0000] {logging_mixin.py:188} INFO - [2024-05-05T13:52:34.786+0000] {dagbag.py:538} INFO - Filling up the DagBag from /home/airflow/.local/lib/python3.8/site-packages/airflow/example_dags/example_nested_branch_dag.py
[2024-05-05T13:52:34.800+0000] {processor.py:840} INFO - DAG(s) 'example_nested_branch_dag' retrieved from /home/airflow/.local/lib/python3.8/site-packages/airflow/example_dags/example_nested_branch_dag.py
[2024-05-05T13:52:34.826+0000] {logging_mixin.py:188} INFO - [2024-05-05T13:52:34.826+0000] {dag.py:3036} INFO - Sync 1 DAGs
[2024-05-05T13:52:34.848+0000] {logging_mixin.py:188} INFO - [2024-05-05T13:52:34.848+0000] {dag.py:3823} INFO - Setting next_dagrun for example_nested_branch_dag to 2024-05-04 00:00:00+00:00, run_after=2024-05-05 00:00:00+00:00
[2024-05-05T13:52:34.881+0000] {processor.py:183} INFO - Processing /home/airflow/.local/lib/python3.8/site-packages/airflow/example_dags/example_nested_branch_dag.py took 0.101 seconds
