[2024-05-05T13:46:23.389+0000] {processor.py:161} INFO - Started process (PID=94064) to work on /home/airflow/.local/lib/python3.8/site-packages/airflow/example_dags/example_params_ui_tutorial.py
[2024-05-05T13:46:23.390+0000] {processor.py:830} INFO - Processing file /home/airflow/.local/lib/python3.8/site-packages/airflow/example_dags/example_params_ui_tutorial.py for tasks to queue
[2024-05-05T13:46:23.391+0000] {logging_mixin.py:188} INFO - [2024-05-05T13:46:23.391+0000] {dagbag.py:538} INFO - Filling up the DagBag from /home/airflow/.local/lib/python3.8/site-packages/airflow/example_dags/example_params_ui_tutorial.py
[2024-05-05T13:46:23.416+0000] {processor.py:840} INFO - DAG(s) 'example_params_ui_tutorial' retrieved from /home/airflow/.local/lib/python3.8/site-packages/airflow/example_dags/example_params_ui_tutorial.py
[2024-05-05T13:46:23.511+0000] {logging_mixin.py:188} INFO - [2024-05-05T13:46:23.511+0000] {dag.py:3036} INFO - Sync 1 DAGs
[2024-05-05T13:46:23.788+0000] {logging_mixin.py:188} INFO - [2024-05-05T13:46:23.787+0000] {dag.py:3823} INFO - Setting next_dagrun for example_params_ui_tutorial to None, run_after=None
[2024-05-05T13:46:23.813+0000] {processor.py:183} INFO - Processing /home/airflow/.local/lib/python3.8/site-packages/airflow/example_dags/example_params_ui_tutorial.py took 0.427 seconds
[2024-05-05T13:46:53.919+0000] {processor.py:161} INFO - Started process (PID=94139) to work on /home/airflow/.local/lib/python3.8/site-packages/airflow/example_dags/example_params_ui_tutorial.py
[2024-05-05T13:46:53.920+0000] {processor.py:830} INFO - Processing file /home/airflow/.local/lib/python3.8/site-packages/airflow/example_dags/example_params_ui_tutorial.py for tasks to queue
[2024-05-05T13:46:53.922+0000] {logging_mixin.py:188} INFO - [2024-05-05T13:46:53.921+0000] {dagbag.py:538} INFO - Filling up the DagBag from /home/airflow/.local/lib/python3.8/site-packages/airflow/example_dags/example_params_ui_tutorial.py
[2024-05-05T13:46:53.932+0000] {processor.py:840} INFO - DAG(s) 'example_params_ui_tutorial' retrieved from /home/airflow/.local/lib/python3.8/site-packages/airflow/example_dags/example_params_ui_tutorial.py
[2024-05-05T13:46:54.012+0000] {logging_mixin.py:188} INFO - [2024-05-05T13:46:54.011+0000] {dag.py:3036} INFO - Sync 1 DAGs
[2024-05-05T13:46:54.036+0000] {logging_mixin.py:188} INFO - [2024-05-05T13:46:54.036+0000] {dag.py:3823} INFO - Setting next_dagrun for example_params_ui_tutorial to None, run_after=None
[2024-05-05T13:46:54.063+0000] {processor.py:183} INFO - Processing /home/airflow/.local/lib/python3.8/site-packages/airflow/example_dags/example_params_ui_tutorial.py took 0.146 seconds
[2024-05-05T13:47:24.951+0000] {processor.py:161} INFO - Started process (PID=94205) to work on /home/airflow/.local/lib/python3.8/site-packages/airflow/example_dags/example_params_ui_tutorial.py
[2024-05-05T13:47:24.952+0000] {processor.py:830} INFO - Processing file /home/airflow/.local/lib/python3.8/site-packages/airflow/example_dags/example_params_ui_tutorial.py for tasks to queue
[2024-05-05T13:47:24.953+0000] {logging_mixin.py:188} INFO - [2024-05-05T13:47:24.953+0000] {dagbag.py:538} INFO - Filling up the DagBag from /home/airflow/.local/lib/python3.8/site-packages/airflow/example_dags/example_params_ui_tutorial.py
[2024-05-05T13:47:24.964+0000] {processor.py:840} INFO - DAG(s) 'example_params_ui_tutorial' retrieved from /home/airflow/.local/lib/python3.8/site-packages/airflow/example_dags/example_params_ui_tutorial.py
[2024-05-05T13:47:25.020+0000] {logging_mixin.py:188} INFO - [2024-05-05T13:47:25.020+0000] {dag.py:3036} INFO - Sync 1 DAGs
[2024-05-05T13:47:25.032+0000] {logging_mixin.py:188} INFO - [2024-05-05T13:47:25.031+0000] {dag.py:3823} INFO - Setting next_dagrun for example_params_ui_tutorial to None, run_after=None
[2024-05-05T13:47:25.048+0000] {processor.py:183} INFO - Processing /home/airflow/.local/lib/python3.8/site-packages/airflow/example_dags/example_params_ui_tutorial.py took 0.100 seconds
[2024-05-05T13:47:55.547+0000] {processor.py:161} INFO - Started process (PID=94271) to work on /home/airflow/.local/lib/python3.8/site-packages/airflow/example_dags/example_params_ui_tutorial.py
[2024-05-05T13:47:55.549+0000] {processor.py:830} INFO - Processing file /home/airflow/.local/lib/python3.8/site-packages/airflow/example_dags/example_params_ui_tutorial.py for tasks to queue
[2024-05-05T13:47:55.549+0000] {logging_mixin.py:188} INFO - [2024-05-05T13:47:55.549+0000] {dagbag.py:538} INFO - Filling up the DagBag from /home/airflow/.local/lib/python3.8/site-packages/airflow/example_dags/example_params_ui_tutorial.py
[2024-05-05T13:47:55.560+0000] {processor.py:840} INFO - DAG(s) 'example_params_ui_tutorial' retrieved from /home/airflow/.local/lib/python3.8/site-packages/airflow/example_dags/example_params_ui_tutorial.py
[2024-05-05T13:47:55.629+0000] {logging_mixin.py:188} INFO - [2024-05-05T13:47:55.629+0000] {dag.py:3036} INFO - Sync 1 DAGs
[2024-05-05T13:47:55.640+0000] {logging_mixin.py:188} INFO - [2024-05-05T13:47:55.640+0000] {dag.py:3823} INFO - Setting next_dagrun for example_params_ui_tutorial to None, run_after=None
[2024-05-05T13:47:55.659+0000] {processor.py:183} INFO - Processing /home/airflow/.local/lib/python3.8/site-packages/airflow/example_dags/example_params_ui_tutorial.py took 0.114 seconds
[2024-05-05T13:48:25.958+0000] {processor.py:161} INFO - Started process (PID=94345) to work on /home/airflow/.local/lib/python3.8/site-packages/airflow/example_dags/example_params_ui_tutorial.py
[2024-05-05T13:48:25.958+0000] {processor.py:830} INFO - Processing file /home/airflow/.local/lib/python3.8/site-packages/airflow/example_dags/example_params_ui_tutorial.py for tasks to queue
[2024-05-05T13:48:25.959+0000] {logging_mixin.py:188} INFO - [2024-05-05T13:48:25.959+0000] {dagbag.py:538} INFO - Filling up the DagBag from /home/airflow/.local/lib/python3.8/site-packages/airflow/example_dags/example_params_ui_tutorial.py
[2024-05-05T13:48:25.985+0000] {processor.py:840} INFO - DAG(s) 'example_params_ui_tutorial' retrieved from /home/airflow/.local/lib/python3.8/site-packages/airflow/example_dags/example_params_ui_tutorial.py
[2024-05-05T13:48:26.191+0000] {logging_mixin.py:188} INFO - [2024-05-05T13:48:26.190+0000] {dag.py:3036} INFO - Sync 1 DAGs
[2024-05-05T13:48:26.201+0000] {logging_mixin.py:188} INFO - [2024-05-05T13:48:26.201+0000] {dag.py:3823} INFO - Setting next_dagrun for example_params_ui_tutorial to None, run_after=None
[2024-05-05T13:48:26.219+0000] {processor.py:183} INFO - Processing /home/airflow/.local/lib/python3.8/site-packages/airflow/example_dags/example_params_ui_tutorial.py took 0.264 seconds
[2024-05-05T13:48:56.490+0000] {processor.py:161} INFO - Started process (PID=94412) to work on /home/airflow/.local/lib/python3.8/site-packages/airflow/example_dags/example_params_ui_tutorial.py
[2024-05-05T13:48:56.491+0000] {processor.py:830} INFO - Processing file /home/airflow/.local/lib/python3.8/site-packages/airflow/example_dags/example_params_ui_tutorial.py for tasks to queue
[2024-05-05T13:48:56.491+0000] {logging_mixin.py:188} INFO - [2024-05-05T13:48:56.491+0000] {dagbag.py:538} INFO - Filling up the DagBag from /home/airflow/.local/lib/python3.8/site-packages/airflow/example_dags/example_params_ui_tutorial.py
[2024-05-05T13:48:56.501+0000] {processor.py:840} INFO - DAG(s) 'example_params_ui_tutorial' retrieved from /home/airflow/.local/lib/python3.8/site-packages/airflow/example_dags/example_params_ui_tutorial.py
[2024-05-05T13:48:56.562+0000] {logging_mixin.py:188} INFO - [2024-05-05T13:48:56.561+0000] {dag.py:3036} INFO - Sync 1 DAGs
[2024-05-05T13:48:56.573+0000] {logging_mixin.py:188} INFO - [2024-05-05T13:48:56.573+0000] {dag.py:3823} INFO - Setting next_dagrun for example_params_ui_tutorial to None, run_after=None
[2024-05-05T13:48:56.593+0000] {processor.py:183} INFO - Processing /home/airflow/.local/lib/python3.8/site-packages/airflow/example_dags/example_params_ui_tutorial.py took 0.106 seconds
[2024-05-05T13:49:26.723+0000] {processor.py:161} INFO - Started process (PID=94486) to work on /home/airflow/.local/lib/python3.8/site-packages/airflow/example_dags/example_params_ui_tutorial.py
[2024-05-05T13:49:26.724+0000] {processor.py:830} INFO - Processing file /home/airflow/.local/lib/python3.8/site-packages/airflow/example_dags/example_params_ui_tutorial.py for tasks to queue
[2024-05-05T13:49:26.725+0000] {logging_mixin.py:188} INFO - [2024-05-05T13:49:26.725+0000] {dagbag.py:538} INFO - Filling up the DagBag from /home/airflow/.local/lib/python3.8/site-packages/airflow/example_dags/example_params_ui_tutorial.py
[2024-05-05T13:49:26.771+0000] {processor.py:840} INFO - DAG(s) 'example_params_ui_tutorial' retrieved from /home/airflow/.local/lib/python3.8/site-packages/airflow/example_dags/example_params_ui_tutorial.py
[2024-05-05T13:49:27.043+0000] {logging_mixin.py:188} INFO - [2024-05-05T13:49:27.041+0000] {dag.py:3036} INFO - Sync 1 DAGs
[2024-05-05T13:49:27.078+0000] {logging_mixin.py:188} INFO - [2024-05-05T13:49:27.077+0000] {dag.py:3823} INFO - Setting next_dagrun for example_params_ui_tutorial to None, run_after=None
[2024-05-05T13:49:27.134+0000] {processor.py:183} INFO - Processing /home/airflow/.local/lib/python3.8/site-packages/airflow/example_dags/example_params_ui_tutorial.py took 0.415 seconds
[2024-05-05T13:49:57.753+0000] {processor.py:161} INFO - Started process (PID=94553) to work on /home/airflow/.local/lib/python3.8/site-packages/airflow/example_dags/example_params_ui_tutorial.py
[2024-05-05T13:49:57.754+0000] {processor.py:830} INFO - Processing file /home/airflow/.local/lib/python3.8/site-packages/airflow/example_dags/example_params_ui_tutorial.py for tasks to queue
[2024-05-05T13:49:57.759+0000] {logging_mixin.py:188} INFO - [2024-05-05T13:49:57.755+0000] {dagbag.py:538} INFO - Filling up the DagBag from /home/airflow/.local/lib/python3.8/site-packages/airflow/example_dags/example_params_ui_tutorial.py
[2024-05-05T13:49:57.774+0000] {processor.py:840} INFO - DAG(s) 'example_params_ui_tutorial' retrieved from /home/airflow/.local/lib/python3.8/site-packages/airflow/example_dags/example_params_ui_tutorial.py
[2024-05-05T13:49:57.924+0000] {logging_mixin.py:188} INFO - [2024-05-05T13:49:57.923+0000] {dag.py:3036} INFO - Sync 1 DAGs
[2024-05-05T13:49:57.961+0000] {logging_mixin.py:188} INFO - [2024-05-05T13:49:57.961+0000] {dag.py:3823} INFO - Setting next_dagrun for example_params_ui_tutorial to None, run_after=None
[2024-05-05T13:49:58.015+0000] {processor.py:183} INFO - Processing /home/airflow/.local/lib/python3.8/site-packages/airflow/example_dags/example_params_ui_tutorial.py took 0.265 seconds
[2024-05-05T13:50:28.132+0000] {processor.py:161} INFO - Started process (PID=94620) to work on /home/airflow/.local/lib/python3.8/site-packages/airflow/example_dags/example_params_ui_tutorial.py
[2024-05-05T13:50:28.133+0000] {processor.py:830} INFO - Processing file /home/airflow/.local/lib/python3.8/site-packages/airflow/example_dags/example_params_ui_tutorial.py for tasks to queue
[2024-05-05T13:50:28.134+0000] {logging_mixin.py:188} INFO - [2024-05-05T13:50:28.133+0000] {dagbag.py:538} INFO - Filling up the DagBag from /home/airflow/.local/lib/python3.8/site-packages/airflow/example_dags/example_params_ui_tutorial.py
[2024-05-05T13:50:28.144+0000] {processor.py:840} INFO - DAG(s) 'example_params_ui_tutorial' retrieved from /home/airflow/.local/lib/python3.8/site-packages/airflow/example_dags/example_params_ui_tutorial.py
[2024-05-05T13:50:28.205+0000] {logging_mixin.py:188} INFO - [2024-05-05T13:50:28.205+0000] {dag.py:3036} INFO - Sync 1 DAGs
[2024-05-05T13:50:28.216+0000] {logging_mixin.py:188} INFO - [2024-05-05T13:50:28.216+0000] {dag.py:3823} INFO - Setting next_dagrun for example_params_ui_tutorial to None, run_after=None
[2024-05-05T13:50:28.236+0000] {processor.py:183} INFO - Processing /home/airflow/.local/lib/python3.8/site-packages/airflow/example_dags/example_params_ui_tutorial.py took 0.107 seconds
[2024-05-05T13:50:58.932+0000] {processor.py:161} INFO - Started process (PID=94695) to work on /home/airflow/.local/lib/python3.8/site-packages/airflow/example_dags/example_params_ui_tutorial.py
[2024-05-05T13:50:58.932+0000] {processor.py:830} INFO - Processing file /home/airflow/.local/lib/python3.8/site-packages/airflow/example_dags/example_params_ui_tutorial.py for tasks to queue
[2024-05-05T13:50:58.940+0000] {logging_mixin.py:188} INFO - [2024-05-05T13:50:58.939+0000] {dagbag.py:538} INFO - Filling up the DagBag from /home/airflow/.local/lib/python3.8/site-packages/airflow/example_dags/example_params_ui_tutorial.py
[2024-05-05T13:50:58.984+0000] {processor.py:840} INFO - DAG(s) 'example_params_ui_tutorial' retrieved from /home/airflow/.local/lib/python3.8/site-packages/airflow/example_dags/example_params_ui_tutorial.py
[2024-05-05T13:50:59.072+0000] {logging_mixin.py:188} INFO - [2024-05-05T13:50:59.072+0000] {dag.py:3036} INFO - Sync 1 DAGs
[2024-05-05T13:50:59.085+0000] {logging_mixin.py:188} INFO - [2024-05-05T13:50:59.085+0000] {dag.py:3823} INFO - Setting next_dagrun for example_params_ui_tutorial to None, run_after=None
[2024-05-05T13:50:59.103+0000] {processor.py:183} INFO - Processing /home/airflow/.local/lib/python3.8/site-packages/airflow/example_dags/example_params_ui_tutorial.py took 0.174 seconds
[2024-05-05T13:51:29.604+0000] {processor.py:161} INFO - Started process (PID=94762) to work on /home/airflow/.local/lib/python3.8/site-packages/airflow/example_dags/example_params_ui_tutorial.py
[2024-05-05T13:51:29.605+0000] {processor.py:830} INFO - Processing file /home/airflow/.local/lib/python3.8/site-packages/airflow/example_dags/example_params_ui_tutorial.py for tasks to queue
[2024-05-05T13:51:29.606+0000] {logging_mixin.py:188} INFO - [2024-05-05T13:51:29.606+0000] {dagbag.py:538} INFO - Filling up the DagBag from /home/airflow/.local/lib/python3.8/site-packages/airflow/example_dags/example_params_ui_tutorial.py
[2024-05-05T13:51:29.643+0000] {processor.py:840} INFO - DAG(s) 'example_params_ui_tutorial' retrieved from /home/airflow/.local/lib/python3.8/site-packages/airflow/example_dags/example_params_ui_tutorial.py
[2024-05-05T13:51:29.746+0000] {logging_mixin.py:188} INFO - [2024-05-05T13:51:29.745+0000] {dag.py:3036} INFO - Sync 1 DAGs
[2024-05-05T13:51:29.759+0000] {logging_mixin.py:188} INFO - [2024-05-05T13:51:29.758+0000] {dag.py:3823} INFO - Setting next_dagrun for example_params_ui_tutorial to None, run_after=None
[2024-05-05T13:51:29.781+0000] {processor.py:183} INFO - Processing /home/airflow/.local/lib/python3.8/site-packages/airflow/example_dags/example_params_ui_tutorial.py took 0.180 seconds
[2024-05-05T13:51:59.890+0000] {processor.py:161} INFO - Started process (PID=94827) to work on /home/airflow/.local/lib/python3.8/site-packages/airflow/example_dags/example_params_ui_tutorial.py
[2024-05-05T13:51:59.891+0000] {processor.py:830} INFO - Processing file /home/airflow/.local/lib/python3.8/site-packages/airflow/example_dags/example_params_ui_tutorial.py for tasks to queue
[2024-05-05T13:51:59.892+0000] {logging_mixin.py:188} INFO - [2024-05-05T13:51:59.892+0000] {dagbag.py:538} INFO - Filling up the DagBag from /home/airflow/.local/lib/python3.8/site-packages/airflow/example_dags/example_params_ui_tutorial.py
[2024-05-05T13:51:59.905+0000] {processor.py:840} INFO - DAG(s) 'example_params_ui_tutorial' retrieved from /home/airflow/.local/lib/python3.8/site-packages/airflow/example_dags/example_params_ui_tutorial.py
[2024-05-05T13:51:59.973+0000] {logging_mixin.py:188} INFO - [2024-05-05T13:51:59.973+0000] {dag.py:3036} INFO - Sync 1 DAGs
[2024-05-05T13:51:59.984+0000] {logging_mixin.py:188} INFO - [2024-05-05T13:51:59.984+0000] {dag.py:3823} INFO - Setting next_dagrun for example_params_ui_tutorial to None, run_after=None
[2024-05-05T13:52:00.000+0000] {processor.py:183} INFO - Processing /home/airflow/.local/lib/python3.8/site-packages/airflow/example_dags/example_params_ui_tutorial.py took 0.112 seconds
[2024-05-05T13:52:30.607+0000] {processor.py:161} INFO - Started process (PID=94902) to work on /home/airflow/.local/lib/python3.8/site-packages/airflow/example_dags/example_params_ui_tutorial.py
[2024-05-05T13:52:30.608+0000] {processor.py:830} INFO - Processing file /home/airflow/.local/lib/python3.8/site-packages/airflow/example_dags/example_params_ui_tutorial.py for tasks to queue
[2024-05-05T13:52:30.609+0000] {logging_mixin.py:188} INFO - [2024-05-05T13:52:30.609+0000] {dagbag.py:538} INFO - Filling up the DagBag from /home/airflow/.local/lib/python3.8/site-packages/airflow/example_dags/example_params_ui_tutorial.py
[2024-05-05T13:52:30.637+0000] {processor.py:840} INFO - DAG(s) 'example_params_ui_tutorial' retrieved from /home/airflow/.local/lib/python3.8/site-packages/airflow/example_dags/example_params_ui_tutorial.py
[2024-05-05T13:52:30.792+0000] {logging_mixin.py:188} INFO - [2024-05-05T13:52:30.792+0000] {dag.py:3036} INFO - Sync 1 DAGs
[2024-05-05T13:52:30.804+0000] {logging_mixin.py:188} INFO - [2024-05-05T13:52:30.803+0000] {dag.py:3823} INFO - Setting next_dagrun for example_params_ui_tutorial to None, run_after=None
[2024-05-05T13:52:30.830+0000] {processor.py:183} INFO - Processing /home/airflow/.local/lib/python3.8/site-packages/airflow/example_dags/example_params_ui_tutorial.py took 0.228 seconds
