[2024-05-05T13:46:25.298+0000] {processor.py:161} INFO - Started process (PID=94068) to work on /home/airflow/.local/lib/python3.8/site-packages/airflow/example_dags/example_short_circuit_operator.py
[2024-05-05T13:46:25.300+0000] {processor.py:830} INFO - Processing file /home/airflow/.local/lib/python3.8/site-packages/airflow/example_dags/example_short_circuit_operator.py for tasks to queue
[2024-05-05T13:46:25.305+0000] {logging_mixin.py:188} INFO - [2024-05-05T13:46:25.305+0000] {dagbag.py:538} INFO - Filling up the DagBag from /home/airflow/.local/lib/python3.8/site-packages/airflow/example_dags/example_short_circuit_operator.py
[2024-05-05T13:46:25.315+0000] {processor.py:840} INFO - DAG(s) 'example_short_circuit_operator' retrieved from /home/airflow/.local/lib/python3.8/site-packages/airflow/example_dags/example_short_circuit_operator.py
[2024-05-05T13:46:25.335+0000] {logging_mixin.py:188} INFO - [2024-05-05T13:46:25.334+0000] {dag.py:3036} INFO - Sync 1 DAGs
[2024-05-05T13:46:25.490+0000] {logging_mixin.py:188} INFO - [2024-05-05T13:46:25.490+0000] {dag.py:3823} INFO - Setting next_dagrun for example_short_circuit_operator to 2024-05-04 00:00:00+00:00, run_after=2024-05-05 00:00:00+00:00
[2024-05-05T13:46:25.508+0000] {processor.py:183} INFO - Processing /home/airflow/.local/lib/python3.8/site-packages/airflow/example_dags/example_short_circuit_operator.py took 0.212 seconds
[2024-05-05T13:46:55.632+0000] {processor.py:161} INFO - Started process (PID=94143) to work on /home/airflow/.local/lib/python3.8/site-packages/airflow/example_dags/example_short_circuit_operator.py
[2024-05-05T13:46:55.633+0000] {processor.py:830} INFO - Processing file /home/airflow/.local/lib/python3.8/site-packages/airflow/example_dags/example_short_circuit_operator.py for tasks to queue
[2024-05-05T13:46:55.633+0000] {logging_mixin.py:188} INFO - [2024-05-05T13:46:55.633+0000] {dagbag.py:538} INFO - Filling up the DagBag from /home/airflow/.local/lib/python3.8/site-packages/airflow/example_dags/example_short_circuit_operator.py
[2024-05-05T13:46:55.640+0000] {processor.py:840} INFO - DAG(s) 'example_short_circuit_operator' retrieved from /home/airflow/.local/lib/python3.8/site-packages/airflow/example_dags/example_short_circuit_operator.py
[2024-05-05T13:46:55.660+0000] {logging_mixin.py:188} INFO - [2024-05-05T13:46:55.660+0000] {dag.py:3036} INFO - Sync 1 DAGs
[2024-05-05T13:46:55.679+0000] {logging_mixin.py:188} INFO - [2024-05-05T13:46:55.679+0000] {dag.py:3823} INFO - Setting next_dagrun for example_short_circuit_operator to 2024-05-04 00:00:00+00:00, run_after=2024-05-05 00:00:00+00:00
[2024-05-05T13:46:55.836+0000] {processor.py:183} INFO - Processing /home/airflow/.local/lib/python3.8/site-packages/airflow/example_dags/example_short_circuit_operator.py took 0.207 seconds
[2024-05-05T13:47:26.179+0000] {processor.py:161} INFO - Started process (PID=94209) to work on /home/airflow/.local/lib/python3.8/site-packages/airflow/example_dags/example_short_circuit_operator.py
[2024-05-05T13:47:26.180+0000] {processor.py:830} INFO - Processing file /home/airflow/.local/lib/python3.8/site-packages/airflow/example_dags/example_short_circuit_operator.py for tasks to queue
[2024-05-05T13:47:26.182+0000] {logging_mixin.py:188} INFO - [2024-05-05T13:47:26.182+0000] {dagbag.py:538} INFO - Filling up the DagBag from /home/airflow/.local/lib/python3.8/site-packages/airflow/example_dags/example_short_circuit_operator.py
[2024-05-05T13:47:26.208+0000] {processor.py:840} INFO - DAG(s) 'example_short_circuit_operator' retrieved from /home/airflow/.local/lib/python3.8/site-packages/airflow/example_dags/example_short_circuit_operator.py
[2024-05-05T13:47:26.254+0000] {logging_mixin.py:188} INFO - [2024-05-05T13:47:26.253+0000] {dag.py:3036} INFO - Sync 1 DAGs
[2024-05-05T13:47:26.295+0000] {logging_mixin.py:188} INFO - [2024-05-05T13:47:26.295+0000] {dag.py:3823} INFO - Setting next_dagrun for example_short_circuit_operator to 2024-05-04 00:00:00+00:00, run_after=2024-05-05 00:00:00+00:00
[2024-05-05T13:47:26.325+0000] {processor.py:183} INFO - Processing /home/airflow/.local/lib/python3.8/site-packages/airflow/example_dags/example_short_circuit_operator.py took 0.150 seconds
[2024-05-05T13:47:56.817+0000] {processor.py:161} INFO - Started process (PID=94283) to work on /home/airflow/.local/lib/python3.8/site-packages/airflow/example_dags/example_short_circuit_operator.py
[2024-05-05T13:47:56.818+0000] {processor.py:830} INFO - Processing file /home/airflow/.local/lib/python3.8/site-packages/airflow/example_dags/example_short_circuit_operator.py for tasks to queue
[2024-05-05T13:47:56.820+0000] {logging_mixin.py:188} INFO - [2024-05-05T13:47:56.819+0000] {dagbag.py:538} INFO - Filling up the DagBag from /home/airflow/.local/lib/python3.8/site-packages/airflow/example_dags/example_short_circuit_operator.py
[2024-05-05T13:47:56.833+0000] {processor.py:840} INFO - DAG(s) 'example_short_circuit_operator' retrieved from /home/airflow/.local/lib/python3.8/site-packages/airflow/example_dags/example_short_circuit_operator.py
[2024-05-05T13:47:56.894+0000] {logging_mixin.py:188} INFO - [2024-05-05T13:47:56.893+0000] {dag.py:3036} INFO - Sync 1 DAGs
[2024-05-05T13:47:56.944+0000] {logging_mixin.py:188} INFO - [2024-05-05T13:47:56.944+0000] {dag.py:3823} INFO - Setting next_dagrun for example_short_circuit_operator to 2024-05-04 00:00:00+00:00, run_after=2024-05-05 00:00:00+00:00
[2024-05-05T13:47:56.976+0000] {processor.py:183} INFO - Processing /home/airflow/.local/lib/python3.8/site-packages/airflow/example_dags/example_short_circuit_operator.py took 0.161 seconds
[2024-05-05T13:48:27.491+0000] {processor.py:161} INFO - Started process (PID=94349) to work on /home/airflow/.local/lib/python3.8/site-packages/airflow/example_dags/example_short_circuit_operator.py
[2024-05-05T13:48:27.497+0000] {processor.py:830} INFO - Processing file /home/airflow/.local/lib/python3.8/site-packages/airflow/example_dags/example_short_circuit_operator.py for tasks to queue
[2024-05-05T13:48:27.498+0000] {logging_mixin.py:188} INFO - [2024-05-05T13:48:27.498+0000] {dagbag.py:538} INFO - Filling up the DagBag from /home/airflow/.local/lib/python3.8/site-packages/airflow/example_dags/example_short_circuit_operator.py
[2024-05-05T13:48:27.505+0000] {processor.py:840} INFO - DAG(s) 'example_short_circuit_operator' retrieved from /home/airflow/.local/lib/python3.8/site-packages/airflow/example_dags/example_short_circuit_operator.py
[2024-05-05T13:48:27.671+0000] {logging_mixin.py:188} INFO - [2024-05-05T13:48:27.671+0000] {dag.py:3036} INFO - Sync 1 DAGs
[2024-05-05T13:48:27.690+0000] {logging_mixin.py:188} INFO - [2024-05-05T13:48:27.689+0000] {dag.py:3823} INFO - Setting next_dagrun for example_short_circuit_operator to 2024-05-04 00:00:00+00:00, run_after=2024-05-05 00:00:00+00:00
[2024-05-05T13:48:27.707+0000] {processor.py:183} INFO - Processing /home/airflow/.local/lib/python3.8/site-packages/airflow/example_dags/example_short_circuit_operator.py took 0.219 seconds
[2024-05-05T13:48:57.776+0000] {processor.py:161} INFO - Started process (PID=94416) to work on /home/airflow/.local/lib/python3.8/site-packages/airflow/example_dags/example_short_circuit_operator.py
[2024-05-05T13:48:57.777+0000] {processor.py:830} INFO - Processing file /home/airflow/.local/lib/python3.8/site-packages/airflow/example_dags/example_short_circuit_operator.py for tasks to queue
[2024-05-05T13:48:57.778+0000] {logging_mixin.py:188} INFO - [2024-05-05T13:48:57.778+0000] {dagbag.py:538} INFO - Filling up the DagBag from /home/airflow/.local/lib/python3.8/site-packages/airflow/example_dags/example_short_circuit_operator.py
[2024-05-05T13:48:57.785+0000] {processor.py:840} INFO - DAG(s) 'example_short_circuit_operator' retrieved from /home/airflow/.local/lib/python3.8/site-packages/airflow/example_dags/example_short_circuit_operator.py
[2024-05-05T13:48:57.807+0000] {logging_mixin.py:188} INFO - [2024-05-05T13:48:57.807+0000] {dag.py:3036} INFO - Sync 1 DAGs
[2024-05-05T13:48:57.827+0000] {logging_mixin.py:188} INFO - [2024-05-05T13:48:57.827+0000] {dag.py:3823} INFO - Setting next_dagrun for example_short_circuit_operator to 2024-05-04 00:00:00+00:00, run_after=2024-05-05 00:00:00+00:00
[2024-05-05T13:48:57.856+0000] {processor.py:183} INFO - Processing /home/airflow/.local/lib/python3.8/site-packages/airflow/example_dags/example_short_circuit_operator.py took 0.082 seconds
[2024-05-05T13:49:28.203+0000] {processor.py:161} INFO - Started process (PID=94490) to work on /home/airflow/.local/lib/python3.8/site-packages/airflow/example_dags/example_short_circuit_operator.py
[2024-05-05T13:49:28.204+0000] {processor.py:830} INFO - Processing file /home/airflow/.local/lib/python3.8/site-packages/airflow/example_dags/example_short_circuit_operator.py for tasks to queue
[2024-05-05T13:49:28.204+0000] {logging_mixin.py:188} INFO - [2024-05-05T13:49:28.204+0000] {dagbag.py:538} INFO - Filling up the DagBag from /home/airflow/.local/lib/python3.8/site-packages/airflow/example_dags/example_short_circuit_operator.py
[2024-05-05T13:49:28.215+0000] {processor.py:840} INFO - DAG(s) 'example_short_circuit_operator' retrieved from /home/airflow/.local/lib/python3.8/site-packages/airflow/example_dags/example_short_circuit_operator.py
[2024-05-05T13:49:28.262+0000] {logging_mixin.py:188} INFO - [2024-05-05T13:49:28.261+0000] {dag.py:3036} INFO - Sync 1 DAGs
[2024-05-05T13:49:28.300+0000] {logging_mixin.py:188} INFO - [2024-05-05T13:49:28.299+0000] {dag.py:3823} INFO - Setting next_dagrun for example_short_circuit_operator to 2024-05-04 00:00:00+00:00, run_after=2024-05-05 00:00:00+00:00
[2024-05-05T13:49:28.324+0000] {processor.py:183} INFO - Processing /home/airflow/.local/lib/python3.8/site-packages/airflow/example_dags/example_short_circuit_operator.py took 0.124 seconds
[2024-05-05T13:49:59.130+0000] {processor.py:161} INFO - Started process (PID=94557) to work on /home/airflow/.local/lib/python3.8/site-packages/airflow/example_dags/example_short_circuit_operator.py
[2024-05-05T13:49:59.131+0000] {processor.py:830} INFO - Processing file /home/airflow/.local/lib/python3.8/site-packages/airflow/example_dags/example_short_circuit_operator.py for tasks to queue
[2024-05-05T13:49:59.132+0000] {logging_mixin.py:188} INFO - [2024-05-05T13:49:59.132+0000] {dagbag.py:538} INFO - Filling up the DagBag from /home/airflow/.local/lib/python3.8/site-packages/airflow/example_dags/example_short_circuit_operator.py
[2024-05-05T13:49:59.139+0000] {processor.py:840} INFO - DAG(s) 'example_short_circuit_operator' retrieved from /home/airflow/.local/lib/python3.8/site-packages/airflow/example_dags/example_short_circuit_operator.py
[2024-05-05T13:49:59.165+0000] {logging_mixin.py:188} INFO - [2024-05-05T13:49:59.165+0000] {dag.py:3036} INFO - Sync 1 DAGs
[2024-05-05T13:49:59.184+0000] {logging_mixin.py:188} INFO - [2024-05-05T13:49:59.184+0000] {dag.py:3823} INFO - Setting next_dagrun for example_short_circuit_operator to 2024-05-04 00:00:00+00:00, run_after=2024-05-05 00:00:00+00:00
[2024-05-05T13:49:59.208+0000] {processor.py:183} INFO - Processing /home/airflow/.local/lib/python3.8/site-packages/airflow/example_dags/example_short_circuit_operator.py took 0.082 seconds
[2024-05-05T13:50:29.286+0000] {processor.py:161} INFO - Started process (PID=94623) to work on /home/airflow/.local/lib/python3.8/site-packages/airflow/example_dags/example_short_circuit_operator.py
[2024-05-05T13:50:29.287+0000] {processor.py:830} INFO - Processing file /home/airflow/.local/lib/python3.8/site-packages/airflow/example_dags/example_short_circuit_operator.py for tasks to queue
[2024-05-05T13:50:29.288+0000] {logging_mixin.py:188} INFO - [2024-05-05T13:50:29.287+0000] {dagbag.py:538} INFO - Filling up the DagBag from /home/airflow/.local/lib/python3.8/site-packages/airflow/example_dags/example_short_circuit_operator.py
[2024-05-05T13:50:29.294+0000] {processor.py:840} INFO - DAG(s) 'example_short_circuit_operator' retrieved from /home/airflow/.local/lib/python3.8/site-packages/airflow/example_dags/example_short_circuit_operator.py
[2024-05-05T13:50:29.316+0000] {logging_mixin.py:188} INFO - [2024-05-05T13:50:29.316+0000] {dag.py:3036} INFO - Sync 1 DAGs
[2024-05-05T13:50:29.337+0000] {logging_mixin.py:188} INFO - [2024-05-05T13:50:29.337+0000] {dag.py:3823} INFO - Setting next_dagrun for example_short_circuit_operator to 2024-05-04 00:00:00+00:00, run_after=2024-05-05 00:00:00+00:00
[2024-05-05T13:50:29.375+0000] {processor.py:183} INFO - Processing /home/airflow/.local/lib/python3.8/site-packages/airflow/example_dags/example_short_circuit_operator.py took 0.091 seconds
[2024-05-05T13:50:59.433+0000] {processor.py:161} INFO - Started process (PID=94699) to work on /home/airflow/.local/lib/python3.8/site-packages/airflow/example_dags/example_short_circuit_operator.py
[2024-05-05T13:50:59.434+0000] {processor.py:830} INFO - Processing file /home/airflow/.local/lib/python3.8/site-packages/airflow/example_dags/example_short_circuit_operator.py for tasks to queue
[2024-05-05T13:50:59.435+0000] {logging_mixin.py:188} INFO - [2024-05-05T13:50:59.435+0000] {dagbag.py:538} INFO - Filling up the DagBag from /home/airflow/.local/lib/python3.8/site-packages/airflow/example_dags/example_short_circuit_operator.py
[2024-05-05T13:50:59.444+0000] {processor.py:840} INFO - DAG(s) 'example_short_circuit_operator' retrieved from /home/airflow/.local/lib/python3.8/site-packages/airflow/example_dags/example_short_circuit_operator.py
[2024-05-05T13:50:59.477+0000] {logging_mixin.py:188} INFO - [2024-05-05T13:50:59.477+0000] {dag.py:3036} INFO - Sync 1 DAGs
[2024-05-05T13:50:59.522+0000] {logging_mixin.py:188} INFO - [2024-05-05T13:50:59.522+0000] {dag.py:3823} INFO - Setting next_dagrun for example_short_circuit_operator to 2024-05-04 00:00:00+00:00, run_after=2024-05-05 00:00:00+00:00
[2024-05-05T13:50:59.554+0000] {processor.py:183} INFO - Processing /home/airflow/.local/lib/python3.8/site-packages/airflow/example_dags/example_short_circuit_operator.py took 0.124 seconds
[2024-05-05T13:51:29.898+0000] {processor.py:161} INFO - Started process (PID=94766) to work on /home/airflow/.local/lib/python3.8/site-packages/airflow/example_dags/example_short_circuit_operator.py
[2024-05-05T13:51:29.899+0000] {processor.py:830} INFO - Processing file /home/airflow/.local/lib/python3.8/site-packages/airflow/example_dags/example_short_circuit_operator.py for tasks to queue
[2024-05-05T13:51:29.900+0000] {logging_mixin.py:188} INFO - [2024-05-05T13:51:29.900+0000] {dagbag.py:538} INFO - Filling up the DagBag from /home/airflow/.local/lib/python3.8/site-packages/airflow/example_dags/example_short_circuit_operator.py
[2024-05-05T13:51:29.909+0000] {processor.py:840} INFO - DAG(s) 'example_short_circuit_operator' retrieved from /home/airflow/.local/lib/python3.8/site-packages/airflow/example_dags/example_short_circuit_operator.py
[2024-05-05T13:51:29.937+0000] {logging_mixin.py:188} INFO - [2024-05-05T13:51:29.936+0000] {dag.py:3036} INFO - Sync 1 DAGs
[2024-05-05T13:51:29.958+0000] {logging_mixin.py:188} INFO - [2024-05-05T13:51:29.958+0000] {dag.py:3823} INFO - Setting next_dagrun for example_short_circuit_operator to 2024-05-04 00:00:00+00:00, run_after=2024-05-05 00:00:00+00:00
[2024-05-05T13:51:29.989+0000] {processor.py:183} INFO - Processing /home/airflow/.local/lib/python3.8/site-packages/airflow/example_dags/example_short_circuit_operator.py took 0.094 seconds
[2024-05-05T13:52:00.256+0000] {processor.py:161} INFO - Started process (PID=94831) to work on /home/airflow/.local/lib/python3.8/site-packages/airflow/example_dags/example_short_circuit_operator.py
[2024-05-05T13:52:00.257+0000] {processor.py:830} INFO - Processing file /home/airflow/.local/lib/python3.8/site-packages/airflow/example_dags/example_short_circuit_operator.py for tasks to queue
[2024-05-05T13:52:00.258+0000] {logging_mixin.py:188} INFO - [2024-05-05T13:52:00.258+0000] {dagbag.py:538} INFO - Filling up the DagBag from /home/airflow/.local/lib/python3.8/site-packages/airflow/example_dags/example_short_circuit_operator.py
[2024-05-05T13:52:00.267+0000] {processor.py:840} INFO - DAG(s) 'example_short_circuit_operator' retrieved from /home/airflow/.local/lib/python3.8/site-packages/airflow/example_dags/example_short_circuit_operator.py
[2024-05-05T13:52:00.290+0000] {logging_mixin.py:188} INFO - [2024-05-05T13:52:00.289+0000] {dag.py:3036} INFO - Sync 1 DAGs
[2024-05-05T13:52:00.311+0000] {logging_mixin.py:188} INFO - [2024-05-05T13:52:00.311+0000] {dag.py:3823} INFO - Setting next_dagrun for example_short_circuit_operator to 2024-05-04 00:00:00+00:00, run_after=2024-05-05 00:00:00+00:00
[2024-05-05T13:52:00.327+0000] {processor.py:183} INFO - Processing /home/airflow/.local/lib/python3.8/site-packages/airflow/example_dags/example_short_circuit_operator.py took 0.073 seconds
[2024-05-05T13:52:31.002+0000] {processor.py:161} INFO - Started process (PID=94906) to work on /home/airflow/.local/lib/python3.8/site-packages/airflow/example_dags/example_short_circuit_operator.py
[2024-05-05T13:52:31.003+0000] {processor.py:830} INFO - Processing file /home/airflow/.local/lib/python3.8/site-packages/airflow/example_dags/example_short_circuit_operator.py for tasks to queue
[2024-05-05T13:52:31.004+0000] {logging_mixin.py:188} INFO - [2024-05-05T13:52:31.004+0000] {dagbag.py:538} INFO - Filling up the DagBag from /home/airflow/.local/lib/python3.8/site-packages/airflow/example_dags/example_short_circuit_operator.py
[2024-05-05T13:52:31.018+0000] {processor.py:840} INFO - DAG(s) 'example_short_circuit_operator' retrieved from /home/airflow/.local/lib/python3.8/site-packages/airflow/example_dags/example_short_circuit_operator.py
[2024-05-05T13:52:31.063+0000] {logging_mixin.py:188} INFO - [2024-05-05T13:52:31.062+0000] {dag.py:3036} INFO - Sync 1 DAGs
[2024-05-05T13:52:31.107+0000] {logging_mixin.py:188} INFO - [2024-05-05T13:52:31.107+0000] {dag.py:3823} INFO - Setting next_dagrun for example_short_circuit_operator to 2024-05-04 00:00:00+00:00, run_after=2024-05-05 00:00:00+00:00
[2024-05-05T13:52:31.126+0000] {processor.py:183} INFO - Processing /home/airflow/.local/lib/python3.8/site-packages/airflow/example_dags/example_short_circuit_operator.py took 0.126 seconds
