[2024-05-05T13:46:29.492+0000] {processor.py:161} INFO - Started process (PID=94088) to work on /home/airflow/.local/lib/python3.8/site-packages/airflow/example_dags/example_branch_operator.py
[2024-05-05T13:46:29.493+0000] {processor.py:830} INFO - Processing file /home/airflow/.local/lib/python3.8/site-packages/airflow/example_dags/example_branch_operator.py for tasks to queue
[2024-05-05T13:46:29.494+0000] {logging_mixin.py:188} INFO - [2024-05-05T13:46:29.494+0000] {dagbag.py:538} INFO - Filling up the DagBag from /home/airflow/.local/lib/python3.8/site-packages/airflow/example_dags/example_branch_operator.py
[2024-05-05T13:46:29.524+0000] {processor.py:840} INFO - DAG(s) 'example_branch_operator' retrieved from /home/airflow/.local/lib/python3.8/site-packages/airflow/example_dags/example_branch_operator.py
[2024-05-05T13:46:29.583+0000] {logging_mixin.py:188} INFO - [2024-05-05T13:46:29.582+0000] {dag.py:3036} INFO - Sync 1 DAGs
[2024-05-05T13:46:29.618+0000] {logging_mixin.py:188} INFO - [2024-05-05T13:46:29.618+0000] {dag.py:3823} INFO - Setting next_dagrun for example_branch_operator to 2024-05-04 00:00:00+00:00, run_after=2024-05-05 00:00:00+00:00
[2024-05-05T13:46:29.677+0000] {processor.py:183} INFO - Processing /home/airflow/.local/lib/python3.8/site-packages/airflow/example_dags/example_branch_operator.py took 0.187 seconds
[2024-05-05T13:47:00.189+0000] {processor.py:161} INFO - Started process (PID=94155) to work on /home/airflow/.local/lib/python3.8/site-packages/airflow/example_dags/example_branch_operator.py
[2024-05-05T13:47:00.190+0000] {processor.py:830} INFO - Processing file /home/airflow/.local/lib/python3.8/site-packages/airflow/example_dags/example_branch_operator.py for tasks to queue
[2024-05-05T13:47:00.197+0000] {logging_mixin.py:188} INFO - [2024-05-05T13:47:00.195+0000] {dagbag.py:538} INFO - Filling up the DagBag from /home/airflow/.local/lib/python3.8/site-packages/airflow/example_dags/example_branch_operator.py
[2024-05-05T13:47:00.234+0000] {processor.py:840} INFO - DAG(s) 'example_branch_operator' retrieved from /home/airflow/.local/lib/python3.8/site-packages/airflow/example_dags/example_branch_operator.py
[2024-05-05T13:47:00.278+0000] {logging_mixin.py:188} INFO - [2024-05-05T13:47:00.277+0000] {dag.py:3036} INFO - Sync 1 DAGs
[2024-05-05T13:47:00.570+0000] {logging_mixin.py:188} INFO - [2024-05-05T13:47:00.570+0000] {dag.py:3823} INFO - Setting next_dagrun for example_branch_operator to 2024-05-04 00:00:00+00:00, run_after=2024-05-05 00:00:00+00:00
[2024-05-05T13:47:00.622+0000] {processor.py:183} INFO - Processing /home/airflow/.local/lib/python3.8/site-packages/airflow/example_dags/example_branch_operator.py took 0.436 seconds
[2024-05-05T13:47:30.729+0000] {processor.py:161} INFO - Started process (PID=94228) to work on /home/airflow/.local/lib/python3.8/site-packages/airflow/example_dags/example_branch_operator.py
[2024-05-05T13:47:30.730+0000] {processor.py:830} INFO - Processing file /home/airflow/.local/lib/python3.8/site-packages/airflow/example_dags/example_branch_operator.py for tasks to queue
[2024-05-05T13:47:30.732+0000] {logging_mixin.py:188} INFO - [2024-05-05T13:47:30.732+0000] {dagbag.py:538} INFO - Filling up the DagBag from /home/airflow/.local/lib/python3.8/site-packages/airflow/example_dags/example_branch_operator.py
[2024-05-05T13:47:30.771+0000] {processor.py:840} INFO - DAG(s) 'example_branch_operator' retrieved from /home/airflow/.local/lib/python3.8/site-packages/airflow/example_dags/example_branch_operator.py
[2024-05-05T13:47:30.825+0000] {logging_mixin.py:188} INFO - [2024-05-05T13:47:30.825+0000] {dag.py:3036} INFO - Sync 1 DAGs
[2024-05-05T13:47:31.025+0000] {logging_mixin.py:188} INFO - [2024-05-05T13:47:31.024+0000] {dag.py:3823} INFO - Setting next_dagrun for example_branch_operator to 2024-05-04 00:00:00+00:00, run_after=2024-05-05 00:00:00+00:00
[2024-05-05T13:47:31.052+0000] {processor.py:183} INFO - Processing /home/airflow/.local/lib/python3.8/site-packages/airflow/example_dags/example_branch_operator.py took 0.327 seconds
[2024-05-05T13:48:01.829+0000] {processor.py:161} INFO - Started process (PID=94295) to work on /home/airflow/.local/lib/python3.8/site-packages/airflow/example_dags/example_branch_operator.py
[2024-05-05T13:48:01.830+0000] {processor.py:830} INFO - Processing file /home/airflow/.local/lib/python3.8/site-packages/airflow/example_dags/example_branch_operator.py for tasks to queue
[2024-05-05T13:48:01.831+0000] {logging_mixin.py:188} INFO - [2024-05-05T13:48:01.831+0000] {dagbag.py:538} INFO - Filling up the DagBag from /home/airflow/.local/lib/python3.8/site-packages/airflow/example_dags/example_branch_operator.py
[2024-05-05T13:48:01.854+0000] {processor.py:840} INFO - DAG(s) 'example_branch_operator' retrieved from /home/airflow/.local/lib/python3.8/site-packages/airflow/example_dags/example_branch_operator.py
[2024-05-05T13:48:01.891+0000] {logging_mixin.py:188} INFO - [2024-05-05T13:48:01.890+0000] {dag.py:3036} INFO - Sync 1 DAGs
[2024-05-05T13:48:01.923+0000] {logging_mixin.py:188} INFO - [2024-05-05T13:48:01.923+0000] {dag.py:3823} INFO - Setting next_dagrun for example_branch_operator to 2024-05-04 00:00:00+00:00, run_after=2024-05-05 00:00:00+00:00
[2024-05-05T13:48:02.119+0000] {processor.py:183} INFO - Processing /home/airflow/.local/lib/python3.8/site-packages/airflow/example_dags/example_branch_operator.py took 0.294 seconds
[2024-05-05T13:48:32.708+0000] {processor.py:161} INFO - Started process (PID=94361) to work on /home/airflow/.local/lib/python3.8/site-packages/airflow/example_dags/example_branch_operator.py
[2024-05-05T13:48:32.709+0000] {processor.py:830} INFO - Processing file /home/airflow/.local/lib/python3.8/site-packages/airflow/example_dags/example_branch_operator.py for tasks to queue
[2024-05-05T13:48:32.710+0000] {logging_mixin.py:188} INFO - [2024-05-05T13:48:32.710+0000] {dagbag.py:538} INFO - Filling up the DagBag from /home/airflow/.local/lib/python3.8/site-packages/airflow/example_dags/example_branch_operator.py
[2024-05-05T13:48:32.726+0000] {processor.py:840} INFO - DAG(s) 'example_branch_operator' retrieved from /home/airflow/.local/lib/python3.8/site-packages/airflow/example_dags/example_branch_operator.py
[2024-05-05T13:48:32.752+0000] {logging_mixin.py:188} INFO - [2024-05-05T13:48:32.751+0000] {dag.py:3036} INFO - Sync 1 DAGs
[2024-05-05T13:48:32.771+0000] {logging_mixin.py:188} INFO - [2024-05-05T13:48:32.771+0000] {dag.py:3823} INFO - Setting next_dagrun for example_branch_operator to 2024-05-04 00:00:00+00:00, run_after=2024-05-05 00:00:00+00:00
[2024-05-05T13:48:32.788+0000] {processor.py:183} INFO - Processing /home/airflow/.local/lib/python3.8/site-packages/airflow/example_dags/example_branch_operator.py took 0.083 seconds
[2024-05-05T13:49:03.659+0000] {processor.py:161} INFO - Started process (PID=94435) to work on /home/airflow/.local/lib/python3.8/site-packages/airflow/example_dags/example_branch_operator.py
[2024-05-05T13:49:03.661+0000] {processor.py:830} INFO - Processing file /home/airflow/.local/lib/python3.8/site-packages/airflow/example_dags/example_branch_operator.py for tasks to queue
[2024-05-05T13:49:03.665+0000] {logging_mixin.py:188} INFO - [2024-05-05T13:49:03.664+0000] {dagbag.py:538} INFO - Filling up the DagBag from /home/airflow/.local/lib/python3.8/site-packages/airflow/example_dags/example_branch_operator.py
[2024-05-05T13:49:03.698+0000] {processor.py:840} INFO - DAG(s) 'example_branch_operator' retrieved from /home/airflow/.local/lib/python3.8/site-packages/airflow/example_dags/example_branch_operator.py
[2024-05-05T13:49:03.750+0000] {logging_mixin.py:188} INFO - [2024-05-05T13:49:03.750+0000] {dag.py:3036} INFO - Sync 1 DAGs
[2024-05-05T13:49:03.797+0000] {logging_mixin.py:188} INFO - [2024-05-05T13:49:03.796+0000] {dag.py:3823} INFO - Setting next_dagrun for example_branch_operator to 2024-05-04 00:00:00+00:00, run_after=2024-05-05 00:00:00+00:00
[2024-05-05T13:49:03.836+0000] {processor.py:183} INFO - Processing /home/airflow/.local/lib/python3.8/site-packages/airflow/example_dags/example_branch_operator.py took 0.185 seconds
[2024-05-05T13:49:34.055+0000] {processor.py:161} INFO - Started process (PID=94502) to work on /home/airflow/.local/lib/python3.8/site-packages/airflow/example_dags/example_branch_operator.py
[2024-05-05T13:49:34.056+0000] {processor.py:830} INFO - Processing file /home/airflow/.local/lib/python3.8/site-packages/airflow/example_dags/example_branch_operator.py for tasks to queue
[2024-05-05T13:49:34.057+0000] {logging_mixin.py:188} INFO - [2024-05-05T13:49:34.056+0000] {dagbag.py:538} INFO - Filling up the DagBag from /home/airflow/.local/lib/python3.8/site-packages/airflow/example_dags/example_branch_operator.py
[2024-05-05T13:49:34.073+0000] {processor.py:840} INFO - DAG(s) 'example_branch_operator' retrieved from /home/airflow/.local/lib/python3.8/site-packages/airflow/example_dags/example_branch_operator.py
[2024-05-05T13:49:34.104+0000] {logging_mixin.py:188} INFO - [2024-05-05T13:49:34.104+0000] {dag.py:3036} INFO - Sync 1 DAGs
[2024-05-05T13:49:34.128+0000] {logging_mixin.py:188} INFO - [2024-05-05T13:49:34.128+0000] {dag.py:3823} INFO - Setting next_dagrun for example_branch_operator to 2024-05-04 00:00:00+00:00, run_after=2024-05-05 00:00:00+00:00
[2024-05-05T13:49:34.147+0000] {processor.py:183} INFO - Processing /home/airflow/.local/lib/python3.8/site-packages/airflow/example_dags/example_branch_operator.py took 0.096 seconds
[2024-05-05T13:50:04.843+0000] {processor.py:161} INFO - Started process (PID=94577) to work on /home/airflow/.local/lib/python3.8/site-packages/airflow/example_dags/example_branch_operator.py
[2024-05-05T13:50:04.844+0000] {processor.py:830} INFO - Processing file /home/airflow/.local/lib/python3.8/site-packages/airflow/example_dags/example_branch_operator.py for tasks to queue
[2024-05-05T13:50:04.849+0000] {logging_mixin.py:188} INFO - [2024-05-05T13:50:04.844+0000] {dagbag.py:538} INFO - Filling up the DagBag from /home/airflow/.local/lib/python3.8/site-packages/airflow/example_dags/example_branch_operator.py
[2024-05-05T13:50:04.891+0000] {processor.py:840} INFO - DAG(s) 'example_branch_operator' retrieved from /home/airflow/.local/lib/python3.8/site-packages/airflow/example_dags/example_branch_operator.py
[2024-05-05T13:50:04.931+0000] {logging_mixin.py:188} INFO - [2024-05-05T13:50:04.930+0000] {dag.py:3036} INFO - Sync 1 DAGs
[2024-05-05T13:50:04.982+0000] {logging_mixin.py:188} INFO - [2024-05-05T13:50:04.981+0000] {dag.py:3823} INFO - Setting next_dagrun for example_branch_operator to 2024-05-04 00:00:00+00:00, run_after=2024-05-05 00:00:00+00:00
[2024-05-05T13:50:05.034+0000] {processor.py:183} INFO - Processing /home/airflow/.local/lib/python3.8/site-packages/airflow/example_dags/example_branch_operator.py took 0.195 seconds
[2024-05-05T13:50:35.267+0000] {processor.py:161} INFO - Started process (PID=94644) to work on /home/airflow/.local/lib/python3.8/site-packages/airflow/example_dags/example_branch_operator.py
[2024-05-05T13:50:35.268+0000] {processor.py:830} INFO - Processing file /home/airflow/.local/lib/python3.8/site-packages/airflow/example_dags/example_branch_operator.py for tasks to queue
[2024-05-05T13:50:35.269+0000] {logging_mixin.py:188} INFO - [2024-05-05T13:50:35.268+0000] {dagbag.py:538} INFO - Filling up the DagBag from /home/airflow/.local/lib/python3.8/site-packages/airflow/example_dags/example_branch_operator.py
[2024-05-05T13:50:35.285+0000] {processor.py:840} INFO - DAG(s) 'example_branch_operator' retrieved from /home/airflow/.local/lib/python3.8/site-packages/airflow/example_dags/example_branch_operator.py
[2024-05-05T13:50:35.325+0000] {logging_mixin.py:188} INFO - [2024-05-05T13:50:35.325+0000] {dag.py:3036} INFO - Sync 1 DAGs
[2024-05-05T13:50:35.346+0000] {logging_mixin.py:188} INFO - [2024-05-05T13:50:35.346+0000] {dag.py:3823} INFO - Setting next_dagrun for example_branch_operator to 2024-05-04 00:00:00+00:00, run_after=2024-05-05 00:00:00+00:00
[2024-05-05T13:50:35.365+0000] {processor.py:183} INFO - Processing /home/airflow/.local/lib/python3.8/site-packages/airflow/example_dags/example_branch_operator.py took 0.101 seconds
[2024-05-05T13:51:05.418+0000] {processor.py:161} INFO - Started process (PID=94711) to work on /home/airflow/.local/lib/python3.8/site-packages/airflow/example_dags/example_branch_operator.py
[2024-05-05T13:51:05.420+0000] {processor.py:830} INFO - Processing file /home/airflow/.local/lib/python3.8/site-packages/airflow/example_dags/example_branch_operator.py for tasks to queue
[2024-05-05T13:51:05.421+0000] {logging_mixin.py:188} INFO - [2024-05-05T13:51:05.421+0000] {dagbag.py:538} INFO - Filling up the DagBag from /home/airflow/.local/lib/python3.8/site-packages/airflow/example_dags/example_branch_operator.py
[2024-05-05T13:51:05.446+0000] {processor.py:840} INFO - DAG(s) 'example_branch_operator' retrieved from /home/airflow/.local/lib/python3.8/site-packages/airflow/example_dags/example_branch_operator.py
[2024-05-05T13:51:05.481+0000] {logging_mixin.py:188} INFO - [2024-05-05T13:51:05.481+0000] {dag.py:3036} INFO - Sync 1 DAGs
[2024-05-05T13:51:05.504+0000] {logging_mixin.py:188} INFO - [2024-05-05T13:51:05.503+0000] {dag.py:3823} INFO - Setting next_dagrun for example_branch_operator to 2024-05-04 00:00:00+00:00, run_after=2024-05-05 00:00:00+00:00
[2024-05-05T13:51:05.527+0000] {processor.py:183} INFO - Processing /home/airflow/.local/lib/python3.8/site-packages/airflow/example_dags/example_branch_operator.py took 0.112 seconds
[2024-05-05T13:51:35.838+0000] {processor.py:161} INFO - Started process (PID=94785) to work on /home/airflow/.local/lib/python3.8/site-packages/airflow/example_dags/example_branch_operator.py
[2024-05-05T13:51:35.841+0000] {processor.py:830} INFO - Processing file /home/airflow/.local/lib/python3.8/site-packages/airflow/example_dags/example_branch_operator.py for tasks to queue
[2024-05-05T13:51:35.844+0000] {logging_mixin.py:188} INFO - [2024-05-05T13:51:35.844+0000] {dagbag.py:538} INFO - Filling up the DagBag from /home/airflow/.local/lib/python3.8/site-packages/airflow/example_dags/example_branch_operator.py
[2024-05-05T13:51:35.877+0000] {processor.py:840} INFO - DAG(s) 'example_branch_operator' retrieved from /home/airflow/.local/lib/python3.8/site-packages/airflow/example_dags/example_branch_operator.py
[2024-05-05T13:51:35.927+0000] {logging_mixin.py:188} INFO - [2024-05-05T13:51:35.927+0000] {dag.py:3036} INFO - Sync 1 DAGs
[2024-05-05T13:51:35.968+0000] {logging_mixin.py:188} INFO - [2024-05-05T13:51:35.968+0000] {dag.py:3823} INFO - Setting next_dagrun for example_branch_operator to 2024-05-04 00:00:00+00:00, run_after=2024-05-05 00:00:00+00:00
[2024-05-05T13:51:35.989+0000] {processor.py:183} INFO - Processing /home/airflow/.local/lib/python3.8/site-packages/airflow/example_dags/example_branch_operator.py took 0.156 seconds
[2024-05-05T13:52:06.440+0000] {processor.py:161} INFO - Started process (PID=94852) to work on /home/airflow/.local/lib/python3.8/site-packages/airflow/example_dags/example_branch_operator.py
[2024-05-05T13:52:06.441+0000] {processor.py:830} INFO - Processing file /home/airflow/.local/lib/python3.8/site-packages/airflow/example_dags/example_branch_operator.py for tasks to queue
[2024-05-05T13:52:06.441+0000] {logging_mixin.py:188} INFO - [2024-05-05T13:52:06.441+0000] {dagbag.py:538} INFO - Filling up the DagBag from /home/airflow/.local/lib/python3.8/site-packages/airflow/example_dags/example_branch_operator.py
[2024-05-05T13:52:06.460+0000] {processor.py:840} INFO - DAG(s) 'example_branch_operator' retrieved from /home/airflow/.local/lib/python3.8/site-packages/airflow/example_dags/example_branch_operator.py
[2024-05-05T13:52:06.499+0000] {logging_mixin.py:188} INFO - [2024-05-05T13:52:06.499+0000] {dag.py:3036} INFO - Sync 1 DAGs
[2024-05-05T13:52:06.519+0000] {logging_mixin.py:188} INFO - [2024-05-05T13:52:06.518+0000] {dag.py:3823} INFO - Setting next_dagrun for example_branch_operator to 2024-05-04 00:00:00+00:00, run_after=2024-05-05 00:00:00+00:00
[2024-05-05T13:52:06.540+0000] {processor.py:183} INFO - Processing /home/airflow/.local/lib/python3.8/site-packages/airflow/example_dags/example_branch_operator.py took 0.103 seconds
[2024-05-05T13:52:36.867+0000] {processor.py:161} INFO - Started process (PID=94918) to work on /home/airflow/.local/lib/python3.8/site-packages/airflow/example_dags/example_branch_operator.py
[2024-05-05T13:52:36.868+0000] {processor.py:830} INFO - Processing file /home/airflow/.local/lib/python3.8/site-packages/airflow/example_dags/example_branch_operator.py for tasks to queue
[2024-05-05T13:52:36.869+0000] {logging_mixin.py:188} INFO - [2024-05-05T13:52:36.869+0000] {dagbag.py:538} INFO - Filling up the DagBag from /home/airflow/.local/lib/python3.8/site-packages/airflow/example_dags/example_branch_operator.py
[2024-05-05T13:52:36.889+0000] {processor.py:840} INFO - DAG(s) 'example_branch_operator' retrieved from /home/airflow/.local/lib/python3.8/site-packages/airflow/example_dags/example_branch_operator.py
[2024-05-05T13:52:36.925+0000] {logging_mixin.py:188} INFO - [2024-05-05T13:52:36.925+0000] {dag.py:3036} INFO - Sync 1 DAGs
[2024-05-05T13:52:36.956+0000] {logging_mixin.py:188} INFO - [2024-05-05T13:52:36.956+0000] {dag.py:3823} INFO - Setting next_dagrun for example_branch_operator to 2024-05-04 00:00:00+00:00, run_after=2024-05-05 00:00:00+00:00
[2024-05-05T13:52:37.001+0000] {processor.py:183} INFO - Processing /home/airflow/.local/lib/python3.8/site-packages/airflow/example_dags/example_branch_operator.py took 0.138 seconds
