[2024-05-05T13:46:18.903+0000] {processor.py:161} INFO - Started process (PID=94059) to work on /home/airflow/.local/lib/python3.8/site-packages/airflow/example_dags/example_sla_dag.py
[2024-05-05T13:46:18.904+0000] {processor.py:830} INFO - Processing file /home/airflow/.local/lib/python3.8/site-packages/airflow/example_dags/example_sla_dag.py for tasks to queue
[2024-05-05T13:46:18.904+0000] {logging_mixin.py:188} INFO - [2024-05-05T13:46:18.904+0000] {dagbag.py:538} INFO - Filling up the DagBag from /home/airflow/.local/lib/python3.8/site-packages/airflow/example_dags/example_sla_dag.py
[2024-05-05T13:46:18.913+0000] {processor.py:840} INFO - DAG(s) 'example_sla_dag' retrieved from /home/airflow/.local/lib/python3.8/site-packages/airflow/example_dags/example_sla_dag.py
[2024-05-05T13:46:18.939+0000] {logging_mixin.py:188} INFO - [2024-05-05T13:46:18.936+0000] {dag.py:3036} INFO - Sync 1 DAGs
[2024-05-05T13:46:18.975+0000] {logging_mixin.py:188} INFO - [2024-05-05T13:46:18.975+0000] {dag.py:3823} INFO - Setting next_dagrun for example_sla_dag to 2024-05-05 13:44:00+00:00, run_after=2024-05-05 13:46:00+00:00
[2024-05-05T13:46:19.000+0000] {processor.py:183} INFO - Processing /home/airflow/.local/lib/python3.8/site-packages/airflow/example_dags/example_sla_dag.py took 0.100 seconds
[2024-05-05T13:46:49.276+0000] {processor.py:161} INFO - Started process (PID=94126) to work on /home/airflow/.local/lib/python3.8/site-packages/airflow/example_dags/example_sla_dag.py
[2024-05-05T13:46:49.283+0000] {processor.py:830} INFO - Processing file /home/airflow/.local/lib/python3.8/site-packages/airflow/example_dags/example_sla_dag.py for tasks to queue
[2024-05-05T13:46:49.284+0000] {logging_mixin.py:188} INFO - [2024-05-05T13:46:49.284+0000] {dagbag.py:538} INFO - Filling up the DagBag from /home/airflow/.local/lib/python3.8/site-packages/airflow/example_dags/example_sla_dag.py
[2024-05-05T13:46:49.321+0000] {processor.py:840} INFO - DAG(s) 'example_sla_dag' retrieved from /home/airflow/.local/lib/python3.8/site-packages/airflow/example_dags/example_sla_dag.py
[2024-05-05T13:46:49.411+0000] {logging_mixin.py:188} INFO - [2024-05-05T13:46:49.407+0000] {dag.py:3036} INFO - Sync 1 DAGs
[2024-05-05T13:46:49.518+0000] {logging_mixin.py:188} INFO - [2024-05-05T13:46:49.518+0000] {dag.py:3823} INFO - Setting next_dagrun for example_sla_dag to 2024-05-05 13:44:00+00:00, run_after=2024-05-05 13:46:00+00:00
[2024-05-05T13:46:49.559+0000] {processor.py:183} INFO - Processing /home/airflow/.local/lib/python3.8/site-packages/airflow/example_dags/example_sla_dag.py took 0.290 seconds
[2024-05-05T13:47:20.561+0000] {processor.py:161} INFO - Started process (PID=94201) to work on /home/airflow/.local/lib/python3.8/site-packages/airflow/example_dags/example_sla_dag.py
[2024-05-05T13:47:20.562+0000] {processor.py:830} INFO - Processing file /home/airflow/.local/lib/python3.8/site-packages/airflow/example_dags/example_sla_dag.py for tasks to queue
[2024-05-05T13:47:20.563+0000] {logging_mixin.py:188} INFO - [2024-05-05T13:47:20.563+0000] {dagbag.py:538} INFO - Filling up the DagBag from /home/airflow/.local/lib/python3.8/site-packages/airflow/example_dags/example_sla_dag.py
[2024-05-05T13:47:20.571+0000] {processor.py:840} INFO - DAG(s) 'example_sla_dag' retrieved from /home/airflow/.local/lib/python3.8/site-packages/airflow/example_dags/example_sla_dag.py
[2024-05-05T13:47:20.590+0000] {logging_mixin.py:188} INFO - [2024-05-05T13:47:20.590+0000] {dag.py:3036} INFO - Sync 1 DAGs
[2024-05-05T13:47:20.618+0000] {logging_mixin.py:188} INFO - [2024-05-05T13:47:20.618+0000] {dag.py:3823} INFO - Setting next_dagrun for example_sla_dag to 2024-05-05 13:44:00+00:00, run_after=2024-05-05 13:46:00+00:00
[2024-05-05T13:47:20.642+0000] {processor.py:183} INFO - Processing /home/airflow/.local/lib/python3.8/site-packages/airflow/example_dags/example_sla_dag.py took 0.083 seconds
[2024-05-05T13:47:50.943+0000] {processor.py:161} INFO - Started process (PID=94267) to work on /home/airflow/.local/lib/python3.8/site-packages/airflow/example_dags/example_sla_dag.py
[2024-05-05T13:47:50.946+0000] {processor.py:830} INFO - Processing file /home/airflow/.local/lib/python3.8/site-packages/airflow/example_dags/example_sla_dag.py for tasks to queue
[2024-05-05T13:47:50.946+0000] {logging_mixin.py:188} INFO - [2024-05-05T13:47:50.946+0000] {dagbag.py:538} INFO - Filling up the DagBag from /home/airflow/.local/lib/python3.8/site-packages/airflow/example_dags/example_sla_dag.py
[2024-05-05T13:47:50.959+0000] {processor.py:840} INFO - DAG(s) 'example_sla_dag' retrieved from /home/airflow/.local/lib/python3.8/site-packages/airflow/example_dags/example_sla_dag.py
[2024-05-05T13:47:51.238+0000] {logging_mixin.py:188} INFO - [2024-05-05T13:47:51.238+0000] {dag.py:3036} INFO - Sync 1 DAGs
[2024-05-05T13:47:51.263+0000] {logging_mixin.py:188} INFO - [2024-05-05T13:47:51.262+0000] {dag.py:3823} INFO - Setting next_dagrun for example_sla_dag to 2024-05-05 13:44:00+00:00, run_after=2024-05-05 13:46:00+00:00
[2024-05-05T13:47:51.292+0000] {processor.py:183} INFO - Processing /home/airflow/.local/lib/python3.8/site-packages/airflow/example_dags/example_sla_dag.py took 0.352 seconds
[2024-05-05T13:48:21.880+0000] {processor.py:161} INFO - Started process (PID=94341) to work on /home/airflow/.local/lib/python3.8/site-packages/airflow/example_dags/example_sla_dag.py
[2024-05-05T13:48:21.881+0000] {processor.py:830} INFO - Processing file /home/airflow/.local/lib/python3.8/site-packages/airflow/example_dags/example_sla_dag.py for tasks to queue
[2024-05-05T13:48:21.882+0000] {logging_mixin.py:188} INFO - [2024-05-05T13:48:21.882+0000] {dagbag.py:538} INFO - Filling up the DagBag from /home/airflow/.local/lib/python3.8/site-packages/airflow/example_dags/example_sla_dag.py
[2024-05-05T13:48:21.891+0000] {processor.py:840} INFO - DAG(s) 'example_sla_dag' retrieved from /home/airflow/.local/lib/python3.8/site-packages/airflow/example_dags/example_sla_dag.py
[2024-05-05T13:48:21.944+0000] {logging_mixin.py:188} INFO - [2024-05-05T13:48:21.943+0000] {dag.py:3036} INFO - Sync 1 DAGs
[2024-05-05T13:48:22.218+0000] {logging_mixin.py:188} INFO - [2024-05-05T13:48:22.218+0000] {dag.py:3823} INFO - Setting next_dagrun for example_sla_dag to 2024-05-05 13:46:00+00:00, run_after=2024-05-05 13:48:00+00:00
[2024-05-05T13:48:22.280+0000] {processor.py:183} INFO - Processing /home/airflow/.local/lib/python3.8/site-packages/airflow/example_dags/example_sla_dag.py took 0.403 seconds
[2024-05-05T13:48:53.273+0000] {processor.py:161} INFO - Started process (PID=94409) to work on /home/airflow/.local/lib/python3.8/site-packages/airflow/example_dags/example_sla_dag.py
[2024-05-05T13:48:53.274+0000] {processor.py:830} INFO - Processing file /home/airflow/.local/lib/python3.8/site-packages/airflow/example_dags/example_sla_dag.py for tasks to queue
[2024-05-05T13:48:53.275+0000] {logging_mixin.py:188} INFO - [2024-05-05T13:48:53.275+0000] {dagbag.py:538} INFO - Filling up the DagBag from /home/airflow/.local/lib/python3.8/site-packages/airflow/example_dags/example_sla_dag.py
[2024-05-05T13:48:53.283+0000] {processor.py:840} INFO - DAG(s) 'example_sla_dag' retrieved from /home/airflow/.local/lib/python3.8/site-packages/airflow/example_dags/example_sla_dag.py
[2024-05-05T13:48:53.301+0000] {logging_mixin.py:188} INFO - [2024-05-05T13:48:53.301+0000] {dag.py:3036} INFO - Sync 1 DAGs
[2024-05-05T13:48:53.323+0000] {logging_mixin.py:188} INFO - [2024-05-05T13:48:53.323+0000] {dag.py:3823} INFO - Setting next_dagrun for example_sla_dag to 2024-05-05 13:46:00+00:00, run_after=2024-05-05 13:48:00+00:00
[2024-05-05T13:48:53.339+0000] {processor.py:183} INFO - Processing /home/airflow/.local/lib/python3.8/site-packages/airflow/example_dags/example_sla_dag.py took 0.069 seconds
[2024-05-05T13:49:23.380+0000] {processor.py:161} INFO - Started process (PID=94474) to work on /home/airflow/.local/lib/python3.8/site-packages/airflow/example_dags/example_sla_dag.py
[2024-05-05T13:49:23.381+0000] {processor.py:830} INFO - Processing file /home/airflow/.local/lib/python3.8/site-packages/airflow/example_dags/example_sla_dag.py for tasks to queue
[2024-05-05T13:49:23.382+0000] {logging_mixin.py:188} INFO - [2024-05-05T13:49:23.381+0000] {dagbag.py:538} INFO - Filling up the DagBag from /home/airflow/.local/lib/python3.8/site-packages/airflow/example_dags/example_sla_dag.py
[2024-05-05T13:49:23.388+0000] {processor.py:840} INFO - DAG(s) 'example_sla_dag' retrieved from /home/airflow/.local/lib/python3.8/site-packages/airflow/example_dags/example_sla_dag.py
[2024-05-05T13:49:23.405+0000] {logging_mixin.py:188} INFO - [2024-05-05T13:49:23.405+0000] {dag.py:3036} INFO - Sync 1 DAGs
[2024-05-05T13:49:23.427+0000] {logging_mixin.py:188} INFO - [2024-05-05T13:49:23.427+0000] {dag.py:3823} INFO - Setting next_dagrun for example_sla_dag to 2024-05-05 13:46:00+00:00, run_after=2024-05-05 13:48:00+00:00
[2024-05-05T13:49:23.444+0000] {processor.py:183} INFO - Processing /home/airflow/.local/lib/python3.8/site-packages/airflow/example_dags/example_sla_dag.py took 0.067 seconds
[2024-05-05T13:49:54.506+0000] {processor.py:161} INFO - Started process (PID=94550) to work on /home/airflow/.local/lib/python3.8/site-packages/airflow/example_dags/example_sla_dag.py
[2024-05-05T13:49:54.507+0000] {processor.py:830} INFO - Processing file /home/airflow/.local/lib/python3.8/site-packages/airflow/example_dags/example_sla_dag.py for tasks to queue
[2024-05-05T13:49:54.508+0000] {logging_mixin.py:188} INFO - [2024-05-05T13:49:54.508+0000] {dagbag.py:538} INFO - Filling up the DagBag from /home/airflow/.local/lib/python3.8/site-packages/airflow/example_dags/example_sla_dag.py
[2024-05-05T13:49:54.515+0000] {processor.py:840} INFO - DAG(s) 'example_sla_dag' retrieved from /home/airflow/.local/lib/python3.8/site-packages/airflow/example_dags/example_sla_dag.py
[2024-05-05T13:49:54.535+0000] {logging_mixin.py:188} INFO - [2024-05-05T13:49:54.535+0000] {dag.py:3036} INFO - Sync 1 DAGs
[2024-05-05T13:49:54.560+0000] {logging_mixin.py:188} INFO - [2024-05-05T13:49:54.560+0000] {dag.py:3823} INFO - Setting next_dagrun for example_sla_dag to 2024-05-05 13:46:00+00:00, run_after=2024-05-05 13:48:00+00:00
[2024-05-05T13:49:54.579+0000] {processor.py:183} INFO - Processing /home/airflow/.local/lib/python3.8/site-packages/airflow/example_dags/example_sla_dag.py took 0.075 seconds
[2024-05-05T13:50:24.770+0000] {processor.py:161} INFO - Started process (PID=94616) to work on /home/airflow/.local/lib/python3.8/site-packages/airflow/example_dags/example_sla_dag.py
[2024-05-05T13:50:24.771+0000] {processor.py:830} INFO - Processing file /home/airflow/.local/lib/python3.8/site-packages/airflow/example_dags/example_sla_dag.py for tasks to queue
[2024-05-05T13:50:24.772+0000] {logging_mixin.py:188} INFO - [2024-05-05T13:50:24.772+0000] {dagbag.py:538} INFO - Filling up the DagBag from /home/airflow/.local/lib/python3.8/site-packages/airflow/example_dags/example_sla_dag.py
[2024-05-05T13:50:24.781+0000] {processor.py:840} INFO - DAG(s) 'example_sla_dag' retrieved from /home/airflow/.local/lib/python3.8/site-packages/airflow/example_dags/example_sla_dag.py
[2024-05-05T13:50:24.803+0000] {logging_mixin.py:188} INFO - [2024-05-05T13:50:24.803+0000] {dag.py:3036} INFO - Sync 1 DAGs
[2024-05-05T13:50:24.831+0000] {logging_mixin.py:188} INFO - [2024-05-05T13:50:24.831+0000] {dag.py:3823} INFO - Setting next_dagrun for example_sla_dag to 2024-05-05 13:48:00+00:00, run_after=2024-05-05 13:50:00+00:00
[2024-05-05T13:50:24.852+0000] {processor.py:183} INFO - Processing /home/airflow/.local/lib/python3.8/site-packages/airflow/example_dags/example_sla_dag.py took 0.085 seconds
[2024-05-05T13:50:55.682+0000] {processor.py:161} INFO - Started process (PID=94684) to work on /home/airflow/.local/lib/python3.8/site-packages/airflow/example_dags/example_sla_dag.py
[2024-05-05T13:50:55.683+0000] {processor.py:830} INFO - Processing file /home/airflow/.local/lib/python3.8/site-packages/airflow/example_dags/example_sla_dag.py for tasks to queue
[2024-05-05T13:50:55.684+0000] {logging_mixin.py:188} INFO - [2024-05-05T13:50:55.684+0000] {dagbag.py:538} INFO - Filling up the DagBag from /home/airflow/.local/lib/python3.8/site-packages/airflow/example_dags/example_sla_dag.py
[2024-05-05T13:50:55.692+0000] {processor.py:840} INFO - DAG(s) 'example_sla_dag' retrieved from /home/airflow/.local/lib/python3.8/site-packages/airflow/example_dags/example_sla_dag.py
[2024-05-05T13:50:55.713+0000] {logging_mixin.py:188} INFO - [2024-05-05T13:50:55.712+0000] {dag.py:3036} INFO - Sync 1 DAGs
[2024-05-05T13:50:55.736+0000] {logging_mixin.py:188} INFO - [2024-05-05T13:50:55.736+0000] {dag.py:3823} INFO - Setting next_dagrun for example_sla_dag to 2024-05-05 13:48:00+00:00, run_after=2024-05-05 13:50:00+00:00
[2024-05-05T13:50:55.755+0000] {processor.py:183} INFO - Processing /home/airflow/.local/lib/python3.8/site-packages/airflow/example_dags/example_sla_dag.py took 0.076 seconds
[2024-05-05T13:51:26.316+0000] {processor.py:161} INFO - Started process (PID=94759) to work on /home/airflow/.local/lib/python3.8/site-packages/airflow/example_dags/example_sla_dag.py
[2024-05-05T13:51:26.317+0000] {processor.py:830} INFO - Processing file /home/airflow/.local/lib/python3.8/site-packages/airflow/example_dags/example_sla_dag.py for tasks to queue
[2024-05-05T13:51:26.318+0000] {logging_mixin.py:188} INFO - [2024-05-05T13:51:26.318+0000] {dagbag.py:538} INFO - Filling up the DagBag from /home/airflow/.local/lib/python3.8/site-packages/airflow/example_dags/example_sla_dag.py
[2024-05-05T13:51:26.327+0000] {processor.py:840} INFO - DAG(s) 'example_sla_dag' retrieved from /home/airflow/.local/lib/python3.8/site-packages/airflow/example_dags/example_sla_dag.py
[2024-05-05T13:51:26.350+0000] {logging_mixin.py:188} INFO - [2024-05-05T13:51:26.349+0000] {dag.py:3036} INFO - Sync 1 DAGs
[2024-05-05T13:51:26.380+0000] {logging_mixin.py:188} INFO - [2024-05-05T13:51:26.380+0000] {dag.py:3823} INFO - Setting next_dagrun for example_sla_dag to 2024-05-05 13:48:00+00:00, run_after=2024-05-05 13:50:00+00:00
[2024-05-05T13:51:26.405+0000] {processor.py:183} INFO - Processing /home/airflow/.local/lib/python3.8/site-packages/airflow/example_dags/example_sla_dag.py took 0.092 seconds
[2024-05-05T13:51:56.718+0000] {processor.py:161} INFO - Started process (PID=94824) to work on /home/airflow/.local/lib/python3.8/site-packages/airflow/example_dags/example_sla_dag.py
[2024-05-05T13:51:56.719+0000] {processor.py:830} INFO - Processing file /home/airflow/.local/lib/python3.8/site-packages/airflow/example_dags/example_sla_dag.py for tasks to queue
[2024-05-05T13:51:56.720+0000] {logging_mixin.py:188} INFO - [2024-05-05T13:51:56.720+0000] {dagbag.py:538} INFO - Filling up the DagBag from /home/airflow/.local/lib/python3.8/site-packages/airflow/example_dags/example_sla_dag.py
[2024-05-05T13:51:56.731+0000] {processor.py:840} INFO - DAG(s) 'example_sla_dag' retrieved from /home/airflow/.local/lib/python3.8/site-packages/airflow/example_dags/example_sla_dag.py
[2024-05-05T13:51:56.755+0000] {logging_mixin.py:188} INFO - [2024-05-05T13:51:56.754+0000] {dag.py:3036} INFO - Sync 1 DAGs
[2024-05-05T13:51:56.779+0000] {logging_mixin.py:188} INFO - [2024-05-05T13:51:56.779+0000] {dag.py:3823} INFO - Setting next_dagrun for example_sla_dag to 2024-05-05 13:48:00+00:00, run_after=2024-05-05 13:50:00+00:00
[2024-05-05T13:51:56.799+0000] {processor.py:183} INFO - Processing /home/airflow/.local/lib/python3.8/site-packages/airflow/example_dags/example_sla_dag.py took 0.084 seconds
[2024-05-05T13:52:27.258+0000] {processor.py:161} INFO - Started process (PID=94891) to work on /home/airflow/.local/lib/python3.8/site-packages/airflow/example_dags/example_sla_dag.py
[2024-05-05T13:52:27.265+0000] {processor.py:830} INFO - Processing file /home/airflow/.local/lib/python3.8/site-packages/airflow/example_dags/example_sla_dag.py for tasks to queue
[2024-05-05T13:52:27.266+0000] {logging_mixin.py:188} INFO - [2024-05-05T13:52:27.266+0000] {dagbag.py:538} INFO - Filling up the DagBag from /home/airflow/.local/lib/python3.8/site-packages/airflow/example_dags/example_sla_dag.py
[2024-05-05T13:52:27.275+0000] {processor.py:840} INFO - DAG(s) 'example_sla_dag' retrieved from /home/airflow/.local/lib/python3.8/site-packages/airflow/example_dags/example_sla_dag.py
[2024-05-05T13:52:27.296+0000] {logging_mixin.py:188} INFO - [2024-05-05T13:52:27.296+0000] {dag.py:3036} INFO - Sync 1 DAGs
[2024-05-05T13:52:27.325+0000] {logging_mixin.py:188} INFO - [2024-05-05T13:52:27.325+0000] {dag.py:3823} INFO - Setting next_dagrun for example_sla_dag to 2024-05-05 13:50:00+00:00, run_after=2024-05-05 13:52:00+00:00
[2024-05-05T13:52:27.358+0000] {processor.py:183} INFO - Processing /home/airflow/.local/lib/python3.8/site-packages/airflow/example_dags/example_sla_dag.py took 0.103 seconds
