[2024-05-05T13:46:27.324+0000] {processor.py:161} INFO - Started process (PID=94085) to work on /home/airflow/.local/lib/python3.8/site-packages/airflow/example_dags/example_xcom.py
[2024-05-05T13:46:27.326+0000] {processor.py:830} INFO - Processing file /home/airflow/.local/lib/python3.8/site-packages/airflow/example_dags/example_xcom.py for tasks to queue
[2024-05-05T13:46:27.328+0000] {logging_mixin.py:188} INFO - [2024-05-05T13:46:27.327+0000] {dagbag.py:538} INFO - Filling up the DagBag from /home/airflow/.local/lib/python3.8/site-packages/airflow/example_dags/example_xcom.py
[2024-05-05T13:46:27.335+0000] {processor.py:840} INFO - DAG(s) 'example_xcom' retrieved from /home/airflow/.local/lib/python3.8/site-packages/airflow/example_dags/example_xcom.py
[2024-05-05T13:46:27.369+0000] {logging_mixin.py:188} INFO - [2024-05-05T13:46:27.369+0000] {dag.py:3036} INFO - Sync 1 DAGs
[2024-05-05T13:46:27.395+0000] {logging_mixin.py:188} INFO - [2024-05-05T13:46:27.395+0000] {dag.py:3823} INFO - Setting next_dagrun for example_xcom to 2021-01-01 00:00:00+00:00, run_after=2021-01-01 00:00:00+00:00
[2024-05-05T13:46:27.428+0000] {processor.py:183} INFO - Processing /home/airflow/.local/lib/python3.8/site-packages/airflow/example_dags/example_xcom.py took 0.106 seconds
[2024-05-05T13:46:57.941+0000] {processor.py:161} INFO - Started process (PID=94153) to work on /home/airflow/.local/lib/python3.8/site-packages/airflow/example_dags/example_xcom.py
[2024-05-05T13:46:57.942+0000] {processor.py:830} INFO - Processing file /home/airflow/.local/lib/python3.8/site-packages/airflow/example_dags/example_xcom.py for tasks to queue
[2024-05-05T13:46:57.943+0000] {logging_mixin.py:188} INFO - [2024-05-05T13:46:57.943+0000] {dagbag.py:538} INFO - Filling up the DagBag from /home/airflow/.local/lib/python3.8/site-packages/airflow/example_dags/example_xcom.py
[2024-05-05T13:46:57.949+0000] {processor.py:840} INFO - DAG(s) 'example_xcom' retrieved from /home/airflow/.local/lib/python3.8/site-packages/airflow/example_dags/example_xcom.py
[2024-05-05T13:46:57.969+0000] {logging_mixin.py:188} INFO - [2024-05-05T13:46:57.968+0000] {dag.py:3036} INFO - Sync 1 DAGs
[2024-05-05T13:46:58.108+0000] {logging_mixin.py:188} INFO - [2024-05-05T13:46:58.108+0000] {dag.py:3823} INFO - Setting next_dagrun for example_xcom to 2021-01-01 00:00:00+00:00, run_after=2021-01-01 00:00:00+00:00
[2024-05-05T13:46:58.124+0000] {processor.py:183} INFO - Processing /home/airflow/.local/lib/python3.8/site-packages/airflow/example_dags/example_xcom.py took 0.185 seconds
[2024-05-05T13:47:28.672+0000] {processor.py:161} INFO - Started process (PID=94219) to work on /home/airflow/.local/lib/python3.8/site-packages/airflow/example_dags/example_xcom.py
[2024-05-05T13:47:28.673+0000] {processor.py:830} INFO - Processing file /home/airflow/.local/lib/python3.8/site-packages/airflow/example_dags/example_xcom.py for tasks to queue
[2024-05-05T13:47:28.674+0000] {logging_mixin.py:188} INFO - [2024-05-05T13:47:28.673+0000] {dagbag.py:538} INFO - Filling up the DagBag from /home/airflow/.local/lib/python3.8/site-packages/airflow/example_dags/example_xcom.py
[2024-05-05T13:47:28.681+0000] {processor.py:840} INFO - DAG(s) 'example_xcom' retrieved from /home/airflow/.local/lib/python3.8/site-packages/airflow/example_dags/example_xcom.py
[2024-05-05T13:47:28.700+0000] {logging_mixin.py:188} INFO - [2024-05-05T13:47:28.700+0000] {dag.py:3036} INFO - Sync 1 DAGs
[2024-05-05T13:47:28.721+0000] {logging_mixin.py:188} INFO - [2024-05-05T13:47:28.721+0000] {dag.py:3823} INFO - Setting next_dagrun for example_xcom to 2021-01-01 00:00:00+00:00, run_after=2021-01-01 00:00:00+00:00
[2024-05-05T13:47:28.874+0000] {processor.py:183} INFO - Processing /home/airflow/.local/lib/python3.8/site-packages/airflow/example_dags/example_xcom.py took 0.205 seconds
[2024-05-05T13:47:59.704+0000] {processor.py:161} INFO - Started process (PID=94293) to work on /home/airflow/.local/lib/python3.8/site-packages/airflow/example_dags/example_xcom.py
[2024-05-05T13:47:59.705+0000] {processor.py:830} INFO - Processing file /home/airflow/.local/lib/python3.8/site-packages/airflow/example_dags/example_xcom.py for tasks to queue
[2024-05-05T13:47:59.706+0000] {logging_mixin.py:188} INFO - [2024-05-05T13:47:59.706+0000] {dagbag.py:538} INFO - Filling up the DagBag from /home/airflow/.local/lib/python3.8/site-packages/airflow/example_dags/example_xcom.py
[2024-05-05T13:47:59.712+0000] {processor.py:840} INFO - DAG(s) 'example_xcom' retrieved from /home/airflow/.local/lib/python3.8/site-packages/airflow/example_dags/example_xcom.py
[2024-05-05T13:47:59.731+0000] {logging_mixin.py:188} INFO - [2024-05-05T13:47:59.731+0000] {dag.py:3036} INFO - Sync 1 DAGs
[2024-05-05T13:47:59.750+0000] {logging_mixin.py:188} INFO - [2024-05-05T13:47:59.750+0000] {dag.py:3823} INFO - Setting next_dagrun for example_xcom to 2021-01-01 00:00:00+00:00, run_after=2021-01-01 00:00:00+00:00
[2024-05-05T13:47:59.772+0000] {processor.py:183} INFO - Processing /home/airflow/.local/lib/python3.8/site-packages/airflow/example_dags/example_xcom.py took 0.070 seconds
[2024-05-05T13:48:29.992+0000] {processor.py:161} INFO - Started process (PID=94359) to work on /home/airflow/.local/lib/python3.8/site-packages/airflow/example_dags/example_xcom.py
[2024-05-05T13:48:29.993+0000] {processor.py:830} INFO - Processing file /home/airflow/.local/lib/python3.8/site-packages/airflow/example_dags/example_xcom.py for tasks to queue
[2024-05-05T13:48:29.993+0000] {logging_mixin.py:188} INFO - [2024-05-05T13:48:29.993+0000] {dagbag.py:538} INFO - Filling up the DagBag from /home/airflow/.local/lib/python3.8/site-packages/airflow/example_dags/example_xcom.py
[2024-05-05T13:48:30.207+0000] {processor.py:840} INFO - DAG(s) 'example_xcom' retrieved from /home/airflow/.local/lib/python3.8/site-packages/airflow/example_dags/example_xcom.py
[2024-05-05T13:48:30.235+0000] {logging_mixin.py:188} INFO - [2024-05-05T13:48:30.234+0000] {dag.py:3036} INFO - Sync 1 DAGs
[2024-05-05T13:48:30.253+0000] {logging_mixin.py:188} INFO - [2024-05-05T13:48:30.253+0000] {dag.py:3823} INFO - Setting next_dagrun for example_xcom to 2021-01-01 00:00:00+00:00, run_after=2021-01-01 00:00:00+00:00
[2024-05-05T13:48:30.324+0000] {processor.py:183} INFO - Processing /home/airflow/.local/lib/python3.8/site-packages/airflow/example_dags/example_xcom.py took 0.335 seconds
[2024-05-05T13:49:00.420+0000] {processor.py:161} INFO - Started process (PID=94432) to work on /home/airflow/.local/lib/python3.8/site-packages/airflow/example_dags/example_xcom.py
[2024-05-05T13:49:00.421+0000] {processor.py:830} INFO - Processing file /home/airflow/.local/lib/python3.8/site-packages/airflow/example_dags/example_xcom.py for tasks to queue
[2024-05-05T13:49:00.422+0000] {logging_mixin.py:188} INFO - [2024-05-05T13:49:00.422+0000] {dagbag.py:538} INFO - Filling up the DagBag from /home/airflow/.local/lib/python3.8/site-packages/airflow/example_dags/example_xcom.py
[2024-05-05T13:49:00.433+0000] {processor.py:840} INFO - DAG(s) 'example_xcom' retrieved from /home/airflow/.local/lib/python3.8/site-packages/airflow/example_dags/example_xcom.py
[2024-05-05T13:49:00.453+0000] {logging_mixin.py:188} INFO - [2024-05-05T13:49:00.453+0000] {dag.py:3036} INFO - Sync 1 DAGs
[2024-05-05T13:49:00.473+0000] {logging_mixin.py:188} INFO - [2024-05-05T13:49:00.473+0000] {dag.py:3823} INFO - Setting next_dagrun for example_xcom to 2021-01-01 00:00:00+00:00, run_after=2021-01-01 00:00:00+00:00
[2024-05-05T13:49:00.488+0000] {processor.py:183} INFO - Processing /home/airflow/.local/lib/python3.8/site-packages/airflow/example_dags/example_xcom.py took 0.071 seconds
[2024-05-05T13:49:30.885+0000] {processor.py:161} INFO - Started process (PID=94500) to work on /home/airflow/.local/lib/python3.8/site-packages/airflow/example_dags/example_xcom.py
[2024-05-05T13:49:30.886+0000] {processor.py:830} INFO - Processing file /home/airflow/.local/lib/python3.8/site-packages/airflow/example_dags/example_xcom.py for tasks to queue
[2024-05-05T13:49:30.887+0000] {logging_mixin.py:188} INFO - [2024-05-05T13:49:30.887+0000] {dagbag.py:538} INFO - Filling up the DagBag from /home/airflow/.local/lib/python3.8/site-packages/airflow/example_dags/example_xcom.py
[2024-05-05T13:49:30.896+0000] {processor.py:840} INFO - DAG(s) 'example_xcom' retrieved from /home/airflow/.local/lib/python3.8/site-packages/airflow/example_dags/example_xcom.py
[2024-05-05T13:49:30.920+0000] {logging_mixin.py:188} INFO - [2024-05-05T13:49:30.920+0000] {dag.py:3036} INFO - Sync 1 DAGs
[2024-05-05T13:49:30.947+0000] {logging_mixin.py:188} INFO - [2024-05-05T13:49:30.947+0000] {dag.py:3823} INFO - Setting next_dagrun for example_xcom to 2021-01-01 00:00:00+00:00, run_after=2021-01-01 00:00:00+00:00
[2024-05-05T13:49:30.984+0000] {processor.py:183} INFO - Processing /home/airflow/.local/lib/python3.8/site-packages/airflow/example_dags/example_xcom.py took 0.102 seconds
[2024-05-05T13:50:01.705+0000] {processor.py:161} INFO - Started process (PID=94567) to work on /home/airflow/.local/lib/python3.8/site-packages/airflow/example_dags/example_xcom.py
[2024-05-05T13:50:01.706+0000] {processor.py:830} INFO - Processing file /home/airflow/.local/lib/python3.8/site-packages/airflow/example_dags/example_xcom.py for tasks to queue
[2024-05-05T13:50:01.707+0000] {logging_mixin.py:188} INFO - [2024-05-05T13:50:01.707+0000] {dagbag.py:538} INFO - Filling up the DagBag from /home/airflow/.local/lib/python3.8/site-packages/airflow/example_dags/example_xcom.py
[2024-05-05T13:50:01.713+0000] {processor.py:840} INFO - DAG(s) 'example_xcom' retrieved from /home/airflow/.local/lib/python3.8/site-packages/airflow/example_dags/example_xcom.py
[2024-05-05T13:50:01.732+0000] {logging_mixin.py:188} INFO - [2024-05-05T13:50:01.731+0000] {dag.py:3036} INFO - Sync 1 DAGs
[2024-05-05T13:50:01.750+0000] {logging_mixin.py:188} INFO - [2024-05-05T13:50:01.749+0000] {dag.py:3823} INFO - Setting next_dagrun for example_xcom to 2021-01-01 00:00:00+00:00, run_after=2021-01-01 00:00:00+00:00
[2024-05-05T13:50:01.776+0000] {processor.py:183} INFO - Processing /home/airflow/.local/lib/python3.8/site-packages/airflow/example_dags/example_xcom.py took 0.074 seconds
[2024-05-05T13:50:32.101+0000] {processor.py:161} INFO - Started process (PID=94642) to work on /home/airflow/.local/lib/python3.8/site-packages/airflow/example_dags/example_xcom.py
[2024-05-05T13:50:32.109+0000] {processor.py:830} INFO - Processing file /home/airflow/.local/lib/python3.8/site-packages/airflow/example_dags/example_xcom.py for tasks to queue
[2024-05-05T13:50:32.110+0000] {logging_mixin.py:188} INFO - [2024-05-05T13:50:32.110+0000] {dagbag.py:538} INFO - Filling up the DagBag from /home/airflow/.local/lib/python3.8/site-packages/airflow/example_dags/example_xcom.py
[2024-05-05T13:50:32.120+0000] {processor.py:840} INFO - DAG(s) 'example_xcom' retrieved from /home/airflow/.local/lib/python3.8/site-packages/airflow/example_dags/example_xcom.py
[2024-05-05T13:50:32.151+0000] {logging_mixin.py:188} INFO - [2024-05-05T13:50:32.151+0000] {dag.py:3036} INFO - Sync 1 DAGs
[2024-05-05T13:50:32.176+0000] {logging_mixin.py:188} INFO - [2024-05-05T13:50:32.175+0000] {dag.py:3823} INFO - Setting next_dagrun for example_xcom to 2021-01-01 00:00:00+00:00, run_after=2021-01-01 00:00:00+00:00
[2024-05-05T13:50:32.197+0000] {processor.py:183} INFO - Processing /home/airflow/.local/lib/python3.8/site-packages/airflow/example_dags/example_xcom.py took 0.102 seconds
[2024-05-05T13:51:02.251+0000] {processor.py:161} INFO - Started process (PID=94709) to work on /home/airflow/.local/lib/python3.8/site-packages/airflow/example_dags/example_xcom.py
[2024-05-05T13:51:02.252+0000] {processor.py:830} INFO - Processing file /home/airflow/.local/lib/python3.8/site-packages/airflow/example_dags/example_xcom.py for tasks to queue
[2024-05-05T13:51:02.253+0000] {logging_mixin.py:188} INFO - [2024-05-05T13:51:02.253+0000] {dagbag.py:538} INFO - Filling up the DagBag from /home/airflow/.local/lib/python3.8/site-packages/airflow/example_dags/example_xcom.py
[2024-05-05T13:51:02.274+0000] {processor.py:840} INFO - DAG(s) 'example_xcom' retrieved from /home/airflow/.local/lib/python3.8/site-packages/airflow/example_dags/example_xcom.py
[2024-05-05T13:51:02.299+0000] {logging_mixin.py:188} INFO - [2024-05-05T13:51:02.299+0000] {dag.py:3036} INFO - Sync 1 DAGs
[2024-05-05T13:51:02.318+0000] {logging_mixin.py:188} INFO - [2024-05-05T13:51:02.317+0000] {dag.py:3823} INFO - Setting next_dagrun for example_xcom to 2021-01-01 00:00:00+00:00, run_after=2021-01-01 00:00:00+00:00
[2024-05-05T13:51:02.339+0000] {processor.py:183} INFO - Processing /home/airflow/.local/lib/python3.8/site-packages/airflow/example_dags/example_xcom.py took 0.091 seconds
[2024-05-05T13:51:32.611+0000] {processor.py:161} INFO - Started process (PID=94775) to work on /home/airflow/.local/lib/python3.8/site-packages/airflow/example_dags/example_xcom.py
[2024-05-05T13:51:32.613+0000] {processor.py:830} INFO - Processing file /home/airflow/.local/lib/python3.8/site-packages/airflow/example_dags/example_xcom.py for tasks to queue
[2024-05-05T13:51:32.614+0000] {logging_mixin.py:188} INFO - [2024-05-05T13:51:32.614+0000] {dagbag.py:538} INFO - Filling up the DagBag from /home/airflow/.local/lib/python3.8/site-packages/airflow/example_dags/example_xcom.py
[2024-05-05T13:51:32.621+0000] {processor.py:840} INFO - DAG(s) 'example_xcom' retrieved from /home/airflow/.local/lib/python3.8/site-packages/airflow/example_dags/example_xcom.py
[2024-05-05T13:51:32.641+0000] {logging_mixin.py:188} INFO - [2024-05-05T13:51:32.641+0000] {dag.py:3036} INFO - Sync 1 DAGs
[2024-05-05T13:51:32.665+0000] {logging_mixin.py:188} INFO - [2024-05-05T13:51:32.665+0000] {dag.py:3823} INFO - Setting next_dagrun for example_xcom to 2021-01-01 00:00:00+00:00, run_after=2021-01-01 00:00:00+00:00
[2024-05-05T13:51:32.681+0000] {processor.py:183} INFO - Processing /home/airflow/.local/lib/python3.8/site-packages/airflow/example_dags/example_xcom.py took 0.073 seconds
[2024-05-05T13:52:03.110+0000] {processor.py:161} INFO - Started process (PID=94850) to work on /home/airflow/.local/lib/python3.8/site-packages/airflow/example_dags/example_xcom.py
[2024-05-05T13:52:03.111+0000] {processor.py:830} INFO - Processing file /home/airflow/.local/lib/python3.8/site-packages/airflow/example_dags/example_xcom.py for tasks to queue
[2024-05-05T13:52:03.111+0000] {logging_mixin.py:188} INFO - [2024-05-05T13:52:03.111+0000] {dagbag.py:538} INFO - Filling up the DagBag from /home/airflow/.local/lib/python3.8/site-packages/airflow/example_dags/example_xcom.py
[2024-05-05T13:52:03.141+0000] {processor.py:840} INFO - DAG(s) 'example_xcom' retrieved from /home/airflow/.local/lib/python3.8/site-packages/airflow/example_dags/example_xcom.py
[2024-05-05T13:52:03.221+0000] {logging_mixin.py:188} INFO - [2024-05-05T13:52:03.220+0000] {dag.py:3036} INFO - Sync 1 DAGs
[2024-05-05T13:52:03.272+0000] {logging_mixin.py:188} INFO - [2024-05-05T13:52:03.271+0000] {dag.py:3823} INFO - Setting next_dagrun for example_xcom to 2021-01-01 00:00:00+00:00, run_after=2021-01-01 00:00:00+00:00
[2024-05-05T13:52:03.343+0000] {processor.py:183} INFO - Processing /home/airflow/.local/lib/python3.8/site-packages/airflow/example_dags/example_xcom.py took 0.236 seconds
[2024-05-05T13:52:33.764+0000] {processor.py:161} INFO - Started process (PID=94916) to work on /home/airflow/.local/lib/python3.8/site-packages/airflow/example_dags/example_xcom.py
[2024-05-05T13:52:33.765+0000] {processor.py:830} INFO - Processing file /home/airflow/.local/lib/python3.8/site-packages/airflow/example_dags/example_xcom.py for tasks to queue
[2024-05-05T13:52:33.766+0000] {logging_mixin.py:188} INFO - [2024-05-05T13:52:33.766+0000] {dagbag.py:538} INFO - Filling up the DagBag from /home/airflow/.local/lib/python3.8/site-packages/airflow/example_dags/example_xcom.py
[2024-05-05T13:52:33.774+0000] {processor.py:840} INFO - DAG(s) 'example_xcom' retrieved from /home/airflow/.local/lib/python3.8/site-packages/airflow/example_dags/example_xcom.py
[2024-05-05T13:52:33.797+0000] {logging_mixin.py:188} INFO - [2024-05-05T13:52:33.796+0000] {dag.py:3036} INFO - Sync 1 DAGs
[2024-05-05T13:52:33.818+0000] {logging_mixin.py:188} INFO - [2024-05-05T13:52:33.818+0000] {dag.py:3823} INFO - Setting next_dagrun for example_xcom to 2021-01-01 00:00:00+00:00, run_after=2021-01-01 00:00:00+00:00
[2024-05-05T13:52:33.860+0000] {processor.py:183} INFO - Processing /home/airflow/.local/lib/python3.8/site-packages/airflow/example_dags/example_xcom.py took 0.099 seconds
