[2024-05-05T13:46:40.249+0000] {processor.py:161} INFO - Started process (PID=94107) to work on /home/airflow/.local/lib/python3.8/site-packages/airflow/example_dags/example_branch_datetime_operator.py
[2024-05-05T13:46:40.253+0000] {processor.py:830} INFO - Processing file /home/airflow/.local/lib/python3.8/site-packages/airflow/example_dags/example_branch_datetime_operator.py for tasks to queue
[2024-05-05T13:46:40.255+0000] {logging_mixin.py:188} INFO - [2024-05-05T13:46:40.255+0000] {dagbag.py:538} INFO - Filling up the DagBag from /home/airflow/.local/lib/python3.8/site-packages/airflow/example_dags/example_branch_datetime_operator.py
[2024-05-05T13:46:40.268+0000] {processor.py:840} INFO - DAG(s) 'example_branch_datetime_operator_3', 'example_branch_datetime_operator', 'example_branch_datetime_operator_2' retrieved from /home/airflow/.local/lib/python3.8/site-packages/airflow/example_dags/example_branch_datetime_operator.py
[2024-05-05T13:46:40.294+0000] {logging_mixin.py:188} INFO - [2024-05-05T13:46:40.294+0000] {dag.py:3036} INFO - Sync 3 DAGs
[2024-05-05T13:46:40.315+0000] {logging_mixin.py:188} INFO - [2024-05-05T13:46:40.315+0000] {dag.py:3823} INFO - Setting next_dagrun for example_branch_datetime_operator to 2024-05-04 00:00:00+00:00, run_after=2024-05-05 00:00:00+00:00
[2024-05-05T13:46:40.320+0000] {logging_mixin.py:188} INFO - [2024-05-05T13:46:40.320+0000] {dag.py:3823} INFO - Setting next_dagrun for example_branch_datetime_operator_2 to 2024-05-04 00:00:00+00:00, run_after=2024-05-05 00:00:00+00:00
[2024-05-05T13:46:40.322+0000] {logging_mixin.py:188} INFO - [2024-05-05T13:46:40.322+0000] {dag.py:3823} INFO - Setting next_dagrun for example_branch_datetime_operator_3 to 2024-05-04 00:00:00+00:00, run_after=2024-05-05 00:00:00+00:00
[2024-05-05T13:46:40.337+0000] {processor.py:183} INFO - Processing /home/airflow/.local/lib/python3.8/site-packages/airflow/example_dags/example_branch_datetime_operator.py took 0.090 seconds
[2024-05-05T13:47:10.964+0000] {processor.py:161} INFO - Started process (PID=94175) to work on /home/airflow/.local/lib/python3.8/site-packages/airflow/example_dags/example_branch_datetime_operator.py
[2024-05-05T13:47:10.965+0000] {processor.py:830} INFO - Processing file /home/airflow/.local/lib/python3.8/site-packages/airflow/example_dags/example_branch_datetime_operator.py for tasks to queue
[2024-05-05T13:47:10.966+0000] {logging_mixin.py:188} INFO - [2024-05-05T13:47:10.966+0000] {dagbag.py:538} INFO - Filling up the DagBag from /home/airflow/.local/lib/python3.8/site-packages/airflow/example_dags/example_branch_datetime_operator.py
[2024-05-05T13:47:10.975+0000] {processor.py:840} INFO - DAG(s) 'example_branch_datetime_operator_3', 'example_branch_datetime_operator_2', 'example_branch_datetime_operator' retrieved from /home/airflow/.local/lib/python3.8/site-packages/airflow/example_dags/example_branch_datetime_operator.py
[2024-05-05T13:47:11.004+0000] {logging_mixin.py:188} INFO - [2024-05-05T13:47:11.004+0000] {dag.py:3036} INFO - Sync 3 DAGs
[2024-05-05T13:47:11.026+0000] {logging_mixin.py:188} INFO - [2024-05-05T13:47:11.025+0000] {dag.py:3823} INFO - Setting next_dagrun for example_branch_datetime_operator to 2024-05-04 00:00:00+00:00, run_after=2024-05-05 00:00:00+00:00
[2024-05-05T13:47:11.031+0000] {logging_mixin.py:188} INFO - [2024-05-05T13:47:11.030+0000] {dag.py:3823} INFO - Setting next_dagrun for example_branch_datetime_operator_2 to 2024-05-04 00:00:00+00:00, run_after=2024-05-05 00:00:00+00:00
[2024-05-05T13:47:11.033+0000] {logging_mixin.py:188} INFO - [2024-05-05T13:47:11.033+0000] {dag.py:3823} INFO - Setting next_dagrun for example_branch_datetime_operator_3 to 2024-05-04 00:00:00+00:00, run_after=2024-05-05 00:00:00+00:00
[2024-05-05T13:47:11.047+0000] {processor.py:183} INFO - Processing /home/airflow/.local/lib/python3.8/site-packages/airflow/example_dags/example_branch_datetime_operator.py took 0.085 seconds
[2024-05-05T13:47:41.203+0000] {processor.py:161} INFO - Started process (PID=94241) to work on /home/airflow/.local/lib/python3.8/site-packages/airflow/example_dags/example_branch_datetime_operator.py
[2024-05-05T13:47:41.204+0000] {processor.py:830} INFO - Processing file /home/airflow/.local/lib/python3.8/site-packages/airflow/example_dags/example_branch_datetime_operator.py for tasks to queue
[2024-05-05T13:47:41.205+0000] {logging_mixin.py:188} INFO - [2024-05-05T13:47:41.204+0000] {dagbag.py:538} INFO - Filling up the DagBag from /home/airflow/.local/lib/python3.8/site-packages/airflow/example_dags/example_branch_datetime_operator.py
[2024-05-05T13:47:41.214+0000] {processor.py:840} INFO - DAG(s) 'example_branch_datetime_operator', 'example_branch_datetime_operator_3', 'example_branch_datetime_operator_2' retrieved from /home/airflow/.local/lib/python3.8/site-packages/airflow/example_dags/example_branch_datetime_operator.py
[2024-05-05T13:47:41.237+0000] {logging_mixin.py:188} INFO - [2024-05-05T13:47:41.237+0000] {dag.py:3036} INFO - Sync 3 DAGs
[2024-05-05T13:47:41.398+0000] {logging_mixin.py:188} INFO - [2024-05-05T13:47:41.398+0000] {dag.py:3823} INFO - Setting next_dagrun for example_branch_datetime_operator to 2024-05-04 00:00:00+00:00, run_after=2024-05-05 00:00:00+00:00
[2024-05-05T13:47:41.403+0000] {logging_mixin.py:188} INFO - [2024-05-05T13:47:41.403+0000] {dag.py:3823} INFO - Setting next_dagrun for example_branch_datetime_operator_2 to 2024-05-04 00:00:00+00:00, run_after=2024-05-05 00:00:00+00:00
[2024-05-05T13:47:41.406+0000] {logging_mixin.py:188} INFO - [2024-05-05T13:47:41.406+0000] {dag.py:3823} INFO - Setting next_dagrun for example_branch_datetime_operator_3 to 2024-05-04 00:00:00+00:00, run_after=2024-05-05 00:00:00+00:00
[2024-05-05T13:47:41.426+0000] {processor.py:183} INFO - Processing /home/airflow/.local/lib/python3.8/site-packages/airflow/example_dags/example_branch_datetime_operator.py took 0.227 seconds
[2024-05-05T13:48:11.713+0000] {processor.py:161} INFO - Started process (PID=94315) to work on /home/airflow/.local/lib/python3.8/site-packages/airflow/example_dags/example_branch_datetime_operator.py
[2024-05-05T13:48:11.714+0000] {processor.py:830} INFO - Processing file /home/airflow/.local/lib/python3.8/site-packages/airflow/example_dags/example_branch_datetime_operator.py for tasks to queue
[2024-05-05T13:48:11.715+0000] {logging_mixin.py:188} INFO - [2024-05-05T13:48:11.715+0000] {dagbag.py:538} INFO - Filling up the DagBag from /home/airflow/.local/lib/python3.8/site-packages/airflow/example_dags/example_branch_datetime_operator.py
[2024-05-05T13:48:11.725+0000] {processor.py:840} INFO - DAG(s) 'example_branch_datetime_operator_2', 'example_branch_datetime_operator_3', 'example_branch_datetime_operator' retrieved from /home/airflow/.local/lib/python3.8/site-packages/airflow/example_dags/example_branch_datetime_operator.py
[2024-05-05T13:48:11.761+0000] {logging_mixin.py:188} INFO - [2024-05-05T13:48:11.761+0000] {dag.py:3036} INFO - Sync 3 DAGs
[2024-05-05T13:48:11.789+0000] {logging_mixin.py:188} INFO - [2024-05-05T13:48:11.788+0000] {dag.py:3823} INFO - Setting next_dagrun for example_branch_datetime_operator to 2024-05-04 00:00:00+00:00, run_after=2024-05-05 00:00:00+00:00
[2024-05-05T13:48:11.796+0000] {logging_mixin.py:188} INFO - [2024-05-05T13:48:11.795+0000] {dag.py:3823} INFO - Setting next_dagrun for example_branch_datetime_operator_2 to 2024-05-04 00:00:00+00:00, run_after=2024-05-05 00:00:00+00:00
[2024-05-05T13:48:11.799+0000] {logging_mixin.py:188} INFO - [2024-05-05T13:48:11.799+0000] {dag.py:3823} INFO - Setting next_dagrun for example_branch_datetime_operator_3 to 2024-05-04 00:00:00+00:00, run_after=2024-05-05 00:00:00+00:00
[2024-05-05T13:48:11.969+0000] {processor.py:183} INFO - Processing /home/airflow/.local/lib/python3.8/site-packages/airflow/example_dags/example_branch_datetime_operator.py took 0.258 seconds
[2024-05-05T13:48:42.601+0000] {processor.py:161} INFO - Started process (PID=94381) to work on /home/airflow/.local/lib/python3.8/site-packages/airflow/example_dags/example_branch_datetime_operator.py
[2024-05-05T13:48:42.607+0000] {processor.py:830} INFO - Processing file /home/airflow/.local/lib/python3.8/site-packages/airflow/example_dags/example_branch_datetime_operator.py for tasks to queue
[2024-05-05T13:48:42.610+0000] {logging_mixin.py:188} INFO - [2024-05-05T13:48:42.610+0000] {dagbag.py:538} INFO - Filling up the DagBag from /home/airflow/.local/lib/python3.8/site-packages/airflow/example_dags/example_branch_datetime_operator.py
[2024-05-05T13:48:42.637+0000] {processor.py:840} INFO - DAG(s) 'example_branch_datetime_operator_3', 'example_branch_datetime_operator', 'example_branch_datetime_operator_2' retrieved from /home/airflow/.local/lib/python3.8/site-packages/airflow/example_dags/example_branch_datetime_operator.py
[2024-05-05T13:48:42.698+0000] {logging_mixin.py:188} INFO - [2024-05-05T13:48:42.698+0000] {dag.py:3036} INFO - Sync 3 DAGs
[2024-05-05T13:48:42.725+0000] {logging_mixin.py:188} INFO - [2024-05-05T13:48:42.725+0000] {dag.py:3823} INFO - Setting next_dagrun for example_branch_datetime_operator to 2024-05-04 00:00:00+00:00, run_after=2024-05-05 00:00:00+00:00
[2024-05-05T13:48:42.731+0000] {logging_mixin.py:188} INFO - [2024-05-05T13:48:42.731+0000] {dag.py:3823} INFO - Setting next_dagrun for example_branch_datetime_operator_2 to 2024-05-04 00:00:00+00:00, run_after=2024-05-05 00:00:00+00:00
[2024-05-05T13:48:42.735+0000] {logging_mixin.py:188} INFO - [2024-05-05T13:48:42.735+0000] {dag.py:3823} INFO - Setting next_dagrun for example_branch_datetime_operator_3 to 2024-05-04 00:00:00+00:00, run_after=2024-05-05 00:00:00+00:00
[2024-05-05T13:48:42.752+0000] {processor.py:183} INFO - Processing /home/airflow/.local/lib/python3.8/site-packages/airflow/example_dags/example_branch_datetime_operator.py took 0.155 seconds
[2024-05-05T13:49:13.514+0000] {processor.py:161} INFO - Started process (PID=94447) to work on /home/airflow/.local/lib/python3.8/site-packages/airflow/example_dags/example_branch_datetime_operator.py
[2024-05-05T13:49:13.516+0000] {processor.py:830} INFO - Processing file /home/airflow/.local/lib/python3.8/site-packages/airflow/example_dags/example_branch_datetime_operator.py for tasks to queue
[2024-05-05T13:49:13.518+0000] {logging_mixin.py:188} INFO - [2024-05-05T13:49:13.517+0000] {dagbag.py:538} INFO - Filling up the DagBag from /home/airflow/.local/lib/python3.8/site-packages/airflow/example_dags/example_branch_datetime_operator.py
[2024-05-05T13:49:13.535+0000] {processor.py:840} INFO - DAG(s) 'example_branch_datetime_operator', 'example_branch_datetime_operator_3', 'example_branch_datetime_operator_2' retrieved from /home/airflow/.local/lib/python3.8/site-packages/airflow/example_dags/example_branch_datetime_operator.py
[2024-05-05T13:49:13.561+0000] {logging_mixin.py:188} INFO - [2024-05-05T13:49:13.561+0000] {dag.py:3036} INFO - Sync 3 DAGs
[2024-05-05T13:49:13.583+0000] {logging_mixin.py:188} INFO - [2024-05-05T13:49:13.583+0000] {dag.py:3823} INFO - Setting next_dagrun for example_branch_datetime_operator to 2024-05-04 00:00:00+00:00, run_after=2024-05-05 00:00:00+00:00
[2024-05-05T13:49:13.587+0000] {logging_mixin.py:188} INFO - [2024-05-05T13:49:13.587+0000] {dag.py:3823} INFO - Setting next_dagrun for example_branch_datetime_operator_2 to 2024-05-04 00:00:00+00:00, run_after=2024-05-05 00:00:00+00:00
[2024-05-05T13:49:13.590+0000] {logging_mixin.py:188} INFO - [2024-05-05T13:49:13.590+0000] {dag.py:3823} INFO - Setting next_dagrun for example_branch_datetime_operator_3 to 2024-05-04 00:00:00+00:00, run_after=2024-05-05 00:00:00+00:00
[2024-05-05T13:49:13.604+0000] {processor.py:183} INFO - Processing /home/airflow/.local/lib/python3.8/site-packages/airflow/example_dags/example_branch_datetime_operator.py took 0.094 seconds
[2024-05-05T13:49:43.795+0000] {processor.py:161} INFO - Started process (PID=94522) to work on /home/airflow/.local/lib/python3.8/site-packages/airflow/example_dags/example_branch_datetime_operator.py
[2024-05-05T13:49:43.800+0000] {processor.py:830} INFO - Processing file /home/airflow/.local/lib/python3.8/site-packages/airflow/example_dags/example_branch_datetime_operator.py for tasks to queue
[2024-05-05T13:49:43.801+0000] {logging_mixin.py:188} INFO - [2024-05-05T13:49:43.801+0000] {dagbag.py:538} INFO - Filling up the DagBag from /home/airflow/.local/lib/python3.8/site-packages/airflow/example_dags/example_branch_datetime_operator.py
[2024-05-05T13:49:43.823+0000] {processor.py:840} INFO - DAG(s) 'example_branch_datetime_operator', 'example_branch_datetime_operator_3', 'example_branch_datetime_operator_2' retrieved from /home/airflow/.local/lib/python3.8/site-packages/airflow/example_dags/example_branch_datetime_operator.py
[2024-05-05T13:49:43.878+0000] {logging_mixin.py:188} INFO - [2024-05-05T13:49:43.878+0000] {dag.py:3036} INFO - Sync 3 DAGs
[2024-05-05T13:49:43.916+0000] {logging_mixin.py:188} INFO - [2024-05-05T13:49:43.916+0000] {dag.py:3823} INFO - Setting next_dagrun for example_branch_datetime_operator to 2024-05-04 00:00:00+00:00, run_after=2024-05-05 00:00:00+00:00
[2024-05-05T13:49:43.921+0000] {logging_mixin.py:188} INFO - [2024-05-05T13:49:43.921+0000] {dag.py:3823} INFO - Setting next_dagrun for example_branch_datetime_operator_2 to 2024-05-04 00:00:00+00:00, run_after=2024-05-05 00:00:00+00:00
[2024-05-05T13:49:43.924+0000] {logging_mixin.py:188} INFO - [2024-05-05T13:49:43.924+0000] {dag.py:3823} INFO - Setting next_dagrun for example_branch_datetime_operator_3 to 2024-05-04 00:00:00+00:00, run_after=2024-05-05 00:00:00+00:00
[2024-05-05T13:49:43.937+0000] {processor.py:183} INFO - Processing /home/airflow/.local/lib/python3.8/site-packages/airflow/example_dags/example_branch_datetime_operator.py took 0.144 seconds
[2024-05-05T13:50:14.928+0000] {processor.py:161} INFO - Started process (PID=94589) to work on /home/airflow/.local/lib/python3.8/site-packages/airflow/example_dags/example_branch_datetime_operator.py
[2024-05-05T13:50:14.930+0000] {processor.py:830} INFO - Processing file /home/airflow/.local/lib/python3.8/site-packages/airflow/example_dags/example_branch_datetime_operator.py for tasks to queue
[2024-05-05T13:50:14.931+0000] {logging_mixin.py:188} INFO - [2024-05-05T13:50:14.930+0000] {dagbag.py:538} INFO - Filling up the DagBag from /home/airflow/.local/lib/python3.8/site-packages/airflow/example_dags/example_branch_datetime_operator.py
[2024-05-05T13:50:14.945+0000] {processor.py:840} INFO - DAG(s) 'example_branch_datetime_operator', 'example_branch_datetime_operator_2', 'example_branch_datetime_operator_3' retrieved from /home/airflow/.local/lib/python3.8/site-packages/airflow/example_dags/example_branch_datetime_operator.py
[2024-05-05T13:50:14.984+0000] {logging_mixin.py:188} INFO - [2024-05-05T13:50:14.983+0000] {dag.py:3036} INFO - Sync 3 DAGs
[2024-05-05T13:50:15.007+0000] {logging_mixin.py:188} INFO - [2024-05-05T13:50:15.006+0000] {dag.py:3823} INFO - Setting next_dagrun for example_branch_datetime_operator to 2024-05-04 00:00:00+00:00, run_after=2024-05-05 00:00:00+00:00
[2024-05-05T13:50:15.012+0000] {logging_mixin.py:188} INFO - [2024-05-05T13:50:15.011+0000] {dag.py:3823} INFO - Setting next_dagrun for example_branch_datetime_operator_2 to 2024-05-04 00:00:00+00:00, run_after=2024-05-05 00:00:00+00:00
[2024-05-05T13:50:15.015+0000] {logging_mixin.py:188} INFO - [2024-05-05T13:50:15.015+0000] {dag.py:3823} INFO - Setting next_dagrun for example_branch_datetime_operator_3 to 2024-05-04 00:00:00+00:00, run_after=2024-05-05 00:00:00+00:00
[2024-05-05T13:50:15.033+0000] {processor.py:183} INFO - Processing /home/airflow/.local/lib/python3.8/site-packages/airflow/example_dags/example_branch_datetime_operator.py took 0.112 seconds
[2024-05-05T13:50:46.163+0000] {processor.py:161} INFO - Started process (PID=94665) to work on /home/airflow/.local/lib/python3.8/site-packages/airflow/example_dags/example_branch_datetime_operator.py
[2024-05-05T13:50:46.167+0000] {processor.py:830} INFO - Processing file /home/airflow/.local/lib/python3.8/site-packages/airflow/example_dags/example_branch_datetime_operator.py for tasks to queue
[2024-05-05T13:50:46.173+0000] {logging_mixin.py:188} INFO - [2024-05-05T13:50:46.173+0000] {dagbag.py:538} INFO - Filling up the DagBag from /home/airflow/.local/lib/python3.8/site-packages/airflow/example_dags/example_branch_datetime_operator.py
[2024-05-05T13:50:46.185+0000] {processor.py:840} INFO - DAG(s) 'example_branch_datetime_operator', 'example_branch_datetime_operator_3', 'example_branch_datetime_operator_2' retrieved from /home/airflow/.local/lib/python3.8/site-packages/airflow/example_dags/example_branch_datetime_operator.py
[2024-05-05T13:50:46.293+0000] {logging_mixin.py:188} INFO - [2024-05-05T13:50:46.292+0000] {dag.py:3036} INFO - Sync 3 DAGs
[2024-05-05T13:50:46.368+0000] {logging_mixin.py:188} INFO - [2024-05-05T13:50:46.368+0000] {dag.py:3823} INFO - Setting next_dagrun for example_branch_datetime_operator to 2024-05-04 00:00:00+00:00, run_after=2024-05-05 00:00:00+00:00
[2024-05-05T13:50:46.385+0000] {logging_mixin.py:188} INFO - [2024-05-05T13:50:46.384+0000] {dag.py:3823} INFO - Setting next_dagrun for example_branch_datetime_operator_2 to 2024-05-04 00:00:00+00:00, run_after=2024-05-05 00:00:00+00:00
[2024-05-05T13:50:46.389+0000] {logging_mixin.py:188} INFO - [2024-05-05T13:50:46.388+0000] {dag.py:3823} INFO - Setting next_dagrun for example_branch_datetime_operator_3 to 2024-05-04 00:00:00+00:00, run_after=2024-05-05 00:00:00+00:00
[2024-05-05T13:50:46.423+0000] {processor.py:183} INFO - Processing /home/airflow/.local/lib/python3.8/site-packages/airflow/example_dags/example_branch_datetime_operator.py took 0.263 seconds
[2024-05-05T13:51:17.314+0000] {processor.py:161} INFO - Started process (PID=94731) to work on /home/airflow/.local/lib/python3.8/site-packages/airflow/example_dags/example_branch_datetime_operator.py
[2024-05-05T13:51:17.315+0000] {processor.py:830} INFO - Processing file /home/airflow/.local/lib/python3.8/site-packages/airflow/example_dags/example_branch_datetime_operator.py for tasks to queue
[2024-05-05T13:51:17.316+0000] {logging_mixin.py:188} INFO - [2024-05-05T13:51:17.316+0000] {dagbag.py:538} INFO - Filling up the DagBag from /home/airflow/.local/lib/python3.8/site-packages/airflow/example_dags/example_branch_datetime_operator.py
[2024-05-05T13:51:17.326+0000] {processor.py:840} INFO - DAG(s) 'example_branch_datetime_operator_2', 'example_branch_datetime_operator', 'example_branch_datetime_operator_3' retrieved from /home/airflow/.local/lib/python3.8/site-packages/airflow/example_dags/example_branch_datetime_operator.py
[2024-05-05T13:51:17.361+0000] {logging_mixin.py:188} INFO - [2024-05-05T13:51:17.361+0000] {dag.py:3036} INFO - Sync 3 DAGs
[2024-05-05T13:51:17.392+0000] {logging_mixin.py:188} INFO - [2024-05-05T13:51:17.391+0000] {dag.py:3823} INFO - Setting next_dagrun for example_branch_datetime_operator to 2024-05-04 00:00:00+00:00, run_after=2024-05-05 00:00:00+00:00
[2024-05-05T13:51:17.398+0000] {logging_mixin.py:188} INFO - [2024-05-05T13:51:17.398+0000] {dag.py:3823} INFO - Setting next_dagrun for example_branch_datetime_operator_2 to 2024-05-04 00:00:00+00:00, run_after=2024-05-05 00:00:00+00:00
[2024-05-05T13:51:17.402+0000] {logging_mixin.py:188} INFO - [2024-05-05T13:51:17.402+0000] {dag.py:3823} INFO - Setting next_dagrun for example_branch_datetime_operator_3 to 2024-05-04 00:00:00+00:00, run_after=2024-05-05 00:00:00+00:00
[2024-05-05T13:51:17.426+0000] {processor.py:183} INFO - Processing /home/airflow/.local/lib/python3.8/site-packages/airflow/example_dags/example_branch_datetime_operator.py took 0.114 seconds
[2024-05-05T13:51:47.685+0000] {processor.py:161} INFO - Started process (PID=94798) to work on /home/airflow/.local/lib/python3.8/site-packages/airflow/example_dags/example_branch_datetime_operator.py
[2024-05-05T13:51:47.686+0000] {processor.py:830} INFO - Processing file /home/airflow/.local/lib/python3.8/site-packages/airflow/example_dags/example_branch_datetime_operator.py for tasks to queue
[2024-05-05T13:51:47.687+0000] {logging_mixin.py:188} INFO - [2024-05-05T13:51:47.686+0000] {dagbag.py:538} INFO - Filling up the DagBag from /home/airflow/.local/lib/python3.8/site-packages/airflow/example_dags/example_branch_datetime_operator.py
[2024-05-05T13:51:47.696+0000] {processor.py:840} INFO - DAG(s) 'example_branch_datetime_operator', 'example_branch_datetime_operator_2', 'example_branch_datetime_operator_3' retrieved from /home/airflow/.local/lib/python3.8/site-packages/airflow/example_dags/example_branch_datetime_operator.py
[2024-05-05T13:51:47.729+0000] {logging_mixin.py:188} INFO - [2024-05-05T13:51:47.729+0000] {dag.py:3036} INFO - Sync 3 DAGs
[2024-05-05T13:51:47.753+0000] {logging_mixin.py:188} INFO - [2024-05-05T13:51:47.753+0000] {dag.py:3823} INFO - Setting next_dagrun for example_branch_datetime_operator to 2024-05-04 00:00:00+00:00, run_after=2024-05-05 00:00:00+00:00
[2024-05-05T13:51:47.758+0000] {logging_mixin.py:188} INFO - [2024-05-05T13:51:47.758+0000] {dag.py:3823} INFO - Setting next_dagrun for example_branch_datetime_operator_2 to 2024-05-04 00:00:00+00:00, run_after=2024-05-05 00:00:00+00:00
[2024-05-05T13:51:47.762+0000] {logging_mixin.py:188} INFO - [2024-05-05T13:51:47.762+0000] {dag.py:3823} INFO - Setting next_dagrun for example_branch_datetime_operator_3 to 2024-05-04 00:00:00+00:00, run_after=2024-05-05 00:00:00+00:00
[2024-05-05T13:51:47.786+0000] {processor.py:183} INFO - Processing /home/airflow/.local/lib/python3.8/site-packages/airflow/example_dags/example_branch_datetime_operator.py took 0.105 seconds
[2024-05-05T13:52:18.234+0000] {processor.py:161} INFO - Started process (PID=94872) to work on /home/airflow/.local/lib/python3.8/site-packages/airflow/example_dags/example_branch_datetime_operator.py
[2024-05-05T13:52:18.235+0000] {processor.py:830} INFO - Processing file /home/airflow/.local/lib/python3.8/site-packages/airflow/example_dags/example_branch_datetime_operator.py for tasks to queue
[2024-05-05T13:52:18.235+0000] {logging_mixin.py:188} INFO - [2024-05-05T13:52:18.235+0000] {dagbag.py:538} INFO - Filling up the DagBag from /home/airflow/.local/lib/python3.8/site-packages/airflow/example_dags/example_branch_datetime_operator.py
[2024-05-05T13:52:18.246+0000] {processor.py:840} INFO - DAG(s) 'example_branch_datetime_operator_3', 'example_branch_datetime_operator', 'example_branch_datetime_operator_2' retrieved from /home/airflow/.local/lib/python3.8/site-packages/airflow/example_dags/example_branch_datetime_operator.py
[2024-05-05T13:52:18.312+0000] {logging_mixin.py:188} INFO - [2024-05-05T13:52:18.311+0000] {dag.py:3036} INFO - Sync 3 DAGs
[2024-05-05T13:52:18.356+0000] {logging_mixin.py:188} INFO - [2024-05-05T13:52:18.355+0000] {dag.py:3823} INFO - Setting next_dagrun for example_branch_datetime_operator to 2024-05-04 00:00:00+00:00, run_after=2024-05-05 00:00:00+00:00
[2024-05-05T13:52:18.362+0000] {logging_mixin.py:188} INFO - [2024-05-05T13:52:18.361+0000] {dag.py:3823} INFO - Setting next_dagrun for example_branch_datetime_operator_2 to 2024-05-04 00:00:00+00:00, run_after=2024-05-05 00:00:00+00:00
[2024-05-05T13:52:18.366+0000] {logging_mixin.py:188} INFO - [2024-05-05T13:52:18.366+0000] {dag.py:3823} INFO - Setting next_dagrun for example_branch_datetime_operator_3 to 2024-05-04 00:00:00+00:00, run_after=2024-05-05 00:00:00+00:00
[2024-05-05T13:52:18.383+0000] {processor.py:183} INFO - Processing /home/airflow/.local/lib/python3.8/site-packages/airflow/example_dags/example_branch_datetime_operator.py took 0.152 seconds
[2024-05-05T13:52:48.756+0000] {processor.py:161} INFO - Started process (PID=94937) to work on /home/airflow/.local/lib/python3.8/site-packages/airflow/example_dags/example_branch_datetime_operator.py
[2024-05-05T13:52:48.757+0000] {processor.py:830} INFO - Processing file /home/airflow/.local/lib/python3.8/site-packages/airflow/example_dags/example_branch_datetime_operator.py for tasks to queue
[2024-05-05T13:52:48.759+0000] {logging_mixin.py:188} INFO - [2024-05-05T13:52:48.759+0000] {dagbag.py:538} INFO - Filling up the DagBag from /home/airflow/.local/lib/python3.8/site-packages/airflow/example_dags/example_branch_datetime_operator.py
[2024-05-05T13:52:48.772+0000] {processor.py:840} INFO - DAG(s) 'example_branch_datetime_operator', 'example_branch_datetime_operator_2', 'example_branch_datetime_operator_3' retrieved from /home/airflow/.local/lib/python3.8/site-packages/airflow/example_dags/example_branch_datetime_operator.py
[2024-05-05T13:52:48.835+0000] {logging_mixin.py:188} INFO - [2024-05-05T13:52:48.835+0000] {dag.py:3036} INFO - Sync 3 DAGs
[2024-05-05T13:52:48.859+0000] {logging_mixin.py:188} INFO - [2024-05-05T13:52:48.859+0000] {dag.py:3823} INFO - Setting next_dagrun for example_branch_datetime_operator to 2024-05-04 00:00:00+00:00, run_after=2024-05-05 00:00:00+00:00
[2024-05-05T13:52:48.869+0000] {logging_mixin.py:188} INFO - [2024-05-05T13:52:48.869+0000] {dag.py:3823} INFO - Setting next_dagrun for example_branch_datetime_operator_2 to 2024-05-04 00:00:00+00:00, run_after=2024-05-05 00:00:00+00:00
[2024-05-05T13:52:48.873+0000] {logging_mixin.py:188} INFO - [2024-05-05T13:52:48.873+0000] {dag.py:3823} INFO - Setting next_dagrun for example_branch_datetime_operator_3 to 2024-05-04 00:00:00+00:00, run_after=2024-05-05 00:00:00+00:00
[2024-05-05T13:52:48.888+0000] {processor.py:183} INFO - Processing /home/airflow/.local/lib/python3.8/site-packages/airflow/example_dags/example_branch_datetime_operator.py took 0.140 seconds
