[2024-05-05T13:46:23.399+0000] {processor.py:161} INFO - Started process (PID=94065) to work on /home/airflow/.local/lib/python3.8/site-packages/airflow/example_dags/example_short_circuit_decorator.py
[2024-05-05T13:46:23.405+0000] {processor.py:830} INFO - Processing file /home/airflow/.local/lib/python3.8/site-packages/airflow/example_dags/example_short_circuit_decorator.py for tasks to queue
[2024-05-05T13:46:23.406+0000] {logging_mixin.py:188} INFO - [2024-05-05T13:46:23.406+0000] {dagbag.py:538} INFO - Filling up the DagBag from /home/airflow/.local/lib/python3.8/site-packages/airflow/example_dags/example_short_circuit_decorator.py
[2024-05-05T13:46:23.415+0000] {processor.py:840} INFO - DAG(s) 'example_short_circuit_decorator' retrieved from /home/airflow/.local/lib/python3.8/site-packages/airflow/example_dags/example_short_circuit_decorator.py
[2024-05-05T13:46:23.473+0000] {logging_mixin.py:188} INFO - [2024-05-05T13:46:23.472+0000] {dag.py:3036} INFO - Sync 1 DAGs
[2024-05-05T13:46:23.748+0000] {logging_mixin.py:188} INFO - [2024-05-05T13:46:23.748+0000] {dag.py:3823} INFO - Setting next_dagrun for example_short_circuit_decorator to 2024-05-04 00:00:00+00:00, run_after=2024-05-05 00:00:00+00:00
[2024-05-05T13:46:23.790+0000] {processor.py:183} INFO - Processing /home/airflow/.local/lib/python3.8/site-packages/airflow/example_dags/example_short_circuit_decorator.py took 0.393 seconds
[2024-05-05T13:46:53.929+0000] {processor.py:161} INFO - Started process (PID=94140) to work on /home/airflow/.local/lib/python3.8/site-packages/airflow/example_dags/example_short_circuit_decorator.py
[2024-05-05T13:46:53.930+0000] {processor.py:830} INFO - Processing file /home/airflow/.local/lib/python3.8/site-packages/airflow/example_dags/example_short_circuit_decorator.py for tasks to queue
[2024-05-05T13:46:53.930+0000] {logging_mixin.py:188} INFO - [2024-05-05T13:46:53.930+0000] {dagbag.py:538} INFO - Filling up the DagBag from /home/airflow/.local/lib/python3.8/site-packages/airflow/example_dags/example_short_circuit_decorator.py
[2024-05-05T13:46:53.975+0000] {processor.py:840} INFO - DAG(s) 'example_short_circuit_decorator' retrieved from /home/airflow/.local/lib/python3.8/site-packages/airflow/example_dags/example_short_circuit_decorator.py
[2024-05-05T13:46:54.020+0000] {logging_mixin.py:188} INFO - [2024-05-05T13:46:54.020+0000] {dag.py:3036} INFO - Sync 1 DAGs
[2024-05-05T13:46:54.057+0000] {logging_mixin.py:188} INFO - [2024-05-05T13:46:54.057+0000] {dag.py:3823} INFO - Setting next_dagrun for example_short_circuit_decorator to 2024-05-04 00:00:00+00:00, run_after=2024-05-05 00:00:00+00:00
[2024-05-05T13:46:54.233+0000] {processor.py:183} INFO - Processing /home/airflow/.local/lib/python3.8/site-packages/airflow/example_dags/example_short_circuit_decorator.py took 0.307 seconds
[2024-05-05T13:47:24.956+0000] {processor.py:161} INFO - Started process (PID=94206) to work on /home/airflow/.local/lib/python3.8/site-packages/airflow/example_dags/example_short_circuit_decorator.py
[2024-05-05T13:47:24.957+0000] {processor.py:830} INFO - Processing file /home/airflow/.local/lib/python3.8/site-packages/airflow/example_dags/example_short_circuit_decorator.py for tasks to queue
[2024-05-05T13:47:24.958+0000] {logging_mixin.py:188} INFO - [2024-05-05T13:47:24.958+0000] {dagbag.py:538} INFO - Filling up the DagBag from /home/airflow/.local/lib/python3.8/site-packages/airflow/example_dags/example_short_circuit_decorator.py
[2024-05-05T13:47:24.967+0000] {processor.py:840} INFO - DAG(s) 'example_short_circuit_decorator' retrieved from /home/airflow/.local/lib/python3.8/site-packages/airflow/example_dags/example_short_circuit_decorator.py
[2024-05-05T13:47:24.988+0000] {logging_mixin.py:188} INFO - [2024-05-05T13:47:24.988+0000] {dag.py:3036} INFO - Sync 1 DAGs
[2024-05-05T13:47:25.007+0000] {logging_mixin.py:188} INFO - [2024-05-05T13:47:25.007+0000] {dag.py:3823} INFO - Setting next_dagrun for example_short_circuit_decorator to 2024-05-04 00:00:00+00:00, run_after=2024-05-05 00:00:00+00:00
[2024-05-05T13:47:25.022+0000] {processor.py:183} INFO - Processing /home/airflow/.local/lib/python3.8/site-packages/airflow/example_dags/example_short_circuit_decorator.py took 0.068 seconds
[2024-05-05T13:47:55.558+0000] {processor.py:161} INFO - Started process (PID=94272) to work on /home/airflow/.local/lib/python3.8/site-packages/airflow/example_dags/example_short_circuit_decorator.py
[2024-05-05T13:47:55.560+0000] {processor.py:830} INFO - Processing file /home/airflow/.local/lib/python3.8/site-packages/airflow/example_dags/example_short_circuit_decorator.py for tasks to queue
[2024-05-05T13:47:55.561+0000] {logging_mixin.py:188} INFO - [2024-05-05T13:47:55.560+0000] {dagbag.py:538} INFO - Filling up the DagBag from /home/airflow/.local/lib/python3.8/site-packages/airflow/example_dags/example_short_circuit_decorator.py
[2024-05-05T13:47:55.569+0000] {processor.py:840} INFO - DAG(s) 'example_short_circuit_decorator' retrieved from /home/airflow/.local/lib/python3.8/site-packages/airflow/example_dags/example_short_circuit_decorator.py
[2024-05-05T13:47:55.597+0000] {logging_mixin.py:188} INFO - [2024-05-05T13:47:55.597+0000] {dag.py:3036} INFO - Sync 1 DAGs
[2024-05-05T13:47:55.618+0000] {logging_mixin.py:188} INFO - [2024-05-05T13:47:55.617+0000] {dag.py:3823} INFO - Setting next_dagrun for example_short_circuit_decorator to 2024-05-04 00:00:00+00:00, run_after=2024-05-05 00:00:00+00:00
[2024-05-05T13:47:55.635+0000] {processor.py:183} INFO - Processing /home/airflow/.local/lib/python3.8/site-packages/airflow/example_dags/example_short_circuit_decorator.py took 0.083 seconds
[2024-05-05T13:48:25.961+0000] {processor.py:161} INFO - Started process (PID=94346) to work on /home/airflow/.local/lib/python3.8/site-packages/airflow/example_dags/example_short_circuit_decorator.py
[2024-05-05T13:48:25.962+0000] {processor.py:830} INFO - Processing file /home/airflow/.local/lib/python3.8/site-packages/airflow/example_dags/example_short_circuit_decorator.py for tasks to queue
[2024-05-05T13:48:25.963+0000] {logging_mixin.py:188} INFO - [2024-05-05T13:48:25.963+0000] {dagbag.py:538} INFO - Filling up the DagBag from /home/airflow/.local/lib/python3.8/site-packages/airflow/example_dags/example_short_circuit_decorator.py
[2024-05-05T13:48:25.984+0000] {processor.py:840} INFO - DAG(s) 'example_short_circuit_decorator' retrieved from /home/airflow/.local/lib/python3.8/site-packages/airflow/example_dags/example_short_circuit_decorator.py
[2024-05-05T13:48:26.153+0000] {logging_mixin.py:188} INFO - [2024-05-05T13:48:26.153+0000] {dag.py:3036} INFO - Sync 1 DAGs
[2024-05-05T13:48:26.170+0000] {logging_mixin.py:188} INFO - [2024-05-05T13:48:26.170+0000] {dag.py:3823} INFO - Setting next_dagrun for example_short_circuit_decorator to 2024-05-04 00:00:00+00:00, run_after=2024-05-05 00:00:00+00:00
[2024-05-05T13:48:26.184+0000] {processor.py:183} INFO - Processing /home/airflow/.local/lib/python3.8/site-packages/airflow/example_dags/example_short_circuit_decorator.py took 0.226 seconds
[2024-05-05T13:48:56.501+0000] {processor.py:161} INFO - Started process (PID=94413) to work on /home/airflow/.local/lib/python3.8/site-packages/airflow/example_dags/example_short_circuit_decorator.py
[2024-05-05T13:48:56.502+0000] {processor.py:830} INFO - Processing file /home/airflow/.local/lib/python3.8/site-packages/airflow/example_dags/example_short_circuit_decorator.py for tasks to queue
[2024-05-05T13:48:56.503+0000] {logging_mixin.py:188} INFO - [2024-05-05T13:48:56.503+0000] {dagbag.py:538} INFO - Filling up the DagBag from /home/airflow/.local/lib/python3.8/site-packages/airflow/example_dags/example_short_circuit_decorator.py
[2024-05-05T13:48:56.513+0000] {processor.py:840} INFO - DAG(s) 'example_short_circuit_decorator' retrieved from /home/airflow/.local/lib/python3.8/site-packages/airflow/example_dags/example_short_circuit_decorator.py
[2024-05-05T13:48:56.533+0000] {logging_mixin.py:188} INFO - [2024-05-05T13:48:56.533+0000] {dag.py:3036} INFO - Sync 1 DAGs
[2024-05-05T13:48:56.555+0000] {logging_mixin.py:188} INFO - [2024-05-05T13:48:56.555+0000] {dag.py:3823} INFO - Setting next_dagrun for example_short_circuit_decorator to 2024-05-04 00:00:00+00:00, run_after=2024-05-05 00:00:00+00:00
[2024-05-05T13:48:56.572+0000] {processor.py:183} INFO - Processing /home/airflow/.local/lib/python3.8/site-packages/airflow/example_dags/example_short_circuit_decorator.py took 0.073 seconds
[2024-05-05T13:49:26.736+0000] {processor.py:161} INFO - Started process (PID=94487) to work on /home/airflow/.local/lib/python3.8/site-packages/airflow/example_dags/example_short_circuit_decorator.py
[2024-05-05T13:49:26.741+0000] {processor.py:830} INFO - Processing file /home/airflow/.local/lib/python3.8/site-packages/airflow/example_dags/example_short_circuit_decorator.py for tasks to queue
[2024-05-05T13:49:26.742+0000] {logging_mixin.py:188} INFO - [2024-05-05T13:49:26.742+0000] {dagbag.py:538} INFO - Filling up the DagBag from /home/airflow/.local/lib/python3.8/site-packages/airflow/example_dags/example_short_circuit_decorator.py
[2024-05-05T13:49:26.757+0000] {processor.py:840} INFO - DAG(s) 'example_short_circuit_decorator' retrieved from /home/airflow/.local/lib/python3.8/site-packages/airflow/example_dags/example_short_circuit_decorator.py
[2024-05-05T13:49:26.793+0000] {logging_mixin.py:188} INFO - [2024-05-05T13:49:26.793+0000] {dag.py:3036} INFO - Sync 1 DAGs
[2024-05-05T13:49:26.858+0000] {logging_mixin.py:188} INFO - [2024-05-05T13:49:26.858+0000] {dag.py:3823} INFO - Setting next_dagrun for example_short_circuit_decorator to 2024-05-04 00:00:00+00:00, run_after=2024-05-05 00:00:00+00:00
[2024-05-05T13:49:26.921+0000] {processor.py:183} INFO - Processing /home/airflow/.local/lib/python3.8/site-packages/airflow/example_dags/example_short_circuit_decorator.py took 0.190 seconds
[2024-05-05T13:49:57.759+0000] {processor.py:161} INFO - Started process (PID=94554) to work on /home/airflow/.local/lib/python3.8/site-packages/airflow/example_dags/example_short_circuit_decorator.py
[2024-05-05T13:49:57.775+0000] {processor.py:830} INFO - Processing file /home/airflow/.local/lib/python3.8/site-packages/airflow/example_dags/example_short_circuit_decorator.py for tasks to queue
[2024-05-05T13:49:57.776+0000] {logging_mixin.py:188} INFO - [2024-05-05T13:49:57.775+0000] {dagbag.py:538} INFO - Filling up the DagBag from /home/airflow/.local/lib/python3.8/site-packages/airflow/example_dags/example_short_circuit_decorator.py
[2024-05-05T13:49:57.786+0000] {processor.py:840} INFO - DAG(s) 'example_short_circuit_decorator' retrieved from /home/airflow/.local/lib/python3.8/site-packages/airflow/example_dags/example_short_circuit_decorator.py
[2024-05-05T13:49:57.833+0000] {logging_mixin.py:188} INFO - [2024-05-05T13:49:57.832+0000] {dag.py:3036} INFO - Sync 1 DAGs
[2024-05-05T13:49:57.900+0000] {logging_mixin.py:188} INFO - [2024-05-05T13:49:57.900+0000] {dag.py:3823} INFO - Setting next_dagrun for example_short_circuit_decorator to 2024-05-04 00:00:00+00:00, run_after=2024-05-05 00:00:00+00:00
[2024-05-05T13:49:57.956+0000] {processor.py:183} INFO - Processing /home/airflow/.local/lib/python3.8/site-packages/airflow/example_dags/example_short_circuit_decorator.py took 0.200 seconds
[2024-05-05T13:50:28.013+0000] {processor.py:161} INFO - Started process (PID=94619) to work on /home/airflow/.local/lib/python3.8/site-packages/airflow/example_dags/example_short_circuit_decorator.py
[2024-05-05T13:50:28.014+0000] {processor.py:830} INFO - Processing file /home/airflow/.local/lib/python3.8/site-packages/airflow/example_dags/example_short_circuit_decorator.py for tasks to queue
[2024-05-05T13:50:28.015+0000] {logging_mixin.py:188} INFO - [2024-05-05T13:50:28.015+0000] {dagbag.py:538} INFO - Filling up the DagBag from /home/airflow/.local/lib/python3.8/site-packages/airflow/example_dags/example_short_circuit_decorator.py
[2024-05-05T13:50:28.027+0000] {processor.py:840} INFO - DAG(s) 'example_short_circuit_decorator' retrieved from /home/airflow/.local/lib/python3.8/site-packages/airflow/example_dags/example_short_circuit_decorator.py
[2024-05-05T13:50:28.056+0000] {logging_mixin.py:188} INFO - [2024-05-05T13:50:28.056+0000] {dag.py:3036} INFO - Sync 1 DAGs
[2024-05-05T13:50:28.077+0000] {logging_mixin.py:188} INFO - [2024-05-05T13:50:28.076+0000] {dag.py:3823} INFO - Setting next_dagrun for example_short_circuit_decorator to 2024-05-04 00:00:00+00:00, run_after=2024-05-05 00:00:00+00:00
[2024-05-05T13:50:28.096+0000] {processor.py:183} INFO - Processing /home/airflow/.local/lib/python3.8/site-packages/airflow/example_dags/example_short_circuit_decorator.py took 0.085 seconds
[2024-05-05T13:50:58.979+0000] {processor.py:161} INFO - Started process (PID=94696) to work on /home/airflow/.local/lib/python3.8/site-packages/airflow/example_dags/example_short_circuit_decorator.py
[2024-05-05T13:50:58.987+0000] {processor.py:830} INFO - Processing file /home/airflow/.local/lib/python3.8/site-packages/airflow/example_dags/example_short_circuit_decorator.py for tasks to queue
[2024-05-05T13:50:58.996+0000] {logging_mixin.py:188} INFO - [2024-05-05T13:50:58.995+0000] {dagbag.py:538} INFO - Filling up the DagBag from /home/airflow/.local/lib/python3.8/site-packages/airflow/example_dags/example_short_circuit_decorator.py
[2024-05-05T13:50:59.005+0000] {processor.py:840} INFO - DAG(s) 'example_short_circuit_decorator' retrieved from /home/airflow/.local/lib/python3.8/site-packages/airflow/example_dags/example_short_circuit_decorator.py
[2024-05-05T13:50:59.105+0000] {logging_mixin.py:188} INFO - [2024-05-05T13:50:59.105+0000] {dag.py:3036} INFO - Sync 1 DAGs
[2024-05-05T13:50:59.161+0000] {logging_mixin.py:188} INFO - [2024-05-05T13:50:59.160+0000] {dag.py:3823} INFO - Setting next_dagrun for example_short_circuit_decorator to 2024-05-04 00:00:00+00:00, run_after=2024-05-05 00:00:00+00:00
[2024-05-05T13:50:59.208+0000] {processor.py:183} INFO - Processing /home/airflow/.local/lib/python3.8/site-packages/airflow/example_dags/example_short_circuit_decorator.py took 0.240 seconds
[2024-05-05T13:51:29.606+0000] {processor.py:161} INFO - Started process (PID=94763) to work on /home/airflow/.local/lib/python3.8/site-packages/airflow/example_dags/example_short_circuit_decorator.py
[2024-05-05T13:51:29.607+0000] {processor.py:830} INFO - Processing file /home/airflow/.local/lib/python3.8/site-packages/airflow/example_dags/example_short_circuit_decorator.py for tasks to queue
[2024-05-05T13:51:29.608+0000] {logging_mixin.py:188} INFO - [2024-05-05T13:51:29.607+0000] {dagbag.py:538} INFO - Filling up the DagBag from /home/airflow/.local/lib/python3.8/site-packages/airflow/example_dags/example_short_circuit_decorator.py
[2024-05-05T13:51:29.624+0000] {processor.py:840} INFO - DAG(s) 'example_short_circuit_decorator' retrieved from /home/airflow/.local/lib/python3.8/site-packages/airflow/example_dags/example_short_circuit_decorator.py
[2024-05-05T13:51:29.685+0000] {logging_mixin.py:188} INFO - [2024-05-05T13:51:29.680+0000] {dag.py:3036} INFO - Sync 1 DAGs
[2024-05-05T13:51:29.709+0000] {logging_mixin.py:188} INFO - [2024-05-05T13:51:29.708+0000] {dag.py:3823} INFO - Setting next_dagrun for example_short_circuit_decorator to 2024-05-04 00:00:00+00:00, run_after=2024-05-05 00:00:00+00:00
[2024-05-05T13:51:29.728+0000] {processor.py:183} INFO - Processing /home/airflow/.local/lib/python3.8/site-packages/airflow/example_dags/example_short_circuit_decorator.py took 0.124 seconds
[2024-05-05T13:51:59.890+0000] {processor.py:161} INFO - Started process (PID=94828) to work on /home/airflow/.local/lib/python3.8/site-packages/airflow/example_dags/example_short_circuit_decorator.py
[2024-05-05T13:51:59.893+0000] {processor.py:830} INFO - Processing file /home/airflow/.local/lib/python3.8/site-packages/airflow/example_dags/example_short_circuit_decorator.py for tasks to queue
[2024-05-05T13:51:59.894+0000] {logging_mixin.py:188} INFO - [2024-05-05T13:51:59.893+0000] {dagbag.py:538} INFO - Filling up the DagBag from /home/airflow/.local/lib/python3.8/site-packages/airflow/example_dags/example_short_circuit_decorator.py
[2024-05-05T13:51:59.903+0000] {processor.py:840} INFO - DAG(s) 'example_short_circuit_decorator' retrieved from /home/airflow/.local/lib/python3.8/site-packages/airflow/example_dags/example_short_circuit_decorator.py
[2024-05-05T13:51:59.931+0000] {logging_mixin.py:188} INFO - [2024-05-05T13:51:59.931+0000] {dag.py:3036} INFO - Sync 1 DAGs
[2024-05-05T13:51:59.958+0000] {logging_mixin.py:188} INFO - [2024-05-05T13:51:59.957+0000] {dag.py:3823} INFO - Setting next_dagrun for example_short_circuit_decorator to 2024-05-04 00:00:00+00:00, run_after=2024-05-05 00:00:00+00:00
[2024-05-05T13:51:59.976+0000] {processor.py:183} INFO - Processing /home/airflow/.local/lib/python3.8/site-packages/airflow/example_dags/example_short_circuit_decorator.py took 0.088 seconds
[2024-05-05T13:52:30.618+0000] {processor.py:161} INFO - Started process (PID=94903) to work on /home/airflow/.local/lib/python3.8/site-packages/airflow/example_dags/example_short_circuit_decorator.py
[2024-05-05T13:52:30.623+0000] {processor.py:830} INFO - Processing file /home/airflow/.local/lib/python3.8/site-packages/airflow/example_dags/example_short_circuit_decorator.py for tasks to queue
[2024-05-05T13:52:30.624+0000] {logging_mixin.py:188} INFO - [2024-05-05T13:52:30.623+0000] {dagbag.py:538} INFO - Filling up the DagBag from /home/airflow/.local/lib/python3.8/site-packages/airflow/example_dags/example_short_circuit_decorator.py
[2024-05-05T13:52:30.649+0000] {processor.py:840} INFO - DAG(s) 'example_short_circuit_decorator' retrieved from /home/airflow/.local/lib/python3.8/site-packages/airflow/example_dags/example_short_circuit_decorator.py
[2024-05-05T13:52:30.691+0000] {logging_mixin.py:188} INFO - [2024-05-05T13:52:30.691+0000] {dag.py:3036} INFO - Sync 1 DAGs
[2024-05-05T13:52:30.739+0000] {logging_mixin.py:188} INFO - [2024-05-05T13:52:30.738+0000] {dag.py:3823} INFO - Setting next_dagrun for example_short_circuit_decorator to 2024-05-04 00:00:00+00:00, run_after=2024-05-05 00:00:00+00:00
[2024-05-05T13:52:30.766+0000] {processor.py:183} INFO - Processing /home/airflow/.local/lib/python3.8/site-packages/airflow/example_dags/example_short_circuit_decorator.py took 0.151 seconds
