[2024-05-05T13:46:25.786+0000] {processor.py:161} INFO - Started process (PID=94071) to work on /home/airflow/.local/lib/python3.8/site-packages/airflow/example_dags/example_external_task_marker_dag.py
[2024-05-05T13:46:25.787+0000] {processor.py:830} INFO - Processing file /home/airflow/.local/lib/python3.8/site-packages/airflow/example_dags/example_external_task_marker_dag.py for tasks to queue
[2024-05-05T13:46:25.788+0000] {logging_mixin.py:188} INFO - [2024-05-05T13:46:25.788+0000] {dagbag.py:538} INFO - Filling up the DagBag from /home/airflow/.local/lib/python3.8/site-packages/airflow/example_dags/example_external_task_marker_dag.py
[2024-05-05T13:46:25.793+0000] {processor.py:840} INFO - DAG(s) 'example_external_task_marker_parent', 'example_external_task_marker_child' retrieved from /home/airflow/.local/lib/python3.8/site-packages/airflow/example_dags/example_external_task_marker_dag.py
[2024-05-05T13:46:25.815+0000] {logging_mixin.py:188} INFO - [2024-05-05T13:46:25.815+0000] {dag.py:3036} INFO - Sync 2 DAGs
[2024-05-05T13:46:25.983+0000] {logging_mixin.py:188} INFO - [2024-05-05T13:46:25.982+0000] {dag.py:3823} INFO - Setting next_dagrun for example_external_task_marker_child to None, run_after=None
[2024-05-05T13:46:25.987+0000] {logging_mixin.py:188} INFO - [2024-05-05T13:46:25.987+0000] {dag.py:3823} INFO - Setting next_dagrun for example_external_task_marker_parent to None, run_after=None
[2024-05-05T13:46:26.000+0000] {processor.py:183} INFO - Processing /home/airflow/.local/lib/python3.8/site-packages/airflow/example_dags/example_external_task_marker_dag.py took 0.219 seconds
[2024-05-05T13:46:56.120+0000] {processor.py:161} INFO - Started process (PID=94146) to work on /home/airflow/.local/lib/python3.8/site-packages/airflow/example_dags/example_external_task_marker_dag.py
[2024-05-05T13:46:56.121+0000] {processor.py:830} INFO - Processing file /home/airflow/.local/lib/python3.8/site-packages/airflow/example_dags/example_external_task_marker_dag.py for tasks to queue
[2024-05-05T13:46:56.122+0000] {logging_mixin.py:188} INFO - [2024-05-05T13:46:56.122+0000] {dagbag.py:538} INFO - Filling up the DagBag from /home/airflow/.local/lib/python3.8/site-packages/airflow/example_dags/example_external_task_marker_dag.py
[2024-05-05T13:46:56.127+0000] {processor.py:840} INFO - DAG(s) 'example_external_task_marker_parent', 'example_external_task_marker_child' retrieved from /home/airflow/.local/lib/python3.8/site-packages/airflow/example_dags/example_external_task_marker_dag.py
[2024-05-05T13:46:56.151+0000] {logging_mixin.py:188} INFO - [2024-05-05T13:46:56.151+0000] {dag.py:3036} INFO - Sync 2 DAGs
[2024-05-05T13:46:56.163+0000] {logging_mixin.py:188} INFO - [2024-05-05T13:46:56.163+0000] {dag.py:3823} INFO - Setting next_dagrun for example_external_task_marker_child to None, run_after=None
[2024-05-05T13:46:56.167+0000] {logging_mixin.py:188} INFO - [2024-05-05T13:46:56.166+0000] {dag.py:3823} INFO - Setting next_dagrun for example_external_task_marker_parent to None, run_after=None
[2024-05-05T13:46:56.314+0000] {processor.py:183} INFO - Processing /home/airflow/.local/lib/python3.8/site-packages/airflow/example_dags/example_external_task_marker_dag.py took 0.196 seconds
[2024-05-05T13:47:26.412+0000] {processor.py:161} INFO - Started process (PID=94212) to work on /home/airflow/.local/lib/python3.8/site-packages/airflow/example_dags/example_external_task_marker_dag.py
[2024-05-05T13:47:26.413+0000] {processor.py:830} INFO - Processing file /home/airflow/.local/lib/python3.8/site-packages/airflow/example_dags/example_external_task_marker_dag.py for tasks to queue
[2024-05-05T13:47:26.414+0000] {logging_mixin.py:188} INFO - [2024-05-05T13:47:26.414+0000] {dagbag.py:538} INFO - Filling up the DagBag from /home/airflow/.local/lib/python3.8/site-packages/airflow/example_dags/example_external_task_marker_dag.py
[2024-05-05T13:47:26.420+0000] {processor.py:840} INFO - DAG(s) 'example_external_task_marker_child', 'example_external_task_marker_parent' retrieved from /home/airflow/.local/lib/python3.8/site-packages/airflow/example_dags/example_external_task_marker_dag.py
[2024-05-05T13:47:26.465+0000] {logging_mixin.py:188} INFO - [2024-05-05T13:47:26.465+0000] {dag.py:3036} INFO - Sync 2 DAGs
[2024-05-05T13:47:26.483+0000] {logging_mixin.py:188} INFO - [2024-05-05T13:47:26.483+0000] {dag.py:3823} INFO - Setting next_dagrun for example_external_task_marker_child to None, run_after=None
[2024-05-05T13:47:26.491+0000] {logging_mixin.py:188} INFO - [2024-05-05T13:47:26.491+0000] {dag.py:3823} INFO - Setting next_dagrun for example_external_task_marker_parent to None, run_after=None
[2024-05-05T13:47:26.523+0000] {processor.py:183} INFO - Processing /home/airflow/.local/lib/python3.8/site-packages/airflow/example_dags/example_external_task_marker_dag.py took 0.113 seconds
[2024-05-05T13:47:57.143+0000] {processor.py:161} INFO - Started process (PID=94286) to work on /home/airflow/.local/lib/python3.8/site-packages/airflow/example_dags/example_external_task_marker_dag.py
[2024-05-05T13:47:57.144+0000] {processor.py:830} INFO - Processing file /home/airflow/.local/lib/python3.8/site-packages/airflow/example_dags/example_external_task_marker_dag.py for tasks to queue
[2024-05-05T13:47:57.146+0000] {logging_mixin.py:188} INFO - [2024-05-05T13:47:57.145+0000] {dagbag.py:538} INFO - Filling up the DagBag from /home/airflow/.local/lib/python3.8/site-packages/airflow/example_dags/example_external_task_marker_dag.py
[2024-05-05T13:47:57.152+0000] {processor.py:840} INFO - DAG(s) 'example_external_task_marker_parent', 'example_external_task_marker_child' retrieved from /home/airflow/.local/lib/python3.8/site-packages/airflow/example_dags/example_external_task_marker_dag.py
[2024-05-05T13:47:57.177+0000] {logging_mixin.py:188} INFO - [2024-05-05T13:47:57.177+0000] {dag.py:3036} INFO - Sync 2 DAGs
[2024-05-05T13:47:57.189+0000] {logging_mixin.py:188} INFO - [2024-05-05T13:47:57.189+0000] {dag.py:3823} INFO - Setting next_dagrun for example_external_task_marker_child to None, run_after=None
[2024-05-05T13:47:57.193+0000] {logging_mixin.py:188} INFO - [2024-05-05T13:47:57.192+0000] {dag.py:3823} INFO - Setting next_dagrun for example_external_task_marker_parent to None, run_after=None
[2024-05-05T13:47:57.206+0000] {processor.py:183} INFO - Processing /home/airflow/.local/lib/python3.8/site-packages/airflow/example_dags/example_external_task_marker_dag.py took 0.065 seconds
[2024-05-05T13:48:27.997+0000] {processor.py:161} INFO - Started process (PID=94352) to work on /home/airflow/.local/lib/python3.8/site-packages/airflow/example_dags/example_external_task_marker_dag.py
[2024-05-05T13:48:27.998+0000] {processor.py:830} INFO - Processing file /home/airflow/.local/lib/python3.8/site-packages/airflow/example_dags/example_external_task_marker_dag.py for tasks to queue
[2024-05-05T13:48:27.999+0000] {logging_mixin.py:188} INFO - [2024-05-05T13:48:27.999+0000] {dagbag.py:538} INFO - Filling up the DagBag from /home/airflow/.local/lib/python3.8/site-packages/airflow/example_dags/example_external_task_marker_dag.py
[2024-05-05T13:48:28.004+0000] {processor.py:840} INFO - DAG(s) 'example_external_task_marker_parent', 'example_external_task_marker_child' retrieved from /home/airflow/.local/lib/python3.8/site-packages/airflow/example_dags/example_external_task_marker_dag.py
[2024-05-05T13:48:28.165+0000] {logging_mixin.py:188} INFO - [2024-05-05T13:48:28.164+0000] {dag.py:3036} INFO - Sync 2 DAGs
[2024-05-05T13:48:28.190+0000] {logging_mixin.py:188} INFO - [2024-05-05T13:48:28.189+0000] {dag.py:3823} INFO - Setting next_dagrun for example_external_task_marker_child to None, run_after=None
[2024-05-05T13:48:28.196+0000] {logging_mixin.py:188} INFO - [2024-05-05T13:48:28.196+0000] {dag.py:3823} INFO - Setting next_dagrun for example_external_task_marker_parent to None, run_after=None
[2024-05-05T13:48:28.232+0000] {processor.py:183} INFO - Processing /home/airflow/.local/lib/python3.8/site-packages/airflow/example_dags/example_external_task_marker_dag.py took 0.239 seconds
[2024-05-05T13:48:58.800+0000] {processor.py:161} INFO - Started process (PID=94419) to work on /home/airflow/.local/lib/python3.8/site-packages/airflow/example_dags/example_external_task_marker_dag.py
[2024-05-05T13:48:58.801+0000] {processor.py:830} INFO - Processing file /home/airflow/.local/lib/python3.8/site-packages/airflow/example_dags/example_external_task_marker_dag.py for tasks to queue
[2024-05-05T13:48:58.802+0000] {logging_mixin.py:188} INFO - [2024-05-05T13:48:58.801+0000] {dagbag.py:538} INFO - Filling up the DagBag from /home/airflow/.local/lib/python3.8/site-packages/airflow/example_dags/example_external_task_marker_dag.py
[2024-05-05T13:48:58.807+0000] {processor.py:840} INFO - DAG(s) 'example_external_task_marker_child', 'example_external_task_marker_parent' retrieved from /home/airflow/.local/lib/python3.8/site-packages/airflow/example_dags/example_external_task_marker_dag.py
[2024-05-05T13:48:58.831+0000] {logging_mixin.py:188} INFO - [2024-05-05T13:48:58.831+0000] {dag.py:3036} INFO - Sync 2 DAGs
[2024-05-05T13:48:58.843+0000] {logging_mixin.py:188} INFO - [2024-05-05T13:48:58.843+0000] {dag.py:3823} INFO - Setting next_dagrun for example_external_task_marker_child to None, run_after=None
[2024-05-05T13:48:58.848+0000] {logging_mixin.py:188} INFO - [2024-05-05T13:48:58.848+0000] {dag.py:3823} INFO - Setting next_dagrun for example_external_task_marker_parent to None, run_after=None
[2024-05-05T13:48:58.898+0000] {processor.py:183} INFO - Processing /home/airflow/.local/lib/python3.8/site-packages/airflow/example_dags/example_external_task_marker_dag.py took 0.101 seconds
[2024-05-05T13:49:29.351+0000] {processor.py:161} INFO - Started process (PID=94493) to work on /home/airflow/.local/lib/python3.8/site-packages/airflow/example_dags/example_external_task_marker_dag.py
[2024-05-05T13:49:29.352+0000] {processor.py:830} INFO - Processing file /home/airflow/.local/lib/python3.8/site-packages/airflow/example_dags/example_external_task_marker_dag.py for tasks to queue
[2024-05-05T13:49:29.353+0000] {logging_mixin.py:188} INFO - [2024-05-05T13:49:29.353+0000] {dagbag.py:538} INFO - Filling up the DagBag from /home/airflow/.local/lib/python3.8/site-packages/airflow/example_dags/example_external_task_marker_dag.py
[2024-05-05T13:49:29.358+0000] {processor.py:840} INFO - DAG(s) 'example_external_task_marker_child', 'example_external_task_marker_parent' retrieved from /home/airflow/.local/lib/python3.8/site-packages/airflow/example_dags/example_external_task_marker_dag.py
[2024-05-05T13:49:29.380+0000] {logging_mixin.py:188} INFO - [2024-05-05T13:49:29.379+0000] {dag.py:3036} INFO - Sync 2 DAGs
[2024-05-05T13:49:29.392+0000] {logging_mixin.py:188} INFO - [2024-05-05T13:49:29.392+0000] {dag.py:3823} INFO - Setting next_dagrun for example_external_task_marker_child to None, run_after=None
[2024-05-05T13:49:29.396+0000] {logging_mixin.py:188} INFO - [2024-05-05T13:49:29.396+0000] {dag.py:3823} INFO - Setting next_dagrun for example_external_task_marker_parent to None, run_after=None
[2024-05-05T13:49:29.419+0000] {processor.py:183} INFO - Processing /home/airflow/.local/lib/python3.8/site-packages/airflow/example_dags/example_external_task_marker_dag.py took 0.071 seconds
[2024-05-05T13:50:00.193+0000] {processor.py:161} INFO - Started process (PID=94560) to work on /home/airflow/.local/lib/python3.8/site-packages/airflow/example_dags/example_external_task_marker_dag.py
[2024-05-05T13:50:00.194+0000] {processor.py:830} INFO - Processing file /home/airflow/.local/lib/python3.8/site-packages/airflow/example_dags/example_external_task_marker_dag.py for tasks to queue
[2024-05-05T13:50:00.195+0000] {logging_mixin.py:188} INFO - [2024-05-05T13:50:00.195+0000] {dagbag.py:538} INFO - Filling up the DagBag from /home/airflow/.local/lib/python3.8/site-packages/airflow/example_dags/example_external_task_marker_dag.py
[2024-05-05T13:50:00.200+0000] {processor.py:840} INFO - DAG(s) 'example_external_task_marker_parent', 'example_external_task_marker_child' retrieved from /home/airflow/.local/lib/python3.8/site-packages/airflow/example_dags/example_external_task_marker_dag.py
[2024-05-05T13:50:00.224+0000] {logging_mixin.py:188} INFO - [2024-05-05T13:50:00.224+0000] {dag.py:3036} INFO - Sync 2 DAGs
[2024-05-05T13:50:00.237+0000] {logging_mixin.py:188} INFO - [2024-05-05T13:50:00.237+0000] {dag.py:3823} INFO - Setting next_dagrun for example_external_task_marker_child to None, run_after=None
[2024-05-05T13:50:00.244+0000] {logging_mixin.py:188} INFO - [2024-05-05T13:50:00.241+0000] {dag.py:3823} INFO - Setting next_dagrun for example_external_task_marker_parent to None, run_after=None
[2024-05-05T13:50:00.262+0000] {processor.py:183} INFO - Processing /home/airflow/.local/lib/python3.8/site-packages/airflow/example_dags/example_external_task_marker_dag.py took 0.072 seconds
[2024-05-05T13:50:30.418+0000] {processor.py:161} INFO - Started process (PID=94634) to work on /home/airflow/.local/lib/python3.8/site-packages/airflow/example_dags/example_external_task_marker_dag.py
[2024-05-05T13:50:30.420+0000] {processor.py:830} INFO - Processing file /home/airflow/.local/lib/python3.8/site-packages/airflow/example_dags/example_external_task_marker_dag.py for tasks to queue
[2024-05-05T13:50:30.429+0000] {logging_mixin.py:188} INFO - [2024-05-05T13:50:30.429+0000] {dagbag.py:538} INFO - Filling up the DagBag from /home/airflow/.local/lib/python3.8/site-packages/airflow/example_dags/example_external_task_marker_dag.py
[2024-05-05T13:50:30.435+0000] {processor.py:840} INFO - DAG(s) 'example_external_task_marker_parent', 'example_external_task_marker_child' retrieved from /home/airflow/.local/lib/python3.8/site-packages/airflow/example_dags/example_external_task_marker_dag.py
[2024-05-05T13:50:30.486+0000] {logging_mixin.py:188} INFO - [2024-05-05T13:50:30.486+0000] {dag.py:3036} INFO - Sync 2 DAGs
[2024-05-05T13:50:30.506+0000] {logging_mixin.py:188} INFO - [2024-05-05T13:50:30.506+0000] {dag.py:3823} INFO - Setting next_dagrun for example_external_task_marker_child to None, run_after=None
[2024-05-05T13:50:30.511+0000] {logging_mixin.py:188} INFO - [2024-05-05T13:50:30.511+0000] {dag.py:3823} INFO - Setting next_dagrun for example_external_task_marker_parent to None, run_after=None
[2024-05-05T13:50:30.537+0000] {processor.py:183} INFO - Processing /home/airflow/.local/lib/python3.8/site-packages/airflow/example_dags/example_external_task_marker_dag.py took 0.121 seconds
[2024-05-05T13:51:00.640+0000] {processor.py:161} INFO - Started process (PID=94702) to work on /home/airflow/.local/lib/python3.8/site-packages/airflow/example_dags/example_external_task_marker_dag.py
[2024-05-05T13:51:00.647+0000] {processor.py:830} INFO - Processing file /home/airflow/.local/lib/python3.8/site-packages/airflow/example_dags/example_external_task_marker_dag.py for tasks to queue
[2024-05-05T13:51:00.649+0000] {logging_mixin.py:188} INFO - [2024-05-05T13:51:00.648+0000] {dagbag.py:538} INFO - Filling up the DagBag from /home/airflow/.local/lib/python3.8/site-packages/airflow/example_dags/example_external_task_marker_dag.py
[2024-05-05T13:51:00.656+0000] {processor.py:840} INFO - DAG(s) 'example_external_task_marker_parent', 'example_external_task_marker_child' retrieved from /home/airflow/.local/lib/python3.8/site-packages/airflow/example_dags/example_external_task_marker_dag.py
[2024-05-05T13:51:00.700+0000] {logging_mixin.py:188} INFO - [2024-05-05T13:51:00.700+0000] {dag.py:3036} INFO - Sync 2 DAGs
[2024-05-05T13:51:00.718+0000] {logging_mixin.py:188} INFO - [2024-05-05T13:51:00.717+0000] {dag.py:3823} INFO - Setting next_dagrun for example_external_task_marker_child to None, run_after=None
[2024-05-05T13:51:00.722+0000] {logging_mixin.py:188} INFO - [2024-05-05T13:51:00.721+0000] {dag.py:3823} INFO - Setting next_dagrun for example_external_task_marker_parent to None, run_after=None
[2024-05-05T13:51:00.742+0000] {processor.py:183} INFO - Processing /home/airflow/.local/lib/python3.8/site-packages/airflow/example_dags/example_external_task_marker_dag.py took 0.105 seconds
[2024-05-05T13:51:31.069+0000] {processor.py:161} INFO - Started process (PID=94769) to work on /home/airflow/.local/lib/python3.8/site-packages/airflow/example_dags/example_external_task_marker_dag.py
[2024-05-05T13:51:31.075+0000] {processor.py:830} INFO - Processing file /home/airflow/.local/lib/python3.8/site-packages/airflow/example_dags/example_external_task_marker_dag.py for tasks to queue
[2024-05-05T13:51:31.079+0000] {logging_mixin.py:188} INFO - [2024-05-05T13:51:31.078+0000] {dagbag.py:538} INFO - Filling up the DagBag from /home/airflow/.local/lib/python3.8/site-packages/airflow/example_dags/example_external_task_marker_dag.py
[2024-05-05T13:51:31.098+0000] {processor.py:840} INFO - DAG(s) 'example_external_task_marker_child', 'example_external_task_marker_parent' retrieved from /home/airflow/.local/lib/python3.8/site-packages/airflow/example_dags/example_external_task_marker_dag.py
[2024-05-05T13:51:31.150+0000] {logging_mixin.py:188} INFO - [2024-05-05T13:51:31.149+0000] {dag.py:3036} INFO - Sync 2 DAGs
[2024-05-05T13:51:31.173+0000] {logging_mixin.py:188} INFO - [2024-05-05T13:51:31.173+0000] {dag.py:3823} INFO - Setting next_dagrun for example_external_task_marker_child to None, run_after=None
[2024-05-05T13:51:31.179+0000] {logging_mixin.py:188} INFO - [2024-05-05T13:51:31.179+0000] {dag.py:3823} INFO - Setting next_dagrun for example_external_task_marker_parent to None, run_after=None
[2024-05-05T13:51:31.209+0000] {processor.py:183} INFO - Processing /home/airflow/.local/lib/python3.8/site-packages/airflow/example_dags/example_external_task_marker_dag.py took 0.144 seconds
[2024-05-05T13:52:01.382+0000] {processor.py:161} INFO - Started process (PID=94834) to work on /home/airflow/.local/lib/python3.8/site-packages/airflow/example_dags/example_external_task_marker_dag.py
[2024-05-05T13:52:01.383+0000] {processor.py:830} INFO - Processing file /home/airflow/.local/lib/python3.8/site-packages/airflow/example_dags/example_external_task_marker_dag.py for tasks to queue
[2024-05-05T13:52:01.384+0000] {logging_mixin.py:188} INFO - [2024-05-05T13:52:01.383+0000] {dagbag.py:538} INFO - Filling up the DagBag from /home/airflow/.local/lib/python3.8/site-packages/airflow/example_dags/example_external_task_marker_dag.py
[2024-05-05T13:52:01.388+0000] {processor.py:840} INFO - DAG(s) 'example_external_task_marker_child', 'example_external_task_marker_parent' retrieved from /home/airflow/.local/lib/python3.8/site-packages/airflow/example_dags/example_external_task_marker_dag.py
[2024-05-05T13:52:01.417+0000] {logging_mixin.py:188} INFO - [2024-05-05T13:52:01.417+0000] {dag.py:3036} INFO - Sync 2 DAGs
[2024-05-05T13:52:01.430+0000] {logging_mixin.py:188} INFO - [2024-05-05T13:52:01.430+0000] {dag.py:3823} INFO - Setting next_dagrun for example_external_task_marker_child to None, run_after=None
[2024-05-05T13:52:01.435+0000] {logging_mixin.py:188} INFO - [2024-05-05T13:52:01.435+0000] {dag.py:3823} INFO - Setting next_dagrun for example_external_task_marker_parent to None, run_after=None
[2024-05-05T13:52:01.455+0000] {processor.py:183} INFO - Processing /home/airflow/.local/lib/python3.8/site-packages/airflow/example_dags/example_external_task_marker_dag.py took 0.076 seconds
[2024-05-05T13:52:32.185+0000] {processor.py:161} INFO - Started process (PID=94909) to work on /home/airflow/.local/lib/python3.8/site-packages/airflow/example_dags/example_external_task_marker_dag.py
[2024-05-05T13:52:32.186+0000] {processor.py:830} INFO - Processing file /home/airflow/.local/lib/python3.8/site-packages/airflow/example_dags/example_external_task_marker_dag.py for tasks to queue
[2024-05-05T13:52:32.188+0000] {logging_mixin.py:188} INFO - [2024-05-05T13:52:32.188+0000] {dagbag.py:538} INFO - Filling up the DagBag from /home/airflow/.local/lib/python3.8/site-packages/airflow/example_dags/example_external_task_marker_dag.py
[2024-05-05T13:52:32.194+0000] {processor.py:840} INFO - DAG(s) 'example_external_task_marker_parent', 'example_external_task_marker_child' retrieved from /home/airflow/.local/lib/python3.8/site-packages/airflow/example_dags/example_external_task_marker_dag.py
[2024-05-05T13:52:32.235+0000] {logging_mixin.py:188} INFO - [2024-05-05T13:52:32.235+0000] {dag.py:3036} INFO - Sync 2 DAGs
[2024-05-05T13:52:32.253+0000] {logging_mixin.py:188} INFO - [2024-05-05T13:52:32.252+0000] {dag.py:3823} INFO - Setting next_dagrun for example_external_task_marker_child to None, run_after=None
[2024-05-05T13:52:32.259+0000] {logging_mixin.py:188} INFO - [2024-05-05T13:52:32.258+0000] {dag.py:3823} INFO - Setting next_dagrun for example_external_task_marker_parent to None, run_after=None
[2024-05-05T13:52:32.284+0000] {processor.py:183} INFO - Processing /home/airflow/.local/lib/python3.8/site-packages/airflow/example_dags/example_external_task_marker_dag.py took 0.101 seconds
