[2024-05-05T13:46:11.910+0000] {processor.py:161} INFO - Started process (PID=94037) to work on /home/airflow/.local/lib/python3.8/site-packages/airflow/example_dags/example_dynamic_task_mapping.py
[2024-05-05T13:46:11.912+0000] {processor.py:830} INFO - Processing file /home/airflow/.local/lib/python3.8/site-packages/airflow/example_dags/example_dynamic_task_mapping.py for tasks to queue
[2024-05-05T13:46:11.913+0000] {logging_mixin.py:188} INFO - [2024-05-05T13:46:11.912+0000] {dagbag.py:538} INFO - Filling up the DagBag from /home/airflow/.local/lib/python3.8/site-packages/airflow/example_dags/example_dynamic_task_mapping.py
[2024-05-05T13:46:11.925+0000] {processor.py:840} INFO - DAG(s) 'example_dynamic_task_mapping' retrieved from /home/airflow/.local/lib/python3.8/site-packages/airflow/example_dags/example_dynamic_task_mapping.py
[2024-05-05T13:46:11.972+0000] {logging_mixin.py:188} INFO - [2024-05-05T13:46:11.971+0000] {dag.py:3036} INFO - Sync 1 DAGs
[2024-05-05T13:46:12.009+0000] {logging_mixin.py:188} INFO - [2024-05-05T13:46:12.008+0000] {dag.py:3823} INFO - Setting next_dagrun for example_dynamic_task_mapping to 2022-03-04 00:00:00+00:00, run_after=2022-03-05 00:00:00+00:00
[2024-05-05T13:46:12.048+0000] {processor.py:183} INFO - Processing /home/airflow/.local/lib/python3.8/site-packages/airflow/example_dags/example_dynamic_task_mapping.py took 0.140 seconds
[2024-05-05T13:46:42.389+0000] {processor.py:161} INFO - Started process (PID=94111) to work on /home/airflow/.local/lib/python3.8/site-packages/airflow/example_dags/example_dynamic_task_mapping.py
[2024-05-05T13:46:42.390+0000] {processor.py:830} INFO - Processing file /home/airflow/.local/lib/python3.8/site-packages/airflow/example_dags/example_dynamic_task_mapping.py for tasks to queue
[2024-05-05T13:46:42.391+0000] {logging_mixin.py:188} INFO - [2024-05-05T13:46:42.391+0000] {dagbag.py:538} INFO - Filling up the DagBag from /home/airflow/.local/lib/python3.8/site-packages/airflow/example_dags/example_dynamic_task_mapping.py
[2024-05-05T13:46:42.397+0000] {processor.py:840} INFO - DAG(s) 'example_dynamic_task_mapping' retrieved from /home/airflow/.local/lib/python3.8/site-packages/airflow/example_dags/example_dynamic_task_mapping.py
[2024-05-05T13:46:42.414+0000] {logging_mixin.py:188} INFO - [2024-05-05T13:46:42.414+0000] {dag.py:3036} INFO - Sync 1 DAGs
[2024-05-05T13:46:42.436+0000] {logging_mixin.py:188} INFO - [2024-05-05T13:46:42.435+0000] {dag.py:3823} INFO - Setting next_dagrun for example_dynamic_task_mapping to 2022-03-04 00:00:00+00:00, run_after=2022-03-05 00:00:00+00:00
[2024-05-05T13:46:42.457+0000] {processor.py:183} INFO - Processing /home/airflow/.local/lib/python3.8/site-packages/airflow/example_dags/example_dynamic_task_mapping.py took 0.071 seconds
[2024-05-05T13:47:13.200+0000] {processor.py:161} INFO - Started process (PID=94178) to work on /home/airflow/.local/lib/python3.8/site-packages/airflow/example_dags/example_dynamic_task_mapping.py
[2024-05-05T13:47:13.201+0000] {processor.py:830} INFO - Processing file /home/airflow/.local/lib/python3.8/site-packages/airflow/example_dags/example_dynamic_task_mapping.py for tasks to queue
[2024-05-05T13:47:13.202+0000] {logging_mixin.py:188} INFO - [2024-05-05T13:47:13.201+0000] {dagbag.py:538} INFO - Filling up the DagBag from /home/airflow/.local/lib/python3.8/site-packages/airflow/example_dags/example_dynamic_task_mapping.py
[2024-05-05T13:47:13.209+0000] {processor.py:840} INFO - DAG(s) 'example_dynamic_task_mapping' retrieved from /home/airflow/.local/lib/python3.8/site-packages/airflow/example_dags/example_dynamic_task_mapping.py
[2024-05-05T13:47:13.226+0000] {logging_mixin.py:188} INFO - [2024-05-05T13:47:13.226+0000] {dag.py:3036} INFO - Sync 1 DAGs
[2024-05-05T13:47:13.245+0000] {logging_mixin.py:188} INFO - [2024-05-05T13:47:13.245+0000] {dag.py:3823} INFO - Setting next_dagrun for example_dynamic_task_mapping to 2022-03-04 00:00:00+00:00, run_after=2022-03-05 00:00:00+00:00
[2024-05-05T13:47:13.263+0000] {processor.py:183} INFO - Processing /home/airflow/.local/lib/python3.8/site-packages/airflow/example_dags/example_dynamic_task_mapping.py took 0.065 seconds
[2024-05-05T13:47:43.725+0000] {processor.py:161} INFO - Started process (PID=94252) to work on /home/airflow/.local/lib/python3.8/site-packages/airflow/example_dags/example_dynamic_task_mapping.py
[2024-05-05T13:47:43.726+0000] {processor.py:830} INFO - Processing file /home/airflow/.local/lib/python3.8/site-packages/airflow/example_dags/example_dynamic_task_mapping.py for tasks to queue
[2024-05-05T13:47:43.728+0000] {logging_mixin.py:188} INFO - [2024-05-05T13:47:43.727+0000] {dagbag.py:538} INFO - Filling up the DagBag from /home/airflow/.local/lib/python3.8/site-packages/airflow/example_dags/example_dynamic_task_mapping.py
[2024-05-05T13:47:43.740+0000] {processor.py:840} INFO - DAG(s) 'example_dynamic_task_mapping' retrieved from /home/airflow/.local/lib/python3.8/site-packages/airflow/example_dags/example_dynamic_task_mapping.py
[2024-05-05T13:47:43.758+0000] {logging_mixin.py:188} INFO - [2024-05-05T13:47:43.757+0000] {dag.py:3036} INFO - Sync 1 DAGs
[2024-05-05T13:47:43.929+0000] {logging_mixin.py:188} INFO - [2024-05-05T13:47:43.929+0000] {dag.py:3823} INFO - Setting next_dagrun for example_dynamic_task_mapping to 2022-03-04 00:00:00+00:00, run_after=2022-03-05 00:00:00+00:00
[2024-05-05T13:47:43.947+0000] {processor.py:183} INFO - Processing /home/airflow/.local/lib/python3.8/site-packages/airflow/example_dags/example_dynamic_task_mapping.py took 0.232 seconds
[2024-05-05T13:48:14.035+0000] {processor.py:161} INFO - Started process (PID=94318) to work on /home/airflow/.local/lib/python3.8/site-packages/airflow/example_dags/example_dynamic_task_mapping.py
[2024-05-05T13:48:14.037+0000] {processor.py:830} INFO - Processing file /home/airflow/.local/lib/python3.8/site-packages/airflow/example_dags/example_dynamic_task_mapping.py for tasks to queue
[2024-05-05T13:48:14.038+0000] {logging_mixin.py:188} INFO - [2024-05-05T13:48:14.038+0000] {dagbag.py:538} INFO - Filling up the DagBag from /home/airflow/.local/lib/python3.8/site-packages/airflow/example_dags/example_dynamic_task_mapping.py
[2024-05-05T13:48:14.044+0000] {processor.py:840} INFO - DAG(s) 'example_dynamic_task_mapping' retrieved from /home/airflow/.local/lib/python3.8/site-packages/airflow/example_dags/example_dynamic_task_mapping.py
[2024-05-05T13:48:14.062+0000] {logging_mixin.py:188} INFO - [2024-05-05T13:48:14.062+0000] {dag.py:3036} INFO - Sync 1 DAGs
[2024-05-05T13:48:14.081+0000] {logging_mixin.py:188} INFO - [2024-05-05T13:48:14.081+0000] {dag.py:3823} INFO - Setting next_dagrun for example_dynamic_task_mapping to 2022-03-04 00:00:00+00:00, run_after=2022-03-05 00:00:00+00:00
[2024-05-05T13:48:14.224+0000] {processor.py:183} INFO - Processing /home/airflow/.local/lib/python3.8/site-packages/airflow/example_dags/example_dynamic_task_mapping.py took 0.191 seconds
[2024-05-05T13:48:44.819+0000] {processor.py:161} INFO - Started process (PID=94384) to work on /home/airflow/.local/lib/python3.8/site-packages/airflow/example_dags/example_dynamic_task_mapping.py
[2024-05-05T13:48:44.820+0000] {processor.py:830} INFO - Processing file /home/airflow/.local/lib/python3.8/site-packages/airflow/example_dags/example_dynamic_task_mapping.py for tasks to queue
[2024-05-05T13:48:44.820+0000] {logging_mixin.py:188} INFO - [2024-05-05T13:48:44.820+0000] {dagbag.py:538} INFO - Filling up the DagBag from /home/airflow/.local/lib/python3.8/site-packages/airflow/example_dags/example_dynamic_task_mapping.py
[2024-05-05T13:48:44.829+0000] {processor.py:840} INFO - DAG(s) 'example_dynamic_task_mapping' retrieved from /home/airflow/.local/lib/python3.8/site-packages/airflow/example_dags/example_dynamic_task_mapping.py
[2024-05-05T13:48:44.847+0000] {logging_mixin.py:188} INFO - [2024-05-05T13:48:44.847+0000] {dag.py:3036} INFO - Sync 1 DAGs
[2024-05-05T13:48:44.871+0000] {logging_mixin.py:188} INFO - [2024-05-05T13:48:44.870+0000] {dag.py:3823} INFO - Setting next_dagrun for example_dynamic_task_mapping to 2022-03-04 00:00:00+00:00, run_after=2022-03-05 00:00:00+00:00
[2024-05-05T13:48:44.889+0000] {processor.py:183} INFO - Processing /home/airflow/.local/lib/python3.8/site-packages/airflow/example_dags/example_dynamic_task_mapping.py took 0.073 seconds
[2024-05-05T13:49:15.733+0000] {processor.py:161} INFO - Started process (PID=94458) to work on /home/airflow/.local/lib/python3.8/site-packages/airflow/example_dags/example_dynamic_task_mapping.py
[2024-05-05T13:49:15.734+0000] {processor.py:830} INFO - Processing file /home/airflow/.local/lib/python3.8/site-packages/airflow/example_dags/example_dynamic_task_mapping.py for tasks to queue
[2024-05-05T13:49:15.735+0000] {logging_mixin.py:188} INFO - [2024-05-05T13:49:15.735+0000] {dagbag.py:538} INFO - Filling up the DagBag from /home/airflow/.local/lib/python3.8/site-packages/airflow/example_dags/example_dynamic_task_mapping.py
[2024-05-05T13:49:15.747+0000] {processor.py:840} INFO - DAG(s) 'example_dynamic_task_mapping' retrieved from /home/airflow/.local/lib/python3.8/site-packages/airflow/example_dags/example_dynamic_task_mapping.py
[2024-05-05T13:49:15.765+0000] {logging_mixin.py:188} INFO - [2024-05-05T13:49:15.765+0000] {dag.py:3036} INFO - Sync 1 DAGs
[2024-05-05T13:49:15.787+0000] {logging_mixin.py:188} INFO - [2024-05-05T13:49:15.787+0000] {dag.py:3823} INFO - Setting next_dagrun for example_dynamic_task_mapping to 2022-03-04 00:00:00+00:00, run_after=2022-03-05 00:00:00+00:00
[2024-05-05T13:49:15.804+0000] {processor.py:183} INFO - Processing /home/airflow/.local/lib/python3.8/site-packages/airflow/example_dags/example_dynamic_task_mapping.py took 0.074 seconds
[2024-05-05T13:49:45.986+0000] {processor.py:161} INFO - Started process (PID=94525) to work on /home/airflow/.local/lib/python3.8/site-packages/airflow/example_dags/example_dynamic_task_mapping.py
[2024-05-05T13:49:45.987+0000] {processor.py:830} INFO - Processing file /home/airflow/.local/lib/python3.8/site-packages/airflow/example_dags/example_dynamic_task_mapping.py for tasks to queue
[2024-05-05T13:49:45.988+0000] {logging_mixin.py:188} INFO - [2024-05-05T13:49:45.988+0000] {dagbag.py:538} INFO - Filling up the DagBag from /home/airflow/.local/lib/python3.8/site-packages/airflow/example_dags/example_dynamic_task_mapping.py
[2024-05-05T13:49:45.993+0000] {processor.py:840} INFO - DAG(s) 'example_dynamic_task_mapping' retrieved from /home/airflow/.local/lib/python3.8/site-packages/airflow/example_dags/example_dynamic_task_mapping.py
[2024-05-05T13:49:46.012+0000] {logging_mixin.py:188} INFO - [2024-05-05T13:49:46.012+0000] {dag.py:3036} INFO - Sync 1 DAGs
[2024-05-05T13:49:46.030+0000] {logging_mixin.py:188} INFO - [2024-05-05T13:49:46.030+0000] {dag.py:3823} INFO - Setting next_dagrun for example_dynamic_task_mapping to 2022-03-04 00:00:00+00:00, run_after=2022-03-05 00:00:00+00:00
[2024-05-05T13:49:46.048+0000] {processor.py:183} INFO - Processing /home/airflow/.local/lib/python3.8/site-packages/airflow/example_dags/example_dynamic_task_mapping.py took 0.064 seconds
[2024-05-05T13:50:16.152+0000] {processor.py:161} INFO - Started process (PID=94592) to work on /home/airflow/.local/lib/python3.8/site-packages/airflow/example_dags/example_dynamic_task_mapping.py
[2024-05-05T13:50:16.154+0000] {processor.py:830} INFO - Processing file /home/airflow/.local/lib/python3.8/site-packages/airflow/example_dags/example_dynamic_task_mapping.py for tasks to queue
[2024-05-05T13:50:16.155+0000] {logging_mixin.py:188} INFO - [2024-05-05T13:50:16.155+0000] {dagbag.py:538} INFO - Filling up the DagBag from /home/airflow/.local/lib/python3.8/site-packages/airflow/example_dags/example_dynamic_task_mapping.py
[2024-05-05T13:50:16.161+0000] {processor.py:840} INFO - DAG(s) 'example_dynamic_task_mapping' retrieved from /home/airflow/.local/lib/python3.8/site-packages/airflow/example_dags/example_dynamic_task_mapping.py
[2024-05-05T13:50:16.181+0000] {logging_mixin.py:188} INFO - [2024-05-05T13:50:16.181+0000] {dag.py:3036} INFO - Sync 1 DAGs
[2024-05-05T13:50:16.206+0000] {logging_mixin.py:188} INFO - [2024-05-05T13:50:16.206+0000] {dag.py:3823} INFO - Setting next_dagrun for example_dynamic_task_mapping to 2022-03-04 00:00:00+00:00, run_after=2022-03-05 00:00:00+00:00
[2024-05-05T13:50:16.228+0000] {processor.py:183} INFO - Processing /home/airflow/.local/lib/python3.8/site-packages/airflow/example_dags/example_dynamic_task_mapping.py took 0.078 seconds
[2024-05-05T13:50:46.554+0000] {processor.py:161} INFO - Started process (PID=94668) to work on /home/airflow/.local/lib/python3.8/site-packages/airflow/example_dags/example_dynamic_task_mapping.py
[2024-05-05T13:50:46.555+0000] {processor.py:830} INFO - Processing file /home/airflow/.local/lib/python3.8/site-packages/airflow/example_dags/example_dynamic_task_mapping.py for tasks to queue
[2024-05-05T13:50:46.556+0000] {logging_mixin.py:188} INFO - [2024-05-05T13:50:46.556+0000] {dagbag.py:538} INFO - Filling up the DagBag from /home/airflow/.local/lib/python3.8/site-packages/airflow/example_dags/example_dynamic_task_mapping.py
[2024-05-05T13:50:46.571+0000] {processor.py:840} INFO - DAG(s) 'example_dynamic_task_mapping' retrieved from /home/airflow/.local/lib/python3.8/site-packages/airflow/example_dags/example_dynamic_task_mapping.py
[2024-05-05T13:50:46.620+0000] {logging_mixin.py:188} INFO - [2024-05-05T13:50:46.619+0000] {dag.py:3036} INFO - Sync 1 DAGs
[2024-05-05T13:50:46.651+0000] {logging_mixin.py:188} INFO - [2024-05-05T13:50:46.651+0000] {dag.py:3823} INFO - Setting next_dagrun for example_dynamic_task_mapping to 2022-03-04 00:00:00+00:00, run_after=2022-03-05 00:00:00+00:00
[2024-05-05T13:50:46.676+0000] {processor.py:183} INFO - Processing /home/airflow/.local/lib/python3.8/site-packages/airflow/example_dags/example_dynamic_task_mapping.py took 0.125 seconds
[2024-05-05T13:51:17.576+0000] {processor.py:161} INFO - Started process (PID=94734) to work on /home/airflow/.local/lib/python3.8/site-packages/airflow/example_dags/example_dynamic_task_mapping.py
[2024-05-05T13:51:17.577+0000] {processor.py:830} INFO - Processing file /home/airflow/.local/lib/python3.8/site-packages/airflow/example_dags/example_dynamic_task_mapping.py for tasks to queue
[2024-05-05T13:51:17.578+0000] {logging_mixin.py:188} INFO - [2024-05-05T13:51:17.578+0000] {dagbag.py:538} INFO - Filling up the DagBag from /home/airflow/.local/lib/python3.8/site-packages/airflow/example_dags/example_dynamic_task_mapping.py
[2024-05-05T13:51:17.586+0000] {processor.py:840} INFO - DAG(s) 'example_dynamic_task_mapping' retrieved from /home/airflow/.local/lib/python3.8/site-packages/airflow/example_dags/example_dynamic_task_mapping.py
[2024-05-05T13:51:17.605+0000] {logging_mixin.py:188} INFO - [2024-05-05T13:51:17.604+0000] {dag.py:3036} INFO - Sync 1 DAGs
[2024-05-05T13:51:17.628+0000] {logging_mixin.py:188} INFO - [2024-05-05T13:51:17.628+0000] {dag.py:3823} INFO - Setting next_dagrun for example_dynamic_task_mapping to 2022-03-04 00:00:00+00:00, run_after=2022-03-05 00:00:00+00:00
[2024-05-05T13:51:17.647+0000] {processor.py:183} INFO - Processing /home/airflow/.local/lib/python3.8/site-packages/airflow/example_dags/example_dynamic_task_mapping.py took 0.074 seconds
[2024-05-05T13:51:47.828+0000] {processor.py:161} INFO - Started process (PID=94801) to work on /home/airflow/.local/lib/python3.8/site-packages/airflow/example_dags/example_dynamic_task_mapping.py
[2024-05-05T13:51:47.829+0000] {processor.py:830} INFO - Processing file /home/airflow/.local/lib/python3.8/site-packages/airflow/example_dags/example_dynamic_task_mapping.py for tasks to queue
[2024-05-05T13:51:47.830+0000] {logging_mixin.py:188} INFO - [2024-05-05T13:51:47.830+0000] {dagbag.py:538} INFO - Filling up the DagBag from /home/airflow/.local/lib/python3.8/site-packages/airflow/example_dags/example_dynamic_task_mapping.py
[2024-05-05T13:51:47.837+0000] {processor.py:840} INFO - DAG(s) 'example_dynamic_task_mapping' retrieved from /home/airflow/.local/lib/python3.8/site-packages/airflow/example_dags/example_dynamic_task_mapping.py
[2024-05-05T13:51:47.887+0000] {logging_mixin.py:188} INFO - [2024-05-05T13:51:47.882+0000] {dag.py:3036} INFO - Sync 1 DAGs
[2024-05-05T13:51:47.934+0000] {logging_mixin.py:188} INFO - [2024-05-05T13:51:47.934+0000] {dag.py:3823} INFO - Setting next_dagrun for example_dynamic_task_mapping to 2022-03-04 00:00:00+00:00, run_after=2022-03-05 00:00:00+00:00
[2024-05-05T13:51:47.973+0000] {processor.py:183} INFO - Processing /home/airflow/.local/lib/python3.8/site-packages/airflow/example_dags/example_dynamic_task_mapping.py took 0.148 seconds
[2024-05-05T13:52:18.423+0000] {processor.py:161} INFO - Started process (PID=94875) to work on /home/airflow/.local/lib/python3.8/site-packages/airflow/example_dags/example_dynamic_task_mapping.py
[2024-05-05T13:52:18.424+0000] {processor.py:830} INFO - Processing file /home/airflow/.local/lib/python3.8/site-packages/airflow/example_dags/example_dynamic_task_mapping.py for tasks to queue
[2024-05-05T13:52:18.425+0000] {logging_mixin.py:188} INFO - [2024-05-05T13:52:18.424+0000] {dagbag.py:538} INFO - Filling up the DagBag from /home/airflow/.local/lib/python3.8/site-packages/airflow/example_dags/example_dynamic_task_mapping.py
[2024-05-05T13:52:18.431+0000] {processor.py:840} INFO - DAG(s) 'example_dynamic_task_mapping' retrieved from /home/airflow/.local/lib/python3.8/site-packages/airflow/example_dags/example_dynamic_task_mapping.py
[2024-05-05T13:52:18.447+0000] {logging_mixin.py:188} INFO - [2024-05-05T13:52:18.447+0000] {dag.py:3036} INFO - Sync 1 DAGs
[2024-05-05T13:52:18.466+0000] {logging_mixin.py:188} INFO - [2024-05-05T13:52:18.465+0000] {dag.py:3823} INFO - Setting next_dagrun for example_dynamic_task_mapping to 2022-03-04 00:00:00+00:00, run_after=2022-03-05 00:00:00+00:00
[2024-05-05T13:52:18.484+0000] {processor.py:183} INFO - Processing /home/airflow/.local/lib/python3.8/site-packages/airflow/example_dags/example_dynamic_task_mapping.py took 0.063 seconds
[2024-05-05T13:52:48.923+0000] {processor.py:161} INFO - Started process (PID=94940) to work on /home/airflow/.local/lib/python3.8/site-packages/airflow/example_dags/example_dynamic_task_mapping.py
[2024-05-05T13:52:48.924+0000] {processor.py:830} INFO - Processing file /home/airflow/.local/lib/python3.8/site-packages/airflow/example_dags/example_dynamic_task_mapping.py for tasks to queue
[2024-05-05T13:52:48.931+0000] {logging_mixin.py:188} INFO - [2024-05-05T13:52:48.930+0000] {dagbag.py:538} INFO - Filling up the DagBag from /home/airflow/.local/lib/python3.8/site-packages/airflow/example_dags/example_dynamic_task_mapping.py
[2024-05-05T13:52:48.939+0000] {processor.py:840} INFO - DAG(s) 'example_dynamic_task_mapping' retrieved from /home/airflow/.local/lib/python3.8/site-packages/airflow/example_dags/example_dynamic_task_mapping.py
[2024-05-05T13:52:48.965+0000] {logging_mixin.py:188} INFO - [2024-05-05T13:52:48.965+0000] {dag.py:3036} INFO - Sync 1 DAGs
[2024-05-05T13:52:48.988+0000] {logging_mixin.py:188} INFO - [2024-05-05T13:52:48.988+0000] {dag.py:3823} INFO - Setting next_dagrun for example_dynamic_task_mapping to 2022-03-04 00:00:00+00:00, run_after=2022-03-05 00:00:00+00:00
[2024-05-05T13:52:49.016+0000] {processor.py:183} INFO - Processing /home/airflow/.local/lib/python3.8/site-packages/airflow/example_dags/example_dynamic_task_mapping.py took 0.096 seconds
