[2024-05-05T13:46:25.790+0000] {processor.py:161} INFO - Started process (PID=94072) to work on /home/airflow/.local/lib/python3.8/site-packages/airflow/example_dags/example_params_trigger_ui.py
[2024-05-05T13:46:25.791+0000] {processor.py:830} INFO - Processing file /home/airflow/.local/lib/python3.8/site-packages/airflow/example_dags/example_params_trigger_ui.py for tasks to queue
[2024-05-05T13:46:25.792+0000] {logging_mixin.py:188} INFO - [2024-05-05T13:46:25.792+0000] {dagbag.py:538} INFO - Filling up the DagBag from /home/airflow/.local/lib/python3.8/site-packages/airflow/example_dags/example_params_trigger_ui.py
[2024-05-05T13:46:25.805+0000] {processor.py:840} INFO - DAG(s) 'example_params_trigger_ui' retrieved from /home/airflow/.local/lib/python3.8/site-packages/airflow/example_dags/example_params_trigger_ui.py
[2024-05-05T13:46:25.869+0000] {logging_mixin.py:188} INFO - [2024-05-05T13:46:25.868+0000] {dag.py:3036} INFO - Sync 1 DAGs
[2024-05-05T13:46:25.886+0000] {logging_mixin.py:188} INFO - [2024-05-05T13:46:25.885+0000] {dag.py:3823} INFO - Setting next_dagrun for example_params_trigger_ui to None, run_after=None
[2024-05-05T13:46:25.910+0000] {processor.py:183} INFO - Processing /home/airflow/.local/lib/python3.8/site-packages/airflow/example_dags/example_params_trigger_ui.py took 0.122 seconds
[2024-05-05T13:46:56.126+0000] {processor.py:161} INFO - Started process (PID=94147) to work on /home/airflow/.local/lib/python3.8/site-packages/airflow/example_dags/example_params_trigger_ui.py
[2024-05-05T13:46:56.127+0000] {processor.py:830} INFO - Processing file /home/airflow/.local/lib/python3.8/site-packages/airflow/example_dags/example_params_trigger_ui.py for tasks to queue
[2024-05-05T13:46:56.128+0000] {logging_mixin.py:188} INFO - [2024-05-05T13:46:56.128+0000] {dagbag.py:538} INFO - Filling up the DagBag from /home/airflow/.local/lib/python3.8/site-packages/airflow/example_dags/example_params_trigger_ui.py
[2024-05-05T13:46:56.143+0000] {processor.py:840} INFO - DAG(s) 'example_params_trigger_ui' retrieved from /home/airflow/.local/lib/python3.8/site-packages/airflow/example_dags/example_params_trigger_ui.py
[2024-05-05T13:46:56.197+0000] {logging_mixin.py:188} INFO - [2024-05-05T13:46:56.196+0000] {dag.py:3036} INFO - Sync 1 DAGs
[2024-05-05T13:46:56.336+0000] {logging_mixin.py:188} INFO - [2024-05-05T13:46:56.336+0000] {dag.py:3823} INFO - Setting next_dagrun for example_params_trigger_ui to None, run_after=None
[2024-05-05T13:46:56.354+0000] {processor.py:183} INFO - Processing /home/airflow/.local/lib/python3.8/site-packages/airflow/example_dags/example_params_trigger_ui.py took 0.231 seconds
[2024-05-05T13:47:26.553+0000] {processor.py:161} INFO - Started process (PID=94213) to work on /home/airflow/.local/lib/python3.8/site-packages/airflow/example_dags/example_params_trigger_ui.py
[2024-05-05T13:47:26.554+0000] {processor.py:830} INFO - Processing file /home/airflow/.local/lib/python3.8/site-packages/airflow/example_dags/example_params_trigger_ui.py for tasks to queue
[2024-05-05T13:47:26.555+0000] {logging_mixin.py:188} INFO - [2024-05-05T13:47:26.554+0000] {dagbag.py:538} INFO - Filling up the DagBag from /home/airflow/.local/lib/python3.8/site-packages/airflow/example_dags/example_params_trigger_ui.py
[2024-05-05T13:47:26.568+0000] {processor.py:840} INFO - DAG(s) 'example_params_trigger_ui' retrieved from /home/airflow/.local/lib/python3.8/site-packages/airflow/example_dags/example_params_trigger_ui.py
[2024-05-05T13:47:26.619+0000] {logging_mixin.py:188} INFO - [2024-05-05T13:47:26.619+0000] {dag.py:3036} INFO - Sync 1 DAGs
[2024-05-05T13:47:26.630+0000] {logging_mixin.py:188} INFO - [2024-05-05T13:47:26.630+0000] {dag.py:3823} INFO - Setting next_dagrun for example_params_trigger_ui to None, run_after=None
[2024-05-05T13:47:26.867+0000] {processor.py:183} INFO - Processing /home/airflow/.local/lib/python3.8/site-packages/airflow/example_dags/example_params_trigger_ui.py took 0.317 seconds
[2024-05-05T13:47:57.254+0000] {processor.py:161} INFO - Started process (PID=94287) to work on /home/airflow/.local/lib/python3.8/site-packages/airflow/example_dags/example_params_trigger_ui.py
[2024-05-05T13:47:57.255+0000] {processor.py:830} INFO - Processing file /home/airflow/.local/lib/python3.8/site-packages/airflow/example_dags/example_params_trigger_ui.py for tasks to queue
[2024-05-05T13:47:57.256+0000] {logging_mixin.py:188} INFO - [2024-05-05T13:47:57.256+0000] {dagbag.py:538} INFO - Filling up the DagBag from /home/airflow/.local/lib/python3.8/site-packages/airflow/example_dags/example_params_trigger_ui.py
[2024-05-05T13:47:57.283+0000] {processor.py:840} INFO - DAG(s) 'example_params_trigger_ui' retrieved from /home/airflow/.local/lib/python3.8/site-packages/airflow/example_dags/example_params_trigger_ui.py
[2024-05-05T13:47:57.394+0000] {logging_mixin.py:188} INFO - [2024-05-05T13:47:57.394+0000] {dag.py:3036} INFO - Sync 1 DAGs
[2024-05-05T13:47:57.409+0000] {logging_mixin.py:188} INFO - [2024-05-05T13:47:57.409+0000] {dag.py:3823} INFO - Setting next_dagrun for example_params_trigger_ui to None, run_after=None
[2024-05-05T13:47:57.431+0000] {processor.py:183} INFO - Processing /home/airflow/.local/lib/python3.8/site-packages/airflow/example_dags/example_params_trigger_ui.py took 0.180 seconds
[2024-05-05T13:48:28.001+0000] {processor.py:161} INFO - Started process (PID=94353) to work on /home/airflow/.local/lib/python3.8/site-packages/airflow/example_dags/example_params_trigger_ui.py
[2024-05-05T13:48:28.002+0000] {processor.py:830} INFO - Processing file /home/airflow/.local/lib/python3.8/site-packages/airflow/example_dags/example_params_trigger_ui.py for tasks to queue
[2024-05-05T13:48:28.003+0000] {logging_mixin.py:188} INFO - [2024-05-05T13:48:28.002+0000] {dagbag.py:538} INFO - Filling up the DagBag from /home/airflow/.local/lib/python3.8/site-packages/airflow/example_dags/example_params_trigger_ui.py
[2024-05-05T13:48:28.181+0000] {processor.py:840} INFO - DAG(s) 'example_params_trigger_ui' retrieved from /home/airflow/.local/lib/python3.8/site-packages/airflow/example_dags/example_params_trigger_ui.py
[2024-05-05T13:48:28.231+0000] {logging_mixin.py:188} INFO - [2024-05-05T13:48:28.230+0000] {dag.py:3036} INFO - Sync 1 DAGs
[2024-05-05T13:48:28.241+0000] {logging_mixin.py:188} INFO - [2024-05-05T13:48:28.240+0000] {dag.py:3823} INFO - Setting next_dagrun for example_params_trigger_ui to None, run_after=None
[2024-05-05T13:48:28.256+0000] {processor.py:183} INFO - Processing /home/airflow/.local/lib/python3.8/site-packages/airflow/example_dags/example_params_trigger_ui.py took 0.258 seconds
[2024-05-05T13:48:58.926+0000] {processor.py:161} INFO - Started process (PID=94420) to work on /home/airflow/.local/lib/python3.8/site-packages/airflow/example_dags/example_params_trigger_ui.py
[2024-05-05T13:48:58.927+0000] {processor.py:830} INFO - Processing file /home/airflow/.local/lib/python3.8/site-packages/airflow/example_dags/example_params_trigger_ui.py for tasks to queue
[2024-05-05T13:48:58.928+0000] {logging_mixin.py:188} INFO - [2024-05-05T13:48:58.927+0000] {dagbag.py:538} INFO - Filling up the DagBag from /home/airflow/.local/lib/python3.8/site-packages/airflow/example_dags/example_params_trigger_ui.py
[2024-05-05T13:48:58.940+0000] {processor.py:840} INFO - DAG(s) 'example_params_trigger_ui' retrieved from /home/airflow/.local/lib/python3.8/site-packages/airflow/example_dags/example_params_trigger_ui.py
[2024-05-05T13:48:58.990+0000] {logging_mixin.py:188} INFO - [2024-05-05T13:48:58.990+0000] {dag.py:3036} INFO - Sync 1 DAGs
[2024-05-05T13:48:59.008+0000] {logging_mixin.py:188} INFO - [2024-05-05T13:48:59.007+0000] {dag.py:3823} INFO - Setting next_dagrun for example_params_trigger_ui to None, run_after=None
[2024-05-05T13:48:59.030+0000] {processor.py:183} INFO - Processing /home/airflow/.local/lib/python3.8/site-packages/airflow/example_dags/example_params_trigger_ui.py took 0.106 seconds
[2024-05-05T13:49:29.459+0000] {processor.py:161} INFO - Started process (PID=94494) to work on /home/airflow/.local/lib/python3.8/site-packages/airflow/example_dags/example_params_trigger_ui.py
[2024-05-05T13:49:29.461+0000] {processor.py:830} INFO - Processing file /home/airflow/.local/lib/python3.8/site-packages/airflow/example_dags/example_params_trigger_ui.py for tasks to queue
[2024-05-05T13:49:29.462+0000] {logging_mixin.py:188} INFO - [2024-05-05T13:49:29.462+0000] {dagbag.py:538} INFO - Filling up the DagBag from /home/airflow/.local/lib/python3.8/site-packages/airflow/example_dags/example_params_trigger_ui.py
[2024-05-05T13:49:29.475+0000] {processor.py:840} INFO - DAG(s) 'example_params_trigger_ui' retrieved from /home/airflow/.local/lib/python3.8/site-packages/airflow/example_dags/example_params_trigger_ui.py
[2024-05-05T13:49:29.537+0000] {logging_mixin.py:188} INFO - [2024-05-05T13:49:29.537+0000] {dag.py:3036} INFO - Sync 1 DAGs
[2024-05-05T13:49:29.552+0000] {logging_mixin.py:188} INFO - [2024-05-05T13:49:29.552+0000] {dag.py:3823} INFO - Setting next_dagrun for example_params_trigger_ui to None, run_after=None
[2024-05-05T13:49:29.570+0000] {processor.py:183} INFO - Processing /home/airflow/.local/lib/python3.8/site-packages/airflow/example_dags/example_params_trigger_ui.py took 0.114 seconds
[2024-05-05T13:50:00.303+0000] {processor.py:161} INFO - Started process (PID=94561) to work on /home/airflow/.local/lib/python3.8/site-packages/airflow/example_dags/example_params_trigger_ui.py
[2024-05-05T13:50:00.304+0000] {processor.py:830} INFO - Processing file /home/airflow/.local/lib/python3.8/site-packages/airflow/example_dags/example_params_trigger_ui.py for tasks to queue
[2024-05-05T13:50:00.304+0000] {logging_mixin.py:188} INFO - [2024-05-05T13:50:00.304+0000] {dagbag.py:538} INFO - Filling up the DagBag from /home/airflow/.local/lib/python3.8/site-packages/airflow/example_dags/example_params_trigger_ui.py
[2024-05-05T13:50:00.317+0000] {processor.py:840} INFO - DAG(s) 'example_params_trigger_ui' retrieved from /home/airflow/.local/lib/python3.8/site-packages/airflow/example_dags/example_params_trigger_ui.py
[2024-05-05T13:50:00.369+0000] {logging_mixin.py:188} INFO - [2024-05-05T13:50:00.369+0000] {dag.py:3036} INFO - Sync 1 DAGs
[2024-05-05T13:50:00.382+0000] {logging_mixin.py:188} INFO - [2024-05-05T13:50:00.382+0000] {dag.py:3823} INFO - Setting next_dagrun for example_params_trigger_ui to None, run_after=None
[2024-05-05T13:50:00.404+0000] {processor.py:183} INFO - Processing /home/airflow/.local/lib/python3.8/site-packages/airflow/example_dags/example_params_trigger_ui.py took 0.107 seconds
[2024-05-05T13:50:30.579+0000] {processor.py:161} INFO - Started process (PID=94635) to work on /home/airflow/.local/lib/python3.8/site-packages/airflow/example_dags/example_params_trigger_ui.py
[2024-05-05T13:50:30.580+0000] {processor.py:830} INFO - Processing file /home/airflow/.local/lib/python3.8/site-packages/airflow/example_dags/example_params_trigger_ui.py for tasks to queue
[2024-05-05T13:50:30.581+0000] {logging_mixin.py:188} INFO - [2024-05-05T13:50:30.580+0000] {dagbag.py:538} INFO - Filling up the DagBag from /home/airflow/.local/lib/python3.8/site-packages/airflow/example_dags/example_params_trigger_ui.py
[2024-05-05T13:50:30.593+0000] {processor.py:840} INFO - DAG(s) 'example_params_trigger_ui' retrieved from /home/airflow/.local/lib/python3.8/site-packages/airflow/example_dags/example_params_trigger_ui.py
[2024-05-05T13:50:30.647+0000] {logging_mixin.py:188} INFO - [2024-05-05T13:50:30.647+0000] {dag.py:3036} INFO - Sync 1 DAGs
[2024-05-05T13:50:30.659+0000] {logging_mixin.py:188} INFO - [2024-05-05T13:50:30.659+0000] {dag.py:3823} INFO - Setting next_dagrun for example_params_trigger_ui to None, run_after=None
[2024-05-05T13:50:30.675+0000] {processor.py:183} INFO - Processing /home/airflow/.local/lib/python3.8/site-packages/airflow/example_dags/example_params_trigger_ui.py took 0.099 seconds
[2024-05-05T13:51:00.766+0000] {processor.py:161} INFO - Started process (PID=94703) to work on /home/airflow/.local/lib/python3.8/site-packages/airflow/example_dags/example_params_trigger_ui.py
[2024-05-05T13:51:00.767+0000] {processor.py:830} INFO - Processing file /home/airflow/.local/lib/python3.8/site-packages/airflow/example_dags/example_params_trigger_ui.py for tasks to queue
[2024-05-05T13:51:00.768+0000] {logging_mixin.py:188} INFO - [2024-05-05T13:51:00.767+0000] {dagbag.py:538} INFO - Filling up the DagBag from /home/airflow/.local/lib/python3.8/site-packages/airflow/example_dags/example_params_trigger_ui.py
[2024-05-05T13:51:00.782+0000] {processor.py:840} INFO - DAG(s) 'example_params_trigger_ui' retrieved from /home/airflow/.local/lib/python3.8/site-packages/airflow/example_dags/example_params_trigger_ui.py
[2024-05-05T13:51:00.836+0000] {logging_mixin.py:188} INFO - [2024-05-05T13:51:00.836+0000] {dag.py:3036} INFO - Sync 1 DAGs
[2024-05-05T13:51:00.851+0000] {logging_mixin.py:188} INFO - [2024-05-05T13:51:00.850+0000] {dag.py:3823} INFO - Setting next_dagrun for example_params_trigger_ui to None, run_after=None
[2024-05-05T13:51:00.882+0000] {processor.py:183} INFO - Processing /home/airflow/.local/lib/python3.8/site-packages/airflow/example_dags/example_params_trigger_ui.py took 0.119 seconds
[2024-05-05T13:51:31.236+0000] {processor.py:161} INFO - Started process (PID=94770) to work on /home/airflow/.local/lib/python3.8/site-packages/airflow/example_dags/example_params_trigger_ui.py
[2024-05-05T13:51:31.237+0000] {processor.py:830} INFO - Processing file /home/airflow/.local/lib/python3.8/site-packages/airflow/example_dags/example_params_trigger_ui.py for tasks to queue
[2024-05-05T13:51:31.238+0000] {logging_mixin.py:188} INFO - [2024-05-05T13:51:31.238+0000] {dagbag.py:538} INFO - Filling up the DagBag from /home/airflow/.local/lib/python3.8/site-packages/airflow/example_dags/example_params_trigger_ui.py
[2024-05-05T13:51:31.252+0000] {processor.py:840} INFO - DAG(s) 'example_params_trigger_ui' retrieved from /home/airflow/.local/lib/python3.8/site-packages/airflow/example_dags/example_params_trigger_ui.py
[2024-05-05T13:51:31.305+0000] {logging_mixin.py:188} INFO - [2024-05-05T13:51:31.305+0000] {dag.py:3036} INFO - Sync 1 DAGs
[2024-05-05T13:51:31.317+0000] {logging_mixin.py:188} INFO - [2024-05-05T13:51:31.317+0000] {dag.py:3823} INFO - Setting next_dagrun for example_params_trigger_ui to None, run_after=None
[2024-05-05T13:51:31.336+0000] {processor.py:183} INFO - Processing /home/airflow/.local/lib/python3.8/site-packages/airflow/example_dags/example_params_trigger_ui.py took 0.103 seconds
[2024-05-05T13:52:01.494+0000] {processor.py:161} INFO - Started process (PID=94835) to work on /home/airflow/.local/lib/python3.8/site-packages/airflow/example_dags/example_params_trigger_ui.py
[2024-05-05T13:52:01.494+0000] {processor.py:830} INFO - Processing file /home/airflow/.local/lib/python3.8/site-packages/airflow/example_dags/example_params_trigger_ui.py for tasks to queue
[2024-05-05T13:52:01.496+0000] {logging_mixin.py:188} INFO - [2024-05-05T13:52:01.495+0000] {dagbag.py:538} INFO - Filling up the DagBag from /home/airflow/.local/lib/python3.8/site-packages/airflow/example_dags/example_params_trigger_ui.py
[2024-05-05T13:52:01.507+0000] {processor.py:840} INFO - DAG(s) 'example_params_trigger_ui' retrieved from /home/airflow/.local/lib/python3.8/site-packages/airflow/example_dags/example_params_trigger_ui.py
[2024-05-05T13:52:01.556+0000] {logging_mixin.py:188} INFO - [2024-05-05T13:52:01.556+0000] {dag.py:3036} INFO - Sync 1 DAGs
[2024-05-05T13:52:01.568+0000] {logging_mixin.py:188} INFO - [2024-05-05T13:52:01.568+0000] {dag.py:3823} INFO - Setting next_dagrun for example_params_trigger_ui to None, run_after=None
[2024-05-05T13:52:01.584+0000] {processor.py:183} INFO - Processing /home/airflow/.local/lib/python3.8/site-packages/airflow/example_dags/example_params_trigger_ui.py took 0.093 seconds
[2024-05-05T13:52:32.323+0000] {processor.py:161} INFO - Started process (PID=94910) to work on /home/airflow/.local/lib/python3.8/site-packages/airflow/example_dags/example_params_trigger_ui.py
[2024-05-05T13:52:32.324+0000] {processor.py:830} INFO - Processing file /home/airflow/.local/lib/python3.8/site-packages/airflow/example_dags/example_params_trigger_ui.py for tasks to queue
[2024-05-05T13:52:32.324+0000] {logging_mixin.py:188} INFO - [2024-05-05T13:52:32.324+0000] {dagbag.py:538} INFO - Filling up the DagBag from /home/airflow/.local/lib/python3.8/site-packages/airflow/example_dags/example_params_trigger_ui.py
[2024-05-05T13:52:32.336+0000] {processor.py:840} INFO - DAG(s) 'example_params_trigger_ui' retrieved from /home/airflow/.local/lib/python3.8/site-packages/airflow/example_dags/example_params_trigger_ui.py
[2024-05-05T13:52:32.388+0000] {logging_mixin.py:188} INFO - [2024-05-05T13:52:32.388+0000] {dag.py:3036} INFO - Sync 1 DAGs
[2024-05-05T13:52:32.399+0000] {logging_mixin.py:188} INFO - [2024-05-05T13:52:32.399+0000] {dag.py:3823} INFO - Setting next_dagrun for example_params_trigger_ui to None, run_after=None
[2024-05-05T13:52:32.415+0000] {processor.py:183} INFO - Processing /home/airflow/.local/lib/python3.8/site-packages/airflow/example_dags/example_params_trigger_ui.py took 0.095 seconds
