[2024-05-05T13:46:21.099+0000] {processor.py:161} INFO - Started process (PID=94062) to work on /home/airflow/.local/lib/python3.8/site-packages/airflow/example_dags/example_branch_day_of_week_operator.py
[2024-05-05T13:46:21.100+0000] {processor.py:830} INFO - Processing file /home/airflow/.local/lib/python3.8/site-packages/airflow/example_dags/example_branch_day_of_week_operator.py for tasks to queue
[2024-05-05T13:46:21.101+0000] {logging_mixin.py:188} INFO - [2024-05-05T13:46:21.101+0000] {dagbag.py:538} INFO - Filling up the DagBag from /home/airflow/.local/lib/python3.8/site-packages/airflow/example_dags/example_branch_day_of_week_operator.py
[2024-05-05T13:46:21.108+0000] {processor.py:840} INFO - DAG(s) 'example_weekday_branch_operator' retrieved from /home/airflow/.local/lib/python3.8/site-packages/airflow/example_dags/example_branch_day_of_week_operator.py
[2024-05-05T13:46:21.127+0000] {logging_mixin.py:188} INFO - [2024-05-05T13:46:21.127+0000] {dag.py:3036} INFO - Sync 1 DAGs
[2024-05-05T13:46:21.155+0000] {logging_mixin.py:188} INFO - [2024-05-05T13:46:21.155+0000] {dag.py:3823} INFO - Setting next_dagrun for example_weekday_branch_operator to 2024-05-04 00:00:00+00:00, run_after=2024-05-05 00:00:00+00:00
[2024-05-05T13:46:21.325+0000] {processor.py:183} INFO - Processing /home/airflow/.local/lib/python3.8/site-packages/airflow/example_dags/example_branch_day_of_week_operator.py took 0.228 seconds
[2024-05-05T13:46:51.609+0000] {processor.py:161} INFO - Started process (PID=94128) to work on /home/airflow/.local/lib/python3.8/site-packages/airflow/example_dags/example_branch_day_of_week_operator.py
[2024-05-05T13:46:51.610+0000] {processor.py:830} INFO - Processing file /home/airflow/.local/lib/python3.8/site-packages/airflow/example_dags/example_branch_day_of_week_operator.py for tasks to queue
[2024-05-05T13:46:51.611+0000] {logging_mixin.py:188} INFO - [2024-05-05T13:46:51.611+0000] {dagbag.py:538} INFO - Filling up the DagBag from /home/airflow/.local/lib/python3.8/site-packages/airflow/example_dags/example_branch_day_of_week_operator.py
[2024-05-05T13:46:51.618+0000] {processor.py:840} INFO - DAG(s) 'example_weekday_branch_operator' retrieved from /home/airflow/.local/lib/python3.8/site-packages/airflow/example_dags/example_branch_day_of_week_operator.py
[2024-05-05T13:46:51.648+0000] {logging_mixin.py:188} INFO - [2024-05-05T13:46:51.648+0000] {dag.py:3036} INFO - Sync 1 DAGs
[2024-05-05T13:46:51.680+0000] {logging_mixin.py:188} INFO - [2024-05-05T13:46:51.680+0000] {dag.py:3823} INFO - Setting next_dagrun for example_weekday_branch_operator to 2024-05-04 00:00:00+00:00, run_after=2024-05-05 00:00:00+00:00
[2024-05-05T13:46:51.698+0000] {processor.py:183} INFO - Processing /home/airflow/.local/lib/python3.8/site-packages/airflow/example_dags/example_branch_day_of_week_operator.py took 0.091 seconds
[2024-05-05T13:47:21.789+0000] {processor.py:161} INFO - Started process (PID=94203) to work on /home/airflow/.local/lib/python3.8/site-packages/airflow/example_dags/example_branch_day_of_week_operator.py
[2024-05-05T13:47:21.790+0000] {processor.py:830} INFO - Processing file /home/airflow/.local/lib/python3.8/site-packages/airflow/example_dags/example_branch_day_of_week_operator.py for tasks to queue
[2024-05-05T13:47:21.791+0000] {logging_mixin.py:188} INFO - [2024-05-05T13:47:21.791+0000] {dagbag.py:538} INFO - Filling up the DagBag from /home/airflow/.local/lib/python3.8/site-packages/airflow/example_dags/example_branch_day_of_week_operator.py
[2024-05-05T13:47:21.800+0000] {processor.py:840} INFO - DAG(s) 'example_weekday_branch_operator' retrieved from /home/airflow/.local/lib/python3.8/site-packages/airflow/example_dags/example_branch_day_of_week_operator.py
[2024-05-05T13:47:21.823+0000] {logging_mixin.py:188} INFO - [2024-05-05T13:47:21.823+0000] {dag.py:3036} INFO - Sync 1 DAGs
[2024-05-05T13:47:21.851+0000] {logging_mixin.py:188} INFO - [2024-05-05T13:47:21.851+0000] {dag.py:3823} INFO - Setting next_dagrun for example_weekday_branch_operator to 2024-05-04 00:00:00+00:00, run_after=2024-05-05 00:00:00+00:00
[2024-05-05T13:47:21.872+0000] {processor.py:183} INFO - Processing /home/airflow/.local/lib/python3.8/site-packages/airflow/example_dags/example_branch_day_of_week_operator.py took 0.086 seconds
[2024-05-05T13:47:52.362+0000] {processor.py:161} INFO - Started process (PID=94269) to work on /home/airflow/.local/lib/python3.8/site-packages/airflow/example_dags/example_branch_day_of_week_operator.py
[2024-05-05T13:47:52.364+0000] {processor.py:830} INFO - Processing file /home/airflow/.local/lib/python3.8/site-packages/airflow/example_dags/example_branch_day_of_week_operator.py for tasks to queue
[2024-05-05T13:47:52.365+0000] {logging_mixin.py:188} INFO - [2024-05-05T13:47:52.364+0000] {dagbag.py:538} INFO - Filling up the DagBag from /home/airflow/.local/lib/python3.8/site-packages/airflow/example_dags/example_branch_day_of_week_operator.py
[2024-05-05T13:47:52.381+0000] {processor.py:840} INFO - DAG(s) 'example_weekday_branch_operator' retrieved from /home/airflow/.local/lib/python3.8/site-packages/airflow/example_dags/example_branch_day_of_week_operator.py
[2024-05-05T13:47:52.425+0000] {logging_mixin.py:188} INFO - [2024-05-05T13:47:52.424+0000] {dag.py:3036} INFO - Sync 1 DAGs
[2024-05-05T13:47:52.455+0000] {logging_mixin.py:188} INFO - [2024-05-05T13:47:52.455+0000] {dag.py:3823} INFO - Setting next_dagrun for example_weekday_branch_operator to 2024-05-04 00:00:00+00:00, run_after=2024-05-05 00:00:00+00:00
[2024-05-05T13:47:52.489+0000] {processor.py:183} INFO - Processing /home/airflow/.local/lib/python3.8/site-packages/airflow/example_dags/example_branch_day_of_week_operator.py took 0.129 seconds
[2024-05-05T13:48:22.592+0000] {processor.py:161} INFO - Started process (PID=94343) to work on /home/airflow/.local/lib/python3.8/site-packages/airflow/example_dags/example_branch_day_of_week_operator.py
[2024-05-05T13:48:22.593+0000] {processor.py:830} INFO - Processing file /home/airflow/.local/lib/python3.8/site-packages/airflow/example_dags/example_branch_day_of_week_operator.py for tasks to queue
[2024-05-05T13:48:22.594+0000] {logging_mixin.py:188} INFO - [2024-05-05T13:48:22.594+0000] {dagbag.py:538} INFO - Filling up the DagBag from /home/airflow/.local/lib/python3.8/site-packages/airflow/example_dags/example_branch_day_of_week_operator.py
[2024-05-05T13:48:22.602+0000] {processor.py:840} INFO - DAG(s) 'example_weekday_branch_operator' retrieved from /home/airflow/.local/lib/python3.8/site-packages/airflow/example_dags/example_branch_day_of_week_operator.py
[2024-05-05T13:48:22.639+0000] {logging_mixin.py:188} INFO - [2024-05-05T13:48:22.638+0000] {dag.py:3036} INFO - Sync 1 DAGs
[2024-05-05T13:48:22.850+0000] {logging_mixin.py:188} INFO - [2024-05-05T13:48:22.838+0000] {dag.py:3823} INFO - Setting next_dagrun for example_weekday_branch_operator to 2024-05-04 00:00:00+00:00, run_after=2024-05-05 00:00:00+00:00
[2024-05-05T13:48:22.894+0000] {processor.py:183} INFO - Processing /home/airflow/.local/lib/python3.8/site-packages/airflow/example_dags/example_branch_day_of_week_operator.py took 0.305 seconds
[2024-05-05T13:48:53.151+0000] {processor.py:161} INFO - Started process (PID=94407) to work on /home/airflow/.local/lib/python3.8/site-packages/airflow/example_dags/example_branch_day_of_week_operator.py
[2024-05-05T13:48:53.152+0000] {processor.py:830} INFO - Processing file /home/airflow/.local/lib/python3.8/site-packages/airflow/example_dags/example_branch_day_of_week_operator.py for tasks to queue
[2024-05-05T13:48:53.153+0000] {logging_mixin.py:188} INFO - [2024-05-05T13:48:53.153+0000] {dagbag.py:538} INFO - Filling up the DagBag from /home/airflow/.local/lib/python3.8/site-packages/airflow/example_dags/example_branch_day_of_week_operator.py
[2024-05-05T13:48:53.162+0000] {processor.py:840} INFO - DAG(s) 'example_weekday_branch_operator' retrieved from /home/airflow/.local/lib/python3.8/site-packages/airflow/example_dags/example_branch_day_of_week_operator.py
[2024-05-05T13:48:53.183+0000] {logging_mixin.py:188} INFO - [2024-05-05T13:48:53.183+0000] {dag.py:3036} INFO - Sync 1 DAGs
[2024-05-05T13:48:53.206+0000] {logging_mixin.py:188} INFO - [2024-05-05T13:48:53.206+0000] {dag.py:3823} INFO - Setting next_dagrun for example_weekday_branch_operator to 2024-05-04 00:00:00+00:00, run_after=2024-05-05 00:00:00+00:00
[2024-05-05T13:48:53.227+0000] {processor.py:183} INFO - Processing /home/airflow/.local/lib/python3.8/site-packages/airflow/example_dags/example_branch_day_of_week_operator.py took 0.079 seconds
[2024-05-05T13:49:23.272+0000] {processor.py:161} INFO - Started process (PID=94472) to work on /home/airflow/.local/lib/python3.8/site-packages/airflow/example_dags/example_branch_day_of_week_operator.py
[2024-05-05T13:49:23.273+0000] {processor.py:830} INFO - Processing file /home/airflow/.local/lib/python3.8/site-packages/airflow/example_dags/example_branch_day_of_week_operator.py for tasks to queue
[2024-05-05T13:49:23.273+0000] {logging_mixin.py:188} INFO - [2024-05-05T13:49:23.273+0000] {dagbag.py:538} INFO - Filling up the DagBag from /home/airflow/.local/lib/python3.8/site-packages/airflow/example_dags/example_branch_day_of_week_operator.py
[2024-05-05T13:49:23.280+0000] {processor.py:840} INFO - DAG(s) 'example_weekday_branch_operator' retrieved from /home/airflow/.local/lib/python3.8/site-packages/airflow/example_dags/example_branch_day_of_week_operator.py
[2024-05-05T13:49:23.301+0000] {logging_mixin.py:188} INFO - [2024-05-05T13:49:23.300+0000] {dag.py:3036} INFO - Sync 1 DAGs
[2024-05-05T13:49:23.320+0000] {logging_mixin.py:188} INFO - [2024-05-05T13:49:23.320+0000] {dag.py:3823} INFO - Setting next_dagrun for example_weekday_branch_operator to 2024-05-04 00:00:00+00:00, run_after=2024-05-05 00:00:00+00:00
[2024-05-05T13:49:23.339+0000] {processor.py:183} INFO - Processing /home/airflow/.local/lib/python3.8/site-packages/airflow/example_dags/example_branch_day_of_week_operator.py took 0.070 seconds
[2024-05-05T13:49:53.847+0000] {processor.py:161} INFO - Started process (PID=94548) to work on /home/airflow/.local/lib/python3.8/site-packages/airflow/example_dags/example_branch_day_of_week_operator.py
[2024-05-05T13:49:54.392+0000] {processor.py:830} INFO - Processing file /home/airflow/.local/lib/python3.8/site-packages/airflow/example_dags/example_branch_day_of_week_operator.py for tasks to queue
[2024-05-05T13:49:54.394+0000] {logging_mixin.py:188} INFO - [2024-05-05T13:49:54.393+0000] {dagbag.py:538} INFO - Filling up the DagBag from /home/airflow/.local/lib/python3.8/site-packages/airflow/example_dags/example_branch_day_of_week_operator.py
[2024-05-05T13:49:54.402+0000] {processor.py:840} INFO - DAG(s) 'example_weekday_branch_operator' retrieved from /home/airflow/.local/lib/python3.8/site-packages/airflow/example_dags/example_branch_day_of_week_operator.py
[2024-05-05T13:49:54.428+0000] {logging_mixin.py:188} INFO - [2024-05-05T13:49:54.427+0000] {dag.py:3036} INFO - Sync 1 DAGs
[2024-05-05T13:49:54.447+0000] {logging_mixin.py:188} INFO - [2024-05-05T13:49:54.446+0000] {dag.py:3823} INFO - Setting next_dagrun for example_weekday_branch_operator to 2024-05-04 00:00:00+00:00, run_after=2024-05-05 00:00:00+00:00
[2024-05-05T13:49:54.466+0000] {processor.py:183} INFO - Processing /home/airflow/.local/lib/python3.8/site-packages/airflow/example_dags/example_branch_day_of_week_operator.py took 0.621 seconds
[2024-05-05T13:50:24.634+0000] {processor.py:161} INFO - Started process (PID=94614) to work on /home/airflow/.local/lib/python3.8/site-packages/airflow/example_dags/example_branch_day_of_week_operator.py
[2024-05-05T13:50:24.635+0000] {processor.py:830} INFO - Processing file /home/airflow/.local/lib/python3.8/site-packages/airflow/example_dags/example_branch_day_of_week_operator.py for tasks to queue
[2024-05-05T13:50:24.636+0000] {logging_mixin.py:188} INFO - [2024-05-05T13:50:24.635+0000] {dagbag.py:538} INFO - Filling up the DagBag from /home/airflow/.local/lib/python3.8/site-packages/airflow/example_dags/example_branch_day_of_week_operator.py
[2024-05-05T13:50:24.644+0000] {processor.py:840} INFO - DAG(s) 'example_weekday_branch_operator' retrieved from /home/airflow/.local/lib/python3.8/site-packages/airflow/example_dags/example_branch_day_of_week_operator.py
[2024-05-05T13:50:24.667+0000] {logging_mixin.py:188} INFO - [2024-05-05T13:50:24.667+0000] {dag.py:3036} INFO - Sync 1 DAGs
[2024-05-05T13:50:24.692+0000] {logging_mixin.py:188} INFO - [2024-05-05T13:50:24.692+0000] {dag.py:3823} INFO - Setting next_dagrun for example_weekday_branch_operator to 2024-05-04 00:00:00+00:00, run_after=2024-05-05 00:00:00+00:00
[2024-05-05T13:50:24.726+0000] {processor.py:183} INFO - Processing /home/airflow/.local/lib/python3.8/site-packages/airflow/example_dags/example_branch_day_of_week_operator.py took 0.095 seconds
[2024-05-05T13:50:55.550+0000] {processor.py:161} INFO - Started process (PID=94682) to work on /home/airflow/.local/lib/python3.8/site-packages/airflow/example_dags/example_branch_day_of_week_operator.py
[2024-05-05T13:50:55.551+0000] {processor.py:830} INFO - Processing file /home/airflow/.local/lib/python3.8/site-packages/airflow/example_dags/example_branch_day_of_week_operator.py for tasks to queue
[2024-05-05T13:50:55.552+0000] {logging_mixin.py:188} INFO - [2024-05-05T13:50:55.552+0000] {dagbag.py:538} INFO - Filling up the DagBag from /home/airflow/.local/lib/python3.8/site-packages/airflow/example_dags/example_branch_day_of_week_operator.py
[2024-05-05T13:50:55.560+0000] {processor.py:840} INFO - DAG(s) 'example_weekday_branch_operator' retrieved from /home/airflow/.local/lib/python3.8/site-packages/airflow/example_dags/example_branch_day_of_week_operator.py
[2024-05-05T13:50:55.584+0000] {logging_mixin.py:188} INFO - [2024-05-05T13:50:55.584+0000] {dag.py:3036} INFO - Sync 1 DAGs
[2024-05-05T13:50:55.609+0000] {logging_mixin.py:188} INFO - [2024-05-05T13:50:55.608+0000] {dag.py:3823} INFO - Setting next_dagrun for example_weekday_branch_operator to 2024-05-04 00:00:00+00:00, run_after=2024-05-05 00:00:00+00:00
[2024-05-05T13:50:55.638+0000] {processor.py:183} INFO - Processing /home/airflow/.local/lib/python3.8/site-packages/airflow/example_dags/example_branch_day_of_week_operator.py took 0.093 seconds
[2024-05-05T13:51:26.140+0000] {processor.py:161} INFO - Started process (PID=94757) to work on /home/airflow/.local/lib/python3.8/site-packages/airflow/example_dags/example_branch_day_of_week_operator.py
[2024-05-05T13:51:26.141+0000] {processor.py:830} INFO - Processing file /home/airflow/.local/lib/python3.8/site-packages/airflow/example_dags/example_branch_day_of_week_operator.py for tasks to queue
[2024-05-05T13:51:26.142+0000] {logging_mixin.py:188} INFO - [2024-05-05T13:51:26.142+0000] {dagbag.py:538} INFO - Filling up the DagBag from /home/airflow/.local/lib/python3.8/site-packages/airflow/example_dags/example_branch_day_of_week_operator.py
[2024-05-05T13:51:26.153+0000] {processor.py:840} INFO - DAG(s) 'example_weekday_branch_operator' retrieved from /home/airflow/.local/lib/python3.8/site-packages/airflow/example_dags/example_branch_day_of_week_operator.py
[2024-05-05T13:51:26.202+0000] {logging_mixin.py:188} INFO - [2024-05-05T13:51:26.202+0000] {dag.py:3036} INFO - Sync 1 DAGs
[2024-05-05T13:51:26.239+0000] {logging_mixin.py:188} INFO - [2024-05-05T13:51:26.239+0000] {dag.py:3823} INFO - Setting next_dagrun for example_weekday_branch_operator to 2024-05-04 00:00:00+00:00, run_after=2024-05-05 00:00:00+00:00
[2024-05-05T13:51:26.267+0000] {processor.py:183} INFO - Processing /home/airflow/.local/lib/python3.8/site-packages/airflow/example_dags/example_branch_day_of_week_operator.py took 0.130 seconds
[2024-05-05T13:51:56.612+0000] {processor.py:161} INFO - Started process (PID=94822) to work on /home/airflow/.local/lib/python3.8/site-packages/airflow/example_dags/example_branch_day_of_week_operator.py
[2024-05-05T13:51:56.614+0000] {processor.py:830} INFO - Processing file /home/airflow/.local/lib/python3.8/site-packages/airflow/example_dags/example_branch_day_of_week_operator.py for tasks to queue
[2024-05-05T13:51:56.614+0000] {logging_mixin.py:188} INFO - [2024-05-05T13:51:56.614+0000] {dagbag.py:538} INFO - Filling up the DagBag from /home/airflow/.local/lib/python3.8/site-packages/airflow/example_dags/example_branch_day_of_week_operator.py
[2024-05-05T13:51:56.621+0000] {processor.py:840} INFO - DAG(s) 'example_weekday_branch_operator' retrieved from /home/airflow/.local/lib/python3.8/site-packages/airflow/example_dags/example_branch_day_of_week_operator.py
[2024-05-05T13:51:56.645+0000] {logging_mixin.py:188} INFO - [2024-05-05T13:51:56.645+0000] {dag.py:3036} INFO - Sync 1 DAGs
[2024-05-05T13:51:56.667+0000] {logging_mixin.py:188} INFO - [2024-05-05T13:51:56.667+0000] {dag.py:3823} INFO - Setting next_dagrun for example_weekday_branch_operator to 2024-05-04 00:00:00+00:00, run_after=2024-05-05 00:00:00+00:00
[2024-05-05T13:51:56.686+0000] {processor.py:183} INFO - Processing /home/airflow/.local/lib/python3.8/site-packages/airflow/example_dags/example_branch_day_of_week_operator.py took 0.077 seconds
[2024-05-05T13:52:27.039+0000] {processor.py:161} INFO - Started process (PID=94889) to work on /home/airflow/.local/lib/python3.8/site-packages/airflow/example_dags/example_branch_day_of_week_operator.py
[2024-05-05T13:52:27.043+0000] {processor.py:830} INFO - Processing file /home/airflow/.local/lib/python3.8/site-packages/airflow/example_dags/example_branch_day_of_week_operator.py for tasks to queue
[2024-05-05T13:52:27.046+0000] {logging_mixin.py:188} INFO - [2024-05-05T13:52:27.045+0000] {dagbag.py:538} INFO - Filling up the DagBag from /home/airflow/.local/lib/python3.8/site-packages/airflow/example_dags/example_branch_day_of_week_operator.py
[2024-05-05T13:52:27.061+0000] {processor.py:840} INFO - DAG(s) 'example_weekday_branch_operator' retrieved from /home/airflow/.local/lib/python3.8/site-packages/airflow/example_dags/example_branch_day_of_week_operator.py
[2024-05-05T13:52:27.095+0000] {logging_mixin.py:188} INFO - [2024-05-05T13:52:27.094+0000] {dag.py:3036} INFO - Sync 1 DAGs
[2024-05-05T13:52:27.168+0000] {logging_mixin.py:188} INFO - [2024-05-05T13:52:27.168+0000] {dag.py:3823} INFO - Setting next_dagrun for example_weekday_branch_operator to 2024-05-04 00:00:00+00:00, run_after=2024-05-05 00:00:00+00:00
[2024-05-05T13:52:27.216+0000] {processor.py:183} INFO - Processing /home/airflow/.local/lib/python3.8/site-packages/airflow/example_dags/example_branch_day_of_week_operator.py took 0.195 seconds
