[2024-05-05T13:46:23.842+0000] {processor.py:161} INFO - Started process (PID=94066) to work on /home/airflow/.local/lib/python3.8/site-packages/airflow/example_dags/example_setup_teardown.py
[2024-05-05T13:46:23.844+0000] {processor.py:830} INFO - Processing file /home/airflow/.local/lib/python3.8/site-packages/airflow/example_dags/example_setup_teardown.py for tasks to queue
[2024-05-05T13:46:23.846+0000] {logging_mixin.py:188} INFO - [2024-05-05T13:46:23.845+0000] {dagbag.py:538} INFO - Filling up the DagBag from /home/airflow/.local/lib/python3.8/site-packages/airflow/example_dags/example_setup_teardown.py
[2024-05-05T13:46:23.853+0000] {processor.py:840} INFO - DAG(s) 'example_setup_teardown' retrieved from /home/airflow/.local/lib/python3.8/site-packages/airflow/example_dags/example_setup_teardown.py
[2024-05-05T13:46:23.897+0000] {logging_mixin.py:188} INFO - [2024-05-05T13:46:23.897+0000] {dag.py:3036} INFO - Sync 1 DAGs
[2024-05-05T13:46:24.193+0000] {logging_mixin.py:188} INFO - [2024-05-05T13:46:24.193+0000] {dag.py:3823} INFO - Setting next_dagrun for example_setup_teardown to 2024-05-04 00:00:00+00:00, run_after=2024-05-05 00:00:00+00:00
[2024-05-05T13:46:24.227+0000] {processor.py:183} INFO - Processing /home/airflow/.local/lib/python3.8/site-packages/airflow/example_dags/example_setup_teardown.py took 0.388 seconds
[2024-05-05T13:46:54.288+0000] {processor.py:161} INFO - Started process (PID=94141) to work on /home/airflow/.local/lib/python3.8/site-packages/airflow/example_dags/example_setup_teardown.py
[2024-05-05T13:46:54.300+0000] {processor.py:830} INFO - Processing file /home/airflow/.local/lib/python3.8/site-packages/airflow/example_dags/example_setup_teardown.py for tasks to queue
[2024-05-05T13:46:54.301+0000] {logging_mixin.py:188} INFO - [2024-05-05T13:46:54.301+0000] {dagbag.py:538} INFO - Filling up the DagBag from /home/airflow/.local/lib/python3.8/site-packages/airflow/example_dags/example_setup_teardown.py
[2024-05-05T13:46:54.318+0000] {processor.py:840} INFO - DAG(s) 'example_setup_teardown' retrieved from /home/airflow/.local/lib/python3.8/site-packages/airflow/example_dags/example_setup_teardown.py
[2024-05-05T13:46:54.350+0000] {logging_mixin.py:188} INFO - [2024-05-05T13:46:54.349+0000] {dag.py:3036} INFO - Sync 1 DAGs
[2024-05-05T13:46:54.394+0000] {logging_mixin.py:188} INFO - [2024-05-05T13:46:54.394+0000] {dag.py:3823} INFO - Setting next_dagrun for example_setup_teardown to 2024-05-04 00:00:00+00:00, run_after=2024-05-05 00:00:00+00:00
[2024-05-05T13:46:54.559+0000] {processor.py:183} INFO - Processing /home/airflow/.local/lib/python3.8/site-packages/airflow/example_dags/example_setup_teardown.py took 0.278 seconds
[2024-05-05T13:47:25.054+0000] {processor.py:161} INFO - Started process (PID=94207) to work on /home/airflow/.local/lib/python3.8/site-packages/airflow/example_dags/example_setup_teardown.py
[2024-05-05T13:47:25.056+0000] {processor.py:830} INFO - Processing file /home/airflow/.local/lib/python3.8/site-packages/airflow/example_dags/example_setup_teardown.py for tasks to queue
[2024-05-05T13:47:25.056+0000] {logging_mixin.py:188} INFO - [2024-05-05T13:47:25.056+0000] {dagbag.py:538} INFO - Filling up the DagBag from /home/airflow/.local/lib/python3.8/site-packages/airflow/example_dags/example_setup_teardown.py
[2024-05-05T13:47:25.066+0000] {processor.py:840} INFO - DAG(s) 'example_setup_teardown' retrieved from /home/airflow/.local/lib/python3.8/site-packages/airflow/example_dags/example_setup_teardown.py
[2024-05-05T13:47:25.088+0000] {logging_mixin.py:188} INFO - [2024-05-05T13:47:25.088+0000] {dag.py:3036} INFO - Sync 1 DAGs
[2024-05-05T13:47:25.110+0000] {logging_mixin.py:188} INFO - [2024-05-05T13:47:25.110+0000] {dag.py:3823} INFO - Setting next_dagrun for example_setup_teardown to 2024-05-04 00:00:00+00:00, run_after=2024-05-05 00:00:00+00:00
[2024-05-05T13:47:25.127+0000] {processor.py:183} INFO - Processing /home/airflow/.local/lib/python3.8/site-packages/airflow/example_dags/example_setup_teardown.py took 0.075 seconds
[2024-05-05T13:47:55.673+0000] {processor.py:161} INFO - Started process (PID=94273) to work on /home/airflow/.local/lib/python3.8/site-packages/airflow/example_dags/example_setup_teardown.py
[2024-05-05T13:47:55.674+0000] {processor.py:830} INFO - Processing file /home/airflow/.local/lib/python3.8/site-packages/airflow/example_dags/example_setup_teardown.py for tasks to queue
[2024-05-05T13:47:55.674+0000] {logging_mixin.py:188} INFO - [2024-05-05T13:47:55.674+0000] {dagbag.py:538} INFO - Filling up the DagBag from /home/airflow/.local/lib/python3.8/site-packages/airflow/example_dags/example_setup_teardown.py
[2024-05-05T13:47:55.680+0000] {processor.py:840} INFO - DAG(s) 'example_setup_teardown' retrieved from /home/airflow/.local/lib/python3.8/site-packages/airflow/example_dags/example_setup_teardown.py
[2024-05-05T13:47:55.700+0000] {logging_mixin.py:188} INFO - [2024-05-05T13:47:55.700+0000] {dag.py:3036} INFO - Sync 1 DAGs
[2024-05-05T13:47:55.724+0000] {logging_mixin.py:188} INFO - [2024-05-05T13:47:55.723+0000] {dag.py:3823} INFO - Setting next_dagrun for example_setup_teardown to 2024-05-04 00:00:00+00:00, run_after=2024-05-05 00:00:00+00:00
[2024-05-05T13:47:55.740+0000] {processor.py:183} INFO - Processing /home/airflow/.local/lib/python3.8/site-packages/airflow/example_dags/example_setup_teardown.py took 0.072 seconds
[2024-05-05T13:48:26.222+0000] {processor.py:161} INFO - Started process (PID=94347) to work on /home/airflow/.local/lib/python3.8/site-packages/airflow/example_dags/example_setup_teardown.py
[2024-05-05T13:48:26.223+0000] {processor.py:830} INFO - Processing file /home/airflow/.local/lib/python3.8/site-packages/airflow/example_dags/example_setup_teardown.py for tasks to queue
[2024-05-05T13:48:26.225+0000] {logging_mixin.py:188} INFO - [2024-05-05T13:48:26.224+0000] {dagbag.py:538} INFO - Filling up the DagBag from /home/airflow/.local/lib/python3.8/site-packages/airflow/example_dags/example_setup_teardown.py
[2024-05-05T13:48:26.232+0000] {processor.py:840} INFO - DAG(s) 'example_setup_teardown' retrieved from /home/airflow/.local/lib/python3.8/site-packages/airflow/example_dags/example_setup_teardown.py
[2024-05-05T13:48:26.400+0000] {logging_mixin.py:188} INFO - [2024-05-05T13:48:26.400+0000] {dag.py:3036} INFO - Sync 1 DAGs
[2024-05-05T13:48:26.423+0000] {logging_mixin.py:188} INFO - [2024-05-05T13:48:26.423+0000] {dag.py:3823} INFO - Setting next_dagrun for example_setup_teardown to 2024-05-04 00:00:00+00:00, run_after=2024-05-05 00:00:00+00:00
[2024-05-05T13:48:26.441+0000] {processor.py:183} INFO - Processing /home/airflow/.local/lib/python3.8/site-packages/airflow/example_dags/example_setup_teardown.py took 0.225 seconds
[2024-05-05T13:48:56.605+0000] {processor.py:161} INFO - Started process (PID=94414) to work on /home/airflow/.local/lib/python3.8/site-packages/airflow/example_dags/example_setup_teardown.py
[2024-05-05T13:48:56.606+0000] {processor.py:830} INFO - Processing file /home/airflow/.local/lib/python3.8/site-packages/airflow/example_dags/example_setup_teardown.py for tasks to queue
[2024-05-05T13:48:56.607+0000] {logging_mixin.py:188} INFO - [2024-05-05T13:48:56.607+0000] {dagbag.py:538} INFO - Filling up the DagBag from /home/airflow/.local/lib/python3.8/site-packages/airflow/example_dags/example_setup_teardown.py
[2024-05-05T13:48:56.613+0000] {processor.py:840} INFO - DAG(s) 'example_setup_teardown' retrieved from /home/airflow/.local/lib/python3.8/site-packages/airflow/example_dags/example_setup_teardown.py
[2024-05-05T13:48:56.632+0000] {logging_mixin.py:188} INFO - [2024-05-05T13:48:56.631+0000] {dag.py:3036} INFO - Sync 1 DAGs
[2024-05-05T13:48:56.652+0000] {logging_mixin.py:188} INFO - [2024-05-05T13:48:56.652+0000] {dag.py:3823} INFO - Setting next_dagrun for example_setup_teardown to 2024-05-04 00:00:00+00:00, run_after=2024-05-05 00:00:00+00:00
[2024-05-05T13:48:56.673+0000] {processor.py:183} INFO - Processing /home/airflow/.local/lib/python3.8/site-packages/airflow/example_dags/example_setup_teardown.py took 0.071 seconds
[2024-05-05T13:49:27.027+0000] {processor.py:161} INFO - Started process (PID=94488) to work on /home/airflow/.local/lib/python3.8/site-packages/airflow/example_dags/example_setup_teardown.py
[2024-05-05T13:49:27.028+0000] {processor.py:830} INFO - Processing file /home/airflow/.local/lib/python3.8/site-packages/airflow/example_dags/example_setup_teardown.py for tasks to queue
[2024-05-05T13:49:27.030+0000] {logging_mixin.py:188} INFO - [2024-05-05T13:49:27.029+0000] {dagbag.py:538} INFO - Filling up the DagBag from /home/airflow/.local/lib/python3.8/site-packages/airflow/example_dags/example_setup_teardown.py
[2024-05-05T13:49:27.040+0000] {processor.py:840} INFO - DAG(s) 'example_setup_teardown' retrieved from /home/airflow/.local/lib/python3.8/site-packages/airflow/example_dags/example_setup_teardown.py
[2024-05-05T13:49:27.072+0000] {logging_mixin.py:188} INFO - [2024-05-05T13:49:27.072+0000] {dag.py:3036} INFO - Sync 1 DAGs
[2024-05-05T13:49:27.103+0000] {logging_mixin.py:188} INFO - [2024-05-05T13:49:27.103+0000] {dag.py:3823} INFO - Setting next_dagrun for example_setup_teardown to 2024-05-04 00:00:00+00:00, run_after=2024-05-05 00:00:00+00:00
[2024-05-05T13:49:27.128+0000] {processor.py:183} INFO - Processing /home/airflow/.local/lib/python3.8/site-packages/airflow/example_dags/example_setup_teardown.py took 0.113 seconds
[2024-05-05T13:49:57.999+0000] {processor.py:161} INFO - Started process (PID=94555) to work on /home/airflow/.local/lib/python3.8/site-packages/airflow/example_dags/example_setup_teardown.py
[2024-05-05T13:49:58.002+0000] {processor.py:830} INFO - Processing file /home/airflow/.local/lib/python3.8/site-packages/airflow/example_dags/example_setup_teardown.py for tasks to queue
[2024-05-05T13:49:58.003+0000] {logging_mixin.py:188} INFO - [2024-05-05T13:49:58.003+0000] {dagbag.py:538} INFO - Filling up the DagBag from /home/airflow/.local/lib/python3.8/site-packages/airflow/example_dags/example_setup_teardown.py
[2024-05-05T13:49:58.021+0000] {processor.py:840} INFO - DAG(s) 'example_setup_teardown' retrieved from /home/airflow/.local/lib/python3.8/site-packages/airflow/example_dags/example_setup_teardown.py
[2024-05-05T13:49:58.048+0000] {logging_mixin.py:188} INFO - [2024-05-05T13:49:58.048+0000] {dag.py:3036} INFO - Sync 1 DAGs
[2024-05-05T13:49:58.070+0000] {logging_mixin.py:188} INFO - [2024-05-05T13:49:58.070+0000] {dag.py:3823} INFO - Setting next_dagrun for example_setup_teardown to 2024-05-04 00:00:00+00:00, run_after=2024-05-05 00:00:00+00:00
[2024-05-05T13:49:58.086+0000] {processor.py:183} INFO - Processing /home/airflow/.local/lib/python3.8/site-packages/airflow/example_dags/example_setup_teardown.py took 0.092 seconds
[2024-05-05T13:50:28.144+0000] {processor.py:161} INFO - Started process (PID=94621) to work on /home/airflow/.local/lib/python3.8/site-packages/airflow/example_dags/example_setup_teardown.py
[2024-05-05T13:50:28.145+0000] {processor.py:830} INFO - Processing file /home/airflow/.local/lib/python3.8/site-packages/airflow/example_dags/example_setup_teardown.py for tasks to queue
[2024-05-05T13:50:28.146+0000] {logging_mixin.py:188} INFO - [2024-05-05T13:50:28.145+0000] {dagbag.py:538} INFO - Filling up the DagBag from /home/airflow/.local/lib/python3.8/site-packages/airflow/example_dags/example_setup_teardown.py
[2024-05-05T13:50:28.153+0000] {processor.py:840} INFO - DAG(s) 'example_setup_teardown' retrieved from /home/airflow/.local/lib/python3.8/site-packages/airflow/example_dags/example_setup_teardown.py
[2024-05-05T13:50:28.181+0000] {logging_mixin.py:188} INFO - [2024-05-05T13:50:28.181+0000] {dag.py:3036} INFO - Sync 1 DAGs
[2024-05-05T13:50:28.210+0000] {logging_mixin.py:188} INFO - [2024-05-05T13:50:28.210+0000] {dag.py:3823} INFO - Setting next_dagrun for example_setup_teardown to 2024-05-04 00:00:00+00:00, run_after=2024-05-05 00:00:00+00:00
[2024-05-05T13:50:28.239+0000] {processor.py:183} INFO - Processing /home/airflow/.local/lib/python3.8/site-packages/airflow/example_dags/example_setup_teardown.py took 0.098 seconds
[2024-05-05T13:50:59.142+0000] {processor.py:161} INFO - Started process (PID=94697) to work on /home/airflow/.local/lib/python3.8/site-packages/airflow/example_dags/example_setup_teardown.py
[2024-05-05T13:50:59.147+0000] {processor.py:830} INFO - Processing file /home/airflow/.local/lib/python3.8/site-packages/airflow/example_dags/example_setup_teardown.py for tasks to queue
[2024-05-05T13:50:59.148+0000] {logging_mixin.py:188} INFO - [2024-05-05T13:50:59.148+0000] {dagbag.py:538} INFO - Filling up the DagBag from /home/airflow/.local/lib/python3.8/site-packages/airflow/example_dags/example_setup_teardown.py
[2024-05-05T13:50:59.154+0000] {processor.py:840} INFO - DAG(s) 'example_setup_teardown' retrieved from /home/airflow/.local/lib/python3.8/site-packages/airflow/example_dags/example_setup_teardown.py
[2024-05-05T13:50:59.193+0000] {logging_mixin.py:188} INFO - [2024-05-05T13:50:59.192+0000] {dag.py:3036} INFO - Sync 1 DAGs
[2024-05-05T13:50:59.243+0000] {logging_mixin.py:188} INFO - [2024-05-05T13:50:59.243+0000] {dag.py:3823} INFO - Setting next_dagrun for example_setup_teardown to 2024-05-04 00:00:00+00:00, run_after=2024-05-05 00:00:00+00:00
[2024-05-05T13:50:59.286+0000] {processor.py:183} INFO - Processing /home/airflow/.local/lib/python3.8/site-packages/airflow/example_dags/example_setup_teardown.py took 0.148 seconds
[2024-05-05T13:51:29.765+0000] {processor.py:161} INFO - Started process (PID=94764) to work on /home/airflow/.local/lib/python3.8/site-packages/airflow/example_dags/example_setup_teardown.py
[2024-05-05T13:51:29.767+0000] {processor.py:830} INFO - Processing file /home/airflow/.local/lib/python3.8/site-packages/airflow/example_dags/example_setup_teardown.py for tasks to queue
[2024-05-05T13:51:29.768+0000] {logging_mixin.py:188} INFO - [2024-05-05T13:51:29.767+0000] {dagbag.py:538} INFO - Filling up the DagBag from /home/airflow/.local/lib/python3.8/site-packages/airflow/example_dags/example_setup_teardown.py
[2024-05-05T13:51:29.778+0000] {processor.py:840} INFO - DAG(s) 'example_setup_teardown' retrieved from /home/airflow/.local/lib/python3.8/site-packages/airflow/example_dags/example_setup_teardown.py
[2024-05-05T13:51:29.806+0000] {logging_mixin.py:188} INFO - [2024-05-05T13:51:29.806+0000] {dag.py:3036} INFO - Sync 1 DAGs
[2024-05-05T13:51:29.841+0000] {logging_mixin.py:188} INFO - [2024-05-05T13:51:29.840+0000] {dag.py:3823} INFO - Setting next_dagrun for example_setup_teardown to 2024-05-04 00:00:00+00:00, run_after=2024-05-05 00:00:00+00:00
[2024-05-05T13:51:29.861+0000] {processor.py:183} INFO - Processing /home/airflow/.local/lib/python3.8/site-packages/airflow/example_dags/example_setup_teardown.py took 0.099 seconds
[2024-05-05T13:52:00.032+0000] {processor.py:161} INFO - Started process (PID=94829) to work on /home/airflow/.local/lib/python3.8/site-packages/airflow/example_dags/example_setup_teardown.py
[2024-05-05T13:52:00.033+0000] {processor.py:830} INFO - Processing file /home/airflow/.local/lib/python3.8/site-packages/airflow/example_dags/example_setup_teardown.py for tasks to queue
[2024-05-05T13:52:00.034+0000] {logging_mixin.py:188} INFO - [2024-05-05T13:52:00.033+0000] {dagbag.py:538} INFO - Filling up the DagBag from /home/airflow/.local/lib/python3.8/site-packages/airflow/example_dags/example_setup_teardown.py
[2024-05-05T13:52:00.041+0000] {processor.py:840} INFO - DAG(s) 'example_setup_teardown' retrieved from /home/airflow/.local/lib/python3.8/site-packages/airflow/example_dags/example_setup_teardown.py
[2024-05-05T13:52:00.064+0000] {logging_mixin.py:188} INFO - [2024-05-05T13:52:00.064+0000] {dag.py:3036} INFO - Sync 1 DAGs
[2024-05-05T13:52:00.086+0000] {logging_mixin.py:188} INFO - [2024-05-05T13:52:00.086+0000] {dag.py:3823} INFO - Setting next_dagrun for example_setup_teardown to 2024-05-04 00:00:00+00:00, run_after=2024-05-05 00:00:00+00:00
[2024-05-05T13:52:00.102+0000] {processor.py:183} INFO - Processing /home/airflow/.local/lib/python3.8/site-packages/airflow/example_dags/example_setup_teardown.py took 0.073 seconds
[2024-05-05T13:52:30.806+0000] {processor.py:161} INFO - Started process (PID=94904) to work on /home/airflow/.local/lib/python3.8/site-packages/airflow/example_dags/example_setup_teardown.py
[2024-05-05T13:52:30.810+0000] {processor.py:830} INFO - Processing file /home/airflow/.local/lib/python3.8/site-packages/airflow/example_dags/example_setup_teardown.py for tasks to queue
[2024-05-05T13:52:30.811+0000] {logging_mixin.py:188} INFO - [2024-05-05T13:52:30.811+0000] {dagbag.py:538} INFO - Filling up the DagBag from /home/airflow/.local/lib/python3.8/site-packages/airflow/example_dags/example_setup_teardown.py
[2024-05-05T13:52:30.819+0000] {processor.py:840} INFO - DAG(s) 'example_setup_teardown' retrieved from /home/airflow/.local/lib/python3.8/site-packages/airflow/example_dags/example_setup_teardown.py
[2024-05-05T13:52:30.868+0000] {logging_mixin.py:188} INFO - [2024-05-05T13:52:30.868+0000] {dag.py:3036} INFO - Sync 1 DAGs
[2024-05-05T13:52:30.912+0000] {logging_mixin.py:188} INFO - [2024-05-05T13:52:30.912+0000] {dag.py:3823} INFO - Setting next_dagrun for example_setup_teardown to 2024-05-04 00:00:00+00:00, run_after=2024-05-05 00:00:00+00:00
[2024-05-05T13:52:30.949+0000] {processor.py:183} INFO - Processing /home/airflow/.local/lib/python3.8/site-packages/airflow/example_dags/example_setup_teardown.py took 0.145 seconds
