[2024-05-05T13:46:12.920+0000] {processor.py:161} INFO - Started process (PID=94038) to work on /home/airflow/.local/lib/python3.8/site-packages/airflow/example_dags/example_branch_operator_decorator.py
[2024-05-05T13:46:12.921+0000] {processor.py:830} INFO - Processing file /home/airflow/.local/lib/python3.8/site-packages/airflow/example_dags/example_branch_operator_decorator.py for tasks to queue
[2024-05-05T13:46:12.922+0000] {logging_mixin.py:188} INFO - [2024-05-05T13:46:12.922+0000] {dagbag.py:538} INFO - Filling up the DagBag from /home/airflow/.local/lib/python3.8/site-packages/airflow/example_dags/example_branch_operator_decorator.py
[2024-05-05T13:46:12.942+0000] {processor.py:840} INFO - DAG(s) 'example_branch_python_operator_decorator' retrieved from /home/airflow/.local/lib/python3.8/site-packages/airflow/example_dags/example_branch_operator_decorator.py
[2024-05-05T13:46:12.975+0000] {logging_mixin.py:188} INFO - [2024-05-05T13:46:12.975+0000] {dag.py:3036} INFO - Sync 1 DAGs
[2024-05-05T13:46:12.997+0000] {logging_mixin.py:188} INFO - [2024-05-05T13:46:12.997+0000] {dag.py:3823} INFO - Setting next_dagrun for example_branch_python_operator_decorator to 2024-05-04 00:00:00+00:00, run_after=2024-05-05 00:00:00+00:00
[2024-05-05T13:46:13.019+0000] {processor.py:183} INFO - Processing /home/airflow/.local/lib/python3.8/site-packages/airflow/example_dags/example_branch_operator_decorator.py took 0.101 seconds
[2024-05-05T13:46:43.479+0000] {processor.py:161} INFO - Started process (PID=94112) to work on /home/airflow/.local/lib/python3.8/site-packages/airflow/example_dags/example_branch_operator_decorator.py
[2024-05-05T13:46:43.480+0000] {processor.py:830} INFO - Processing file /home/airflow/.local/lib/python3.8/site-packages/airflow/example_dags/example_branch_operator_decorator.py for tasks to queue
[2024-05-05T13:46:43.481+0000] {logging_mixin.py:188} INFO - [2024-05-05T13:46:43.480+0000] {dagbag.py:538} INFO - Filling up the DagBag from /home/airflow/.local/lib/python3.8/site-packages/airflow/example_dags/example_branch_operator_decorator.py
[2024-05-05T13:46:43.502+0000] {processor.py:840} INFO - DAG(s) 'example_branch_python_operator_decorator' retrieved from /home/airflow/.local/lib/python3.8/site-packages/airflow/example_dags/example_branch_operator_decorator.py
[2024-05-05T13:46:43.533+0000] {logging_mixin.py:188} INFO - [2024-05-05T13:46:43.533+0000] {dag.py:3036} INFO - Sync 1 DAGs
[2024-05-05T13:46:43.558+0000] {logging_mixin.py:188} INFO - [2024-05-05T13:46:43.557+0000] {dag.py:3823} INFO - Setting next_dagrun for example_branch_python_operator_decorator to 2024-05-04 00:00:00+00:00, run_after=2024-05-05 00:00:00+00:00
[2024-05-05T13:46:43.583+0000] {processor.py:183} INFO - Processing /home/airflow/.local/lib/python3.8/site-packages/airflow/example_dags/example_branch_operator_decorator.py took 0.107 seconds
[2024-05-05T13:47:14.227+0000] {processor.py:161} INFO - Started process (PID=94179) to work on /home/airflow/.local/lib/python3.8/site-packages/airflow/example_dags/example_branch_operator_decorator.py
[2024-05-05T13:47:14.228+0000] {processor.py:830} INFO - Processing file /home/airflow/.local/lib/python3.8/site-packages/airflow/example_dags/example_branch_operator_decorator.py for tasks to queue
[2024-05-05T13:47:14.229+0000] {logging_mixin.py:188} INFO - [2024-05-05T13:47:14.228+0000] {dagbag.py:538} INFO - Filling up the DagBag from /home/airflow/.local/lib/python3.8/site-packages/airflow/example_dags/example_branch_operator_decorator.py
[2024-05-05T13:47:14.260+0000] {processor.py:840} INFO - DAG(s) 'example_branch_python_operator_decorator' retrieved from /home/airflow/.local/lib/python3.8/site-packages/airflow/example_dags/example_branch_operator_decorator.py
[2024-05-05T13:47:14.325+0000] {logging_mixin.py:188} INFO - [2024-05-05T13:47:14.325+0000] {dag.py:3036} INFO - Sync 1 DAGs
[2024-05-05T13:47:14.376+0000] {logging_mixin.py:188} INFO - [2024-05-05T13:47:14.376+0000] {dag.py:3823} INFO - Setting next_dagrun for example_branch_python_operator_decorator to 2024-05-04 00:00:00+00:00, run_after=2024-05-05 00:00:00+00:00
[2024-05-05T13:47:14.418+0000] {processor.py:183} INFO - Processing /home/airflow/.local/lib/python3.8/site-packages/airflow/example_dags/example_branch_operator_decorator.py took 0.194 seconds
[2024-05-05T13:47:44.735+0000] {processor.py:161} INFO - Started process (PID=94253) to work on /home/airflow/.local/lib/python3.8/site-packages/airflow/example_dags/example_branch_operator_decorator.py
[2024-05-05T13:47:44.736+0000] {processor.py:830} INFO - Processing file /home/airflow/.local/lib/python3.8/site-packages/airflow/example_dags/example_branch_operator_decorator.py for tasks to queue
[2024-05-05T13:47:44.740+0000] {logging_mixin.py:188} INFO - [2024-05-05T13:47:44.740+0000] {dagbag.py:538} INFO - Filling up the DagBag from /home/airflow/.local/lib/python3.8/site-packages/airflow/example_dags/example_branch_operator_decorator.py
[2024-05-05T13:47:44.785+0000] {processor.py:840} INFO - DAG(s) 'example_branch_python_operator_decorator' retrieved from /home/airflow/.local/lib/python3.8/site-packages/airflow/example_dags/example_branch_operator_decorator.py
[2024-05-05T13:47:45.024+0000] {logging_mixin.py:188} INFO - [2024-05-05T13:47:45.024+0000] {dag.py:3036} INFO - Sync 1 DAGs
[2024-05-05T13:47:45.046+0000] {logging_mixin.py:188} INFO - [2024-05-05T13:47:45.046+0000] {dag.py:3823} INFO - Setting next_dagrun for example_branch_python_operator_decorator to 2024-05-04 00:00:00+00:00, run_after=2024-05-05 00:00:00+00:00
[2024-05-05T13:47:45.069+0000] {processor.py:183} INFO - Processing /home/airflow/.local/lib/python3.8/site-packages/airflow/example_dags/example_branch_operator_decorator.py took 0.336 seconds
[2024-05-05T13:48:15.179+0000] {processor.py:161} INFO - Started process (PID=94319) to work on /home/airflow/.local/lib/python3.8/site-packages/airflow/example_dags/example_branch_operator_decorator.py
[2024-05-05T13:48:15.180+0000] {processor.py:830} INFO - Processing file /home/airflow/.local/lib/python3.8/site-packages/airflow/example_dags/example_branch_operator_decorator.py for tasks to queue
[2024-05-05T13:48:15.181+0000] {logging_mixin.py:188} INFO - [2024-05-05T13:48:15.180+0000] {dagbag.py:538} INFO - Filling up the DagBag from /home/airflow/.local/lib/python3.8/site-packages/airflow/example_dags/example_branch_operator_decorator.py
[2024-05-05T13:48:15.201+0000] {processor.py:840} INFO - DAG(s) 'example_branch_python_operator_decorator' retrieved from /home/airflow/.local/lib/python3.8/site-packages/airflow/example_dags/example_branch_operator_decorator.py
[2024-05-05T13:48:15.236+0000] {logging_mixin.py:188} INFO - [2024-05-05T13:48:15.236+0000] {dag.py:3036} INFO - Sync 1 DAGs
[2024-05-05T13:48:15.411+0000] {logging_mixin.py:188} INFO - [2024-05-05T13:48:15.411+0000] {dag.py:3823} INFO - Setting next_dagrun for example_branch_python_operator_decorator to 2024-05-04 00:00:00+00:00, run_after=2024-05-05 00:00:00+00:00
[2024-05-05T13:48:15.430+0000] {processor.py:183} INFO - Processing /home/airflow/.local/lib/python3.8/site-packages/airflow/example_dags/example_branch_operator_decorator.py took 0.254 seconds
[2024-05-05T13:48:45.844+0000] {processor.py:161} INFO - Started process (PID=94385) to work on /home/airflow/.local/lib/python3.8/site-packages/airflow/example_dags/example_branch_operator_decorator.py
[2024-05-05T13:48:45.846+0000] {processor.py:830} INFO - Processing file /home/airflow/.local/lib/python3.8/site-packages/airflow/example_dags/example_branch_operator_decorator.py for tasks to queue
[2024-05-05T13:48:45.847+0000] {logging_mixin.py:188} INFO - [2024-05-05T13:48:45.846+0000] {dagbag.py:538} INFO - Filling up the DagBag from /home/airflow/.local/lib/python3.8/site-packages/airflow/example_dags/example_branch_operator_decorator.py
[2024-05-05T13:48:45.869+0000] {processor.py:840} INFO - DAG(s) 'example_branch_python_operator_decorator' retrieved from /home/airflow/.local/lib/python3.8/site-packages/airflow/example_dags/example_branch_operator_decorator.py
[2024-05-05T13:48:45.898+0000] {logging_mixin.py:188} INFO - [2024-05-05T13:48:45.898+0000] {dag.py:3036} INFO - Sync 1 DAGs
[2024-05-05T13:48:45.924+0000] {logging_mixin.py:188} INFO - [2024-05-05T13:48:45.924+0000] {dag.py:3823} INFO - Setting next_dagrun for example_branch_python_operator_decorator to 2024-05-04 00:00:00+00:00, run_after=2024-05-05 00:00:00+00:00
[2024-05-05T13:48:45.943+0000] {processor.py:183} INFO - Processing /home/airflow/.local/lib/python3.8/site-packages/airflow/example_dags/example_branch_operator_decorator.py took 0.102 seconds
[2024-05-05T13:49:16.791+0000] {processor.py:161} INFO - Started process (PID=94459) to work on /home/airflow/.local/lib/python3.8/site-packages/airflow/example_dags/example_branch_operator_decorator.py
[2024-05-05T13:49:16.792+0000] {processor.py:830} INFO - Processing file /home/airflow/.local/lib/python3.8/site-packages/airflow/example_dags/example_branch_operator_decorator.py for tasks to queue
[2024-05-05T13:49:16.794+0000] {logging_mixin.py:188} INFO - [2024-05-05T13:49:16.793+0000] {dagbag.py:538} INFO - Filling up the DagBag from /home/airflow/.local/lib/python3.8/site-packages/airflow/example_dags/example_branch_operator_decorator.py
[2024-05-05T13:49:16.828+0000] {processor.py:840} INFO - DAG(s) 'example_branch_python_operator_decorator' retrieved from /home/airflow/.local/lib/python3.8/site-packages/airflow/example_dags/example_branch_operator_decorator.py
[2024-05-05T13:49:16.902+0000] {logging_mixin.py:188} INFO - [2024-05-05T13:49:16.900+0000] {dag.py:3036} INFO - Sync 1 DAGs
[2024-05-05T13:49:16.958+0000] {logging_mixin.py:188} INFO - [2024-05-05T13:49:16.957+0000] {dag.py:3823} INFO - Setting next_dagrun for example_branch_python_operator_decorator to 2024-05-04 00:00:00+00:00, run_after=2024-05-05 00:00:00+00:00
[2024-05-05T13:49:16.993+0000] {processor.py:183} INFO - Processing /home/airflow/.local/lib/python3.8/site-packages/airflow/example_dags/example_branch_operator_decorator.py took 0.206 seconds
[2024-05-05T13:49:47.090+0000] {processor.py:161} INFO - Started process (PID=94528) to work on /home/airflow/.local/lib/python3.8/site-packages/airflow/example_dags/example_branch_operator_decorator.py
[2024-05-05T13:49:47.091+0000] {processor.py:830} INFO - Processing file /home/airflow/.local/lib/python3.8/site-packages/airflow/example_dags/example_branch_operator_decorator.py for tasks to queue
[2024-05-05T13:49:47.092+0000] {logging_mixin.py:188} INFO - [2024-05-05T13:49:47.092+0000] {dagbag.py:538} INFO - Filling up the DagBag from /home/airflow/.local/lib/python3.8/site-packages/airflow/example_dags/example_branch_operator_decorator.py
[2024-05-05T13:49:47.115+0000] {processor.py:840} INFO - DAG(s) 'example_branch_python_operator_decorator' retrieved from /home/airflow/.local/lib/python3.8/site-packages/airflow/example_dags/example_branch_operator_decorator.py
[2024-05-05T13:49:47.142+0000] {logging_mixin.py:188} INFO - [2024-05-05T13:49:47.142+0000] {dag.py:3036} INFO - Sync 1 DAGs
[2024-05-05T13:49:47.163+0000] {logging_mixin.py:188} INFO - [2024-05-05T13:49:47.163+0000] {dag.py:3823} INFO - Setting next_dagrun for example_branch_python_operator_decorator to 2024-05-04 00:00:00+00:00, run_after=2024-05-05 00:00:00+00:00
[2024-05-05T13:49:47.180+0000] {processor.py:183} INFO - Processing /home/airflow/.local/lib/python3.8/site-packages/airflow/example_dags/example_branch_operator_decorator.py took 0.093 seconds
[2024-05-05T13:50:17.258+0000] {processor.py:161} INFO - Started process (PID=94595) to work on /home/airflow/.local/lib/python3.8/site-packages/airflow/example_dags/example_branch_operator_decorator.py
[2024-05-05T13:50:17.260+0000] {processor.py:830} INFO - Processing file /home/airflow/.local/lib/python3.8/site-packages/airflow/example_dags/example_branch_operator_decorator.py for tasks to queue
[2024-05-05T13:50:17.262+0000] {logging_mixin.py:188} INFO - [2024-05-05T13:50:17.262+0000] {dagbag.py:538} INFO - Filling up the DagBag from /home/airflow/.local/lib/python3.8/site-packages/airflow/example_dags/example_branch_operator_decorator.py
[2024-05-05T13:50:17.296+0000] {processor.py:840} INFO - DAG(s) 'example_branch_python_operator_decorator' retrieved from /home/airflow/.local/lib/python3.8/site-packages/airflow/example_dags/example_branch_operator_decorator.py
[2024-05-05T13:50:17.327+0000] {logging_mixin.py:188} INFO - [2024-05-05T13:50:17.327+0000] {dag.py:3036} INFO - Sync 1 DAGs
[2024-05-05T13:50:17.353+0000] {logging_mixin.py:188} INFO - [2024-05-05T13:50:17.352+0000] {dag.py:3823} INFO - Setting next_dagrun for example_branch_python_operator_decorator to 2024-05-04 00:00:00+00:00, run_after=2024-05-05 00:00:00+00:00
[2024-05-05T13:50:17.407+0000] {processor.py:183} INFO - Processing /home/airflow/.local/lib/python3.8/site-packages/airflow/example_dags/example_branch_operator_decorator.py took 0.152 seconds
[2024-05-05T13:50:47.670+0000] {processor.py:161} INFO - Started process (PID=94669) to work on /home/airflow/.local/lib/python3.8/site-packages/airflow/example_dags/example_branch_operator_decorator.py
[2024-05-05T13:50:47.674+0000] {processor.py:830} INFO - Processing file /home/airflow/.local/lib/python3.8/site-packages/airflow/example_dags/example_branch_operator_decorator.py for tasks to queue
[2024-05-05T13:50:47.680+0000] {logging_mixin.py:188} INFO - [2024-05-05T13:50:47.675+0000] {dagbag.py:538} INFO - Filling up the DagBag from /home/airflow/.local/lib/python3.8/site-packages/airflow/example_dags/example_branch_operator_decorator.py
[2024-05-05T13:50:47.718+0000] {processor.py:840} INFO - DAG(s) 'example_branch_python_operator_decorator' retrieved from /home/airflow/.local/lib/python3.8/site-packages/airflow/example_dags/example_branch_operator_decorator.py
[2024-05-05T13:50:47.805+0000] {logging_mixin.py:188} INFO - [2024-05-05T13:50:47.804+0000] {dag.py:3036} INFO - Sync 1 DAGs
[2024-05-05T13:50:47.862+0000] {logging_mixin.py:188} INFO - [2024-05-05T13:50:47.862+0000] {dag.py:3823} INFO - Setting next_dagrun for example_branch_python_operator_decorator to 2024-05-04 00:00:00+00:00, run_after=2024-05-05 00:00:00+00:00
[2024-05-05T13:50:47.905+0000] {processor.py:183} INFO - Processing /home/airflow/.local/lib/python3.8/site-packages/airflow/example_dags/example_branch_operator_decorator.py took 0.239 seconds
[2024-05-05T13:51:18.586+0000] {processor.py:161} INFO - Started process (PID=94735) to work on /home/airflow/.local/lib/python3.8/site-packages/airflow/example_dags/example_branch_operator_decorator.py
[2024-05-05T13:51:18.587+0000] {processor.py:830} INFO - Processing file /home/airflow/.local/lib/python3.8/site-packages/airflow/example_dags/example_branch_operator_decorator.py for tasks to queue
[2024-05-05T13:51:18.588+0000] {logging_mixin.py:188} INFO - [2024-05-05T13:51:18.588+0000] {dagbag.py:538} INFO - Filling up the DagBag from /home/airflow/.local/lib/python3.8/site-packages/airflow/example_dags/example_branch_operator_decorator.py
[2024-05-05T13:51:18.609+0000] {processor.py:840} INFO - DAG(s) 'example_branch_python_operator_decorator' retrieved from /home/airflow/.local/lib/python3.8/site-packages/airflow/example_dags/example_branch_operator_decorator.py
[2024-05-05T13:51:18.637+0000] {logging_mixin.py:188} INFO - [2024-05-05T13:51:18.637+0000] {dag.py:3036} INFO - Sync 1 DAGs
[2024-05-05T13:51:18.665+0000] {logging_mixin.py:188} INFO - [2024-05-05T13:51:18.664+0000] {dag.py:3823} INFO - Setting next_dagrun for example_branch_python_operator_decorator to 2024-05-04 00:00:00+00:00, run_after=2024-05-05 00:00:00+00:00
[2024-05-05T13:51:18.691+0000] {processor.py:183} INFO - Processing /home/airflow/.local/lib/python3.8/site-packages/airflow/example_dags/example_branch_operator_decorator.py took 0.108 seconds
[2024-05-05T13:51:49.008+0000] {processor.py:161} INFO - Started process (PID=94808) to work on /home/airflow/.local/lib/python3.8/site-packages/airflow/example_dags/example_branch_operator_decorator.py
[2024-05-05T13:51:49.028+0000] {processor.py:830} INFO - Processing file /home/airflow/.local/lib/python3.8/site-packages/airflow/example_dags/example_branch_operator_decorator.py for tasks to queue
[2024-05-05T13:51:49.031+0000] {logging_mixin.py:188} INFO - [2024-05-05T13:51:49.031+0000] {dagbag.py:538} INFO - Filling up the DagBag from /home/airflow/.local/lib/python3.8/site-packages/airflow/example_dags/example_branch_operator_decorator.py
[2024-05-05T13:51:49.075+0000] {processor.py:840} INFO - DAG(s) 'example_branch_python_operator_decorator' retrieved from /home/airflow/.local/lib/python3.8/site-packages/airflow/example_dags/example_branch_operator_decorator.py
[2024-05-05T13:51:49.173+0000] {logging_mixin.py:188} INFO - [2024-05-05T13:51:49.173+0000] {dag.py:3036} INFO - Sync 1 DAGs
[2024-05-05T13:51:49.297+0000] {logging_mixin.py:188} INFO - [2024-05-05T13:51:49.296+0000] {dag.py:3823} INFO - Setting next_dagrun for example_branch_python_operator_decorator to 2024-05-04 00:00:00+00:00, run_after=2024-05-05 00:00:00+00:00
[2024-05-05T13:51:49.497+0000] {processor.py:183} INFO - Processing /home/airflow/.local/lib/python3.8/site-packages/airflow/example_dags/example_branch_operator_decorator.py took 0.493 seconds
[2024-05-05T13:52:20.467+0000] {processor.py:161} INFO - Started process (PID=94878) to work on /home/airflow/.local/lib/python3.8/site-packages/airflow/example_dags/example_branch_operator_decorator.py
[2024-05-05T13:52:20.469+0000] {processor.py:830} INFO - Processing file /home/airflow/.local/lib/python3.8/site-packages/airflow/example_dags/example_branch_operator_decorator.py for tasks to queue
[2024-05-05T13:52:20.470+0000] {logging_mixin.py:188} INFO - [2024-05-05T13:52:20.470+0000] {dagbag.py:538} INFO - Filling up the DagBag from /home/airflow/.local/lib/python3.8/site-packages/airflow/example_dags/example_branch_operator_decorator.py
[2024-05-05T13:52:20.493+0000] {processor.py:840} INFO - DAG(s) 'example_branch_python_operator_decorator' retrieved from /home/airflow/.local/lib/python3.8/site-packages/airflow/example_dags/example_branch_operator_decorator.py
[2024-05-05T13:52:20.520+0000] {logging_mixin.py:188} INFO - [2024-05-05T13:52:20.519+0000] {dag.py:3036} INFO - Sync 1 DAGs
[2024-05-05T13:52:20.539+0000] {logging_mixin.py:188} INFO - [2024-05-05T13:52:20.539+0000] {dag.py:3823} INFO - Setting next_dagrun for example_branch_python_operator_decorator to 2024-05-04 00:00:00+00:00, run_after=2024-05-05 00:00:00+00:00
[2024-05-05T13:52:20.557+0000] {processor.py:183} INFO - Processing /home/airflow/.local/lib/python3.8/site-packages/airflow/example_dags/example_branch_operator_decorator.py took 0.092 seconds
