[2024-05-05T13:46:17.859+0000] {processor.py:161} INFO - Started process (PID=94058) to work on /home/airflow/.local/lib/python3.8/site-packages/airflow/example_dags/example_task_group.py
[2024-05-05T13:46:17.860+0000] {processor.py:830} INFO - Processing file /home/airflow/.local/lib/python3.8/site-packages/airflow/example_dags/example_task_group.py for tasks to queue
[2024-05-05T13:46:17.861+0000] {logging_mixin.py:188} INFO - [2024-05-05T13:46:17.860+0000] {dagbag.py:538} INFO - Filling up the DagBag from /home/airflow/.local/lib/python3.8/site-packages/airflow/example_dags/example_task_group.py
[2024-05-05T13:46:17.869+0000] {processor.py:840} INFO - DAG(s) 'example_task_group' retrieved from /home/airflow/.local/lib/python3.8/site-packages/airflow/example_dags/example_task_group.py
[2024-05-05T13:46:17.889+0000] {logging_mixin.py:188} INFO - [2024-05-05T13:46:17.888+0000] {dag.py:3036} INFO - Sync 1 DAGs
[2024-05-05T13:46:17.907+0000] {logging_mixin.py:188} INFO - [2024-05-05T13:46:17.907+0000] {dag.py:3823} INFO - Setting next_dagrun for example_task_group to 2024-05-04 00:00:00+00:00, run_after=2024-05-05 00:00:00+00:00
[2024-05-05T13:46:17.924+0000] {processor.py:183} INFO - Processing /home/airflow/.local/lib/python3.8/site-packages/airflow/example_dags/example_task_group.py took 0.068 seconds
[2024-05-05T13:46:48.160+0000] {processor.py:161} INFO - Started process (PID=94124) to work on /home/airflow/.local/lib/python3.8/site-packages/airflow/example_dags/example_task_group.py
[2024-05-05T13:46:48.164+0000] {processor.py:830} INFO - Processing file /home/airflow/.local/lib/python3.8/site-packages/airflow/example_dags/example_task_group.py for tasks to queue
[2024-05-05T13:46:48.165+0000] {logging_mixin.py:188} INFO - [2024-05-05T13:46:48.165+0000] {dagbag.py:538} INFO - Filling up the DagBag from /home/airflow/.local/lib/python3.8/site-packages/airflow/example_dags/example_task_group.py
[2024-05-05T13:46:48.172+0000] {processor.py:840} INFO - DAG(s) 'example_task_group' retrieved from /home/airflow/.local/lib/python3.8/site-packages/airflow/example_dags/example_task_group.py
[2024-05-05T13:46:48.193+0000] {logging_mixin.py:188} INFO - [2024-05-05T13:46:48.193+0000] {dag.py:3036} INFO - Sync 1 DAGs
[2024-05-05T13:46:48.214+0000] {logging_mixin.py:188} INFO - [2024-05-05T13:46:48.214+0000] {dag.py:3823} INFO - Setting next_dagrun for example_task_group to 2024-05-04 00:00:00+00:00, run_after=2024-05-05 00:00:00+00:00
[2024-05-05T13:46:48.234+0000] {processor.py:183} INFO - Processing /home/airflow/.local/lib/python3.8/site-packages/airflow/example_dags/example_task_group.py took 0.076 seconds
[2024-05-05T13:47:18.447+0000] {processor.py:161} INFO - Started process (PID=94199) to work on /home/airflow/.local/lib/python3.8/site-packages/airflow/example_dags/example_task_group.py
[2024-05-05T13:47:18.448+0000] {processor.py:830} INFO - Processing file /home/airflow/.local/lib/python3.8/site-packages/airflow/example_dags/example_task_group.py for tasks to queue
[2024-05-05T13:47:18.449+0000] {logging_mixin.py:188} INFO - [2024-05-05T13:47:18.448+0000] {dagbag.py:538} INFO - Filling up the DagBag from /home/airflow/.local/lib/python3.8/site-packages/airflow/example_dags/example_task_group.py
[2024-05-05T13:47:18.455+0000] {processor.py:840} INFO - DAG(s) 'example_task_group' retrieved from /home/airflow/.local/lib/python3.8/site-packages/airflow/example_dags/example_task_group.py
[2024-05-05T13:47:18.475+0000] {logging_mixin.py:188} INFO - [2024-05-05T13:47:18.474+0000] {dag.py:3036} INFO - Sync 1 DAGs
[2024-05-05T13:47:18.493+0000] {logging_mixin.py:188} INFO - [2024-05-05T13:47:18.493+0000] {dag.py:3823} INFO - Setting next_dagrun for example_task_group to 2024-05-04 00:00:00+00:00, run_after=2024-05-05 00:00:00+00:00
[2024-05-05T13:47:18.511+0000] {processor.py:183} INFO - Processing /home/airflow/.local/lib/python3.8/site-packages/airflow/example_dags/example_task_group.py took 0.066 seconds
[2024-05-05T13:47:48.921+0000] {processor.py:161} INFO - Started process (PID=94265) to work on /home/airflow/.local/lib/python3.8/site-packages/airflow/example_dags/example_task_group.py
[2024-05-05T13:47:48.922+0000] {processor.py:830} INFO - Processing file /home/airflow/.local/lib/python3.8/site-packages/airflow/example_dags/example_task_group.py for tasks to queue
[2024-05-05T13:47:48.924+0000] {logging_mixin.py:188} INFO - [2024-05-05T13:47:48.923+0000] {dagbag.py:538} INFO - Filling up the DagBag from /home/airflow/.local/lib/python3.8/site-packages/airflow/example_dags/example_task_group.py
[2024-05-05T13:47:48.931+0000] {processor.py:840} INFO - DAG(s) 'example_task_group' retrieved from /home/airflow/.local/lib/python3.8/site-packages/airflow/example_dags/example_task_group.py
[2024-05-05T13:47:49.076+0000] {logging_mixin.py:188} INFO - [2024-05-05T13:47:49.075+0000] {dag.py:3036} INFO - Sync 1 DAGs
[2024-05-05T13:47:49.093+0000] {logging_mixin.py:188} INFO - [2024-05-05T13:47:49.093+0000] {dag.py:3823} INFO - Setting next_dagrun for example_task_group to 2024-05-04 00:00:00+00:00, run_after=2024-05-05 00:00:00+00:00
[2024-05-05T13:47:49.112+0000] {processor.py:183} INFO - Processing /home/airflow/.local/lib/python3.8/site-packages/airflow/example_dags/example_task_group.py took 0.194 seconds
[2024-05-05T13:48:19.850+0000] {processor.py:161} INFO - Started process (PID=94331) to work on /home/airflow/.local/lib/python3.8/site-packages/airflow/example_dags/example_task_group.py
[2024-05-05T13:48:19.851+0000] {processor.py:830} INFO - Processing file /home/airflow/.local/lib/python3.8/site-packages/airflow/example_dags/example_task_group.py for tasks to queue
[2024-05-05T13:48:19.853+0000] {logging_mixin.py:188} INFO - [2024-05-05T13:48:19.852+0000] {dagbag.py:538} INFO - Filling up the DagBag from /home/airflow/.local/lib/python3.8/site-packages/airflow/example_dags/example_task_group.py
[2024-05-05T13:48:19.862+0000] {processor.py:840} INFO - DAG(s) 'example_task_group' retrieved from /home/airflow/.local/lib/python3.8/site-packages/airflow/example_dags/example_task_group.py
[2024-05-05T13:48:19.888+0000] {logging_mixin.py:188} INFO - [2024-05-05T13:48:19.888+0000] {dag.py:3036} INFO - Sync 1 DAGs
[2024-05-05T13:48:20.048+0000] {logging_mixin.py:188} INFO - [2024-05-05T13:48:20.048+0000] {dag.py:3823} INFO - Setting next_dagrun for example_task_group to 2024-05-04 00:00:00+00:00, run_after=2024-05-05 00:00:00+00:00
[2024-05-05T13:48:20.069+0000] {processor.py:183} INFO - Processing /home/airflow/.local/lib/python3.8/site-packages/airflow/example_dags/example_task_group.py took 0.221 seconds
[2024-05-05T13:48:50.127+0000] {processor.py:161} INFO - Started process (PID=94406) to work on /home/airflow/.local/lib/python3.8/site-packages/airflow/example_dags/example_task_group.py
[2024-05-05T13:48:50.128+0000] {processor.py:830} INFO - Processing file /home/airflow/.local/lib/python3.8/site-packages/airflow/example_dags/example_task_group.py for tasks to queue
[2024-05-05T13:48:50.129+0000] {logging_mixin.py:188} INFO - [2024-05-05T13:48:50.128+0000] {dagbag.py:538} INFO - Filling up the DagBag from /home/airflow/.local/lib/python3.8/site-packages/airflow/example_dags/example_task_group.py
[2024-05-05T13:48:50.136+0000] {processor.py:840} INFO - DAG(s) 'example_task_group' retrieved from /home/airflow/.local/lib/python3.8/site-packages/airflow/example_dags/example_task_group.py
[2024-05-05T13:48:50.157+0000] {logging_mixin.py:188} INFO - [2024-05-05T13:48:50.157+0000] {dag.py:3036} INFO - Sync 1 DAGs
[2024-05-05T13:48:50.177+0000] {logging_mixin.py:188} INFO - [2024-05-05T13:48:50.177+0000] {dag.py:3823} INFO - Setting next_dagrun for example_task_group to 2024-05-04 00:00:00+00:00, run_after=2024-05-05 00:00:00+00:00
[2024-05-05T13:48:50.192+0000] {processor.py:183} INFO - Processing /home/airflow/.local/lib/python3.8/site-packages/airflow/example_dags/example_task_group.py took 0.069 seconds
[2024-05-05T13:49:20.246+0000] {processor.py:161} INFO - Started process (PID=94471) to work on /home/airflow/.local/lib/python3.8/site-packages/airflow/example_dags/example_task_group.py
[2024-05-05T13:49:20.247+0000] {processor.py:830} INFO - Processing file /home/airflow/.local/lib/python3.8/site-packages/airflow/example_dags/example_task_group.py for tasks to queue
[2024-05-05T13:49:20.247+0000] {logging_mixin.py:188} INFO - [2024-05-05T13:49:20.247+0000] {dagbag.py:538} INFO - Filling up the DagBag from /home/airflow/.local/lib/python3.8/site-packages/airflow/example_dags/example_task_group.py
[2024-05-05T13:49:20.259+0000] {processor.py:840} INFO - DAG(s) 'example_task_group' retrieved from /home/airflow/.local/lib/python3.8/site-packages/airflow/example_dags/example_task_group.py
[2024-05-05T13:49:20.299+0000] {logging_mixin.py:188} INFO - [2024-05-05T13:49:20.299+0000] {dag.py:3036} INFO - Sync 1 DAGs
[2024-05-05T13:49:20.322+0000] {logging_mixin.py:188} INFO - [2024-05-05T13:49:20.322+0000] {dag.py:3823} INFO - Setting next_dagrun for example_task_group to 2024-05-04 00:00:00+00:00, run_after=2024-05-05 00:00:00+00:00
[2024-05-05T13:49:20.340+0000] {processor.py:183} INFO - Processing /home/airflow/.local/lib/python3.8/site-packages/airflow/example_dags/example_task_group.py took 0.097 seconds
[2024-05-05T13:49:50.532+0000] {processor.py:161} INFO - Started process (PID=94534) to work on /home/airflow/.local/lib/python3.8/site-packages/airflow/example_dags/example_task_group.py
[2024-05-05T13:49:50.533+0000] {processor.py:830} INFO - Processing file /home/airflow/.local/lib/python3.8/site-packages/airflow/example_dags/example_task_group.py for tasks to queue
[2024-05-05T13:49:50.534+0000] {logging_mixin.py:188} INFO - [2024-05-05T13:49:50.533+0000] {dagbag.py:538} INFO - Filling up the DagBag from /home/airflow/.local/lib/python3.8/site-packages/airflow/example_dags/example_task_group.py
[2024-05-05T13:49:50.541+0000] {processor.py:840} INFO - DAG(s) 'example_task_group' retrieved from /home/airflow/.local/lib/python3.8/site-packages/airflow/example_dags/example_task_group.py
[2024-05-05T13:49:50.566+0000] {logging_mixin.py:188} INFO - [2024-05-05T13:49:50.565+0000] {dag.py:3036} INFO - Sync 1 DAGs
[2024-05-05T13:49:50.589+0000] {logging_mixin.py:188} INFO - [2024-05-05T13:49:50.589+0000] {dag.py:3823} INFO - Setting next_dagrun for example_task_group to 2024-05-04 00:00:00+00:00, run_after=2024-05-05 00:00:00+00:00
[2024-05-05T13:49:50.610+0000] {processor.py:183} INFO - Processing /home/airflow/.local/lib/python3.8/site-packages/airflow/example_dags/example_task_group.py took 0.081 seconds
[2024-05-05T13:50:20.906+0000] {processor.py:161} INFO - Started process (PID=94609) to work on /home/airflow/.local/lib/python3.8/site-packages/airflow/example_dags/example_task_group.py
[2024-05-05T13:50:20.907+0000] {processor.py:830} INFO - Processing file /home/airflow/.local/lib/python3.8/site-packages/airflow/example_dags/example_task_group.py for tasks to queue
[2024-05-05T13:50:20.908+0000] {logging_mixin.py:188} INFO - [2024-05-05T13:50:20.908+0000] {dagbag.py:538} INFO - Filling up the DagBag from /home/airflow/.local/lib/python3.8/site-packages/airflow/example_dags/example_task_group.py
[2024-05-05T13:50:20.925+0000] {processor.py:840} INFO - DAG(s) 'example_task_group' retrieved from /home/airflow/.local/lib/python3.8/site-packages/airflow/example_dags/example_task_group.py
[2024-05-05T13:50:20.965+0000] {logging_mixin.py:188} INFO - [2024-05-05T13:50:20.965+0000] {dag.py:3036} INFO - Sync 1 DAGs
[2024-05-05T13:50:21.031+0000] {logging_mixin.py:188} INFO - [2024-05-05T13:50:21.031+0000] {dag.py:3823} INFO - Setting next_dagrun for example_task_group to 2024-05-04 00:00:00+00:00, run_after=2024-05-05 00:00:00+00:00
[2024-05-05T13:50:21.065+0000] {processor.py:183} INFO - Processing /home/airflow/.local/lib/python3.8/site-packages/airflow/example_dags/example_task_group.py took 0.163 seconds
[2024-05-05T13:50:51.133+0000] {processor.py:161} INFO - Started process (PID=94677) to work on /home/airflow/.local/lib/python3.8/site-packages/airflow/example_dags/example_task_group.py
[2024-05-05T13:50:51.134+0000] {processor.py:830} INFO - Processing file /home/airflow/.local/lib/python3.8/site-packages/airflow/example_dags/example_task_group.py for tasks to queue
[2024-05-05T13:50:51.135+0000] {logging_mixin.py:188} INFO - [2024-05-05T13:50:51.134+0000] {dagbag.py:538} INFO - Filling up the DagBag from /home/airflow/.local/lib/python3.8/site-packages/airflow/example_dags/example_task_group.py
[2024-05-05T13:50:51.142+0000] {processor.py:840} INFO - DAG(s) 'example_task_group' retrieved from /home/airflow/.local/lib/python3.8/site-packages/airflow/example_dags/example_task_group.py
[2024-05-05T13:50:51.165+0000] {logging_mixin.py:188} INFO - [2024-05-05T13:50:51.164+0000] {dag.py:3036} INFO - Sync 1 DAGs
[2024-05-05T13:50:51.185+0000] {logging_mixin.py:188} INFO - [2024-05-05T13:50:51.185+0000] {dag.py:3823} INFO - Setting next_dagrun for example_task_group to 2024-05-04 00:00:00+00:00, run_after=2024-05-05 00:00:00+00:00
[2024-05-05T13:50:51.202+0000] {processor.py:183} INFO - Processing /home/airflow/.local/lib/python3.8/site-packages/airflow/example_dags/example_task_group.py took 0.072 seconds
[2024-05-05T13:51:21.888+0000] {processor.py:161} INFO - Started process (PID=94751) to work on /home/airflow/.local/lib/python3.8/site-packages/airflow/example_dags/example_task_group.py
[2024-05-05T13:51:21.889+0000] {processor.py:830} INFO - Processing file /home/airflow/.local/lib/python3.8/site-packages/airflow/example_dags/example_task_group.py for tasks to queue
[2024-05-05T13:51:21.890+0000] {logging_mixin.py:188} INFO - [2024-05-05T13:51:21.889+0000] {dagbag.py:538} INFO - Filling up the DagBag from /home/airflow/.local/lib/python3.8/site-packages/airflow/example_dags/example_task_group.py
[2024-05-05T13:51:21.903+0000] {processor.py:840} INFO - DAG(s) 'example_task_group' retrieved from /home/airflow/.local/lib/python3.8/site-packages/airflow/example_dags/example_task_group.py
[2024-05-05T13:51:21.963+0000] {logging_mixin.py:188} INFO - [2024-05-05T13:51:21.962+0000] {dag.py:3036} INFO - Sync 1 DAGs
[2024-05-05T13:51:22.010+0000] {logging_mixin.py:188} INFO - [2024-05-05T13:51:22.010+0000] {dag.py:3823} INFO - Setting next_dagrun for example_task_group to 2024-05-04 00:00:00+00:00, run_after=2024-05-05 00:00:00+00:00
[2024-05-05T13:51:22.034+0000] {processor.py:183} INFO - Processing /home/airflow/.local/lib/python3.8/site-packages/airflow/example_dags/example_task_group.py took 0.149 seconds
[2024-05-05T13:51:52.924+0000] {processor.py:161} INFO - Started process (PID=94817) to work on /home/airflow/.local/lib/python3.8/site-packages/airflow/example_dags/example_task_group.py
[2024-05-05T13:51:52.925+0000] {processor.py:830} INFO - Processing file /home/airflow/.local/lib/python3.8/site-packages/airflow/example_dags/example_task_group.py for tasks to queue
[2024-05-05T13:51:52.927+0000] {logging_mixin.py:188} INFO - [2024-05-05T13:51:52.926+0000] {dagbag.py:538} INFO - Filling up the DagBag from /home/airflow/.local/lib/python3.8/site-packages/airflow/example_dags/example_task_group.py
[2024-05-05T13:51:52.943+0000] {processor.py:840} INFO - DAG(s) 'example_task_group' retrieved from /home/airflow/.local/lib/python3.8/site-packages/airflow/example_dags/example_task_group.py
[2024-05-05T13:51:53.002+0000] {logging_mixin.py:188} INFO - [2024-05-05T13:51:53.002+0000] {dag.py:3036} INFO - Sync 1 DAGs
[2024-05-05T13:51:53.043+0000] {logging_mixin.py:188} INFO - [2024-05-05T13:51:53.043+0000] {dag.py:3823} INFO - Setting next_dagrun for example_task_group to 2024-05-04 00:00:00+00:00, run_after=2024-05-05 00:00:00+00:00
[2024-05-05T13:51:53.059+0000] {processor.py:183} INFO - Processing /home/airflow/.local/lib/python3.8/site-packages/airflow/example_dags/example_task_group.py took 0.139 seconds
[2024-05-05T13:52:23.690+0000] {processor.py:161} INFO - Started process (PID=94884) to work on /home/airflow/.local/lib/python3.8/site-packages/airflow/example_dags/example_task_group.py
[2024-05-05T13:52:23.691+0000] {processor.py:830} INFO - Processing file /home/airflow/.local/lib/python3.8/site-packages/airflow/example_dags/example_task_group.py for tasks to queue
[2024-05-05T13:52:23.692+0000] {logging_mixin.py:188} INFO - [2024-05-05T13:52:23.692+0000] {dagbag.py:538} INFO - Filling up the DagBag from /home/airflow/.local/lib/python3.8/site-packages/airflow/example_dags/example_task_group.py
[2024-05-05T13:52:23.700+0000] {processor.py:840} INFO - DAG(s) 'example_task_group' retrieved from /home/airflow/.local/lib/python3.8/site-packages/airflow/example_dags/example_task_group.py
[2024-05-05T13:52:23.721+0000] {logging_mixin.py:188} INFO - [2024-05-05T13:52:23.721+0000] {dag.py:3036} INFO - Sync 1 DAGs
[2024-05-05T13:52:23.739+0000] {logging_mixin.py:188} INFO - [2024-05-05T13:52:23.739+0000] {dag.py:3823} INFO - Setting next_dagrun for example_task_group to 2024-05-04 00:00:00+00:00, run_after=2024-05-05 00:00:00+00:00
[2024-05-05T13:52:23.762+0000] {processor.py:183} INFO - Processing /home/airflow/.local/lib/python3.8/site-packages/airflow/example_dags/example_task_group.py took 0.074 seconds
