[2024-05-05T13:46:16.655+0000] {processor.py:161} INFO - Started process (PID=94057) to work on /home/airflow/.local/lib/python3.8/site-packages/airflow/example_dags/example_trigger_controller_dag.py
[2024-05-05T13:46:16.661+0000] {processor.py:830} INFO - Processing file /home/airflow/.local/lib/python3.8/site-packages/airflow/example_dags/example_trigger_controller_dag.py for tasks to queue
[2024-05-05T13:46:16.663+0000] {logging_mixin.py:188} INFO - [2024-05-05T13:46:16.662+0000] {dagbag.py:538} INFO - Filling up the DagBag from /home/airflow/.local/lib/python3.8/site-packages/airflow/example_dags/example_trigger_controller_dag.py
[2024-05-05T13:46:16.673+0000] {processor.py:840} INFO - DAG(s) 'example_trigger_controller_dag' retrieved from /home/airflow/.local/lib/python3.8/site-packages/airflow/example_dags/example_trigger_controller_dag.py
[2024-05-05T13:46:16.719+0000] {logging_mixin.py:188} INFO - [2024-05-05T13:46:16.719+0000] {dag.py:3036} INFO - Sync 1 DAGs
[2024-05-05T13:46:16.784+0000] {logging_mixin.py:188} INFO - [2024-05-05T13:46:16.784+0000] {dag.py:3823} INFO - Setting next_dagrun for example_trigger_controller_dag to 2021-01-01 00:00:00+00:00, run_after=2021-01-01 00:00:00+00:00
[2024-05-05T13:46:16.839+0000] {processor.py:183} INFO - Processing /home/airflow/.local/lib/python3.8/site-packages/airflow/example_dags/example_trigger_controller_dag.py took 0.189 seconds
[2024-05-05T13:46:47.142+0000] {processor.py:161} INFO - Started process (PID=94123) to work on /home/airflow/.local/lib/python3.8/site-packages/airflow/example_dags/example_trigger_controller_dag.py
[2024-05-05T13:46:47.143+0000] {processor.py:830} INFO - Processing file /home/airflow/.local/lib/python3.8/site-packages/airflow/example_dags/example_trigger_controller_dag.py for tasks to queue
[2024-05-05T13:46:47.144+0000] {logging_mixin.py:188} INFO - [2024-05-05T13:46:47.144+0000] {dagbag.py:538} INFO - Filling up the DagBag from /home/airflow/.local/lib/python3.8/site-packages/airflow/example_dags/example_trigger_controller_dag.py
[2024-05-05T13:46:47.149+0000] {processor.py:840} INFO - DAG(s) 'example_trigger_controller_dag' retrieved from /home/airflow/.local/lib/python3.8/site-packages/airflow/example_dags/example_trigger_controller_dag.py
[2024-05-05T13:46:47.169+0000] {logging_mixin.py:188} INFO - [2024-05-05T13:46:47.168+0000] {dag.py:3036} INFO - Sync 1 DAGs
[2024-05-05T13:46:47.187+0000] {logging_mixin.py:188} INFO - [2024-05-05T13:46:47.187+0000] {dag.py:3823} INFO - Setting next_dagrun for example_trigger_controller_dag to 2021-01-01 00:00:00+00:00, run_after=2021-01-01 00:00:00+00:00
[2024-05-05T13:46:47.206+0000] {processor.py:183} INFO - Processing /home/airflow/.local/lib/python3.8/site-packages/airflow/example_dags/example_trigger_controller_dag.py took 0.067 seconds
[2024-05-05T13:47:17.429+0000] {processor.py:161} INFO - Started process (PID=94190) to work on /home/airflow/.local/lib/python3.8/site-packages/airflow/example_dags/example_trigger_controller_dag.py
[2024-05-05T13:47:17.430+0000] {processor.py:830} INFO - Processing file /home/airflow/.local/lib/python3.8/site-packages/airflow/example_dags/example_trigger_controller_dag.py for tasks to queue
[2024-05-05T13:47:17.430+0000] {logging_mixin.py:188} INFO - [2024-05-05T13:47:17.430+0000] {dagbag.py:538} INFO - Filling up the DagBag from /home/airflow/.local/lib/python3.8/site-packages/airflow/example_dags/example_trigger_controller_dag.py
[2024-05-05T13:47:17.435+0000] {processor.py:840} INFO - DAG(s) 'example_trigger_controller_dag' retrieved from /home/airflow/.local/lib/python3.8/site-packages/airflow/example_dags/example_trigger_controller_dag.py
[2024-05-05T13:47:17.453+0000] {logging_mixin.py:188} INFO - [2024-05-05T13:47:17.453+0000] {dag.py:3036} INFO - Sync 1 DAGs
[2024-05-05T13:47:17.475+0000] {logging_mixin.py:188} INFO - [2024-05-05T13:47:17.475+0000] {dag.py:3823} INFO - Setting next_dagrun for example_trigger_controller_dag to 2021-01-01 00:00:00+00:00, run_after=2021-01-01 00:00:00+00:00
[2024-05-05T13:47:17.499+0000] {processor.py:183} INFO - Processing /home/airflow/.local/lib/python3.8/site-packages/airflow/example_dags/example_trigger_controller_dag.py took 0.072 seconds
[2024-05-05T13:47:47.901+0000] {processor.py:161} INFO - Started process (PID=94264) to work on /home/airflow/.local/lib/python3.8/site-packages/airflow/example_dags/example_trigger_controller_dag.py
[2024-05-05T13:47:47.902+0000] {processor.py:830} INFO - Processing file /home/airflow/.local/lib/python3.8/site-packages/airflow/example_dags/example_trigger_controller_dag.py for tasks to queue
[2024-05-05T13:47:47.903+0000] {logging_mixin.py:188} INFO - [2024-05-05T13:47:47.903+0000] {dagbag.py:538} INFO - Filling up the DagBag from /home/airflow/.local/lib/python3.8/site-packages/airflow/example_dags/example_trigger_controller_dag.py
[2024-05-05T13:47:47.907+0000] {processor.py:840} INFO - DAG(s) 'example_trigger_controller_dag' retrieved from /home/airflow/.local/lib/python3.8/site-packages/airflow/example_dags/example_trigger_controller_dag.py
[2024-05-05T13:47:48.077+0000] {logging_mixin.py:188} INFO - [2024-05-05T13:47:48.077+0000] {dag.py:3036} INFO - Sync 1 DAGs
[2024-05-05T13:47:48.096+0000] {logging_mixin.py:188} INFO - [2024-05-05T13:47:48.096+0000] {dag.py:3823} INFO - Setting next_dagrun for example_trigger_controller_dag to 2021-01-01 00:00:00+00:00, run_after=2021-01-01 00:00:00+00:00
[2024-05-05T13:47:48.122+0000] {processor.py:183} INFO - Processing /home/airflow/.local/lib/python3.8/site-packages/airflow/example_dags/example_trigger_controller_dag.py took 0.223 seconds
[2024-05-05T13:48:18.545+0000] {processor.py:161} INFO - Started process (PID=94330) to work on /home/airflow/.local/lib/python3.8/site-packages/airflow/example_dags/example_trigger_controller_dag.py
[2024-05-05T13:48:18.546+0000] {processor.py:830} INFO - Processing file /home/airflow/.local/lib/python3.8/site-packages/airflow/example_dags/example_trigger_controller_dag.py for tasks to queue
[2024-05-05T13:48:18.547+0000] {logging_mixin.py:188} INFO - [2024-05-05T13:48:18.546+0000] {dagbag.py:538} INFO - Filling up the DagBag from /home/airflow/.local/lib/python3.8/site-packages/airflow/example_dags/example_trigger_controller_dag.py
[2024-05-05T13:48:18.550+0000] {processor.py:840} INFO - DAG(s) 'example_trigger_controller_dag' retrieved from /home/airflow/.local/lib/python3.8/site-packages/airflow/example_dags/example_trigger_controller_dag.py
[2024-05-05T13:48:18.570+0000] {logging_mixin.py:188} INFO - [2024-05-05T13:48:18.569+0000] {dag.py:3036} INFO - Sync 1 DAGs
[2024-05-05T13:48:18.780+0000] {logging_mixin.py:188} INFO - [2024-05-05T13:48:18.779+0000] {dag.py:3823} INFO - Setting next_dagrun for example_trigger_controller_dag to 2021-01-01 00:00:00+00:00, run_after=2021-01-01 00:00:00+00:00
[2024-05-05T13:48:18.815+0000] {processor.py:183} INFO - Processing /home/airflow/.local/lib/python3.8/site-packages/airflow/example_dags/example_trigger_controller_dag.py took 0.272 seconds
[2024-05-05T13:48:48.904+0000] {processor.py:161} INFO - Started process (PID=94405) to work on /home/airflow/.local/lib/python3.8/site-packages/airflow/example_dags/example_trigger_controller_dag.py
[2024-05-05T13:48:48.905+0000] {processor.py:830} INFO - Processing file /home/airflow/.local/lib/python3.8/site-packages/airflow/example_dags/example_trigger_controller_dag.py for tasks to queue
[2024-05-05T13:48:48.906+0000] {logging_mixin.py:188} INFO - [2024-05-05T13:48:48.906+0000] {dagbag.py:538} INFO - Filling up the DagBag from /home/airflow/.local/lib/python3.8/site-packages/airflow/example_dags/example_trigger_controller_dag.py
[2024-05-05T13:48:48.911+0000] {processor.py:840} INFO - DAG(s) 'example_trigger_controller_dag' retrieved from /home/airflow/.local/lib/python3.8/site-packages/airflow/example_dags/example_trigger_controller_dag.py
[2024-05-05T13:48:48.961+0000] {logging_mixin.py:188} INFO - [2024-05-05T13:48:48.961+0000] {dag.py:3036} INFO - Sync 1 DAGs
[2024-05-05T13:48:49.034+0000] {logging_mixin.py:188} INFO - [2024-05-05T13:48:49.034+0000] {dag.py:3823} INFO - Setting next_dagrun for example_trigger_controller_dag to 2021-01-01 00:00:00+00:00, run_after=2021-01-01 00:00:00+00:00
[2024-05-05T13:48:49.052+0000] {processor.py:183} INFO - Processing /home/airflow/.local/lib/python3.8/site-packages/airflow/example_dags/example_trigger_controller_dag.py took 0.152 seconds
[2024-05-05T13:49:19.214+0000] {processor.py:161} INFO - Started process (PID=94466) to work on /home/airflow/.local/lib/python3.8/site-packages/airflow/example_dags/example_trigger_controller_dag.py
[2024-05-05T13:49:19.217+0000] {processor.py:830} INFO - Processing file /home/airflow/.local/lib/python3.8/site-packages/airflow/example_dags/example_trigger_controller_dag.py for tasks to queue
[2024-05-05T13:49:19.218+0000] {logging_mixin.py:188} INFO - [2024-05-05T13:49:19.218+0000] {dagbag.py:538} INFO - Filling up the DagBag from /home/airflow/.local/lib/python3.8/site-packages/airflow/example_dags/example_trigger_controller_dag.py
[2024-05-05T13:49:19.223+0000] {processor.py:840} INFO - DAG(s) 'example_trigger_controller_dag' retrieved from /home/airflow/.local/lib/python3.8/site-packages/airflow/example_dags/example_trigger_controller_dag.py
[2024-05-05T13:49:19.270+0000] {logging_mixin.py:188} INFO - [2024-05-05T13:49:19.270+0000] {dag.py:3036} INFO - Sync 1 DAGs
[2024-05-05T13:49:19.306+0000] {logging_mixin.py:188} INFO - [2024-05-05T13:49:19.305+0000] {dag.py:3823} INFO - Setting next_dagrun for example_trigger_controller_dag to 2021-01-01 00:00:00+00:00, run_after=2021-01-01 00:00:00+00:00
[2024-05-05T13:49:19.338+0000] {processor.py:183} INFO - Processing /home/airflow/.local/lib/python3.8/site-packages/airflow/example_dags/example_trigger_controller_dag.py took 0.126 seconds
[2024-05-05T13:49:49.416+0000] {processor.py:161} INFO - Started process (PID=94533) to work on /home/airflow/.local/lib/python3.8/site-packages/airflow/example_dags/example_trigger_controller_dag.py
[2024-05-05T13:49:49.417+0000] {processor.py:830} INFO - Processing file /home/airflow/.local/lib/python3.8/site-packages/airflow/example_dags/example_trigger_controller_dag.py for tasks to queue
[2024-05-05T13:49:49.417+0000] {logging_mixin.py:188} INFO - [2024-05-05T13:49:49.417+0000] {dagbag.py:538} INFO - Filling up the DagBag from /home/airflow/.local/lib/python3.8/site-packages/airflow/example_dags/example_trigger_controller_dag.py
[2024-05-05T13:49:49.421+0000] {processor.py:840} INFO - DAG(s) 'example_trigger_controller_dag' retrieved from /home/airflow/.local/lib/python3.8/site-packages/airflow/example_dags/example_trigger_controller_dag.py
[2024-05-05T13:49:49.443+0000] {logging_mixin.py:188} INFO - [2024-05-05T13:49:49.442+0000] {dag.py:3036} INFO - Sync 1 DAGs
[2024-05-05T13:49:49.468+0000] {logging_mixin.py:188} INFO - [2024-05-05T13:49:49.468+0000] {dag.py:3823} INFO - Setting next_dagrun for example_trigger_controller_dag to 2021-01-01 00:00:00+00:00, run_after=2021-01-01 00:00:00+00:00
[2024-05-05T13:49:49.490+0000] {processor.py:183} INFO - Processing /home/airflow/.local/lib/python3.8/site-packages/airflow/example_dags/example_trigger_controller_dag.py took 0.076 seconds
[2024-05-05T13:50:19.662+0000] {processor.py:161} INFO - Started process (PID=94608) to work on /home/airflow/.local/lib/python3.8/site-packages/airflow/example_dags/example_trigger_controller_dag.py
[2024-05-05T13:50:19.666+0000] {processor.py:830} INFO - Processing file /home/airflow/.local/lib/python3.8/site-packages/airflow/example_dags/example_trigger_controller_dag.py for tasks to queue
[2024-05-05T13:50:19.670+0000] {logging_mixin.py:188} INFO - [2024-05-05T13:50:19.670+0000] {dagbag.py:538} INFO - Filling up the DagBag from /home/airflow/.local/lib/python3.8/site-packages/airflow/example_dags/example_trigger_controller_dag.py
[2024-05-05T13:50:19.674+0000] {processor.py:840} INFO - DAG(s) 'example_trigger_controller_dag' retrieved from /home/airflow/.local/lib/python3.8/site-packages/airflow/example_dags/example_trigger_controller_dag.py
[2024-05-05T13:50:19.732+0000] {logging_mixin.py:188} INFO - [2024-05-05T13:50:19.732+0000] {dag.py:3036} INFO - Sync 1 DAGs
[2024-05-05T13:50:19.803+0000] {logging_mixin.py:188} INFO - [2024-05-05T13:50:19.803+0000] {dag.py:3823} INFO - Setting next_dagrun for example_trigger_controller_dag to 2021-01-01 00:00:00+00:00, run_after=2021-01-01 00:00:00+00:00
[2024-05-05T13:50:19.852+0000] {processor.py:183} INFO - Processing /home/airflow/.local/lib/python3.8/site-packages/airflow/example_dags/example_trigger_controller_dag.py took 0.196 seconds
[2024-05-05T13:50:50.109+0000] {processor.py:161} INFO - Started process (PID=94676) to work on /home/airflow/.local/lib/python3.8/site-packages/airflow/example_dags/example_trigger_controller_dag.py
[2024-05-05T13:50:50.110+0000] {processor.py:830} INFO - Processing file /home/airflow/.local/lib/python3.8/site-packages/airflow/example_dags/example_trigger_controller_dag.py for tasks to queue
[2024-05-05T13:50:50.111+0000] {logging_mixin.py:188} INFO - [2024-05-05T13:50:50.110+0000] {dagbag.py:538} INFO - Filling up the DagBag from /home/airflow/.local/lib/python3.8/site-packages/airflow/example_dags/example_trigger_controller_dag.py
[2024-05-05T13:50:50.115+0000] {processor.py:840} INFO - DAG(s) 'example_trigger_controller_dag' retrieved from /home/airflow/.local/lib/python3.8/site-packages/airflow/example_dags/example_trigger_controller_dag.py
[2024-05-05T13:50:50.141+0000] {logging_mixin.py:188} INFO - [2024-05-05T13:50:50.141+0000] {dag.py:3036} INFO - Sync 1 DAGs
[2024-05-05T13:50:50.167+0000] {logging_mixin.py:188} INFO - [2024-05-05T13:50:50.167+0000] {dag.py:3823} INFO - Setting next_dagrun for example_trigger_controller_dag to 2021-01-01 00:00:00+00:00, run_after=2021-01-01 00:00:00+00:00
[2024-05-05T13:50:50.187+0000] {processor.py:183} INFO - Processing /home/airflow/.local/lib/python3.8/site-packages/airflow/example_dags/example_trigger_controller_dag.py took 0.081 seconds
[2024-05-05T13:51:20.853+0000] {processor.py:161} INFO - Started process (PID=94742) to work on /home/airflow/.local/lib/python3.8/site-packages/airflow/example_dags/example_trigger_controller_dag.py
[2024-05-05T13:51:20.856+0000] {processor.py:830} INFO - Processing file /home/airflow/.local/lib/python3.8/site-packages/airflow/example_dags/example_trigger_controller_dag.py for tasks to queue
[2024-05-05T13:51:20.857+0000] {logging_mixin.py:188} INFO - [2024-05-05T13:51:20.857+0000] {dagbag.py:538} INFO - Filling up the DagBag from /home/airflow/.local/lib/python3.8/site-packages/airflow/example_dags/example_trigger_controller_dag.py
[2024-05-05T13:51:20.862+0000] {processor.py:840} INFO - DAG(s) 'example_trigger_controller_dag' retrieved from /home/airflow/.local/lib/python3.8/site-packages/airflow/example_dags/example_trigger_controller_dag.py
[2024-05-05T13:51:20.887+0000] {logging_mixin.py:188} INFO - [2024-05-05T13:51:20.886+0000] {dag.py:3036} INFO - Sync 1 DAGs
[2024-05-05T13:51:20.908+0000] {logging_mixin.py:188} INFO - [2024-05-05T13:51:20.908+0000] {dag.py:3823} INFO - Setting next_dagrun for example_trigger_controller_dag to 2021-01-01 00:00:00+00:00, run_after=2021-01-01 00:00:00+00:00
[2024-05-05T13:51:20.925+0000] {processor.py:183} INFO - Processing /home/airflow/.local/lib/python3.8/site-packages/airflow/example_dags/example_trigger_controller_dag.py took 0.075 seconds
[2024-05-05T13:51:51.850+0000] {processor.py:161} INFO - Started process (PID=94816) to work on /home/airflow/.local/lib/python3.8/site-packages/airflow/example_dags/example_trigger_controller_dag.py
[2024-05-05T13:51:51.855+0000] {processor.py:830} INFO - Processing file /home/airflow/.local/lib/python3.8/site-packages/airflow/example_dags/example_trigger_controller_dag.py for tasks to queue
[2024-05-05T13:51:51.856+0000] {logging_mixin.py:188} INFO - [2024-05-05T13:51:51.856+0000] {dagbag.py:538} INFO - Filling up the DagBag from /home/airflow/.local/lib/python3.8/site-packages/airflow/example_dags/example_trigger_controller_dag.py
[2024-05-05T13:51:51.865+0000] {processor.py:840} INFO - DAG(s) 'example_trigger_controller_dag' retrieved from /home/airflow/.local/lib/python3.8/site-packages/airflow/example_dags/example_trigger_controller_dag.py
[2024-05-05T13:51:51.911+0000] {logging_mixin.py:188} INFO - [2024-05-05T13:51:51.911+0000] {dag.py:3036} INFO - Sync 1 DAGs
[2024-05-05T13:51:51.932+0000] {logging_mixin.py:188} INFO - [2024-05-05T13:51:51.932+0000] {dag.py:3823} INFO - Setting next_dagrun for example_trigger_controller_dag to 2021-01-01 00:00:00+00:00, run_after=2021-01-01 00:00:00+00:00
[2024-05-05T13:51:51.954+0000] {processor.py:183} INFO - Processing /home/airflow/.local/lib/python3.8/site-packages/airflow/example_dags/example_trigger_controller_dag.py took 0.107 seconds
[2024-05-05T13:52:22.674+0000] {processor.py:161} INFO - Started process (PID=94883) to work on /home/airflow/.local/lib/python3.8/site-packages/airflow/example_dags/example_trigger_controller_dag.py
[2024-05-05T13:52:22.676+0000] {processor.py:830} INFO - Processing file /home/airflow/.local/lib/python3.8/site-packages/airflow/example_dags/example_trigger_controller_dag.py for tasks to queue
[2024-05-05T13:52:22.677+0000] {logging_mixin.py:188} INFO - [2024-05-05T13:52:22.677+0000] {dagbag.py:538} INFO - Filling up the DagBag from /home/airflow/.local/lib/python3.8/site-packages/airflow/example_dags/example_trigger_controller_dag.py
[2024-05-05T13:52:22.680+0000] {processor.py:840} INFO - DAG(s) 'example_trigger_controller_dag' retrieved from /home/airflow/.local/lib/python3.8/site-packages/airflow/example_dags/example_trigger_controller_dag.py
[2024-05-05T13:52:22.704+0000] {logging_mixin.py:188} INFO - [2024-05-05T13:52:22.704+0000] {dag.py:3036} INFO - Sync 1 DAGs
[2024-05-05T13:52:22.722+0000] {logging_mixin.py:188} INFO - [2024-05-05T13:52:22.722+0000] {dag.py:3823} INFO - Setting next_dagrun for example_trigger_controller_dag to 2021-01-01 00:00:00+00:00, run_after=2021-01-01 00:00:00+00:00
[2024-05-05T13:52:22.737+0000] {processor.py:183} INFO - Processing /home/airflow/.local/lib/python3.8/site-packages/airflow/example_dags/example_trigger_controller_dag.py took 0.065 seconds
