[2024-05-05T13:46:21.102+0000] {processor.py:161} INFO - Started process (PID=94063) to work on /home/airflow/.local/lib/python3.8/site-packages/airflow/example_dags/example_kubernetes_executor.py
[2024-05-05T13:46:21.103+0000] {processor.py:830} INFO - Processing file /home/airflow/.local/lib/python3.8/site-packages/airflow/example_dags/example_kubernetes_executor.py for tasks to queue
[2024-05-05T13:46:21.104+0000] {logging_mixin.py:188} INFO - [2024-05-05T13:46:21.104+0000] {dagbag.py:538} INFO - Filling up the DagBag from /home/airflow/.local/lib/python3.8/site-packages/airflow/example_dags/example_kubernetes_executor.py
[2024-05-05T13:46:21.117+0000] {processor.py:840} INFO - DAG(s) 'example_kubernetes_executor' retrieved from /home/airflow/.local/lib/python3.8/site-packages/airflow/example_dags/example_kubernetes_executor.py
[2024-05-05T13:46:21.155+0000] {logging_mixin.py:188} INFO - [2024-05-05T13:46:21.155+0000] {dag.py:3036} INFO - Sync 1 DAGs
[2024-05-05T13:46:21.322+0000] {logging_mixin.py:188} INFO - [2024-05-05T13:46:21.321+0000] {dag.py:3823} INFO - Setting next_dagrun for example_kubernetes_executor to None, run_after=None
[2024-05-05T13:46:21.337+0000] {processor.py:183} INFO - Processing /home/airflow/.local/lib/python3.8/site-packages/airflow/example_dags/example_kubernetes_executor.py took 0.238 seconds
[2024-05-05T13:46:51.618+0000] {processor.py:161} INFO - Started process (PID=94129) to work on /home/airflow/.local/lib/python3.8/site-packages/airflow/example_dags/example_kubernetes_executor.py
[2024-05-05T13:46:51.619+0000] {processor.py:830} INFO - Processing file /home/airflow/.local/lib/python3.8/site-packages/airflow/example_dags/example_kubernetes_executor.py for tasks to queue
[2024-05-05T13:46:51.620+0000] {logging_mixin.py:188} INFO - [2024-05-05T13:46:51.620+0000] {dagbag.py:538} INFO - Filling up the DagBag from /home/airflow/.local/lib/python3.8/site-packages/airflow/example_dags/example_kubernetes_executor.py
[2024-05-05T13:46:51.645+0000] {processor.py:840} INFO - DAG(s) 'example_kubernetes_executor' retrieved from /home/airflow/.local/lib/python3.8/site-packages/airflow/example_dags/example_kubernetes_executor.py
[2024-05-05T13:46:51.691+0000] {logging_mixin.py:188} INFO - [2024-05-05T13:46:51.690+0000] {dag.py:3036} INFO - Sync 1 DAGs
[2024-05-05T13:46:51.837+0000] {logging_mixin.py:188} INFO - [2024-05-05T13:46:51.837+0000] {dag.py:3823} INFO - Setting next_dagrun for example_kubernetes_executor to None, run_after=None
[2024-05-05T13:46:51.858+0000] {processor.py:183} INFO - Processing /home/airflow/.local/lib/python3.8/site-packages/airflow/example_dags/example_kubernetes_executor.py took 0.242 seconds
[2024-05-05T13:47:21.925+0000] {processor.py:161} INFO - Started process (PID=94204) to work on /home/airflow/.local/lib/python3.8/site-packages/airflow/example_dags/example_kubernetes_executor.py
[2024-05-05T13:47:21.926+0000] {processor.py:830} INFO - Processing file /home/airflow/.local/lib/python3.8/site-packages/airflow/example_dags/example_kubernetes_executor.py for tasks to queue
[2024-05-05T13:47:21.927+0000] {logging_mixin.py:188} INFO - [2024-05-05T13:47:21.927+0000] {dagbag.py:538} INFO - Filling up the DagBag from /home/airflow/.local/lib/python3.8/site-packages/airflow/example_dags/example_kubernetes_executor.py
[2024-05-05T13:47:21.941+0000] {processor.py:840} INFO - DAG(s) 'example_kubernetes_executor' retrieved from /home/airflow/.local/lib/python3.8/site-packages/airflow/example_dags/example_kubernetes_executor.py
[2024-05-05T13:47:21.983+0000] {logging_mixin.py:188} INFO - [2024-05-05T13:47:21.983+0000] {dag.py:3036} INFO - Sync 1 DAGs
[2024-05-05T13:47:21.997+0000] {logging_mixin.py:188} INFO - [2024-05-05T13:47:21.997+0000] {dag.py:3823} INFO - Setting next_dagrun for example_kubernetes_executor to None, run_after=None
[2024-05-05T13:47:22.021+0000] {processor.py:183} INFO - Processing /home/airflow/.local/lib/python3.8/site-packages/airflow/example_dags/example_kubernetes_executor.py took 0.099 seconds
[2024-05-05T13:47:52.377+0000] {processor.py:161} INFO - Started process (PID=94270) to work on /home/airflow/.local/lib/python3.8/site-packages/airflow/example_dags/example_kubernetes_executor.py
[2024-05-05T13:47:52.381+0000] {processor.py:830} INFO - Processing file /home/airflow/.local/lib/python3.8/site-packages/airflow/example_dags/example_kubernetes_executor.py for tasks to queue
[2024-05-05T13:47:52.384+0000] {logging_mixin.py:188} INFO - [2024-05-05T13:47:52.381+0000] {dagbag.py:538} INFO - Filling up the DagBag from /home/airflow/.local/lib/python3.8/site-packages/airflow/example_dags/example_kubernetes_executor.py
[2024-05-05T13:47:52.420+0000] {processor.py:840} INFO - DAG(s) 'example_kubernetes_executor' retrieved from /home/airflow/.local/lib/python3.8/site-packages/airflow/example_dags/example_kubernetes_executor.py
[2024-05-05T13:47:52.495+0000] {logging_mixin.py:188} INFO - [2024-05-05T13:47:52.495+0000] {dag.py:3036} INFO - Sync 1 DAGs
[2024-05-05T13:47:52.514+0000] {logging_mixin.py:188} INFO - [2024-05-05T13:47:52.514+0000] {dag.py:3823} INFO - Setting next_dagrun for example_kubernetes_executor to None, run_after=None
[2024-05-05T13:47:52.530+0000] {processor.py:183} INFO - Processing /home/airflow/.local/lib/python3.8/site-packages/airflow/example_dags/example_kubernetes_executor.py took 0.156 seconds
[2024-05-05T13:48:22.606+0000] {processor.py:161} INFO - Started process (PID=94344) to work on /home/airflow/.local/lib/python3.8/site-packages/airflow/example_dags/example_kubernetes_executor.py
[2024-05-05T13:48:22.608+0000] {processor.py:830} INFO - Processing file /home/airflow/.local/lib/python3.8/site-packages/airflow/example_dags/example_kubernetes_executor.py for tasks to queue
[2024-05-05T13:48:22.612+0000] {logging_mixin.py:188} INFO - [2024-05-05T13:48:22.611+0000] {dagbag.py:538} INFO - Filling up the DagBag from /home/airflow/.local/lib/python3.8/site-packages/airflow/example_dags/example_kubernetes_executor.py
[2024-05-05T13:48:22.643+0000] {processor.py:840} INFO - DAG(s) 'example_kubernetes_executor' retrieved from /home/airflow/.local/lib/python3.8/site-packages/airflow/example_dags/example_kubernetes_executor.py
[2024-05-05T13:48:22.924+0000] {logging_mixin.py:188} INFO - [2024-05-05T13:48:22.924+0000] {dag.py:3036} INFO - Sync 1 DAGs
[2024-05-05T13:48:22.955+0000] {logging_mixin.py:188} INFO - [2024-05-05T13:48:22.954+0000] {dag.py:3823} INFO - Setting next_dagrun for example_kubernetes_executor to None, run_after=None
[2024-05-05T13:48:22.971+0000] {processor.py:183} INFO - Processing /home/airflow/.local/lib/python3.8/site-packages/airflow/example_dags/example_kubernetes_executor.py took 0.367 seconds
[2024-05-05T13:48:53.383+0000] {processor.py:161} INFO - Started process (PID=94411) to work on /home/airflow/.local/lib/python3.8/site-packages/airflow/example_dags/example_kubernetes_executor.py
[2024-05-05T13:48:53.384+0000] {processor.py:830} INFO - Processing file /home/airflow/.local/lib/python3.8/site-packages/airflow/example_dags/example_kubernetes_executor.py for tasks to queue
[2024-05-05T13:48:53.385+0000] {logging_mixin.py:188} INFO - [2024-05-05T13:48:53.385+0000] {dagbag.py:538} INFO - Filling up the DagBag from /home/airflow/.local/lib/python3.8/site-packages/airflow/example_dags/example_kubernetes_executor.py
[2024-05-05T13:48:53.398+0000] {processor.py:840} INFO - DAG(s) 'example_kubernetes_executor' retrieved from /home/airflow/.local/lib/python3.8/site-packages/airflow/example_dags/example_kubernetes_executor.py
[2024-05-05T13:48:53.433+0000] {logging_mixin.py:188} INFO - [2024-05-05T13:48:53.433+0000] {dag.py:3036} INFO - Sync 1 DAGs
[2024-05-05T13:48:53.444+0000] {logging_mixin.py:188} INFO - [2024-05-05T13:48:53.444+0000] {dag.py:3823} INFO - Setting next_dagrun for example_kubernetes_executor to None, run_after=None
[2024-05-05T13:48:53.464+0000] {processor.py:183} INFO - Processing /home/airflow/.local/lib/python3.8/site-packages/airflow/example_dags/example_kubernetes_executor.py took 0.084 seconds
[2024-05-05T13:49:23.580+0000] {processor.py:161} INFO - Started process (PID=94476) to work on /home/airflow/.local/lib/python3.8/site-packages/airflow/example_dags/example_kubernetes_executor.py
[2024-05-05T13:49:23.581+0000] {processor.py:830} INFO - Processing file /home/airflow/.local/lib/python3.8/site-packages/airflow/example_dags/example_kubernetes_executor.py for tasks to queue
[2024-05-05T13:49:23.582+0000] {logging_mixin.py:188} INFO - [2024-05-05T13:49:23.582+0000] {dagbag.py:538} INFO - Filling up the DagBag from /home/airflow/.local/lib/python3.8/site-packages/airflow/example_dags/example_kubernetes_executor.py
[2024-05-05T13:49:23.594+0000] {processor.py:840} INFO - DAG(s) 'example_kubernetes_executor' retrieved from /home/airflow/.local/lib/python3.8/site-packages/airflow/example_dags/example_kubernetes_executor.py
[2024-05-05T13:49:23.630+0000] {logging_mixin.py:188} INFO - [2024-05-05T13:49:23.630+0000] {dag.py:3036} INFO - Sync 1 DAGs
[2024-05-05T13:49:23.641+0000] {logging_mixin.py:188} INFO - [2024-05-05T13:49:23.640+0000] {dag.py:3823} INFO - Setting next_dagrun for example_kubernetes_executor to None, run_after=None
[2024-05-05T13:49:23.658+0000] {processor.py:183} INFO - Processing /home/airflow/.local/lib/python3.8/site-packages/airflow/example_dags/example_kubernetes_executor.py took 0.080 seconds
[2024-05-05T13:49:54.630+0000] {processor.py:161} INFO - Started process (PID=94552) to work on /home/airflow/.local/lib/python3.8/site-packages/airflow/example_dags/example_kubernetes_executor.py
[2024-05-05T13:49:54.631+0000] {processor.py:830} INFO - Processing file /home/airflow/.local/lib/python3.8/site-packages/airflow/example_dags/example_kubernetes_executor.py for tasks to queue
[2024-05-05T13:49:54.632+0000] {logging_mixin.py:188} INFO - [2024-05-05T13:49:54.632+0000] {dagbag.py:538} INFO - Filling up the DagBag from /home/airflow/.local/lib/python3.8/site-packages/airflow/example_dags/example_kubernetes_executor.py
[2024-05-05T13:49:54.647+0000] {processor.py:840} INFO - DAG(s) 'example_kubernetes_executor' retrieved from /home/airflow/.local/lib/python3.8/site-packages/airflow/example_dags/example_kubernetes_executor.py
[2024-05-05T13:49:54.696+0000] {logging_mixin.py:188} INFO - [2024-05-05T13:49:54.696+0000] {dag.py:3036} INFO - Sync 1 DAGs
[2024-05-05T13:49:54.713+0000] {logging_mixin.py:188} INFO - [2024-05-05T13:49:54.713+0000] {dag.py:3823} INFO - Setting next_dagrun for example_kubernetes_executor to None, run_after=None
[2024-05-05T13:49:54.735+0000] {processor.py:183} INFO - Processing /home/airflow/.local/lib/python3.8/site-packages/airflow/example_dags/example_kubernetes_executor.py took 0.109 seconds
[2024-05-05T13:50:24.896+0000] {processor.py:161} INFO - Started process (PID=94618) to work on /home/airflow/.local/lib/python3.8/site-packages/airflow/example_dags/example_kubernetes_executor.py
[2024-05-05T13:50:24.897+0000] {processor.py:830} INFO - Processing file /home/airflow/.local/lib/python3.8/site-packages/airflow/example_dags/example_kubernetes_executor.py for tasks to queue
[2024-05-05T13:50:24.898+0000] {logging_mixin.py:188} INFO - [2024-05-05T13:50:24.898+0000] {dagbag.py:538} INFO - Filling up the DagBag from /home/airflow/.local/lib/python3.8/site-packages/airflow/example_dags/example_kubernetes_executor.py
[2024-05-05T13:50:24.911+0000] {processor.py:840} INFO - DAG(s) 'example_kubernetes_executor' retrieved from /home/airflow/.local/lib/python3.8/site-packages/airflow/example_dags/example_kubernetes_executor.py
[2024-05-05T13:50:24.947+0000] {logging_mixin.py:188} INFO - [2024-05-05T13:50:24.947+0000] {dag.py:3036} INFO - Sync 1 DAGs
[2024-05-05T13:50:24.959+0000] {logging_mixin.py:188} INFO - [2024-05-05T13:50:24.958+0000] {dag.py:3823} INFO - Setting next_dagrun for example_kubernetes_executor to None, run_after=None
[2024-05-05T13:50:24.981+0000] {processor.py:183} INFO - Processing /home/airflow/.local/lib/python3.8/site-packages/airflow/example_dags/example_kubernetes_executor.py took 0.088 seconds
[2024-05-05T13:50:55.799+0000] {processor.py:161} INFO - Started process (PID=94686) to work on /home/airflow/.local/lib/python3.8/site-packages/airflow/example_dags/example_kubernetes_executor.py
[2024-05-05T13:50:55.801+0000] {processor.py:830} INFO - Processing file /home/airflow/.local/lib/python3.8/site-packages/airflow/example_dags/example_kubernetes_executor.py for tasks to queue
[2024-05-05T13:50:55.802+0000] {logging_mixin.py:188} INFO - [2024-05-05T13:50:55.801+0000] {dagbag.py:538} INFO - Filling up the DagBag from /home/airflow/.local/lib/python3.8/site-packages/airflow/example_dags/example_kubernetes_executor.py
[2024-05-05T13:50:55.816+0000] {processor.py:840} INFO - DAG(s) 'example_kubernetes_executor' retrieved from /home/airflow/.local/lib/python3.8/site-packages/airflow/example_dags/example_kubernetes_executor.py
[2024-05-05T13:50:55.859+0000] {logging_mixin.py:188} INFO - [2024-05-05T13:50:55.859+0000] {dag.py:3036} INFO - Sync 1 DAGs
[2024-05-05T13:50:55.875+0000] {logging_mixin.py:188} INFO - [2024-05-05T13:50:55.875+0000] {dag.py:3823} INFO - Setting next_dagrun for example_kubernetes_executor to None, run_after=None
[2024-05-05T13:50:55.894+0000] {processor.py:183} INFO - Processing /home/airflow/.local/lib/python3.8/site-packages/airflow/example_dags/example_kubernetes_executor.py took 0.097 seconds
[2024-05-05T13:51:26.456+0000] {processor.py:161} INFO - Started process (PID=94761) to work on /home/airflow/.local/lib/python3.8/site-packages/airflow/example_dags/example_kubernetes_executor.py
[2024-05-05T13:51:26.458+0000] {processor.py:830} INFO - Processing file /home/airflow/.local/lib/python3.8/site-packages/airflow/example_dags/example_kubernetes_executor.py for tasks to queue
[2024-05-05T13:51:26.459+0000] {logging_mixin.py:188} INFO - [2024-05-05T13:51:26.459+0000] {dagbag.py:538} INFO - Filling up the DagBag from /home/airflow/.local/lib/python3.8/site-packages/airflow/example_dags/example_kubernetes_executor.py
[2024-05-05T13:51:26.476+0000] {processor.py:840} INFO - DAG(s) 'example_kubernetes_executor' retrieved from /home/airflow/.local/lib/python3.8/site-packages/airflow/example_dags/example_kubernetes_executor.py
[2024-05-05T13:51:26.532+0000] {logging_mixin.py:188} INFO - [2024-05-05T13:51:26.532+0000] {dag.py:3036} INFO - Sync 1 DAGs
[2024-05-05T13:51:26.552+0000] {logging_mixin.py:188} INFO - [2024-05-05T13:51:26.551+0000] {dag.py:3823} INFO - Setting next_dagrun for example_kubernetes_executor to None, run_after=None
[2024-05-05T13:51:26.575+0000] {processor.py:183} INFO - Processing /home/airflow/.local/lib/python3.8/site-packages/airflow/example_dags/example_kubernetes_executor.py took 0.122 seconds
[2024-05-05T13:51:56.851+0000] {processor.py:161} INFO - Started process (PID=94826) to work on /home/airflow/.local/lib/python3.8/site-packages/airflow/example_dags/example_kubernetes_executor.py
[2024-05-05T13:51:56.852+0000] {processor.py:830} INFO - Processing file /home/airflow/.local/lib/python3.8/site-packages/airflow/example_dags/example_kubernetes_executor.py for tasks to queue
[2024-05-05T13:51:56.853+0000] {logging_mixin.py:188} INFO - [2024-05-05T13:51:56.853+0000] {dagbag.py:538} INFO - Filling up the DagBag from /home/airflow/.local/lib/python3.8/site-packages/airflow/example_dags/example_kubernetes_executor.py
[2024-05-05T13:51:56.872+0000] {processor.py:840} INFO - DAG(s) 'example_kubernetes_executor' retrieved from /home/airflow/.local/lib/python3.8/site-packages/airflow/example_dags/example_kubernetes_executor.py
[2024-05-05T13:51:56.916+0000] {logging_mixin.py:188} INFO - [2024-05-05T13:51:56.916+0000] {dag.py:3036} INFO - Sync 1 DAGs
[2024-05-05T13:51:56.929+0000] {logging_mixin.py:188} INFO - [2024-05-05T13:51:56.929+0000] {dag.py:3823} INFO - Setting next_dagrun for example_kubernetes_executor to None, run_after=None
[2024-05-05T13:51:56.958+0000] {processor.py:183} INFO - Processing /home/airflow/.local/lib/python3.8/site-packages/airflow/example_dags/example_kubernetes_executor.py took 0.111 seconds
[2024-05-05T13:52:27.423+0000] {processor.py:161} INFO - Started process (PID=94893) to work on /home/airflow/.local/lib/python3.8/site-packages/airflow/example_dags/example_kubernetes_executor.py
[2024-05-05T13:52:27.424+0000] {processor.py:830} INFO - Processing file /home/airflow/.local/lib/python3.8/site-packages/airflow/example_dags/example_kubernetes_executor.py for tasks to queue
[2024-05-05T13:52:27.425+0000] {logging_mixin.py:188} INFO - [2024-05-05T13:52:27.425+0000] {dagbag.py:538} INFO - Filling up the DagBag from /home/airflow/.local/lib/python3.8/site-packages/airflow/example_dags/example_kubernetes_executor.py
[2024-05-05T13:52:27.441+0000] {processor.py:840} INFO - DAG(s) 'example_kubernetes_executor' retrieved from /home/airflow/.local/lib/python3.8/site-packages/airflow/example_dags/example_kubernetes_executor.py
[2024-05-05T13:52:27.541+0000] {logging_mixin.py:188} INFO - [2024-05-05T13:52:27.540+0000] {dag.py:3036} INFO - Sync 1 DAGs
[2024-05-05T13:52:27.558+0000] {logging_mixin.py:188} INFO - [2024-05-05T13:52:27.557+0000] {dag.py:3823} INFO - Setting next_dagrun for example_kubernetes_executor to None, run_after=None
[2024-05-05T13:52:27.575+0000] {processor.py:183} INFO - Processing /home/airflow/.local/lib/python3.8/site-packages/airflow/example_dags/example_kubernetes_executor.py took 0.160 seconds
