[2024-05-05T13:46:34.940+0000] {processor.py:161} INFO - Started process (PID=94095) to work on /home/airflow/.local/lib/python3.8/site-packages/airflow/example_dags/example_xcomargs.py
[2024-05-05T13:46:34.941+0000] {processor.py:830} INFO - Processing file /home/airflow/.local/lib/python3.8/site-packages/airflow/example_dags/example_xcomargs.py for tasks to queue
[2024-05-05T13:46:34.942+0000] {logging_mixin.py:188} INFO - [2024-05-05T13:46:34.942+0000] {dagbag.py:538} INFO - Filling up the DagBag from /home/airflow/.local/lib/python3.8/site-packages/airflow/example_dags/example_xcomargs.py
[2024-05-05T13:46:34.950+0000] {processor.py:840} INFO - DAG(s) 'example_xcom_args', 'example_xcom_args_with_operators' retrieved from /home/airflow/.local/lib/python3.8/site-packages/airflow/example_dags/example_xcomargs.py
[2024-05-05T13:46:34.978+0000] {logging_mixin.py:188} INFO - [2024-05-05T13:46:34.978+0000] {dag.py:3036} INFO - Sync 2 DAGs
[2024-05-05T13:46:34.990+0000] {logging_mixin.py:188} INFO - [2024-05-05T13:46:34.990+0000] {dag.py:3823} INFO - Setting next_dagrun for example_xcom_args to None, run_after=None
[2024-05-05T13:46:34.994+0000] {logging_mixin.py:188} INFO - [2024-05-05T13:46:34.994+0000] {dag.py:3823} INFO - Setting next_dagrun for example_xcom_args_with_operators to None, run_after=None
[2024-05-05T13:46:35.011+0000] {processor.py:183} INFO - Processing /home/airflow/.local/lib/python3.8/site-packages/airflow/example_dags/example_xcomargs.py took 0.074 seconds
[2024-05-05T13:47:05.462+0000] {processor.py:161} INFO - Started process (PID=94169) to work on /home/airflow/.local/lib/python3.8/site-packages/airflow/example_dags/example_xcomargs.py
[2024-05-05T13:47:05.463+0000] {processor.py:830} INFO - Processing file /home/airflow/.local/lib/python3.8/site-packages/airflow/example_dags/example_xcomargs.py for tasks to queue
[2024-05-05T13:47:05.464+0000] {logging_mixin.py:188} INFO - [2024-05-05T13:47:05.464+0000] {dagbag.py:538} INFO - Filling up the DagBag from /home/airflow/.local/lib/python3.8/site-packages/airflow/example_dags/example_xcomargs.py
[2024-05-05T13:47:05.484+0000] {processor.py:840} INFO - DAG(s) 'example_xcom_args', 'example_xcom_args_with_operators' retrieved from /home/airflow/.local/lib/python3.8/site-packages/airflow/example_dags/example_xcomargs.py
[2024-05-05T13:47:05.543+0000] {logging_mixin.py:188} INFO - [2024-05-05T13:47:05.543+0000] {dag.py:3036} INFO - Sync 2 DAGs
[2024-05-05T13:47:05.755+0000] {logging_mixin.py:188} INFO - [2024-05-05T13:47:05.755+0000] {dag.py:3823} INFO - Setting next_dagrun for example_xcom_args to None, run_after=None
[2024-05-05T13:47:05.759+0000] {logging_mixin.py:188} INFO - [2024-05-05T13:47:05.758+0000] {dag.py:3823} INFO - Setting next_dagrun for example_xcom_args_with_operators to None, run_after=None
[2024-05-05T13:47:05.783+0000] {processor.py:183} INFO - Processing /home/airflow/.local/lib/python3.8/site-packages/airflow/example_dags/example_xcomargs.py took 0.324 seconds
[2024-05-05T13:47:36.407+0000] {processor.py:161} INFO - Started process (PID=94236) to work on /home/airflow/.local/lib/python3.8/site-packages/airflow/example_dags/example_xcomargs.py
[2024-05-05T13:47:36.408+0000] {processor.py:830} INFO - Processing file /home/airflow/.local/lib/python3.8/site-packages/airflow/example_dags/example_xcomargs.py for tasks to queue
[2024-05-05T13:47:36.409+0000] {logging_mixin.py:188} INFO - [2024-05-05T13:47:36.409+0000] {dagbag.py:538} INFO - Filling up the DagBag from /home/airflow/.local/lib/python3.8/site-packages/airflow/example_dags/example_xcomargs.py
[2024-05-05T13:47:36.416+0000] {processor.py:840} INFO - DAG(s) 'example_xcom_args_with_operators', 'example_xcom_args' retrieved from /home/airflow/.local/lib/python3.8/site-packages/airflow/example_dags/example_xcomargs.py
[2024-05-05T13:47:36.440+0000] {logging_mixin.py:188} INFO - [2024-05-05T13:47:36.439+0000] {dag.py:3036} INFO - Sync 2 DAGs
[2024-05-05T13:47:36.455+0000] {logging_mixin.py:188} INFO - [2024-05-05T13:47:36.455+0000] {dag.py:3823} INFO - Setting next_dagrun for example_xcom_args to None, run_after=None
[2024-05-05T13:47:36.596+0000] {logging_mixin.py:188} INFO - [2024-05-05T13:47:36.596+0000] {dag.py:3823} INFO - Setting next_dagrun for example_xcom_args_with_operators to None, run_after=None
[2024-05-05T13:47:36.610+0000] {processor.py:183} INFO - Processing /home/airflow/.local/lib/python3.8/site-packages/airflow/example_dags/example_xcomargs.py took 0.205 seconds
[2024-05-05T13:48:07.444+0000] {processor.py:161} INFO - Started process (PID=94302) to work on /home/airflow/.local/lib/python3.8/site-packages/airflow/example_dags/example_xcomargs.py
[2024-05-05T13:48:07.445+0000] {processor.py:830} INFO - Processing file /home/airflow/.local/lib/python3.8/site-packages/airflow/example_dags/example_xcomargs.py for tasks to queue
[2024-05-05T13:48:07.446+0000] {logging_mixin.py:188} INFO - [2024-05-05T13:48:07.446+0000] {dagbag.py:538} INFO - Filling up the DagBag from /home/airflow/.local/lib/python3.8/site-packages/airflow/example_dags/example_xcomargs.py
[2024-05-05T13:48:07.461+0000] {processor.py:840} INFO - DAG(s) 'example_xcom_args_with_operators', 'example_xcom_args' retrieved from /home/airflow/.local/lib/python3.8/site-packages/airflow/example_dags/example_xcomargs.py
[2024-05-05T13:48:07.486+0000] {logging_mixin.py:188} INFO - [2024-05-05T13:48:07.484+0000] {dag.py:3036} INFO - Sync 2 DAGs
[2024-05-05T13:48:07.502+0000] {logging_mixin.py:188} INFO - [2024-05-05T13:48:07.502+0000] {dag.py:3823} INFO - Setting next_dagrun for example_xcom_args to None, run_after=None
[2024-05-05T13:48:07.506+0000] {logging_mixin.py:188} INFO - [2024-05-05T13:48:07.505+0000] {dag.py:3823} INFO - Setting next_dagrun for example_xcom_args_with_operators to None, run_after=None
[2024-05-05T13:48:07.527+0000] {processor.py:183} INFO - Processing /home/airflow/.local/lib/python3.8/site-packages/airflow/example_dags/example_xcomargs.py took 0.087 seconds
[2024-05-05T13:48:38.118+0000] {processor.py:161} INFO - Started process (PID=94376) to work on /home/airflow/.local/lib/python3.8/site-packages/airflow/example_dags/example_xcomargs.py
[2024-05-05T13:48:38.122+0000] {processor.py:830} INFO - Processing file /home/airflow/.local/lib/python3.8/site-packages/airflow/example_dags/example_xcomargs.py for tasks to queue
[2024-05-05T13:48:38.124+0000] {logging_mixin.py:188} INFO - [2024-05-05T13:48:38.124+0000] {dagbag.py:538} INFO - Filling up the DagBag from /home/airflow/.local/lib/python3.8/site-packages/airflow/example_dags/example_xcomargs.py
[2024-05-05T13:48:38.132+0000] {processor.py:840} INFO - DAG(s) 'example_xcom_args_with_operators', 'example_xcom_args' retrieved from /home/airflow/.local/lib/python3.8/site-packages/airflow/example_dags/example_xcomargs.py
[2024-05-05T13:48:38.156+0000] {logging_mixin.py:188} INFO - [2024-05-05T13:48:38.156+0000] {dag.py:3036} INFO - Sync 2 DAGs
[2024-05-05T13:48:38.171+0000] {logging_mixin.py:188} INFO - [2024-05-05T13:48:38.171+0000] {dag.py:3823} INFO - Setting next_dagrun for example_xcom_args to None, run_after=None
[2024-05-05T13:48:38.175+0000] {logging_mixin.py:188} INFO - [2024-05-05T13:48:38.175+0000] {dag.py:3823} INFO - Setting next_dagrun for example_xcom_args_with_operators to None, run_after=None
[2024-05-05T13:48:38.191+0000] {processor.py:183} INFO - Processing /home/airflow/.local/lib/python3.8/site-packages/airflow/example_dags/example_xcomargs.py took 0.076 seconds
[2024-05-05T13:49:08.252+0000] {processor.py:161} INFO - Started process (PID=94442) to work on /home/airflow/.local/lib/python3.8/site-packages/airflow/example_dags/example_xcomargs.py
[2024-05-05T13:49:08.253+0000] {processor.py:830} INFO - Processing file /home/airflow/.local/lib/python3.8/site-packages/airflow/example_dags/example_xcomargs.py for tasks to queue
[2024-05-05T13:49:08.254+0000] {logging_mixin.py:188} INFO - [2024-05-05T13:49:08.253+0000] {dagbag.py:538} INFO - Filling up the DagBag from /home/airflow/.local/lib/python3.8/site-packages/airflow/example_dags/example_xcomargs.py
[2024-05-05T13:49:08.262+0000] {processor.py:840} INFO - DAG(s) 'example_xcom_args_with_operators', 'example_xcom_args' retrieved from /home/airflow/.local/lib/python3.8/site-packages/airflow/example_dags/example_xcomargs.py
[2024-05-05T13:49:08.285+0000] {logging_mixin.py:188} INFO - [2024-05-05T13:49:08.285+0000] {dag.py:3036} INFO - Sync 2 DAGs
[2024-05-05T13:49:08.298+0000] {logging_mixin.py:188} INFO - [2024-05-05T13:49:08.297+0000] {dag.py:3823} INFO - Setting next_dagrun for example_xcom_args to None, run_after=None
[2024-05-05T13:49:08.301+0000] {logging_mixin.py:188} INFO - [2024-05-05T13:49:08.301+0000] {dag.py:3823} INFO - Setting next_dagrun for example_xcom_args_with_operators to None, run_after=None
[2024-05-05T13:49:08.319+0000] {processor.py:183} INFO - Processing /home/airflow/.local/lib/python3.8/site-packages/airflow/example_dags/example_xcomargs.py took 0.070 seconds
[2024-05-05T13:49:38.476+0000] {processor.py:161} INFO - Started process (PID=94509) to work on /home/airflow/.local/lib/python3.8/site-packages/airflow/example_dags/example_xcomargs.py
[2024-05-05T13:49:38.477+0000] {processor.py:830} INFO - Processing file /home/airflow/.local/lib/python3.8/site-packages/airflow/example_dags/example_xcomargs.py for tasks to queue
[2024-05-05T13:49:38.478+0000] {logging_mixin.py:188} INFO - [2024-05-05T13:49:38.477+0000] {dagbag.py:538} INFO - Filling up the DagBag from /home/airflow/.local/lib/python3.8/site-packages/airflow/example_dags/example_xcomargs.py
[2024-05-05T13:49:38.485+0000] {processor.py:840} INFO - DAG(s) 'example_xcom_args', 'example_xcom_args_with_operators' retrieved from /home/airflow/.local/lib/python3.8/site-packages/airflow/example_dags/example_xcomargs.py
[2024-05-05T13:49:38.511+0000] {logging_mixin.py:188} INFO - [2024-05-05T13:49:38.511+0000] {dag.py:3036} INFO - Sync 2 DAGs
[2024-05-05T13:49:38.524+0000] {logging_mixin.py:188} INFO - [2024-05-05T13:49:38.524+0000] {dag.py:3823} INFO - Setting next_dagrun for example_xcom_args to None, run_after=None
[2024-05-05T13:49:38.527+0000] {logging_mixin.py:188} INFO - [2024-05-05T13:49:38.527+0000] {dag.py:3823} INFO - Setting next_dagrun for example_xcom_args_with_operators to None, run_after=None
[2024-05-05T13:49:38.543+0000] {processor.py:183} INFO - Processing /home/airflow/.local/lib/python3.8/site-packages/airflow/example_dags/example_xcomargs.py took 0.070 seconds
[2024-05-05T13:50:09.434+0000] {processor.py:161} INFO - Started process (PID=94584) to work on /home/airflow/.local/lib/python3.8/site-packages/airflow/example_dags/example_xcomargs.py
[2024-05-05T13:50:09.440+0000] {processor.py:830} INFO - Processing file /home/airflow/.local/lib/python3.8/site-packages/airflow/example_dags/example_xcomargs.py for tasks to queue
[2024-05-05T13:50:09.442+0000] {logging_mixin.py:188} INFO - [2024-05-05T13:50:09.441+0000] {dagbag.py:538} INFO - Filling up the DagBag from /home/airflow/.local/lib/python3.8/site-packages/airflow/example_dags/example_xcomargs.py
[2024-05-05T13:50:09.463+0000] {processor.py:840} INFO - DAG(s) 'example_xcom_args_with_operators', 'example_xcom_args' retrieved from /home/airflow/.local/lib/python3.8/site-packages/airflow/example_dags/example_xcomargs.py
[2024-05-05T13:50:09.497+0000] {logging_mixin.py:188} INFO - [2024-05-05T13:50:09.497+0000] {dag.py:3036} INFO - Sync 2 DAGs
[2024-05-05T13:50:09.513+0000] {logging_mixin.py:188} INFO - [2024-05-05T13:50:09.513+0000] {dag.py:3823} INFO - Setting next_dagrun for example_xcom_args to None, run_after=None
[2024-05-05T13:50:09.516+0000] {logging_mixin.py:188} INFO - [2024-05-05T13:50:09.516+0000] {dag.py:3823} INFO - Setting next_dagrun for example_xcom_args_with_operators to None, run_after=None
[2024-05-05T13:50:09.532+0000] {processor.py:183} INFO - Processing /home/airflow/.local/lib/python3.8/site-packages/airflow/example_dags/example_xcomargs.py took 0.101 seconds
[2024-05-05T13:50:39.637+0000] {processor.py:161} INFO - Started process (PID=94651) to work on /home/airflow/.local/lib/python3.8/site-packages/airflow/example_dags/example_xcomargs.py
[2024-05-05T13:50:39.639+0000] {processor.py:830} INFO - Processing file /home/airflow/.local/lib/python3.8/site-packages/airflow/example_dags/example_xcomargs.py for tasks to queue
[2024-05-05T13:50:39.640+0000] {logging_mixin.py:188} INFO - [2024-05-05T13:50:39.640+0000] {dagbag.py:538} INFO - Filling up the DagBag from /home/airflow/.local/lib/python3.8/site-packages/airflow/example_dags/example_xcomargs.py
[2024-05-05T13:50:39.648+0000] {processor.py:840} INFO - DAG(s) 'example_xcom_args', 'example_xcom_args_with_operators' retrieved from /home/airflow/.local/lib/python3.8/site-packages/airflow/example_dags/example_xcomargs.py
[2024-05-05T13:50:39.672+0000] {logging_mixin.py:188} INFO - [2024-05-05T13:50:39.672+0000] {dag.py:3036} INFO - Sync 2 DAGs
[2024-05-05T13:50:39.684+0000] {logging_mixin.py:188} INFO - [2024-05-05T13:50:39.684+0000] {dag.py:3823} INFO - Setting next_dagrun for example_xcom_args to None, run_after=None
[2024-05-05T13:50:39.688+0000] {logging_mixin.py:188} INFO - [2024-05-05T13:50:39.688+0000] {dag.py:3823} INFO - Setting next_dagrun for example_xcom_args_with_operators to None, run_after=None
[2024-05-05T13:50:39.710+0000] {processor.py:183} INFO - Processing /home/airflow/.local/lib/python3.8/site-packages/airflow/example_dags/example_xcomargs.py took 0.076 seconds
[2024-05-05T13:51:09.801+0000] {processor.py:161} INFO - Started process (PID=94726) to work on /home/airflow/.local/lib/python3.8/site-packages/airflow/example_dags/example_xcomargs.py
[2024-05-05T13:51:09.803+0000] {processor.py:830} INFO - Processing file /home/airflow/.local/lib/python3.8/site-packages/airflow/example_dags/example_xcomargs.py for tasks to queue
[2024-05-05T13:51:09.808+0000] {logging_mixin.py:188} INFO - [2024-05-05T13:51:09.808+0000] {dagbag.py:538} INFO - Filling up the DagBag from /home/airflow/.local/lib/python3.8/site-packages/airflow/example_dags/example_xcomargs.py
[2024-05-05T13:51:09.816+0000] {processor.py:840} INFO - DAG(s) 'example_xcom_args_with_operators', 'example_xcom_args' retrieved from /home/airflow/.local/lib/python3.8/site-packages/airflow/example_dags/example_xcomargs.py
[2024-05-05T13:51:09.864+0000] {logging_mixin.py:188} INFO - [2024-05-05T13:51:09.864+0000] {dag.py:3036} INFO - Sync 2 DAGs
[2024-05-05T13:51:09.893+0000] {logging_mixin.py:188} INFO - [2024-05-05T13:51:09.893+0000] {dag.py:3823} INFO - Setting next_dagrun for example_xcom_args to None, run_after=None
[2024-05-05T13:51:09.906+0000] {logging_mixin.py:188} INFO - [2024-05-05T13:51:09.905+0000] {dag.py:3823} INFO - Setting next_dagrun for example_xcom_args_with_operators to None, run_after=None
[2024-05-05T13:51:09.950+0000] {processor.py:183} INFO - Processing /home/airflow/.local/lib/python3.8/site-packages/airflow/example_dags/example_xcomargs.py took 0.152 seconds
[2024-05-05T13:51:40.413+0000] {processor.py:161} INFO - Started process (PID=94793) to work on /home/airflow/.local/lib/python3.8/site-packages/airflow/example_dags/example_xcomargs.py
[2024-05-05T13:51:40.414+0000] {processor.py:830} INFO - Processing file /home/airflow/.local/lib/python3.8/site-packages/airflow/example_dags/example_xcomargs.py for tasks to queue
[2024-05-05T13:51:40.415+0000] {logging_mixin.py:188} INFO - [2024-05-05T13:51:40.415+0000] {dagbag.py:538} INFO - Filling up the DagBag from /home/airflow/.local/lib/python3.8/site-packages/airflow/example_dags/example_xcomargs.py
[2024-05-05T13:51:40.422+0000] {processor.py:840} INFO - DAG(s) 'example_xcom_args_with_operators', 'example_xcom_args' retrieved from /home/airflow/.local/lib/python3.8/site-packages/airflow/example_dags/example_xcomargs.py
[2024-05-05T13:51:40.445+0000] {logging_mixin.py:188} INFO - [2024-05-05T13:51:40.445+0000] {dag.py:3036} INFO - Sync 2 DAGs
[2024-05-05T13:51:40.457+0000] {logging_mixin.py:188} INFO - [2024-05-05T13:51:40.457+0000] {dag.py:3823} INFO - Setting next_dagrun for example_xcom_args to None, run_after=None
[2024-05-05T13:51:40.460+0000] {logging_mixin.py:188} INFO - [2024-05-05T13:51:40.460+0000] {dag.py:3823} INFO - Setting next_dagrun for example_xcom_args_with_operators to None, run_after=None
[2024-05-05T13:51:40.477+0000] {processor.py:183} INFO - Processing /home/airflow/.local/lib/python3.8/site-packages/airflow/example_dags/example_xcomargs.py took 0.067 seconds
[2024-05-05T13:52:10.799+0000] {processor.py:161} INFO - Started process (PID=94859) to work on /home/airflow/.local/lib/python3.8/site-packages/airflow/example_dags/example_xcomargs.py
[2024-05-05T13:52:10.801+0000] {processor.py:830} INFO - Processing file /home/airflow/.local/lib/python3.8/site-packages/airflow/example_dags/example_xcomargs.py for tasks to queue
[2024-05-05T13:52:10.802+0000] {logging_mixin.py:188} INFO - [2024-05-05T13:52:10.801+0000] {dagbag.py:538} INFO - Filling up the DagBag from /home/airflow/.local/lib/python3.8/site-packages/airflow/example_dags/example_xcomargs.py
[2024-05-05T13:52:10.813+0000] {processor.py:840} INFO - DAG(s) 'example_xcom_args', 'example_xcom_args_with_operators' retrieved from /home/airflow/.local/lib/python3.8/site-packages/airflow/example_dags/example_xcomargs.py
[2024-05-05T13:52:10.837+0000] {logging_mixin.py:188} INFO - [2024-05-05T13:52:10.837+0000] {dag.py:3036} INFO - Sync 2 DAGs
[2024-05-05T13:52:10.850+0000] {logging_mixin.py:188} INFO - [2024-05-05T13:52:10.849+0000] {dag.py:3823} INFO - Setting next_dagrun for example_xcom_args to None, run_after=None
[2024-05-05T13:52:10.853+0000] {logging_mixin.py:188} INFO - [2024-05-05T13:52:10.853+0000] {dag.py:3823} INFO - Setting next_dagrun for example_xcom_args_with_operators to None, run_after=None
[2024-05-05T13:52:10.867+0000] {processor.py:183} INFO - Processing /home/airflow/.local/lib/python3.8/site-packages/airflow/example_dags/example_xcomargs.py took 0.071 seconds
[2024-05-05T13:52:41.306+0000] {processor.py:161} INFO - Started process (PID=94931) to work on /home/airflow/.local/lib/python3.8/site-packages/airflow/example_dags/example_xcomargs.py
[2024-05-05T13:52:41.307+0000] {processor.py:830} INFO - Processing file /home/airflow/.local/lib/python3.8/site-packages/airflow/example_dags/example_xcomargs.py for tasks to queue
[2024-05-05T13:52:41.308+0000] {logging_mixin.py:188} INFO - [2024-05-05T13:52:41.308+0000] {dagbag.py:538} INFO - Filling up the DagBag from /home/airflow/.local/lib/python3.8/site-packages/airflow/example_dags/example_xcomargs.py
[2024-05-05T13:52:41.329+0000] {processor.py:840} INFO - DAG(s) 'example_xcom_args', 'example_xcom_args_with_operators' retrieved from /home/airflow/.local/lib/python3.8/site-packages/airflow/example_dags/example_xcomargs.py
[2024-05-05T13:52:41.395+0000] {logging_mixin.py:188} INFO - [2024-05-05T13:52:41.395+0000] {dag.py:3036} INFO - Sync 2 DAGs
[2024-05-05T13:52:41.437+0000] {logging_mixin.py:188} INFO - [2024-05-05T13:52:41.436+0000] {dag.py:3823} INFO - Setting next_dagrun for example_xcom_args to None, run_after=None
[2024-05-05T13:52:41.450+0000] {logging_mixin.py:188} INFO - [2024-05-05T13:52:41.450+0000] {dag.py:3823} INFO - Setting next_dagrun for example_xcom_args_with_operators to None, run_after=None
[2024-05-05T13:52:41.485+0000] {processor.py:183} INFO - Processing /home/airflow/.local/lib/python3.8/site-packages/airflow/example_dags/example_xcomargs.py took 0.182 seconds
