[2024-05-05T13:46:31.907+0000] {processor.py:161} INFO - Started process (PID=94094) to work on /home/airflow/.local/lib/python3.8/site-packages/airflow/example_dags/tutorial_taskflow_api.py
[2024-05-05T13:46:31.907+0000] {processor.py:830} INFO - Processing file /home/airflow/.local/lib/python3.8/site-packages/airflow/example_dags/tutorial_taskflow_api.py for tasks to queue
[2024-05-05T13:46:31.908+0000] {logging_mixin.py:188} INFO - [2024-05-05T13:46:31.908+0000] {dagbag.py:538} INFO - Filling up the DagBag from /home/airflow/.local/lib/python3.8/site-packages/airflow/example_dags/tutorial_taskflow_api.py
[2024-05-05T13:46:31.917+0000] {processor.py:840} INFO - DAG(s) 'tutorial_taskflow_api' retrieved from /home/airflow/.local/lib/python3.8/site-packages/airflow/example_dags/tutorial_taskflow_api.py
[2024-05-05T13:46:31.938+0000] {logging_mixin.py:188} INFO - [2024-05-05T13:46:31.938+0000] {dag.py:3036} INFO - Sync 1 DAGs
[2024-05-05T13:46:31.952+0000] {logging_mixin.py:188} INFO - [2024-05-05T13:46:31.952+0000] {dag.py:3823} INFO - Setting next_dagrun for tutorial_taskflow_api to None, run_after=None
[2024-05-05T13:46:31.997+0000] {processor.py:183} INFO - Processing /home/airflow/.local/lib/python3.8/site-packages/airflow/example_dags/tutorial_taskflow_api.py took 0.092 seconds
[2024-05-05T13:47:02.104+0000] {processor.py:161} INFO - Started process (PID=94161) to work on /home/airflow/.local/lib/python3.8/site-packages/airflow/example_dags/tutorial_taskflow_api.py
[2024-05-05T13:47:02.114+0000] {processor.py:830} INFO - Processing file /home/airflow/.local/lib/python3.8/site-packages/airflow/example_dags/tutorial_taskflow_api.py for tasks to queue
[2024-05-05T13:47:02.115+0000] {logging_mixin.py:188} INFO - [2024-05-05T13:47:02.115+0000] {dagbag.py:538} INFO - Filling up the DagBag from /home/airflow/.local/lib/python3.8/site-packages/airflow/example_dags/tutorial_taskflow_api.py
[2024-05-05T13:47:02.129+0000] {processor.py:840} INFO - DAG(s) 'tutorial_taskflow_api' retrieved from /home/airflow/.local/lib/python3.8/site-packages/airflow/example_dags/tutorial_taskflow_api.py
[2024-05-05T13:47:02.176+0000] {logging_mixin.py:188} INFO - [2024-05-05T13:47:02.176+0000] {dag.py:3036} INFO - Sync 1 DAGs
[2024-05-05T13:47:02.371+0000] {logging_mixin.py:188} INFO - [2024-05-05T13:47:02.371+0000] {dag.py:3823} INFO - Setting next_dagrun for tutorial_taskflow_api to None, run_after=None
[2024-05-05T13:47:02.395+0000] {processor.py:183} INFO - Processing /home/airflow/.local/lib/python3.8/site-packages/airflow/example_dags/tutorial_taskflow_api.py took 0.295 seconds
[2024-05-05T13:47:33.292+0000] {processor.py:161} INFO - Started process (PID=94235) to work on /home/airflow/.local/lib/python3.8/site-packages/airflow/example_dags/tutorial_taskflow_api.py
[2024-05-05T13:47:33.294+0000] {processor.py:830} INFO - Processing file /home/airflow/.local/lib/python3.8/site-packages/airflow/example_dags/tutorial_taskflow_api.py for tasks to queue
[2024-05-05T13:47:33.298+0000] {logging_mixin.py:188} INFO - [2024-05-05T13:47:33.297+0000] {dagbag.py:538} INFO - Filling up the DagBag from /home/airflow/.local/lib/python3.8/site-packages/airflow/example_dags/tutorial_taskflow_api.py
[2024-05-05T13:47:33.311+0000] {processor.py:840} INFO - DAG(s) 'tutorial_taskflow_api' retrieved from /home/airflow/.local/lib/python3.8/site-packages/airflow/example_dags/tutorial_taskflow_api.py
[2024-05-05T13:47:33.338+0000] {logging_mixin.py:188} INFO - [2024-05-05T13:47:33.337+0000] {dag.py:3036} INFO - Sync 1 DAGs
[2024-05-05T13:47:33.350+0000] {logging_mixin.py:188} INFO - [2024-05-05T13:47:33.349+0000] {dag.py:3823} INFO - Setting next_dagrun for tutorial_taskflow_api to None, run_after=None
[2024-05-05T13:47:33.498+0000] {processor.py:183} INFO - Processing /home/airflow/.local/lib/python3.8/site-packages/airflow/example_dags/tutorial_taskflow_api.py took 0.214 seconds
[2024-05-05T13:48:04.278+0000] {processor.py:161} INFO - Started process (PID=94301) to work on /home/airflow/.local/lib/python3.8/site-packages/airflow/example_dags/tutorial_taskflow_api.py
[2024-05-05T13:48:04.282+0000] {processor.py:830} INFO - Processing file /home/airflow/.local/lib/python3.8/site-packages/airflow/example_dags/tutorial_taskflow_api.py for tasks to queue
[2024-05-05T13:48:04.283+0000] {logging_mixin.py:188} INFO - [2024-05-05T13:48:04.282+0000] {dagbag.py:538} INFO - Filling up the DagBag from /home/airflow/.local/lib/python3.8/site-packages/airflow/example_dags/tutorial_taskflow_api.py
[2024-05-05T13:48:04.289+0000] {processor.py:840} INFO - DAG(s) 'tutorial_taskflow_api' retrieved from /home/airflow/.local/lib/python3.8/site-packages/airflow/example_dags/tutorial_taskflow_api.py
[2024-05-05T13:48:04.330+0000] {logging_mixin.py:188} INFO - [2024-05-05T13:48:04.330+0000] {dag.py:3036} INFO - Sync 1 DAGs
[2024-05-05T13:48:04.346+0000] {logging_mixin.py:188} INFO - [2024-05-05T13:48:04.345+0000] {dag.py:3823} INFO - Setting next_dagrun for tutorial_taskflow_api to None, run_after=None
[2024-05-05T13:48:04.372+0000] {processor.py:183} INFO - Processing /home/airflow/.local/lib/python3.8/site-packages/airflow/example_dags/tutorial_taskflow_api.py took 0.096 seconds
[2024-05-05T13:48:34.958+0000] {processor.py:161} INFO - Started process (PID=94374) to work on /home/airflow/.local/lib/python3.8/site-packages/airflow/example_dags/tutorial_taskflow_api.py
[2024-05-05T13:48:34.960+0000] {processor.py:830} INFO - Processing file /home/airflow/.local/lib/python3.8/site-packages/airflow/example_dags/tutorial_taskflow_api.py for tasks to queue
[2024-05-05T13:48:34.967+0000] {logging_mixin.py:188} INFO - [2024-05-05T13:48:34.966+0000] {dagbag.py:538} INFO - Filling up the DagBag from /home/airflow/.local/lib/python3.8/site-packages/airflow/example_dags/tutorial_taskflow_api.py
[2024-05-05T13:48:34.980+0000] {processor.py:840} INFO - DAG(s) 'tutorial_taskflow_api' retrieved from /home/airflow/.local/lib/python3.8/site-packages/airflow/example_dags/tutorial_taskflow_api.py
[2024-05-05T13:48:35.024+0000] {logging_mixin.py:188} INFO - [2024-05-05T13:48:35.024+0000] {dag.py:3036} INFO - Sync 1 DAGs
[2024-05-05T13:48:35.063+0000] {logging_mixin.py:188} INFO - [2024-05-05T13:48:35.062+0000] {dag.py:3823} INFO - Setting next_dagrun for tutorial_taskflow_api to None, run_after=None
[2024-05-05T13:48:35.090+0000] {processor.py:183} INFO - Processing /home/airflow/.local/lib/python3.8/site-packages/airflow/example_dags/tutorial_taskflow_api.py took 0.136 seconds
[2024-05-05T13:49:05.140+0000] {processor.py:161} INFO - Started process (PID=94441) to work on /home/airflow/.local/lib/python3.8/site-packages/airflow/example_dags/tutorial_taskflow_api.py
[2024-05-05T13:49:05.141+0000] {processor.py:830} INFO - Processing file /home/airflow/.local/lib/python3.8/site-packages/airflow/example_dags/tutorial_taskflow_api.py for tasks to queue
[2024-05-05T13:49:05.142+0000] {logging_mixin.py:188} INFO - [2024-05-05T13:49:05.142+0000] {dagbag.py:538} INFO - Filling up the DagBag from /home/airflow/.local/lib/python3.8/site-packages/airflow/example_dags/tutorial_taskflow_api.py
[2024-05-05T13:49:05.148+0000] {processor.py:840} INFO - DAG(s) 'tutorial_taskflow_api' retrieved from /home/airflow/.local/lib/python3.8/site-packages/airflow/example_dags/tutorial_taskflow_api.py
[2024-05-05T13:49:05.167+0000] {logging_mixin.py:188} INFO - [2024-05-05T13:49:05.167+0000] {dag.py:3036} INFO - Sync 1 DAGs
[2024-05-05T13:49:05.178+0000] {logging_mixin.py:188} INFO - [2024-05-05T13:49:05.178+0000] {dag.py:3823} INFO - Setting next_dagrun for tutorial_taskflow_api to None, run_after=None
[2024-05-05T13:49:05.198+0000] {processor.py:183} INFO - Processing /home/airflow/.local/lib/python3.8/site-packages/airflow/example_dags/tutorial_taskflow_api.py took 0.060 seconds
[2024-05-05T13:49:35.385+0000] {processor.py:161} INFO - Started process (PID=94508) to work on /home/airflow/.local/lib/python3.8/site-packages/airflow/example_dags/tutorial_taskflow_api.py
[2024-05-05T13:49:35.386+0000] {processor.py:830} INFO - Processing file /home/airflow/.local/lib/python3.8/site-packages/airflow/example_dags/tutorial_taskflow_api.py for tasks to queue
[2024-05-05T13:49:35.388+0000] {logging_mixin.py:188} INFO - [2024-05-05T13:49:35.387+0000] {dagbag.py:538} INFO - Filling up the DagBag from /home/airflow/.local/lib/python3.8/site-packages/airflow/example_dags/tutorial_taskflow_api.py
[2024-05-05T13:49:35.393+0000] {processor.py:840} INFO - DAG(s) 'tutorial_taskflow_api' retrieved from /home/airflow/.local/lib/python3.8/site-packages/airflow/example_dags/tutorial_taskflow_api.py
[2024-05-05T13:49:35.411+0000] {logging_mixin.py:188} INFO - [2024-05-05T13:49:35.411+0000] {dag.py:3036} INFO - Sync 1 DAGs
[2024-05-05T13:49:35.423+0000] {logging_mixin.py:188} INFO - [2024-05-05T13:49:35.423+0000] {dag.py:3823} INFO - Setting next_dagrun for tutorial_taskflow_api to None, run_after=None
[2024-05-05T13:49:35.441+0000] {processor.py:183} INFO - Processing /home/airflow/.local/lib/python3.8/site-packages/airflow/example_dags/tutorial_taskflow_api.py took 0.058 seconds
[2024-05-05T13:50:06.333+0000] {processor.py:161} INFO - Started process (PID=94583) to work on /home/airflow/.local/lib/python3.8/site-packages/airflow/example_dags/tutorial_taskflow_api.py
[2024-05-05T13:50:06.340+0000] {processor.py:830} INFO - Processing file /home/airflow/.local/lib/python3.8/site-packages/airflow/example_dags/tutorial_taskflow_api.py for tasks to queue
[2024-05-05T13:50:06.342+0000] {logging_mixin.py:188} INFO - [2024-05-05T13:50:06.342+0000] {dagbag.py:538} INFO - Filling up the DagBag from /home/airflow/.local/lib/python3.8/site-packages/airflow/example_dags/tutorial_taskflow_api.py
[2024-05-05T13:50:06.356+0000] {processor.py:840} INFO - DAG(s) 'tutorial_taskflow_api' retrieved from /home/airflow/.local/lib/python3.8/site-packages/airflow/example_dags/tutorial_taskflow_api.py
[2024-05-05T13:50:06.396+0000] {logging_mixin.py:188} INFO - [2024-05-05T13:50:06.395+0000] {dag.py:3036} INFO - Sync 1 DAGs
[2024-05-05T13:50:06.415+0000] {logging_mixin.py:188} INFO - [2024-05-05T13:50:06.415+0000] {dag.py:3823} INFO - Setting next_dagrun for tutorial_taskflow_api to None, run_after=None
[2024-05-05T13:50:06.457+0000] {processor.py:183} INFO - Processing /home/airflow/.local/lib/python3.8/site-packages/airflow/example_dags/tutorial_taskflow_api.py took 0.127 seconds
[2024-05-05T13:50:36.516+0000] {processor.py:161} INFO - Started process (PID=94650) to work on /home/airflow/.local/lib/python3.8/site-packages/airflow/example_dags/tutorial_taskflow_api.py
[2024-05-05T13:50:36.517+0000] {processor.py:830} INFO - Processing file /home/airflow/.local/lib/python3.8/site-packages/airflow/example_dags/tutorial_taskflow_api.py for tasks to queue
[2024-05-05T13:50:36.519+0000] {logging_mixin.py:188} INFO - [2024-05-05T13:50:36.518+0000] {dagbag.py:538} INFO - Filling up the DagBag from /home/airflow/.local/lib/python3.8/site-packages/airflow/example_dags/tutorial_taskflow_api.py
[2024-05-05T13:50:36.524+0000] {processor.py:840} INFO - DAG(s) 'tutorial_taskflow_api' retrieved from /home/airflow/.local/lib/python3.8/site-packages/airflow/example_dags/tutorial_taskflow_api.py
[2024-05-05T13:50:36.544+0000] {logging_mixin.py:188} INFO - [2024-05-05T13:50:36.544+0000] {dag.py:3036} INFO - Sync 1 DAGs
[2024-05-05T13:50:36.554+0000] {logging_mixin.py:188} INFO - [2024-05-05T13:50:36.554+0000] {dag.py:3823} INFO - Setting next_dagrun for tutorial_taskflow_api to None, run_after=None
[2024-05-05T13:50:36.571+0000] {processor.py:183} INFO - Processing /home/airflow/.local/lib/python3.8/site-packages/airflow/example_dags/tutorial_taskflow_api.py took 0.057 seconds
[2024-05-05T13:51:06.668+0000] {processor.py:161} INFO - Started process (PID=94717) to work on /home/airflow/.local/lib/python3.8/site-packages/airflow/example_dags/tutorial_taskflow_api.py
[2024-05-05T13:51:06.669+0000] {processor.py:830} INFO - Processing file /home/airflow/.local/lib/python3.8/site-packages/airflow/example_dags/tutorial_taskflow_api.py for tasks to queue
[2024-05-05T13:51:06.670+0000] {logging_mixin.py:188} INFO - [2024-05-05T13:51:06.669+0000] {dagbag.py:538} INFO - Filling up the DagBag from /home/airflow/.local/lib/python3.8/site-packages/airflow/example_dags/tutorial_taskflow_api.py
[2024-05-05T13:51:06.675+0000] {processor.py:840} INFO - DAG(s) 'tutorial_taskflow_api' retrieved from /home/airflow/.local/lib/python3.8/site-packages/airflow/example_dags/tutorial_taskflow_api.py
[2024-05-05T13:51:06.695+0000] {logging_mixin.py:188} INFO - [2024-05-05T13:51:06.695+0000] {dag.py:3036} INFO - Sync 1 DAGs
[2024-05-05T13:51:06.707+0000] {logging_mixin.py:188} INFO - [2024-05-05T13:51:06.706+0000] {dag.py:3823} INFO - Setting next_dagrun for tutorial_taskflow_api to None, run_after=None
[2024-05-05T13:51:06.725+0000] {processor.py:183} INFO - Processing /home/airflow/.local/lib/python3.8/site-packages/airflow/example_dags/tutorial_taskflow_api.py took 0.060 seconds
[2024-05-05T13:51:37.370+0000] {processor.py:161} INFO - Started process (PID=94792) to work on /home/airflow/.local/lib/python3.8/site-packages/airflow/example_dags/tutorial_taskflow_api.py
[2024-05-05T13:51:37.377+0000] {processor.py:830} INFO - Processing file /home/airflow/.local/lib/python3.8/site-packages/airflow/example_dags/tutorial_taskflow_api.py for tasks to queue
[2024-05-05T13:51:37.387+0000] {logging_mixin.py:188} INFO - [2024-05-05T13:51:37.387+0000] {dagbag.py:538} INFO - Filling up the DagBag from /home/airflow/.local/lib/python3.8/site-packages/airflow/example_dags/tutorial_taskflow_api.py
[2024-05-05T13:51:37.403+0000] {processor.py:840} INFO - DAG(s) 'tutorial_taskflow_api' retrieved from /home/airflow/.local/lib/python3.8/site-packages/airflow/example_dags/tutorial_taskflow_api.py
[2024-05-05T13:51:37.447+0000] {logging_mixin.py:188} INFO - [2024-05-05T13:51:37.447+0000] {dag.py:3036} INFO - Sync 1 DAGs
[2024-05-05T13:51:37.471+0000] {logging_mixin.py:188} INFO - [2024-05-05T13:51:37.471+0000] {dag.py:3823} INFO - Setting next_dagrun for tutorial_taskflow_api to None, run_after=None
[2024-05-05T13:51:37.504+0000] {processor.py:183} INFO - Processing /home/airflow/.local/lib/python3.8/site-packages/airflow/example_dags/tutorial_taskflow_api.py took 0.136 seconds
[2024-05-05T13:52:07.684+0000] {processor.py:161} INFO - Started process (PID=94858) to work on /home/airflow/.local/lib/python3.8/site-packages/airflow/example_dags/tutorial_taskflow_api.py
[2024-05-05T13:52:07.685+0000] {processor.py:830} INFO - Processing file /home/airflow/.local/lib/python3.8/site-packages/airflow/example_dags/tutorial_taskflow_api.py for tasks to queue
[2024-05-05T13:52:07.685+0000] {logging_mixin.py:188} INFO - [2024-05-05T13:52:07.685+0000] {dagbag.py:538} INFO - Filling up the DagBag from /home/airflow/.local/lib/python3.8/site-packages/airflow/example_dags/tutorial_taskflow_api.py
[2024-05-05T13:52:07.691+0000] {processor.py:840} INFO - DAG(s) 'tutorial_taskflow_api' retrieved from /home/airflow/.local/lib/python3.8/site-packages/airflow/example_dags/tutorial_taskflow_api.py
[2024-05-05T13:52:07.709+0000] {logging_mixin.py:188} INFO - [2024-05-05T13:52:07.709+0000] {dag.py:3036} INFO - Sync 1 DAGs
[2024-05-05T13:52:07.720+0000] {logging_mixin.py:188} INFO - [2024-05-05T13:52:07.720+0000] {dag.py:3823} INFO - Setting next_dagrun for tutorial_taskflow_api to None, run_after=None
[2024-05-05T13:52:07.735+0000] {processor.py:183} INFO - Processing /home/airflow/.local/lib/python3.8/site-packages/airflow/example_dags/tutorial_taskflow_api.py took 0.055 seconds
[2024-05-05T13:52:38.186+0000] {processor.py:161} INFO - Started process (PID=94924) to work on /home/airflow/.local/lib/python3.8/site-packages/airflow/example_dags/tutorial_taskflow_api.py
[2024-05-05T13:52:38.188+0000] {processor.py:830} INFO - Processing file /home/airflow/.local/lib/python3.8/site-packages/airflow/example_dags/tutorial_taskflow_api.py for tasks to queue
[2024-05-05T13:52:38.194+0000] {logging_mixin.py:188} INFO - [2024-05-05T13:52:38.193+0000] {dagbag.py:538} INFO - Filling up the DagBag from /home/airflow/.local/lib/python3.8/site-packages/airflow/example_dags/tutorial_taskflow_api.py
[2024-05-05T13:52:38.209+0000] {processor.py:840} INFO - DAG(s) 'tutorial_taskflow_api' retrieved from /home/airflow/.local/lib/python3.8/site-packages/airflow/example_dags/tutorial_taskflow_api.py
[2024-05-05T13:52:38.254+0000] {logging_mixin.py:188} INFO - [2024-05-05T13:52:38.253+0000] {dag.py:3036} INFO - Sync 1 DAGs
[2024-05-05T13:52:38.269+0000] {logging_mixin.py:188} INFO - [2024-05-05T13:52:38.268+0000] {dag.py:3823} INFO - Setting next_dagrun for tutorial_taskflow_api to None, run_after=None
[2024-05-05T13:52:38.292+0000] {processor.py:183} INFO - Processing /home/airflow/.local/lib/python3.8/site-packages/airflow/example_dags/tutorial_taskflow_api.py took 0.112 seconds
