[2024-05-05T13:46:29.764+0000] {processor.py:161} INFO - Started process (PID=94092) to work on /home/airflow/.local/lib/python3.8/site-packages/airflow/example_dags/tutorial_dag.py
[2024-05-05T13:46:29.765+0000] {processor.py:830} INFO - Processing file /home/airflow/.local/lib/python3.8/site-packages/airflow/example_dags/tutorial_dag.py for tasks to queue
[2024-05-05T13:46:29.767+0000] {logging_mixin.py:188} INFO - [2024-05-05T13:46:29.766+0000] {dagbag.py:538} INFO - Filling up the DagBag from /home/airflow/.local/lib/python3.8/site-packages/airflow/example_dags/tutorial_dag.py
[2024-05-05T13:46:29.774+0000] {processor.py:840} INFO - DAG(s) 'tutorial_dag' retrieved from /home/airflow/.local/lib/python3.8/site-packages/airflow/example_dags/tutorial_dag.py
[2024-05-05T13:46:29.815+0000] {logging_mixin.py:188} INFO - [2024-05-05T13:46:29.815+0000] {dag.py:3036} INFO - Sync 1 DAGs
[2024-05-05T13:46:29.842+0000] {logging_mixin.py:188} INFO - [2024-05-05T13:46:29.842+0000] {dag.py:3823} INFO - Setting next_dagrun for tutorial_dag to None, run_after=None
[2024-05-05T13:46:29.869+0000] {processor.py:183} INFO - Processing /home/airflow/.local/lib/python3.8/site-packages/airflow/example_dags/tutorial_dag.py took 0.109 seconds
[2024-05-05T13:47:00.917+0000] {processor.py:161} INFO - Started process (PID=94159) to work on /home/airflow/.local/lib/python3.8/site-packages/airflow/example_dags/tutorial_dag.py
[2024-05-05T13:47:00.920+0000] {processor.py:830} INFO - Processing file /home/airflow/.local/lib/python3.8/site-packages/airflow/example_dags/tutorial_dag.py for tasks to queue
[2024-05-05T13:47:00.922+0000] {logging_mixin.py:188} INFO - [2024-05-05T13:47:00.921+0000] {dagbag.py:538} INFO - Filling up the DagBag from /home/airflow/.local/lib/python3.8/site-packages/airflow/example_dags/tutorial_dag.py
[2024-05-05T13:47:00.945+0000] {processor.py:840} INFO - DAG(s) 'tutorial_dag' retrieved from /home/airflow/.local/lib/python3.8/site-packages/airflow/example_dags/tutorial_dag.py
[2024-05-05T13:47:00.989+0000] {logging_mixin.py:188} INFO - [2024-05-05T13:47:00.989+0000] {dag.py:3036} INFO - Sync 1 DAGs
[2024-05-05T13:47:01.168+0000] {logging_mixin.py:188} INFO - [2024-05-05T13:47:01.168+0000] {dag.py:3823} INFO - Setting next_dagrun for tutorial_dag to None, run_after=None
[2024-05-05T13:47:01.187+0000] {processor.py:183} INFO - Processing /home/airflow/.local/lib/python3.8/site-packages/airflow/example_dags/tutorial_dag.py took 0.274 seconds
[2024-05-05T13:47:31.232+0000] {processor.py:161} INFO - Started process (PID=94233) to work on /home/airflow/.local/lib/python3.8/site-packages/airflow/example_dags/tutorial_dag.py
[2024-05-05T13:47:31.233+0000] {processor.py:830} INFO - Processing file /home/airflow/.local/lib/python3.8/site-packages/airflow/example_dags/tutorial_dag.py for tasks to queue
[2024-05-05T13:47:31.234+0000] {logging_mixin.py:188} INFO - [2024-05-05T13:47:31.234+0000] {dagbag.py:538} INFO - Filling up the DagBag from /home/airflow/.local/lib/python3.8/site-packages/airflow/example_dags/tutorial_dag.py
[2024-05-05T13:47:31.254+0000] {processor.py:840} INFO - DAG(s) 'tutorial_dag' retrieved from /home/airflow/.local/lib/python3.8/site-packages/airflow/example_dags/tutorial_dag.py
[2024-05-05T13:47:31.271+0000] {logging_mixin.py:188} INFO - [2024-05-05T13:47:31.271+0000] {dag.py:3036} INFO - Sync 1 DAGs
[2024-05-05T13:47:31.282+0000] {logging_mixin.py:188} INFO - [2024-05-05T13:47:31.282+0000] {dag.py:3823} INFO - Setting next_dagrun for tutorial_dag to None, run_after=None
[2024-05-05T13:47:31.299+0000] {processor.py:183} INFO - Processing /home/airflow/.local/lib/python3.8/site-packages/airflow/example_dags/tutorial_dag.py took 0.070 seconds
[2024-05-05T13:48:02.162+0000] {processor.py:161} INFO - Started process (PID=94299) to work on /home/airflow/.local/lib/python3.8/site-packages/airflow/example_dags/tutorial_dag.py
[2024-05-05T13:48:02.163+0000] {processor.py:830} INFO - Processing file /home/airflow/.local/lib/python3.8/site-packages/airflow/example_dags/tutorial_dag.py for tasks to queue
[2024-05-05T13:48:02.164+0000] {logging_mixin.py:188} INFO - [2024-05-05T13:48:02.164+0000] {dagbag.py:538} INFO - Filling up the DagBag from /home/airflow/.local/lib/python3.8/site-packages/airflow/example_dags/tutorial_dag.py
[2024-05-05T13:48:02.170+0000] {processor.py:840} INFO - DAG(s) 'tutorial_dag' retrieved from /home/airflow/.local/lib/python3.8/site-packages/airflow/example_dags/tutorial_dag.py
[2024-05-05T13:48:02.194+0000] {logging_mixin.py:188} INFO - [2024-05-05T13:48:02.194+0000] {dag.py:3036} INFO - Sync 1 DAGs
[2024-05-05T13:48:02.206+0000] {logging_mixin.py:188} INFO - [2024-05-05T13:48:02.206+0000] {dag.py:3823} INFO - Setting next_dagrun for tutorial_dag to None, run_after=None
[2024-05-05T13:48:02.230+0000] {processor.py:183} INFO - Processing /home/airflow/.local/lib/python3.8/site-packages/airflow/example_dags/tutorial_dag.py took 0.071 seconds
[2024-05-05T13:48:32.910+0000] {processor.py:161} INFO - Started process (PID=94365) to work on /home/airflow/.local/lib/python3.8/site-packages/airflow/example_dags/tutorial_dag.py
[2024-05-05T13:48:32.910+0000] {processor.py:830} INFO - Processing file /home/airflow/.local/lib/python3.8/site-packages/airflow/example_dags/tutorial_dag.py for tasks to queue
[2024-05-05T13:48:32.911+0000] {logging_mixin.py:188} INFO - [2024-05-05T13:48:32.911+0000] {dagbag.py:538} INFO - Filling up the DagBag from /home/airflow/.local/lib/python3.8/site-packages/airflow/example_dags/tutorial_dag.py
[2024-05-05T13:48:32.916+0000] {processor.py:840} INFO - DAG(s) 'tutorial_dag' retrieved from /home/airflow/.local/lib/python3.8/site-packages/airflow/example_dags/tutorial_dag.py
[2024-05-05T13:48:32.939+0000] {logging_mixin.py:188} INFO - [2024-05-05T13:48:32.938+0000] {dag.py:3036} INFO - Sync 1 DAGs
[2024-05-05T13:48:32.953+0000] {logging_mixin.py:188} INFO - [2024-05-05T13:48:32.953+0000] {dag.py:3823} INFO - Setting next_dagrun for tutorial_dag to None, run_after=None
[2024-05-05T13:48:32.969+0000] {processor.py:183} INFO - Processing /home/airflow/.local/lib/python3.8/site-packages/airflow/example_dags/tutorial_dag.py took 0.062 seconds
[2024-05-05T13:49:04.151+0000] {processor.py:161} INFO - Started process (PID=94439) to work on /home/airflow/.local/lib/python3.8/site-packages/airflow/example_dags/tutorial_dag.py
[2024-05-05T13:49:04.154+0000] {processor.py:830} INFO - Processing file /home/airflow/.local/lib/python3.8/site-packages/airflow/example_dags/tutorial_dag.py for tasks to queue
[2024-05-05T13:49:04.156+0000] {logging_mixin.py:188} INFO - [2024-05-05T13:49:04.155+0000] {dagbag.py:538} INFO - Filling up the DagBag from /home/airflow/.local/lib/python3.8/site-packages/airflow/example_dags/tutorial_dag.py
[2024-05-05T13:49:04.169+0000] {processor.py:840} INFO - DAG(s) 'tutorial_dag' retrieved from /home/airflow/.local/lib/python3.8/site-packages/airflow/example_dags/tutorial_dag.py
[2024-05-05T13:49:04.215+0000] {logging_mixin.py:188} INFO - [2024-05-05T13:49:04.215+0000] {dag.py:3036} INFO - Sync 1 DAGs
[2024-05-05T13:49:04.237+0000] {logging_mixin.py:188} INFO - [2024-05-05T13:49:04.237+0000] {dag.py:3823} INFO - Setting next_dagrun for tutorial_dag to None, run_after=None
[2024-05-05T13:49:04.258+0000] {processor.py:183} INFO - Processing /home/airflow/.local/lib/python3.8/site-packages/airflow/example_dags/tutorial_dag.py took 0.111 seconds
[2024-05-05T13:49:34.361+0000] {processor.py:161} INFO - Started process (PID=94506) to work on /home/airflow/.local/lib/python3.8/site-packages/airflow/example_dags/tutorial_dag.py
[2024-05-05T13:49:34.362+0000] {processor.py:830} INFO - Processing file /home/airflow/.local/lib/python3.8/site-packages/airflow/example_dags/tutorial_dag.py for tasks to queue
[2024-05-05T13:49:34.363+0000] {logging_mixin.py:188} INFO - [2024-05-05T13:49:34.363+0000] {dagbag.py:538} INFO - Filling up the DagBag from /home/airflow/.local/lib/python3.8/site-packages/airflow/example_dags/tutorial_dag.py
[2024-05-05T13:49:34.367+0000] {processor.py:840} INFO - DAG(s) 'tutorial_dag' retrieved from /home/airflow/.local/lib/python3.8/site-packages/airflow/example_dags/tutorial_dag.py
[2024-05-05T13:49:34.386+0000] {logging_mixin.py:188} INFO - [2024-05-05T13:49:34.386+0000] {dag.py:3036} INFO - Sync 1 DAGs
[2024-05-05T13:49:34.398+0000] {logging_mixin.py:188} INFO - [2024-05-05T13:49:34.398+0000] {dag.py:3823} INFO - Setting next_dagrun for tutorial_dag to None, run_after=None
[2024-05-05T13:49:34.416+0000] {processor.py:183} INFO - Processing /home/airflow/.local/lib/python3.8/site-packages/airflow/example_dags/tutorial_dag.py took 0.057 seconds
[2024-05-05T13:50:05.286+0000] {processor.py:161} INFO - Started process (PID=94581) to work on /home/airflow/.local/lib/python3.8/site-packages/airflow/example_dags/tutorial_dag.py
[2024-05-05T13:50:05.287+0000] {processor.py:830} INFO - Processing file /home/airflow/.local/lib/python3.8/site-packages/airflow/example_dags/tutorial_dag.py for tasks to queue
[2024-05-05T13:50:05.288+0000] {logging_mixin.py:188} INFO - [2024-05-05T13:50:05.287+0000] {dagbag.py:538} INFO - Filling up the DagBag from /home/airflow/.local/lib/python3.8/site-packages/airflow/example_dags/tutorial_dag.py
[2024-05-05T13:50:05.294+0000] {processor.py:840} INFO - DAG(s) 'tutorial_dag' retrieved from /home/airflow/.local/lib/python3.8/site-packages/airflow/example_dags/tutorial_dag.py
[2024-05-05T13:50:05.323+0000] {logging_mixin.py:188} INFO - [2024-05-05T13:50:05.322+0000] {dag.py:3036} INFO - Sync 1 DAGs
[2024-05-05T13:50:05.339+0000] {logging_mixin.py:188} INFO - [2024-05-05T13:50:05.338+0000] {dag.py:3823} INFO - Setting next_dagrun for tutorial_dag to None, run_after=None
[2024-05-05T13:50:05.366+0000] {processor.py:183} INFO - Processing /home/airflow/.local/lib/python3.8/site-packages/airflow/example_dags/tutorial_dag.py took 0.083 seconds
[2024-05-05T13:50:35.466+0000] {processor.py:161} INFO - Started process (PID=94648) to work on /home/airflow/.local/lib/python3.8/site-packages/airflow/example_dags/tutorial_dag.py
[2024-05-05T13:50:35.467+0000] {processor.py:830} INFO - Processing file /home/airflow/.local/lib/python3.8/site-packages/airflow/example_dags/tutorial_dag.py for tasks to queue
[2024-05-05T13:50:35.471+0000] {logging_mixin.py:188} INFO - [2024-05-05T13:50:35.468+0000] {dagbag.py:538} INFO - Filling up the DagBag from /home/airflow/.local/lib/python3.8/site-packages/airflow/example_dags/tutorial_dag.py
[2024-05-05T13:50:35.476+0000] {processor.py:840} INFO - DAG(s) 'tutorial_dag' retrieved from /home/airflow/.local/lib/python3.8/site-packages/airflow/example_dags/tutorial_dag.py
[2024-05-05T13:50:35.494+0000] {logging_mixin.py:188} INFO - [2024-05-05T13:50:35.494+0000] {dag.py:3036} INFO - Sync 1 DAGs
[2024-05-05T13:50:35.505+0000] {logging_mixin.py:188} INFO - [2024-05-05T13:50:35.505+0000] {dag.py:3823} INFO - Setting next_dagrun for tutorial_dag to None, run_after=None
[2024-05-05T13:50:35.523+0000] {processor.py:183} INFO - Processing /home/airflow/.local/lib/python3.8/site-packages/airflow/example_dags/tutorial_dag.py took 0.061 seconds
[2024-05-05T13:51:05.635+0000] {processor.py:161} INFO - Started process (PID=94715) to work on /home/airflow/.local/lib/python3.8/site-packages/airflow/example_dags/tutorial_dag.py
[2024-05-05T13:51:05.636+0000] {processor.py:830} INFO - Processing file /home/airflow/.local/lib/python3.8/site-packages/airflow/example_dags/tutorial_dag.py for tasks to queue
[2024-05-05T13:51:05.637+0000] {logging_mixin.py:188} INFO - [2024-05-05T13:51:05.637+0000] {dagbag.py:538} INFO - Filling up the DagBag from /home/airflow/.local/lib/python3.8/site-packages/airflow/example_dags/tutorial_dag.py
[2024-05-05T13:51:05.642+0000] {processor.py:840} INFO - DAG(s) 'tutorial_dag' retrieved from /home/airflow/.local/lib/python3.8/site-packages/airflow/example_dags/tutorial_dag.py
[2024-05-05T13:51:05.663+0000] {logging_mixin.py:188} INFO - [2024-05-05T13:51:05.663+0000] {dag.py:3036} INFO - Sync 1 DAGs
[2024-05-05T13:51:05.675+0000] {logging_mixin.py:188} INFO - [2024-05-05T13:51:05.675+0000] {dag.py:3823} INFO - Setting next_dagrun for tutorial_dag to None, run_after=None
[2024-05-05T13:51:05.695+0000] {processor.py:183} INFO - Processing /home/airflow/.local/lib/python3.8/site-packages/airflow/example_dags/tutorial_dag.py took 0.062 seconds
[2024-05-05T13:51:36.159+0000] {processor.py:161} INFO - Started process (PID=94790) to work on /home/airflow/.local/lib/python3.8/site-packages/airflow/example_dags/tutorial_dag.py
[2024-05-05T13:51:36.160+0000] {processor.py:830} INFO - Processing file /home/airflow/.local/lib/python3.8/site-packages/airflow/example_dags/tutorial_dag.py for tasks to queue
[2024-05-05T13:51:36.161+0000] {logging_mixin.py:188} INFO - [2024-05-05T13:51:36.161+0000] {dagbag.py:538} INFO - Filling up the DagBag from /home/airflow/.local/lib/python3.8/site-packages/airflow/example_dags/tutorial_dag.py
[2024-05-05T13:51:36.167+0000] {processor.py:840} INFO - DAG(s) 'tutorial_dag' retrieved from /home/airflow/.local/lib/python3.8/site-packages/airflow/example_dags/tutorial_dag.py
[2024-05-05T13:51:36.218+0000] {logging_mixin.py:188} INFO - [2024-05-05T13:51:36.218+0000] {dag.py:3036} INFO - Sync 1 DAGs
[2024-05-05T13:51:36.249+0000] {logging_mixin.py:188} INFO - [2024-05-05T13:51:36.249+0000] {dag.py:3823} INFO - Setting next_dagrun for tutorial_dag to None, run_after=None
[2024-05-05T13:51:36.325+0000] {processor.py:183} INFO - Processing /home/airflow/.local/lib/python3.8/site-packages/airflow/example_dags/tutorial_dag.py took 0.169 seconds
[2024-05-05T13:52:06.645+0000] {processor.py:161} INFO - Started process (PID=94856) to work on /home/airflow/.local/lib/python3.8/site-packages/airflow/example_dags/tutorial_dag.py
[2024-05-05T13:52:06.646+0000] {processor.py:830} INFO - Processing file /home/airflow/.local/lib/python3.8/site-packages/airflow/example_dags/tutorial_dag.py for tasks to queue
[2024-05-05T13:52:06.647+0000] {logging_mixin.py:188} INFO - [2024-05-05T13:52:06.647+0000] {dagbag.py:538} INFO - Filling up the DagBag from /home/airflow/.local/lib/python3.8/site-packages/airflow/example_dags/tutorial_dag.py
[2024-05-05T13:52:06.652+0000] {processor.py:840} INFO - DAG(s) 'tutorial_dag' retrieved from /home/airflow/.local/lib/python3.8/site-packages/airflow/example_dags/tutorial_dag.py
[2024-05-05T13:52:06.669+0000] {logging_mixin.py:188} INFO - [2024-05-05T13:52:06.669+0000] {dag.py:3036} INFO - Sync 1 DAGs
[2024-05-05T13:52:06.680+0000] {logging_mixin.py:188} INFO - [2024-05-05T13:52:06.679+0000] {dag.py:3823} INFO - Setting next_dagrun for tutorial_dag to None, run_after=None
[2024-05-05T13:52:06.695+0000] {processor.py:183} INFO - Processing /home/airflow/.local/lib/python3.8/site-packages/airflow/example_dags/tutorial_dag.py took 0.052 seconds
[2024-05-05T13:52:37.159+0000] {processor.py:161} INFO - Started process (PID=94922) to work on /home/airflow/.local/lib/python3.8/site-packages/airflow/example_dags/tutorial_dag.py
[2024-05-05T13:52:37.160+0000] {processor.py:830} INFO - Processing file /home/airflow/.local/lib/python3.8/site-packages/airflow/example_dags/tutorial_dag.py for tasks to queue
[2024-05-05T13:52:37.160+0000] {logging_mixin.py:188} INFO - [2024-05-05T13:52:37.160+0000] {dagbag.py:538} INFO - Filling up the DagBag from /home/airflow/.local/lib/python3.8/site-packages/airflow/example_dags/tutorial_dag.py
[2024-05-05T13:52:37.164+0000] {processor.py:840} INFO - DAG(s) 'tutorial_dag' retrieved from /home/airflow/.local/lib/python3.8/site-packages/airflow/example_dags/tutorial_dag.py
[2024-05-05T13:52:37.183+0000] {logging_mixin.py:188} INFO - [2024-05-05T13:52:37.183+0000] {dag.py:3036} INFO - Sync 1 DAGs
[2024-05-05T13:52:37.194+0000] {logging_mixin.py:188} INFO - [2024-05-05T13:52:37.193+0000] {dag.py:3823} INFO - Setting next_dagrun for tutorial_dag to None, run_after=None
[2024-05-05T13:52:37.210+0000] {processor.py:183} INFO - Processing /home/airflow/.local/lib/python3.8/site-packages/airflow/example_dags/tutorial_dag.py took 0.054 seconds
