[2024-05-05T13:46:25.963+0000] {processor.py:161} INFO - Started process (PID=94073) to work on /home/airflow/.local/lib/python3.8/site-packages/airflow/example_dags/tutorial_taskflow_api_virtualenv.py
[2024-05-05T13:46:25.964+0000] {processor.py:830} INFO - Processing file /home/airflow/.local/lib/python3.8/site-packages/airflow/example_dags/tutorial_taskflow_api_virtualenv.py for tasks to queue
[2024-05-05T13:46:25.965+0000] {logging_mixin.py:188} INFO - [2024-05-05T13:46:25.964+0000] {dagbag.py:538} INFO - Filling up the DagBag from /home/airflow/.local/lib/python3.8/site-packages/airflow/example_dags/tutorial_taskflow_api_virtualenv.py
[2024-05-05T13:46:25.973+0000] {processor.py:840} INFO - DAG(s) 'tutorial_taskflow_api_virtualenv' retrieved from /home/airflow/.local/lib/python3.8/site-packages/airflow/example_dags/tutorial_taskflow_api_virtualenv.py
[2024-05-05T13:46:25.992+0000] {logging_mixin.py:188} INFO - [2024-05-05T13:46:25.992+0000] {dag.py:3036} INFO - Sync 1 DAGs
[2024-05-05T13:46:26.006+0000] {logging_mixin.py:188} INFO - [2024-05-05T13:46:26.006+0000] {dag.py:3823} INFO - Setting next_dagrun for tutorial_taskflow_api_virtualenv to None, run_after=None
[2024-05-05T13:46:26.028+0000] {processor.py:183} INFO - Processing /home/airflow/.local/lib/python3.8/site-packages/airflow/example_dags/tutorial_taskflow_api_virtualenv.py took 0.068 seconds
[2024-05-05T13:46:56.354+0000] {processor.py:161} INFO - Started process (PID=94148) to work on /home/airflow/.local/lib/python3.8/site-packages/airflow/example_dags/tutorial_taskflow_api_virtualenv.py
[2024-05-05T13:46:56.357+0000] {processor.py:830} INFO - Processing file /home/airflow/.local/lib/python3.8/site-packages/airflow/example_dags/tutorial_taskflow_api_virtualenv.py for tasks to queue
[2024-05-05T13:46:56.358+0000] {logging_mixin.py:188} INFO - [2024-05-05T13:46:56.358+0000] {dagbag.py:538} INFO - Filling up the DagBag from /home/airflow/.local/lib/python3.8/site-packages/airflow/example_dags/tutorial_taskflow_api_virtualenv.py
[2024-05-05T13:46:56.370+0000] {processor.py:840} INFO - DAG(s) 'tutorial_taskflow_api_virtualenv' retrieved from /home/airflow/.local/lib/python3.8/site-packages/airflow/example_dags/tutorial_taskflow_api_virtualenv.py
[2024-05-05T13:46:56.389+0000] {logging_mixin.py:188} INFO - [2024-05-05T13:46:56.389+0000] {dag.py:3036} INFO - Sync 1 DAGs
[2024-05-05T13:46:56.534+0000] {logging_mixin.py:188} INFO - [2024-05-05T13:46:56.533+0000] {dag.py:3823} INFO - Setting next_dagrun for tutorial_taskflow_api_virtualenv to None, run_after=None
[2024-05-05T13:46:56.558+0000] {processor.py:183} INFO - Processing /home/airflow/.local/lib/python3.8/site-packages/airflow/example_dags/tutorial_taskflow_api_virtualenv.py took 0.207 seconds
[2024-05-05T13:47:26.919+0000] {processor.py:161} INFO - Started process (PID=94214) to work on /home/airflow/.local/lib/python3.8/site-packages/airflow/example_dags/tutorial_taskflow_api_virtualenv.py
[2024-05-05T13:47:26.920+0000] {processor.py:830} INFO - Processing file /home/airflow/.local/lib/python3.8/site-packages/airflow/example_dags/tutorial_taskflow_api_virtualenv.py for tasks to queue
[2024-05-05T13:47:26.921+0000] {logging_mixin.py:188} INFO - [2024-05-05T13:47:26.921+0000] {dagbag.py:538} INFO - Filling up the DagBag from /home/airflow/.local/lib/python3.8/site-packages/airflow/example_dags/tutorial_taskflow_api_virtualenv.py
[2024-05-05T13:47:26.931+0000] {processor.py:840} INFO - DAG(s) 'tutorial_taskflow_api_virtualenv' retrieved from /home/airflow/.local/lib/python3.8/site-packages/airflow/example_dags/tutorial_taskflow_api_virtualenv.py
[2024-05-05T13:47:26.952+0000] {logging_mixin.py:188} INFO - [2024-05-05T13:47:26.952+0000] {dag.py:3036} INFO - Sync 1 DAGs
[2024-05-05T13:47:26.965+0000] {logging_mixin.py:188} INFO - [2024-05-05T13:47:26.965+0000] {dag.py:3823} INFO - Setting next_dagrun for tutorial_taskflow_api_virtualenv to None, run_after=None
[2024-05-05T13:47:26.983+0000] {processor.py:183} INFO - Processing /home/airflow/.local/lib/python3.8/site-packages/airflow/example_dags/tutorial_taskflow_api_virtualenv.py took 0.066 seconds
[2024-05-05T13:47:57.267+0000] {processor.py:161} INFO - Started process (PID=94288) to work on /home/airflow/.local/lib/python3.8/site-packages/airflow/example_dags/tutorial_taskflow_api_virtualenv.py
[2024-05-05T13:47:57.268+0000] {processor.py:830} INFO - Processing file /home/airflow/.local/lib/python3.8/site-packages/airflow/example_dags/tutorial_taskflow_api_virtualenv.py for tasks to queue
[2024-05-05T13:47:57.269+0000] {logging_mixin.py:188} INFO - [2024-05-05T13:47:57.269+0000] {dagbag.py:538} INFO - Filling up the DagBag from /home/airflow/.local/lib/python3.8/site-packages/airflow/example_dags/tutorial_taskflow_api_virtualenv.py
[2024-05-05T13:47:57.282+0000] {processor.py:840} INFO - DAG(s) 'tutorial_taskflow_api_virtualenv' retrieved from /home/airflow/.local/lib/python3.8/site-packages/airflow/example_dags/tutorial_taskflow_api_virtualenv.py
[2024-05-05T13:47:57.324+0000] {logging_mixin.py:188} INFO - [2024-05-05T13:47:57.324+0000] {dag.py:3036} INFO - Sync 1 DAGs
[2024-05-05T13:47:57.346+0000] {logging_mixin.py:188} INFO - [2024-05-05T13:47:57.345+0000] {dag.py:3823} INFO - Setting next_dagrun for tutorial_taskflow_api_virtualenv to None, run_after=None
[2024-05-05T13:47:57.372+0000] {processor.py:183} INFO - Processing /home/airflow/.local/lib/python3.8/site-packages/airflow/example_dags/tutorial_taskflow_api_virtualenv.py took 0.107 seconds
[2024-05-05T13:48:28.288+0000] {processor.py:161} INFO - Started process (PID=94354) to work on /home/airflow/.local/lib/python3.8/site-packages/airflow/example_dags/tutorial_taskflow_api_virtualenv.py
[2024-05-05T13:48:28.291+0000] {processor.py:830} INFO - Processing file /home/airflow/.local/lib/python3.8/site-packages/airflow/example_dags/tutorial_taskflow_api_virtualenv.py for tasks to queue
[2024-05-05T13:48:28.292+0000] {logging_mixin.py:188} INFO - [2024-05-05T13:48:28.292+0000] {dagbag.py:538} INFO - Filling up the DagBag from /home/airflow/.local/lib/python3.8/site-packages/airflow/example_dags/tutorial_taskflow_api_virtualenv.py
[2024-05-05T13:48:28.428+0000] {processor.py:840} INFO - DAG(s) 'tutorial_taskflow_api_virtualenv' retrieved from /home/airflow/.local/lib/python3.8/site-packages/airflow/example_dags/tutorial_taskflow_api_virtualenv.py
[2024-05-05T13:48:28.443+0000] {logging_mixin.py:188} INFO - [2024-05-05T13:48:28.443+0000] {dag.py:3036} INFO - Sync 1 DAGs
[2024-05-05T13:48:28.454+0000] {logging_mixin.py:188} INFO - [2024-05-05T13:48:28.454+0000] {dag.py:3823} INFO - Setting next_dagrun for tutorial_taskflow_api_virtualenv to None, run_after=None
[2024-05-05T13:48:28.470+0000] {processor.py:183} INFO - Processing /home/airflow/.local/lib/python3.8/site-packages/airflow/example_dags/tutorial_taskflow_api_virtualenv.py took 0.188 seconds
[2024-05-05T13:48:59.069+0000] {processor.py:161} INFO - Started process (PID=94421) to work on /home/airflow/.local/lib/python3.8/site-packages/airflow/example_dags/tutorial_taskflow_api_virtualenv.py
[2024-05-05T13:48:59.070+0000] {processor.py:830} INFO - Processing file /home/airflow/.local/lib/python3.8/site-packages/airflow/example_dags/tutorial_taskflow_api_virtualenv.py for tasks to queue
[2024-05-05T13:48:59.070+0000] {logging_mixin.py:188} INFO - [2024-05-05T13:48:59.070+0000] {dagbag.py:538} INFO - Filling up the DagBag from /home/airflow/.local/lib/python3.8/site-packages/airflow/example_dags/tutorial_taskflow_api_virtualenv.py
[2024-05-05T13:48:59.079+0000] {processor.py:840} INFO - DAG(s) 'tutorial_taskflow_api_virtualenv' retrieved from /home/airflow/.local/lib/python3.8/site-packages/airflow/example_dags/tutorial_taskflow_api_virtualenv.py
[2024-05-05T13:48:59.098+0000] {logging_mixin.py:188} INFO - [2024-05-05T13:48:59.097+0000] {dag.py:3036} INFO - Sync 1 DAGs
[2024-05-05T13:48:59.108+0000] {logging_mixin.py:188} INFO - [2024-05-05T13:48:59.108+0000] {dag.py:3823} INFO - Setting next_dagrun for tutorial_taskflow_api_virtualenv to None, run_after=None
[2024-05-05T13:48:59.125+0000] {processor.py:183} INFO - Processing /home/airflow/.local/lib/python3.8/site-packages/airflow/example_dags/tutorial_taskflow_api_virtualenv.py took 0.058 seconds
[2024-05-05T13:49:29.606+0000] {processor.py:161} INFO - Started process (PID=94495) to work on /home/airflow/.local/lib/python3.8/site-packages/airflow/example_dags/tutorial_taskflow_api_virtualenv.py
[2024-05-05T13:49:29.607+0000] {processor.py:830} INFO - Processing file /home/airflow/.local/lib/python3.8/site-packages/airflow/example_dags/tutorial_taskflow_api_virtualenv.py for tasks to queue
[2024-05-05T13:49:29.608+0000] {logging_mixin.py:188} INFO - [2024-05-05T13:49:29.607+0000] {dagbag.py:538} INFO - Filling up the DagBag from /home/airflow/.local/lib/python3.8/site-packages/airflow/example_dags/tutorial_taskflow_api_virtualenv.py
[2024-05-05T13:49:29.616+0000] {processor.py:840} INFO - DAG(s) 'tutorial_taskflow_api_virtualenv' retrieved from /home/airflow/.local/lib/python3.8/site-packages/airflow/example_dags/tutorial_taskflow_api_virtualenv.py
[2024-05-05T13:49:29.637+0000] {logging_mixin.py:188} INFO - [2024-05-05T13:49:29.637+0000] {dag.py:3036} INFO - Sync 1 DAGs
[2024-05-05T13:49:29.649+0000] {logging_mixin.py:188} INFO - [2024-05-05T13:49:29.649+0000] {dag.py:3823} INFO - Setting next_dagrun for tutorial_taskflow_api_virtualenv to None, run_after=None
[2024-05-05T13:49:29.669+0000] {processor.py:183} INFO - Processing /home/airflow/.local/lib/python3.8/site-packages/airflow/example_dags/tutorial_taskflow_api_virtualenv.py took 0.065 seconds
[2024-05-05T13:50:00.442+0000] {processor.py:161} INFO - Started process (PID=94562) to work on /home/airflow/.local/lib/python3.8/site-packages/airflow/example_dags/tutorial_taskflow_api_virtualenv.py
[2024-05-05T13:50:00.443+0000] {processor.py:830} INFO - Processing file /home/airflow/.local/lib/python3.8/site-packages/airflow/example_dags/tutorial_taskflow_api_virtualenv.py for tasks to queue
[2024-05-05T13:50:00.444+0000] {logging_mixin.py:188} INFO - [2024-05-05T13:50:00.444+0000] {dagbag.py:538} INFO - Filling up the DagBag from /home/airflow/.local/lib/python3.8/site-packages/airflow/example_dags/tutorial_taskflow_api_virtualenv.py
[2024-05-05T13:50:00.452+0000] {processor.py:840} INFO - DAG(s) 'tutorial_taskflow_api_virtualenv' retrieved from /home/airflow/.local/lib/python3.8/site-packages/airflow/example_dags/tutorial_taskflow_api_virtualenv.py
[2024-05-05T13:50:00.472+0000] {logging_mixin.py:188} INFO - [2024-05-05T13:50:00.472+0000] {dag.py:3036} INFO - Sync 1 DAGs
[2024-05-05T13:50:00.484+0000] {logging_mixin.py:188} INFO - [2024-05-05T13:50:00.484+0000] {dag.py:3823} INFO - Setting next_dagrun for tutorial_taskflow_api_virtualenv to None, run_after=None
[2024-05-05T13:50:00.503+0000] {processor.py:183} INFO - Processing /home/airflow/.local/lib/python3.8/site-packages/airflow/example_dags/tutorial_taskflow_api_virtualenv.py took 0.065 seconds
[2024-05-05T13:50:30.716+0000] {processor.py:161} INFO - Started process (PID=94637) to work on /home/airflow/.local/lib/python3.8/site-packages/airflow/example_dags/tutorial_taskflow_api_virtualenv.py
[2024-05-05T13:50:30.717+0000] {processor.py:830} INFO - Processing file /home/airflow/.local/lib/python3.8/site-packages/airflow/example_dags/tutorial_taskflow_api_virtualenv.py for tasks to queue
[2024-05-05T13:50:30.718+0000] {logging_mixin.py:188} INFO - [2024-05-05T13:50:30.717+0000] {dagbag.py:538} INFO - Filling up the DagBag from /home/airflow/.local/lib/python3.8/site-packages/airflow/example_dags/tutorial_taskflow_api_virtualenv.py
[2024-05-05T13:50:30.726+0000] {processor.py:840} INFO - DAG(s) 'tutorial_taskflow_api_virtualenv' retrieved from /home/airflow/.local/lib/python3.8/site-packages/airflow/example_dags/tutorial_taskflow_api_virtualenv.py
[2024-05-05T13:50:30.744+0000] {logging_mixin.py:188} INFO - [2024-05-05T13:50:30.743+0000] {dag.py:3036} INFO - Sync 1 DAGs
[2024-05-05T13:50:30.755+0000] {logging_mixin.py:188} INFO - [2024-05-05T13:50:30.754+0000] {dag.py:3823} INFO - Setting next_dagrun for tutorial_taskflow_api_virtualenv to None, run_after=None
[2024-05-05T13:50:30.770+0000] {processor.py:183} INFO - Processing /home/airflow/.local/lib/python3.8/site-packages/airflow/example_dags/tutorial_taskflow_api_virtualenv.py took 0.056 seconds
[2024-05-05T13:51:00.920+0000] {processor.py:161} INFO - Started process (PID=94704) to work on /home/airflow/.local/lib/python3.8/site-packages/airflow/example_dags/tutorial_taskflow_api_virtualenv.py
[2024-05-05T13:51:00.921+0000] {processor.py:830} INFO - Processing file /home/airflow/.local/lib/python3.8/site-packages/airflow/example_dags/tutorial_taskflow_api_virtualenv.py for tasks to queue
[2024-05-05T13:51:00.922+0000] {logging_mixin.py:188} INFO - [2024-05-05T13:51:00.921+0000] {dagbag.py:538} INFO - Filling up the DagBag from /home/airflow/.local/lib/python3.8/site-packages/airflow/example_dags/tutorial_taskflow_api_virtualenv.py
[2024-05-05T13:51:00.930+0000] {processor.py:840} INFO - DAG(s) 'tutorial_taskflow_api_virtualenv' retrieved from /home/airflow/.local/lib/python3.8/site-packages/airflow/example_dags/tutorial_taskflow_api_virtualenv.py
[2024-05-05T13:51:00.949+0000] {logging_mixin.py:188} INFO - [2024-05-05T13:51:00.949+0000] {dag.py:3036} INFO - Sync 1 DAGs
[2024-05-05T13:51:00.960+0000] {logging_mixin.py:188} INFO - [2024-05-05T13:51:00.960+0000] {dag.py:3823} INFO - Setting next_dagrun for tutorial_taskflow_api_virtualenv to None, run_after=None
[2024-05-05T13:51:00.978+0000] {processor.py:183} INFO - Processing /home/airflow/.local/lib/python3.8/site-packages/airflow/example_dags/tutorial_taskflow_api_virtualenv.py took 0.060 seconds
[2024-05-05T13:51:31.381+0000] {processor.py:161} INFO - Started process (PID=94771) to work on /home/airflow/.local/lib/python3.8/site-packages/airflow/example_dags/tutorial_taskflow_api_virtualenv.py
[2024-05-05T13:51:31.382+0000] {processor.py:830} INFO - Processing file /home/airflow/.local/lib/python3.8/site-packages/airflow/example_dags/tutorial_taskflow_api_virtualenv.py for tasks to queue
[2024-05-05T13:51:31.383+0000] {logging_mixin.py:188} INFO - [2024-05-05T13:51:31.383+0000] {dagbag.py:538} INFO - Filling up the DagBag from /home/airflow/.local/lib/python3.8/site-packages/airflow/example_dags/tutorial_taskflow_api_virtualenv.py
[2024-05-05T13:51:31.396+0000] {processor.py:840} INFO - DAG(s) 'tutorial_taskflow_api_virtualenv' retrieved from /home/airflow/.local/lib/python3.8/site-packages/airflow/example_dags/tutorial_taskflow_api_virtualenv.py
[2024-05-05T13:51:31.423+0000] {logging_mixin.py:188} INFO - [2024-05-05T13:51:31.422+0000] {dag.py:3036} INFO - Sync 1 DAGs
[2024-05-05T13:51:31.436+0000] {logging_mixin.py:188} INFO - [2024-05-05T13:51:31.436+0000] {dag.py:3823} INFO - Setting next_dagrun for tutorial_taskflow_api_virtualenv to None, run_after=None
[2024-05-05T13:51:31.461+0000] {processor.py:183} INFO - Processing /home/airflow/.local/lib/python3.8/site-packages/airflow/example_dags/tutorial_taskflow_api_virtualenv.py took 0.082 seconds
[2024-05-05T13:52:01.621+0000] {processor.py:161} INFO - Started process (PID=94836) to work on /home/airflow/.local/lib/python3.8/site-packages/airflow/example_dags/tutorial_taskflow_api_virtualenv.py
[2024-05-05T13:52:01.622+0000] {processor.py:830} INFO - Processing file /home/airflow/.local/lib/python3.8/site-packages/airflow/example_dags/tutorial_taskflow_api_virtualenv.py for tasks to queue
[2024-05-05T13:52:01.623+0000] {logging_mixin.py:188} INFO - [2024-05-05T13:52:01.623+0000] {dagbag.py:538} INFO - Filling up the DagBag from /home/airflow/.local/lib/python3.8/site-packages/airflow/example_dags/tutorial_taskflow_api_virtualenv.py
[2024-05-05T13:52:01.631+0000] {processor.py:840} INFO - DAG(s) 'tutorial_taskflow_api_virtualenv' retrieved from /home/airflow/.local/lib/python3.8/site-packages/airflow/example_dags/tutorial_taskflow_api_virtualenv.py
[2024-05-05T13:52:01.650+0000] {logging_mixin.py:188} INFO - [2024-05-05T13:52:01.650+0000] {dag.py:3036} INFO - Sync 1 DAGs
[2024-05-05T13:52:01.665+0000] {logging_mixin.py:188} INFO - [2024-05-05T13:52:01.665+0000] {dag.py:3823} INFO - Setting next_dagrun for tutorial_taskflow_api_virtualenv to None, run_after=None
[2024-05-05T13:52:01.719+0000] {processor.py:183} INFO - Processing /home/airflow/.local/lib/python3.8/site-packages/airflow/example_dags/tutorial_taskflow_api_virtualenv.py took 0.101 seconds
[2024-05-05T13:52:32.452+0000] {processor.py:161} INFO - Started process (PID=94911) to work on /home/airflow/.local/lib/python3.8/site-packages/airflow/example_dags/tutorial_taskflow_api_virtualenv.py
[2024-05-05T13:52:32.453+0000] {processor.py:830} INFO - Processing file /home/airflow/.local/lib/python3.8/site-packages/airflow/example_dags/tutorial_taskflow_api_virtualenv.py for tasks to queue
[2024-05-05T13:52:32.454+0000] {logging_mixin.py:188} INFO - [2024-05-05T13:52:32.454+0000] {dagbag.py:538} INFO - Filling up the DagBag from /home/airflow/.local/lib/python3.8/site-packages/airflow/example_dags/tutorial_taskflow_api_virtualenv.py
[2024-05-05T13:52:32.462+0000] {processor.py:840} INFO - DAG(s) 'tutorial_taskflow_api_virtualenv' retrieved from /home/airflow/.local/lib/python3.8/site-packages/airflow/example_dags/tutorial_taskflow_api_virtualenv.py
[2024-05-05T13:52:32.481+0000] {logging_mixin.py:188} INFO - [2024-05-05T13:52:32.481+0000] {dag.py:3036} INFO - Sync 1 DAGs
[2024-05-05T13:52:32.492+0000] {logging_mixin.py:188} INFO - [2024-05-05T13:52:32.492+0000] {dag.py:3823} INFO - Setting next_dagrun for tutorial_taskflow_api_virtualenv to None, run_after=None
[2024-05-05T13:52:32.508+0000] {processor.py:183} INFO - Processing /home/airflow/.local/lib/python3.8/site-packages/airflow/example_dags/tutorial_taskflow_api_virtualenv.py took 0.058 seconds
