[2024-05-05T13:46:31.906+0000] {processor.py:161} INFO - Started process (PID=94093) to work on /home/airflow/.local/lib/python3.8/site-packages/airflow/example_dags/tutorial.py
[2024-05-05T13:46:31.907+0000] {processor.py:830} INFO - Processing file /home/airflow/.local/lib/python3.8/site-packages/airflow/example_dags/tutorial.py for tasks to queue
[2024-05-05T13:46:31.908+0000] {logging_mixin.py:188} INFO - [2024-05-05T13:46:31.907+0000] {dagbag.py:538} INFO - Filling up the DagBag from /home/airflow/.local/lib/python3.8/site-packages/airflow/example_dags/tutorial.py
[2024-05-05T13:46:31.917+0000] {processor.py:840} INFO - DAG(s) 'tutorial' retrieved from /home/airflow/.local/lib/python3.8/site-packages/airflow/example_dags/tutorial.py
[2024-05-05T13:46:31.946+0000] {logging_mixin.py:188} INFO - [2024-05-05T13:46:31.946+0000] {dag.py:3036} INFO - Sync 1 DAGs
[2024-05-05T13:46:31.971+0000] {logging_mixin.py:188} INFO - [2024-05-05T13:46:31.970+0000] {dag.py:3823} INFO - Setting next_dagrun for tutorial to 2024-05-04 00:00:00+00:00, run_after=2024-05-05 00:00:00+00:00
[2024-05-05T13:46:31.997+0000] {processor.py:183} INFO - Processing /home/airflow/.local/lib/python3.8/site-packages/airflow/example_dags/tutorial.py took 0.094 seconds
[2024-05-05T13:47:02.109+0000] {processor.py:161} INFO - Started process (PID=94160) to work on /home/airflow/.local/lib/python3.8/site-packages/airflow/example_dags/tutorial.py
[2024-05-05T13:47:02.113+0000] {processor.py:830} INFO - Processing file /home/airflow/.local/lib/python3.8/site-packages/airflow/example_dags/tutorial.py for tasks to queue
[2024-05-05T13:47:02.114+0000] {logging_mixin.py:188} INFO - [2024-05-05T13:47:02.114+0000] {dagbag.py:538} INFO - Filling up the DagBag from /home/airflow/.local/lib/python3.8/site-packages/airflow/example_dags/tutorial.py
[2024-05-05T13:47:02.121+0000] {processor.py:840} INFO - DAG(s) 'tutorial' retrieved from /home/airflow/.local/lib/python3.8/site-packages/airflow/example_dags/tutorial.py
[2024-05-05T13:47:02.162+0000] {logging_mixin.py:188} INFO - [2024-05-05T13:47:02.162+0000] {dag.py:3036} INFO - Sync 1 DAGs
[2024-05-05T13:47:02.428+0000] {logging_mixin.py:188} INFO - [2024-05-05T13:47:02.428+0000] {dag.py:3823} INFO - Setting next_dagrun for tutorial to 2024-05-04 00:00:00+00:00, run_after=2024-05-05 00:00:00+00:00
[2024-05-05T13:47:02.448+0000] {processor.py:183} INFO - Processing /home/airflow/.local/lib/python3.8/site-packages/airflow/example_dags/tutorial.py took 0.344 seconds
[2024-05-05T13:47:33.282+0000] {processor.py:161} INFO - Started process (PID=94234) to work on /home/airflow/.local/lib/python3.8/site-packages/airflow/example_dags/tutorial.py
[2024-05-05T13:47:33.285+0000] {processor.py:830} INFO - Processing file /home/airflow/.local/lib/python3.8/site-packages/airflow/example_dags/tutorial.py for tasks to queue
[2024-05-05T13:47:33.286+0000] {logging_mixin.py:188} INFO - [2024-05-05T13:47:33.286+0000] {dagbag.py:538} INFO - Filling up the DagBag from /home/airflow/.local/lib/python3.8/site-packages/airflow/example_dags/tutorial.py
[2024-05-05T13:47:33.292+0000] {processor.py:840} INFO - DAG(s) 'tutorial' retrieved from /home/airflow/.local/lib/python3.8/site-packages/airflow/example_dags/tutorial.py
[2024-05-05T13:47:33.312+0000] {logging_mixin.py:188} INFO - [2024-05-05T13:47:33.311+0000] {dag.py:3036} INFO - Sync 1 DAGs
[2024-05-05T13:47:33.478+0000] {logging_mixin.py:188} INFO - [2024-05-05T13:47:33.478+0000] {dag.py:3823} INFO - Setting next_dagrun for tutorial to 2024-05-04 00:00:00+00:00, run_after=2024-05-05 00:00:00+00:00
[2024-05-05T13:47:33.494+0000] {processor.py:183} INFO - Processing /home/airflow/.local/lib/python3.8/site-packages/airflow/example_dags/tutorial.py took 0.215 seconds
[2024-05-05T13:48:04.267+0000] {processor.py:161} INFO - Started process (PID=94300) to work on /home/airflow/.local/lib/python3.8/site-packages/airflow/example_dags/tutorial.py
[2024-05-05T13:48:04.268+0000] {processor.py:830} INFO - Processing file /home/airflow/.local/lib/python3.8/site-packages/airflow/example_dags/tutorial.py for tasks to queue
[2024-05-05T13:48:04.269+0000] {logging_mixin.py:188} INFO - [2024-05-05T13:48:04.268+0000] {dagbag.py:538} INFO - Filling up the DagBag from /home/airflow/.local/lib/python3.8/site-packages/airflow/example_dags/tutorial.py
[2024-05-05T13:48:04.275+0000] {processor.py:840} INFO - DAG(s) 'tutorial' retrieved from /home/airflow/.local/lib/python3.8/site-packages/airflow/example_dags/tutorial.py
[2024-05-05T13:48:04.326+0000] {logging_mixin.py:188} INFO - [2024-05-05T13:48:04.325+0000] {dag.py:3036} INFO - Sync 1 DAGs
[2024-05-05T13:48:04.390+0000] {logging_mixin.py:188} INFO - [2024-05-05T13:48:04.390+0000] {dag.py:3823} INFO - Setting next_dagrun for tutorial to 2024-05-04 00:00:00+00:00, run_after=2024-05-05 00:00:00+00:00
[2024-05-05T13:48:04.570+0000] {processor.py:183} INFO - Processing /home/airflow/.local/lib/python3.8/site-packages/airflow/example_dags/tutorial.py took 0.306 seconds
[2024-05-05T13:48:34.943+0000] {processor.py:161} INFO - Started process (PID=94373) to work on /home/airflow/.local/lib/python3.8/site-packages/airflow/example_dags/tutorial.py
[2024-05-05T13:48:34.944+0000] {processor.py:830} INFO - Processing file /home/airflow/.local/lib/python3.8/site-packages/airflow/example_dags/tutorial.py for tasks to queue
[2024-05-05T13:48:34.945+0000] {logging_mixin.py:188} INFO - [2024-05-05T13:48:34.945+0000] {dagbag.py:538} INFO - Filling up the DagBag from /home/airflow/.local/lib/python3.8/site-packages/airflow/example_dags/tutorial.py
[2024-05-05T13:48:34.954+0000] {processor.py:840} INFO - DAG(s) 'tutorial' retrieved from /home/airflow/.local/lib/python3.8/site-packages/airflow/example_dags/tutorial.py
[2024-05-05T13:48:34.980+0000] {logging_mixin.py:188} INFO - [2024-05-05T13:48:34.980+0000] {dag.py:3036} INFO - Sync 1 DAGs
[2024-05-05T13:48:35.010+0000] {logging_mixin.py:188} INFO - [2024-05-05T13:48:35.010+0000] {dag.py:3823} INFO - Setting next_dagrun for tutorial to 2024-05-04 00:00:00+00:00, run_after=2024-05-05 00:00:00+00:00
[2024-05-05T13:48:35.050+0000] {processor.py:183} INFO - Processing /home/airflow/.local/lib/python3.8/site-packages/airflow/example_dags/tutorial.py took 0.111 seconds
[2024-05-05T13:49:05.134+0000] {processor.py:161} INFO - Started process (PID=94440) to work on /home/airflow/.local/lib/python3.8/site-packages/airflow/example_dags/tutorial.py
[2024-05-05T13:49:05.135+0000] {processor.py:830} INFO - Processing file /home/airflow/.local/lib/python3.8/site-packages/airflow/example_dags/tutorial.py for tasks to queue
[2024-05-05T13:49:05.136+0000] {logging_mixin.py:188} INFO - [2024-05-05T13:49:05.136+0000] {dagbag.py:538} INFO - Filling up the DagBag from /home/airflow/.local/lib/python3.8/site-packages/airflow/example_dags/tutorial.py
[2024-05-05T13:49:05.142+0000] {processor.py:840} INFO - DAG(s) 'tutorial' retrieved from /home/airflow/.local/lib/python3.8/site-packages/airflow/example_dags/tutorial.py
[2024-05-05T13:49:05.160+0000] {logging_mixin.py:188} INFO - [2024-05-05T13:49:05.160+0000] {dag.py:3036} INFO - Sync 1 DAGs
[2024-05-05T13:49:05.180+0000] {logging_mixin.py:188} INFO - [2024-05-05T13:49:05.180+0000] {dag.py:3823} INFO - Setting next_dagrun for tutorial to 2024-05-04 00:00:00+00:00, run_after=2024-05-05 00:00:00+00:00
[2024-05-05T13:49:05.198+0000] {processor.py:183} INFO - Processing /home/airflow/.local/lib/python3.8/site-packages/airflow/example_dags/tutorial.py took 0.066 seconds
[2024-05-05T13:49:35.376+0000] {processor.py:161} INFO - Started process (PID=94507) to work on /home/airflow/.local/lib/python3.8/site-packages/airflow/example_dags/tutorial.py
[2024-05-05T13:49:35.377+0000] {processor.py:830} INFO - Processing file /home/airflow/.local/lib/python3.8/site-packages/airflow/example_dags/tutorial.py for tasks to queue
[2024-05-05T13:49:35.378+0000] {logging_mixin.py:188} INFO - [2024-05-05T13:49:35.378+0000] {dagbag.py:538} INFO - Filling up the DagBag from /home/airflow/.local/lib/python3.8/site-packages/airflow/example_dags/tutorial.py
[2024-05-05T13:49:35.384+0000] {processor.py:840} INFO - DAG(s) 'tutorial' retrieved from /home/airflow/.local/lib/python3.8/site-packages/airflow/example_dags/tutorial.py
[2024-05-05T13:49:35.402+0000] {logging_mixin.py:188} INFO - [2024-05-05T13:49:35.402+0000] {dag.py:3036} INFO - Sync 1 DAGs
[2024-05-05T13:49:35.421+0000] {logging_mixin.py:188} INFO - [2024-05-05T13:49:35.421+0000] {dag.py:3823} INFO - Setting next_dagrun for tutorial to 2024-05-04 00:00:00+00:00, run_after=2024-05-05 00:00:00+00:00
[2024-05-05T13:49:35.443+0000] {processor.py:183} INFO - Processing /home/airflow/.local/lib/python3.8/site-packages/airflow/example_dags/tutorial.py took 0.069 seconds
[2024-05-05T13:50:06.323+0000] {processor.py:161} INFO - Started process (PID=94582) to work on /home/airflow/.local/lib/python3.8/site-packages/airflow/example_dags/tutorial.py
[2024-05-05T13:50:06.326+0000] {processor.py:830} INFO - Processing file /home/airflow/.local/lib/python3.8/site-packages/airflow/example_dags/tutorial.py for tasks to queue
[2024-05-05T13:50:06.327+0000] {logging_mixin.py:188} INFO - [2024-05-05T13:50:06.327+0000] {dagbag.py:538} INFO - Filling up the DagBag from /home/airflow/.local/lib/python3.8/site-packages/airflow/example_dags/tutorial.py
[2024-05-05T13:50:06.338+0000] {processor.py:840} INFO - DAG(s) 'tutorial' retrieved from /home/airflow/.local/lib/python3.8/site-packages/airflow/example_dags/tutorial.py
[2024-05-05T13:50:06.382+0000] {logging_mixin.py:188} INFO - [2024-05-05T13:50:06.381+0000] {dag.py:3036} INFO - Sync 1 DAGs
[2024-05-05T13:50:06.417+0000] {logging_mixin.py:188} INFO - [2024-05-05T13:50:06.417+0000] {dag.py:3823} INFO - Setting next_dagrun for tutorial to 2024-05-04 00:00:00+00:00, run_after=2024-05-05 00:00:00+00:00
[2024-05-05T13:50:06.460+0000] {processor.py:183} INFO - Processing /home/airflow/.local/lib/python3.8/site-packages/airflow/example_dags/tutorial.py took 0.140 seconds
[2024-05-05T13:50:36.510+0000] {processor.py:161} INFO - Started process (PID=94649) to work on /home/airflow/.local/lib/python3.8/site-packages/airflow/example_dags/tutorial.py
[2024-05-05T13:50:36.511+0000] {processor.py:830} INFO - Processing file /home/airflow/.local/lib/python3.8/site-packages/airflow/example_dags/tutorial.py for tasks to queue
[2024-05-05T13:50:36.512+0000] {logging_mixin.py:188} INFO - [2024-05-05T13:50:36.511+0000] {dagbag.py:538} INFO - Filling up the DagBag from /home/airflow/.local/lib/python3.8/site-packages/airflow/example_dags/tutorial.py
[2024-05-05T13:50:36.517+0000] {processor.py:840} INFO - DAG(s) 'tutorial' retrieved from /home/airflow/.local/lib/python3.8/site-packages/airflow/example_dags/tutorial.py
[2024-05-05T13:50:36.537+0000] {logging_mixin.py:188} INFO - [2024-05-05T13:50:36.537+0000] {dag.py:3036} INFO - Sync 1 DAGs
[2024-05-05T13:50:36.562+0000] {logging_mixin.py:188} INFO - [2024-05-05T13:50:36.562+0000] {dag.py:3823} INFO - Setting next_dagrun for tutorial to 2024-05-04 00:00:00+00:00, run_after=2024-05-05 00:00:00+00:00
[2024-05-05T13:50:36.579+0000] {processor.py:183} INFO - Processing /home/airflow/.local/lib/python3.8/site-packages/airflow/example_dags/tutorial.py took 0.072 seconds
[2024-05-05T13:51:06.668+0000] {processor.py:161} INFO - Started process (PID=94716) to work on /home/airflow/.local/lib/python3.8/site-packages/airflow/example_dags/tutorial.py
[2024-05-05T13:51:06.669+0000] {processor.py:830} INFO - Processing file /home/airflow/.local/lib/python3.8/site-packages/airflow/example_dags/tutorial.py for tasks to queue
[2024-05-05T13:51:06.670+0000] {logging_mixin.py:188} INFO - [2024-05-05T13:51:06.669+0000] {dagbag.py:538} INFO - Filling up the DagBag from /home/airflow/.local/lib/python3.8/site-packages/airflow/example_dags/tutorial.py
[2024-05-05T13:51:06.675+0000] {processor.py:840} INFO - DAG(s) 'tutorial' retrieved from /home/airflow/.local/lib/python3.8/site-packages/airflow/example_dags/tutorial.py
[2024-05-05T13:51:06.695+0000] {logging_mixin.py:188} INFO - [2024-05-05T13:51:06.695+0000] {dag.py:3036} INFO - Sync 1 DAGs
[2024-05-05T13:51:06.719+0000] {logging_mixin.py:188} INFO - [2024-05-05T13:51:06.718+0000] {dag.py:3823} INFO - Setting next_dagrun for tutorial to 2024-05-04 00:00:00+00:00, run_after=2024-05-05 00:00:00+00:00
[2024-05-05T13:51:06.748+0000] {processor.py:183} INFO - Processing /home/airflow/.local/lib/python3.8/site-packages/airflow/example_dags/tutorial.py took 0.083 seconds
[2024-05-05T13:51:37.342+0000] {processor.py:161} INFO - Started process (PID=94791) to work on /home/airflow/.local/lib/python3.8/site-packages/airflow/example_dags/tutorial.py
[2024-05-05T13:51:37.343+0000] {processor.py:830} INFO - Processing file /home/airflow/.local/lib/python3.8/site-packages/airflow/example_dags/tutorial.py for tasks to queue
[2024-05-05T13:51:37.344+0000] {logging_mixin.py:188} INFO - [2024-05-05T13:51:37.343+0000] {dagbag.py:538} INFO - Filling up the DagBag from /home/airflow/.local/lib/python3.8/site-packages/airflow/example_dags/tutorial.py
[2024-05-05T13:51:37.352+0000] {processor.py:840} INFO - DAG(s) 'tutorial' retrieved from /home/airflow/.local/lib/python3.8/site-packages/airflow/example_dags/tutorial.py
[2024-05-05T13:51:37.406+0000] {logging_mixin.py:188} INFO - [2024-05-05T13:51:37.405+0000] {dag.py:3036} INFO - Sync 1 DAGs
[2024-05-05T13:51:37.467+0000] {logging_mixin.py:188} INFO - [2024-05-05T13:51:37.467+0000] {dag.py:3823} INFO - Setting next_dagrun for tutorial to 2024-05-04 00:00:00+00:00, run_after=2024-05-05 00:00:00+00:00
[2024-05-05T13:51:37.500+0000] {processor.py:183} INFO - Processing /home/airflow/.local/lib/python3.8/site-packages/airflow/example_dags/tutorial.py took 0.161 seconds
[2024-05-05T13:52:07.681+0000] {processor.py:161} INFO - Started process (PID=94857) to work on /home/airflow/.local/lib/python3.8/site-packages/airflow/example_dags/tutorial.py
[2024-05-05T13:52:07.682+0000] {processor.py:830} INFO - Processing file /home/airflow/.local/lib/python3.8/site-packages/airflow/example_dags/tutorial.py for tasks to queue
[2024-05-05T13:52:07.683+0000] {logging_mixin.py:188} INFO - [2024-05-05T13:52:07.682+0000] {dagbag.py:538} INFO - Filling up the DagBag from /home/airflow/.local/lib/python3.8/site-packages/airflow/example_dags/tutorial.py
[2024-05-05T13:52:07.689+0000] {processor.py:840} INFO - DAG(s) 'tutorial' retrieved from /home/airflow/.local/lib/python3.8/site-packages/airflow/example_dags/tutorial.py
[2024-05-05T13:52:07.707+0000] {logging_mixin.py:188} INFO - [2024-05-05T13:52:07.707+0000] {dag.py:3036} INFO - Sync 1 DAGs
[2024-05-05T13:52:07.729+0000] {logging_mixin.py:188} INFO - [2024-05-05T13:52:07.729+0000] {dag.py:3823} INFO - Setting next_dagrun for tutorial to 2024-05-04 00:00:00+00:00, run_after=2024-05-05 00:00:00+00:00
[2024-05-05T13:52:07.745+0000] {processor.py:183} INFO - Processing /home/airflow/.local/lib/python3.8/site-packages/airflow/example_dags/tutorial.py took 0.068 seconds
[2024-05-05T13:52:38.174+0000] {processor.py:161} INFO - Started process (PID=94923) to work on /home/airflow/.local/lib/python3.8/site-packages/airflow/example_dags/tutorial.py
[2024-05-05T13:52:38.176+0000] {processor.py:830} INFO - Processing file /home/airflow/.local/lib/python3.8/site-packages/airflow/example_dags/tutorial.py for tasks to queue
[2024-05-05T13:52:38.178+0000] {logging_mixin.py:188} INFO - [2024-05-05T13:52:38.177+0000] {dagbag.py:538} INFO - Filling up the DagBag from /home/airflow/.local/lib/python3.8/site-packages/airflow/example_dags/tutorial.py
[2024-05-05T13:52:38.187+0000] {processor.py:840} INFO - DAG(s) 'tutorial' retrieved from /home/airflow/.local/lib/python3.8/site-packages/airflow/example_dags/tutorial.py
[2024-05-05T13:52:38.240+0000] {logging_mixin.py:188} INFO - [2024-05-05T13:52:38.239+0000] {dag.py:3036} INFO - Sync 1 DAGs
[2024-05-05T13:52:38.271+0000] {logging_mixin.py:188} INFO - [2024-05-05T13:52:38.271+0000] {dag.py:3823} INFO - Setting next_dagrun for tutorial to 2024-05-04 00:00:00+00:00, run_after=2024-05-05 00:00:00+00:00
[2024-05-05T13:52:38.298+0000] {processor.py:183} INFO - Processing /home/airflow/.local/lib/python3.8/site-packages/airflow/example_dags/tutorial.py took 0.128 seconds
